<?xml version="1.0" encoding="utf-8"?>
<TestRun id="e583bf22-902a-4257-81f2-cf4d038298ab" name="12141@MC1214113371 2026-05-04 11:17:33" runUser="MC1214113371\12141" xmlns="http://microsoft.com/schemas/VisualStudio/TeamTest/2010">
  <Times creation="2026-05-04T11:17:33.5475949+08:00" queuing="2026-05-04T11:17:33.5475952+08:00" start="2026-05-04T11:17:32.9382093+08:00" finish="2026-05-04T11:17:33.5603185+08:00" />
  <TestSettings name="default" id="f8491cbf-412a-45d4-82b6-d3dfdc8cf29f">
    <Deployment runDeploymentRoot="12141_MC1214113371_2026-05-04_11_17_33" />
  </TestSettings>
  <Results>
    <UnitTestResult executionId="5921e34e-3af9-448e-b9e9-0d2897bf8a46" testId="2109b0bb-04e0-2949-2067-9e4df39e6538" testName="PostScheduler_Dispose_Releases_Pending_Payloads" computerName="MC1214113371" duration="00:00:00.0014900" startTime="2026-05-04T11:17:33.4315479+08:00" endTime="2026-05-04T11:17:33.4330376+08:00" testType="13cdc9d9-ddb5-4fa4-a97d-d965ccfc6d4b" outcome="Passed" testListId="8c84fa94-04c1-424b-9868-57a2d4851a1d" relativeResultsDirectory="5921e34e-3af9-448e-b9e9-0d2897bf8a46" />
    <UnitTestResult executionId="75d516ac-fa82-4f1a-a982-0e9b4ea2c1f5" testId="61bf0aa8-0af5-b16a-4182-9ad6c81b879d" testName="FlushBuffers_Exception_Does_Not_Leak_Snapshot_Payloads" computerName="MC1214113371" duration="00:00:00.0228400" startTime="2026-05-04T11:17:33.4082090+08:00" endTime="2026-05-04T11:17:33.4310261+08:00" testType="13cdc9d9-ddb5-4fa4-a97d-d965ccfc6d4b" outcome="Passed" testListId="8c84fa94-04c1-424b-9868-57a2d4851a1d" relativeResultsDirectory="75d516ac-fa82-4f1a-a982-0e9b4ea2c1f5" />
    <UnitTestResult executionId="fd7891ab-65e1-4daf-a004-ae936700251c" testId="604e4bf4-9646-07f8-1ed8-5272e4ae5d72" testName="Runtime_Dispose_Clears_PayloadStore_Cache" computerName="MC1214113371" duration="00:00:00.0337580" startTime="2026-05-04T11:17:33.4330518+08:00" endTime="2026-05-04T11:17:33.4668094+08:00" testType="13cdc9d9-ddb5-4fa4-a97d-d965ccfc6d4b" outcome="Failed" testListId="8c84fa94-04c1-424b-9868-57a2d4851a1d" relativeResultsDirectory="fd7891ab-65e1-4daf-a004-ae936700251c">
      <Output>
        <ErrorInfo>
          <Message>  Assert.That(PayloadStoreCache&lt;LifecycleTestEvent&gt;.Stores[runtimeId], Is.Not.Null)&#xD;
  Expected: not null&#xD;
  But was:  null&#xD;
</Message>
          <StackTrace>   at EventsTest.PayloadLifecycleTests.Runtime_Dispose_Clears_PayloadStore_Cache() in D:\RiderProject\Events\LayerBase.Test\PayloadLifecycleTests.cs:line 34&#xD;

1)    at EventsTest.PayloadLifecycleTests.Runtime_Dispose_Clears_PayloadStore_Cache() in D:\RiderProject\Events\LayerBase.Test\PayloadLifecycleTests.cs:line 34&#xD;

</StackTrace>
        </ErrorInfo>
      </Output>
    </UnitTestResult>
    <UnitTestResult executionId="805f6c6f-699d-4058-92fa-9be25a6637a0" testId="c424f462-676d-a698-cfb5-b470ad5df8a2" testName="RuntimeId_Reuse_Does_Not_Leak_Old_Payloads" computerName="MC1214113371" duration="00:00:00.0026010" startTime="2026-05-04T11:17:33.4670219+08:00" endTime="2026-05-04T11:17:33.4696229+08:00" testType="13cdc9d9-ddb5-4fa4-a97d-d965ccfc6d4b" outcome="Failed" testListId="8c84fa94-04c1-424b-9868-57a2d4851a1d" relativeResultsDirectory="805f6c6f-699d-4058-92fa-9be25a6637a0">
      <Output>
        <ErrorInfo>
          <Message>  Assert.That(callCount, Is.EqualTo(1))&#xD;
  Expected: 1&#xD;
  But was:  0&#xD;
</Message>
          <StackTrace>   at EventsTest.PayloadLifecycleTests.RuntimeId_Reuse_Does_Not_Leak_Old_Payloads() in D:\RiderProject\Events\LayerBase.Test\PayloadLifecycleTests.cs:line 71&#xD;

1)    at EventsTest.PayloadLifecycleTests.RuntimeId_Reuse_Does_Not_Leak_Old_Payloads() in D:\RiderProject\Events\LayerBase.Test\PayloadLifecycleTests.cs:line 71&#xD;

</StackTrace>
        </ErrorInfo>
      </Output>
    </UnitTestResult>
  </Results>
  <TestDefinitions>
    <UnitTest name="PostScheduler_Dispose_Releases_Pending_Payloads" storage="d:\riderproject\events\layerbase.test\bin\debug\net9.0\layerbase.test.dll" id="2109b0bb-04e0-2949-2067-9e4df39e6538">
      <Execution id="5921e34e-3af9-448e-b9e9-0d2897bf8a46" />
      <TestMethod codeBase="D:\RiderProject\Events\LayerBase.Test\bin\Debug\net9.0\LayerBase.Test.dll" adapterTypeName="executor://nunit3testexecutor/" className="EventsTest.PayloadLifecycleTests" name="PostScheduler_Dispose_Releases_Pending_Payloads" />
    </UnitTest>
    <UnitTest name="FlushBuffers_Exception_Does_Not_Leak_Snapshot_Payloads" storage="d:\riderproject\events\layerbase.test\bin\debug\net9.0\layerbase.test.dll" id="61bf0aa8-0af5-b16a-4182-9ad6c81b879d">
      <Execution id="75d516ac-fa82-4f1a-a982-0e9b4ea2c1f5" />
      <TestMethod codeBase="D:\RiderProject\Events\LayerBase.Test\bin\Debug\net9.0\LayerBase.Test.dll" adapterTypeName="executor://nunit3testexecutor/" className="EventsTest.PayloadLifecycleTests" name="FlushBuffers_Exception_Does_Not_Leak_Snapshot_Payloads" />
    </UnitTest>
    <UnitTest name="RuntimeId_Reuse_Does_Not_Leak_Old_Payloads" storage="d:\riderproject\events\layerbase.test\bin\debug\net9.0\layerbase.test.dll" id="c424f462-676d-a698-cfb5-b470ad5df8a2">
      <Execution id="805f6c6f-699d-4058-92fa-9be25a6637a0" />
      <TestMethod codeBase="D:\RiderProject\Events\LayerBase.Test\bin\Debug\net9.0\LayerBase.Test.dll" adapterTypeName="executor://nunit3testexecutor/" className="EventsTest.PayloadLifecycleTests" name="RuntimeId_Reuse_Does_Not_Leak_Old_Payloads" />
    </UnitTest>
    <UnitTest name="Runtime_Dispose_Clears_PayloadStore_Cache" storage="d:\riderproject\events\layerbase.test\bin\debug\net9.0\layerbase.test.dll" id="604e4bf4-9646-07f8-1ed8-5272e4ae5d72">
      <Execution id="fd7891ab-65e1-4daf-a004-ae936700251c" />
      <TestMethod codeBase="D:\RiderProject\Events\LayerBase.Test\bin\Debug\net9.0\LayerBase.Test.dll" adapterTypeName="executor://nunit3testexecutor/" className="EventsTest.PayloadLifecycleTests" name="Runtime_Dispose_Clears_PayloadStore_Cache" />
    </UnitTest>
  </TestDefinitions>
  <TestEntries>
    <TestEntry testId="2109b0bb-04e0-2949-2067-9e4df39e6538" executionId="5921e34e-3af9-448e-b9e9-0d2897bf8a46" testListId="8c84fa94-04c1-424b-9868-57a2d4851a1d" />
    <TestEntry testId="61bf0aa8-0af5-b16a-4182-9ad6c81b879d" executionId="75d516ac-fa82-4f1a-a982-0e9b4ea2c1f5" testListId="8c84fa94-04c1-424b-9868-57a2d4851a1d" />
    <TestEntry testId="604e4bf4-9646-07f8-1ed8-5272e4ae5d72" executionId="fd7891ab-65e1-4daf-a004-ae936700251c" testListId="8c84fa94-04c1-424b-9868-57a2d4851a1d" />
    <TestEntry testId="c424f462-676d-a698-cfb5-b470ad5df8a2" executionId="805f6c6f-699d-4058-92fa-9be25a6637a0" testListId="8c84fa94-04c1-424b-9868-57a2d4851a1d" />
  </TestEntries>
  <TestLists>
    <TestList name="列表中未列出的结果" id="8c84fa94-04c1-424b-9868-57a2d4851a1d" />
    <TestList name="所有已加载的结果" id="19431567-8539-422a-85d7-44ee4e166bda" />
  </TestLists>
  <ResultSummary outcome="Failed">
    <Counters total="4" executed="4" passed="2" failed="2" error="0" timeout="0" aborted="0" inconclusive="0" passedButRunAborted="0" notRunnable="0" notExecuted="0" disconnected="0" warning="0" completed="0" inProgress="0" pending="0" />
    <Output>
      <StdOut>NUnit Adapter 4.6.0.0: Test execution started&#xD;
Running selected tests in D:\RiderProject\Events\LayerBase.Test\bin\Debug\net9.0\LayerBase.Test.dll&#xD;
   NUnit3TestExecutor discovered 4 of 4 NUnit test cases using Current Discovery mode, Non-Explicit run&#xD;
NUnit Adapter 4.6.0.0: Test execution complete&#xD;
</StdOut>
    </Output>
  </ResultSummary>
</TestRun>