<?xml version="1.0" encoding="utf-8"?>
<TestRun id="70352a42-05f6-497e-95dc-128c65437886" name="Administrator@PC-20260622JNQK 2026-07-18 12:44:19" runUser="PC-20260622JNQK\Administrator" xmlns="http://microsoft.com/schemas/VisualStudio/TeamTest/2010">
  <Times creation="2026-07-18T12:44:19.9952671+08:00" queuing="2026-07-18T12:44:19.9952673+08:00" start="2026-07-18T12:44:19.5027487+08:00" finish="2026-07-18T12:44:43.6468366+08:00" />
  <TestSettings name="default" id="ea5c1995-d6dc-421e-b4e9-53def8126ba4">
    <Deployment runDeploymentRoot="Administrator_PC-20260622JNQK_2026-07-18_12_44_19" />
  </TestSettings>
  <Results>
    <UnitTestResult executionId="9d2f2390-f8c5-4e63-826d-881238c5a40c" testId="8feb75b0-575c-936e-1127-a69c8c6439da" testName="Bound_objects_access_runtime_tool_cache_through_views" computerName="PC-20260622JNQK" duration="00:00:00.0037110" startTime="2026-07-18T12:44:41.5956749+08:00" endTime="2026-07-18T12:44:41.5993855+08:00" testType="13cdc9d9-ddb5-4fa4-a97d-d965ccfc6d4b" outcome="Passed" testListId="8c84fa94-04c1-424b-9868-57a2d4851a1d" relativeResultsDirectory="9d2f2390-f8c5-4e63-826d-881238c5a40c" />
    <UnitTestResult executionId="e43e332b-672b-4d34-ba5d-37e348ef231e" testId="6daf1eed-1c50-c393-7381-e6e416db9df8" testName="Timer_payload_is_released_exactly_once(Expired)" computerName="PC-20260622JNQK" duration="00:00:00.0006669" startTime="2026-07-18T12:44:41.7040422+08:00" endTime="2026-07-18T12:44:41.7047097+08:00" testType="13cdc9d9-ddb5-4fa4-a97d-d965ccfc6d4b" outcome="Passed" testListId="8c84fa94-04c1-424b-9868-57a2d4851a1d" relativeResultsDirectory="e43e332b-672b-4d34-ba5d-37e348ef231e" />
    <UnitTestResult executionId="baad193c-ac13-4253-9520-fe6befe65989" testId="2dd8fd49-1875-186e-03c2-dd844db64e56" testName="Invalid_physical_targets_fail_and_stale_generation_is_rejected" computerName="PC-20260622JNQK" duration="00:00:00.0001870" startTime="2026-07-18T12:44:27.1725119+08:00" endTime="2026-07-18T12:44:27.1726988+08:00" testType="13cdc9d9-ddb5-4fa4-a97d-d965ccfc6d4b" outcome="Passed" testListId="8c84fa94-04c1-424b-9868-57a2d4851a1d" relativeResultsDirectory="baad193c-ac13-4253-9520-fe6befe65989" />
    <UnitTestResult executionId="ce131fd1-e2df-4e51-89fe-85c63c62c553" testId="cba24148-5a31-d3ae-0b36-2f585f81a715" testName="TestAllPrewarm" computerName="PC-20260622JNQK" duration="00:00:00.0080940" startTime="2026-07-18T12:44:37.0312099+08:00" endTime="2026-07-18T12:44:37.0393033+08:00" testType="13cdc9d9-ddb5-4fa4-a97d-d965ccfc6d4b" outcome="Passed" testListId="8c84fa94-04c1-424b-9868-57a2d4851a1d" relativeResultsDirectory="ce131fd1-e2df-4e51-89fe-85c63c62c553" />
    <UnitTestResult executionId="0782b0df-8903-48bf-b783-f635afeba974" testId="276080e1-d227-5bbe-8445-2ac2cb2e5b32" testName="Service_method_marked_with_SubscribeScopeCall_generates_without_errors" computerName="PC-20260622JNQK" duration="00:00:00.1005820" startTime="2026-07-18T12:44:32.8637863+08:00" endTime="2026-07-18T12:44:32.9643683+08:00" testType="13cdc9d9-ddb5-4fa4-a97d-d965ccfc6d4b" outcome="Passed" testListId="8c84fa94-04c1-424b-9868-57a2d4851a1d" relativeResultsDirectory="0782b0df-8903-48bf-b783-f635afeba974" />
    <UnitTestResult executionId="5ffcc777-878d-4442-8ad5-0a0d4dc3e97f" testId="bfc6231b-511d-ec95-7bd4-3e92907a3b7c" testName="Invalid_actor_behaviour_declarations_report_expected_diagnostic(&quot;LBACTOR001&quot;,&quot;using LayerBase.Actor;\r\n\r\npublic struct DamageEvent { }\r\n\r\npublic sealed class EnemyActor : IActor\r\n{\r\n    [ActorBehaviour]\r\n    private void OnDamage(in DamageEvent e)\r\n    {\r\n    }\r\n}&quot;)" computerName="PC-20260622JNQK" duration="00:00:00.0919570" startTime="2026-07-18T12:44:25.4012245+08:00" endTime="2026-07-18T12:44:25.4931811+08:00" testType="13cdc9d9-ddb5-4fa4-a97d-d965ccfc6d4b" outcome="Passed" testListId="8c84fa94-04c1-424b-9868-57a2d4851a1d" relativeResultsDirectory="5ffcc777-878d-4442-8ad5-0a0d4dc3e97f" />
    <UnitTestResult executionId="2109d287-238b-482c-983e-fecaf0149531" testId="4969ffad-5fb4-3496-6ef6-46481f5a01d5" testName="Layer_hub_public_api_does_not_expose_primary_runtime_event_or_call_shortcuts" computerName="PC-20260622JNQK" duration="00:00:00.0003040" startTime="2026-07-18T12:44:22.0726715+08:00" endTime="2026-07-18T12:44:22.0729759+08:00" testType="13cdc9d9-ddb5-4fa4-a97d-d965ccfc6d4b" outcome="Passed" testListId="8c84fa94-04c1-424b-9868-57a2d4851a1d" relativeResultsDirectory="2109d287-238b-482c-983e-fecaf0149531" />
    <UnitTestResult executionId="4b295c4b-b0e8-40f3-a3b4-67f77a0a3d2d" testId="d7bfe877-f258-9d66-4d50-3692acbf96c5" testName="Scope_registries_are_frozen_before_runtime_start" computerName="PC-20260622JNQK" duration="00:00:00.0019010" startTime="2026-07-18T12:44:19.9592817+08:00" endTime="2026-07-18T12:44:19.9611824+08:00" testType="13cdc9d9-ddb5-4fa4-a97d-d965ccfc6d4b" outcome="Passed" testListId="8c84fa94-04c1-424b-9868-57a2d4851a1d" relativeResultsDirectory="4b295c4b-b0e8-40f3-a3b4-67f77a0a3d2d" />
    <UnitTestResult executionId="74f402b4-bc01-44be-986d-058af8700c4c" testId="5f09f5bb-cb63-6dea-a03a-571012d37ab2" testName="RingBuffer_ShouldRespectLogicalCapacity" computerName="PC-20260622JNQK" duration="00:00:00.0003660" startTime="2026-07-18T12:44:36.9678080+08:00" endTime="2026-07-18T12:44:36.9681741+08:00" testType="13cdc9d9-ddb5-4fa4-a97d-d965ccfc6d4b" outcome="Passed" testListId="8c84fa94-04c1-424b-9868-57a2d4851a1d" relativeResultsDirectory="74f402b4-bc01-44be-986d-058af8700c4c" />
    <UnitTestResult executionId="b0e18dc9-77b2-40d7-b32e-c8786323932f" testId="189946cd-a80d-2bed-a355-79ce28a0fd01" testName="Runtime_access_does_not_expose_scope_resources" computerName="PC-20260622JNQK" duration="00:00:00.0005800" startTime="2026-07-18T12:44:41.6288177+08:00" endTime="2026-07-18T12:44:41.6293981+08:00" testType="13cdc9d9-ddb5-4fa4-a97d-d965ccfc6d4b" outcome="Passed" testListId="8c84fa94-04c1-424b-9868-57a2d4851a1d" relativeResultsDirectory="b0e18dc9-77b2-40d7-b32e-c8786323932f" />
    <UnitTestResult executionId="9894baeb-f927-447a-b081-5e2440c24d9b" testId="677eb239-7e3f-675b-c0ce-763a4c4fd3f1" testName="Layer_manual_subscription_uses_original_push_layer_index_order" computerName="PC-20260622JNQK" duration="00:00:00.0070610" startTime="2026-07-18T12:44:31.7312009+08:00" endTime="2026-07-18T12:44:31.7382617+08:00" testType="13cdc9d9-ddb5-4fa4-a97d-d965ccfc6d4b" outcome="Passed" testListId="8c84fa94-04c1-424b-9868-57a2d4851a1d" relativeResultsDirectory="9894baeb-f927-447a-b081-5e2440c24d9b" />
    <UnitTestResult executionId="52b52eb4-ecf1-44a7-84d9-23e97890ff93" testId="20683766-3c34-e781-3cf2-b41a3b4202b1" testName="Singleton_IsNotShared_Across_Runtimes" computerName="PC-20260622JNQK" duration="00:00:00.0024229" startTime="2026-07-18T12:44:20.8541242+08:00" endTime="2026-07-18T12:44:20.8565468+08:00" testType="13cdc9d9-ddb5-4fa4-a97d-d965ccfc6d4b" outcome="Passed" testListId="8c84fa94-04c1-424b-9868-57a2d4851a1d" relativeResultsDirectory="52b52eb4-ecf1-44a7-84d9-23e97890ff93" />
    <UnitTestResult executionId="09f5afd5-0964-47b2-9984-b9999872791a" testId="f461655e-2976-254e-3c3a-ac50c9fe948a" testName="Snap_key_format_remains_master_compatible" computerName="PC-20260622JNQK" duration="00:00:00.0032610" startTime="2026-07-18T12:44:43.4751492+08:00" endTime="2026-07-18T12:44:43.4784098+08:00" testType="13cdc9d9-ddb5-4fa4-a97d-d965ccfc6d4b" outcome="Passed" testListId="8c84fa94-04c1-424b-9868-57a2d4851a1d" relativeResultsDirectory="09f5afd5-0964-47b2-9984-b9999872791a" />
    <UnitTestResult executionId="45e89708-0c4e-4780-9ebe-375e6c521fc7" testId="ede2e63d-551d-b115-8ba9-e950873bc2f4" testName="Faulted_callback_exception_is_isolated_from_main_scope_pump" computerName="PC-20260622JNQK" duration="00:00:00.0029619" startTime="2026-07-18T12:44:22.1883983+08:00" endTime="2026-07-18T12:44:22.1913601+08:00" testType="13cdc9d9-ddb5-4fa4-a97d-d965ccfc6d4b" outcome="Passed" testListId="8c84fa94-04c1-424b-9868-57a2d4851a1d" relativeResultsDirectory="45e89708-0c4e-4780-9ebe-375e6c521fc7" />
    <UnitTestResult executionId="a84bef05-0cf6-40f1-b467-6fddbf1403a9" testId="a0b905fc-bb9d-fe3c-d48c-ffd2f079b764" testName="SnapArrayReader_reports_out_of_range_access" computerName="PC-20260622JNQK" duration="00:00:00.0047890" startTime="2026-07-18T12:44:43.5504855+08:00" endTime="2026-07-18T12:44:43.5552739+08:00" testType="13cdc9d9-ddb5-4fa4-a97d-d965ccfc6d4b" outcome="Passed" testListId="8c84fa94-04c1-424b-9868-57a2d4851a1d" relativeResultsDirectory="a84bef05-0cf6-40f1-b467-6fddbf1403a9" />
    <UnitTestResult executionId="e895e645-c7c5-4136-a901-690ecdaee1a7" testId="22ec23ee-3a2d-006e-10e9-7fa80a535eed" testName="MaxWavesPerPump_Processes_Multiple_Waves" computerName="PC-20260622JNQK" duration="00:00:00.0007870" startTime="2026-07-18T12:44:21.7681706+08:00" endTime="2026-07-18T12:44:21.7689576+08:00" testType="13cdc9d9-ddb5-4fa4-a97d-d965ccfc6d4b" outcome="Passed" testListId="8c84fa94-04c1-424b-9868-57a2d4851a1d" relativeResultsDirectory="e895e645-c7c5-4136-a901-690ecdaee1a7" />
    <UnitTestResult executionId="8ab0ea82-ff30-4cbe-8e5e-63c9ba7bb117" testId="5d79de70-5e07-abc7-19bd-bc5402e23007" testName="Event_stream_runtime_is_unique_per_archetype" computerName="PC-20260622JNQK" duration="00:00:00.0007440" startTime="2026-07-18T12:44:31.7725128+08:00" endTime="2026-07-18T12:44:31.7732570+08:00" testType="13cdc9d9-ddb5-4fa4-a97d-d965ccfc6d4b" outcome="Passed" testListId="8c84fa94-04c1-424b-9868-57a2d4851a1d" relativeResultsDirectory="8ab0ea82-ff30-4cbe-8e5e-63c9ba7bb117" />
    <UnitTestResult executionId="5db41b3c-fa41-4fa0-83ed-9350677f588e" testId="1d00500b-f4c1-c161-7af5-b1d6705708f8" testName="Context_must_match_owner_service_layer_and_scope" computerName="PC-20260622JNQK" duration="00:00:00.0027930" startTime="2026-07-18T12:44:22.1145500+08:00" endTime="2026-07-18T12:44:22.1173430+08:00" testType="13cdc9d9-ddb5-4fa4-a97d-d965ccfc6d4b" outcome="Passed" testListId="8c84fa94-04c1-424b-9868-57a2d4851a1d" relativeResultsDirectory="5db41b3c-fa41-4fa0-83ed-9350677f588e" />
    <UnitTestResult executionId="27cde701-0181-4a73-a614-6ac90d842f7e" testId="38099ffc-373e-b2ac-e222-d202bd831603" testName="Scope_ref_public_api_does_not_expose_runtime_or_provider" computerName="PC-20260622JNQK" duration="00:00:00.0005080" startTime="2026-07-18T12:44:43.4187780+08:00" endTime="2026-07-18T12:44:43.4192860+08:00" testType="13cdc9d9-ddb5-4fa4-a97d-d965ccfc6d4b" outcome="Passed" testListId="8c84fa94-04c1-424b-9868-57a2d4851a1d" relativeResultsDirectory="27cde701-0181-4a73-a614-6ac90d842f7e" />
    <UnitTestResult executionId="ae7073a1-0cf8-4e13-81e8-866f4eaebb0d" testId="4825800e-d017-1333-dd9f-0b0795054f3d" testName="EventStore_Add_After_Dispose_Throws" computerName="PC-20260622JNQK" duration="00:00:00.0016450" startTime="2026-07-18T12:44:21.5680816+08:00" endTime="2026-07-18T12:44:21.5697261+08:00" testType="13cdc9d9-ddb5-4fa4-a97d-d965ccfc6d4b" outcome="Passed" testListId="8c84fa94-04c1-424b-9868-57a2d4851a1d" relativeResultsDirectory="ae7073a1-0cf8-4e13-81e8-866f4eaebb0d" />
    <UnitTestResult executionId="a5a0f0aa-3d12-4c8b-8ef1-ff01d034a648" testId="e432835a-70bb-1d83-2b07-afff783bbf05" testName="Cache_false_creates_every_time" computerName="PC-20260622JNQK" duration="00:00:00.0038690" startTime="2026-07-18T12:44:33.1973824+08:00" endTime="2026-07-18T12:44:33.2012509+08:00" testType="13cdc9d9-ddb5-4fa4-a97d-d965ccfc6d4b" outcome="Passed" testListId="8c84fa94-04c1-424b-9868-57a2d4851a1d" relativeResultsDirectory="a5a0f0aa-3d12-4c8b-8ef1-ff01d034a648" />
    <UnitTestResult executionId="d07e1bcf-0565-4a83-8543-68b04e6ac4db" testId="1c43944d-41d3-99ca-286d-3c33077ef4a9" testName="ImmediatelyAsk_returns_unsupported_when_route_missing" computerName="PC-20260622JNQK" duration="00:00:00.0024650" startTime="2026-07-18T12:44:23.9095987+08:00" endTime="2026-07-18T12:44:23.9120638+08:00" testType="13cdc9d9-ddb5-4fa4-a97d-d965ccfc6d4b" outcome="Passed" testListId="8c84fa94-04c1-424b-9868-57a2d4851a1d" relativeResultsDirectory="d07e1bcf-0565-4a83-8543-68b04e6ac4db" />
    <UnitTestResult executionId="cd03891c-6b23-4039-93ed-65b56df9acf4" testId="a12a7830-14cc-1075-05d7-758417d75e7e" testName="Custom_scope_exposes_actor_client_without_factory" computerName="PC-20260622JNQK" duration="00:00:00.0059770" startTime="2026-07-18T12:44:33.4317834+08:00" endTime="2026-07-18T12:44:33.4377605+08:00" testType="13cdc9d9-ddb5-4fa4-a97d-d965ccfc6d4b" outcome="Passed" testListId="8c84fa94-04c1-424b-9868-57a2d4851a1d" relativeResultsDirectory="cd03891c-6b23-4039-93ed-65b56df9acf4" />
    <UnitTestResult executionId="ebc06b12-fd61-496c-ab03-d7a35441d3d8" testId="4bfff349-6214-aac8-e1e1-cf898c311510" testName="Main_scope_ref_call_enters_scope_call_inbox_before_local_call_registry" computerName="PC-20260622JNQK" duration="00:00:00.0048329" startTime="2026-07-18T12:44:22.0837133+08:00" endTime="2026-07-18T12:44:22.0885460+08:00" testType="13cdc9d9-ddb5-4fa4-a97d-d965ccfc6d4b" outcome="Passed" testListId="8c84fa94-04c1-424b-9868-57a2d4851a1d" relativeResultsDirectory="ebc06b12-fd61-496c-ab03-d7a35441d3d8" />
    <UnitTestResult executionId="d1eb82a1-6fb1-4fcb-aad4-0cfe47e76650" testId="f943d009-13a6-b442-cd4c-bb2457cd6d8d" testName="Rent_after_release_should_grow_reused_buffer_when_needed" computerName="PC-20260622JNQK" duration="00:00:00.0007370" startTime="2026-07-18T12:44:41.5941477+08:00" endTime="2026-07-18T12:44:41.5948851+08:00" testType="13cdc9d9-ddb5-4fa4-a97d-d965ccfc6d4b" outcome="Passed" testListId="8c84fa94-04c1-424b-9868-57a2d4851a1d" relativeResultsDirectory="d1eb82a1-6fb1-4fcb-aad4-0cfe47e76650" />
    <UnitTestResult executionId="8cfa6bca-7c7d-4f75-b5cb-62a0857ea5ad" testId="6c0c2712-2e07-c7b7-d1e8-d70065e35156" testName="Custom_scope_does_not_fallback_to_main_event_center" computerName="PC-20260622JNQK" duration="00:00:00.0146050" startTime="2026-07-18T12:44:31.6955784+08:00" endTime="2026-07-18T12:44:31.7101831+08:00" testType="13cdc9d9-ddb5-4fa4-a97d-d965ccfc6d4b" outcome="Passed" testListId="8c84fa94-04c1-424b-9868-57a2d4851a1d" relativeResultsDirectory="8cfa6bca-7c7d-4f75-b5cb-62a0857ea5ad" />
    <UnitTestResult executionId="9fe70f10-d673-40ba-856d-1ce6492842c7" testId="ebc5b2de-f958-2c3f-b1d9-dfbef364da8a" testName="Public_local_call_api_does_not_expose_target_layer_type_parameter" computerName="PC-20260622JNQK" duration="00:00:00.0001979" startTime="2026-07-18T12:44:22.1073373+08:00" endTime="2026-07-18T12:44:22.1075352+08:00" testType="13cdc9d9-ddb5-4fa4-a97d-d965ccfc6d4b" outcome="Passed" testListId="8c84fa94-04c1-424b-9868-57a2d4851a1d" relativeResultsDirectory="9fe70f10-d673-40ba-856d-1ce6492842c7" />
    <UnitTestResult executionId="778f71ea-2ca7-4e31-8e53-f7cfa492bebe" testId="4a23b4d9-e0dd-a123-952c-e9b5c541a9b6" testName="Wrong_thread_local_call_fails" computerName="PC-20260622JNQK" duration="00:00:00.0024240" startTime="2026-07-18T12:44:22.3390471+08:00" endTime="2026-07-18T12:44:22.3414712+08:00" testType="13cdc9d9-ddb5-4fa4-a97d-d965ccfc6d4b" outcome="Passed" testListId="8c84fa94-04c1-424b-9868-57a2d4851a1d" relativeResultsDirectory="778f71ea-2ca7-4e31-8e53-f7cfa492bebe" />
    <UnitTestResult executionId="b5023a55-5857-4fc6-b9da-a35fdfa8a83e" testId="61bf0aa8-0af5-b16a-4182-9ad6c81b879d" testName="FlushBuffers_Exception_Does_Not_Leak_Snapshot_Payloads" computerName="PC-20260622JNQK" duration="00:00:00.0058010" startTime="2026-07-18T12:44:21.6291357+08:00" endTime="2026-07-18T12:44:21.6349370+08:00" testType="13cdc9d9-ddb5-4fa4-a97d-d965ccfc6d4b" outcome="Passed" testListId="8c84fa94-04c1-424b-9868-57a2d4851a1d" relativeResultsDirectory="b5023a55-5857-4fc6-b9da-a35fdfa8a83e" />
    <UnitTestResult executionId="b6e5041a-370c-4c09-a9ca-d3d8b9e06025" testId="d87054d3-0bff-80dc-cc1d-5987dcdbd0dd" testName="FixedDelay_Repeating_Timer" computerName="PC-20260622JNQK" duration="00:00:00.0002520" startTime="2026-07-18T12:44:23.7432691+08:00" endTime="2026-07-18T12:44:23.7435213+08:00" testType="13cdc9d9-ddb5-4fa4-a97d-d965ccfc6d4b" outcome="Passed" testListId="8c84fa94-04c1-424b-9868-57a2d4851a1d" relativeResultsDirectory="b6e5041a-370c-4c09-a9ca-d3d8b9e06025" />
    <UnitTestResult executionId="6268b105-399d-4cf1-a66c-6c258a53f9b4" testId="09dd47ef-5215-3f70-5c79-8c16b002bfd4" testName="Generated_job_captures_inputs_without_adding_them_to_query_shape" computerName="PC-20260622JNQK" duration="00:00:00.0910600" startTime="2026-07-18T12:44:41.1252572+08:00" endTime="2026-07-18T12:44:41.2163174+08:00" testType="13cdc9d9-ddb5-4fa4-a97d-d965ccfc6d4b" outcome="Passed" testListId="8c84fa94-04c1-424b-9868-57a2d4851a1d" relativeResultsDirectory="6268b105-399d-4cf1-a66c-6c258a53f9b4" />
    <UnitTestResult executionId="996810b0-fda1-4eda-a0e5-7949f9617041" testId="76f8ed64-57a4-08e9-630d-41d1f5152f22" testName="Layer_and_runtime_do_not_keep_scope_route_staging_structures" computerName="PC-20260622JNQK" duration="00:00:00.0007550" startTime="2026-07-18T12:44:22.2717630+08:00" endTime="2026-07-18T12:44:22.2725178+08:00" testType="13cdc9d9-ddb5-4fa4-a97d-d965ccfc6d4b" outcome="Passed" testListId="8c84fa94-04c1-424b-9868-57a2d4851a1d" relativeResultsDirectory="996810b0-fda1-4eda-a0e5-7949f9617041" />
    <UnitTestResult executionId="8cff22fd-db43-456c-b416-8d537e6ef120" testId="c55fbf85-a082-afa6-665a-1a31debe07e6" testName="Invalid_actor_behaviour_declarations_report_expected_diagnostic(&quot;LBACTOR003&quot;,&quot;using LayerBase.Actor;\r\n\r\npublic struct DamageEvent { }\r\n\r\npublic sealed partial class EnemyActor : IActor\r\n{\r\n    [ActorBehaviour]\r\n    private static void OnDamage(in DamageEvent e)\r\n    {\r\n    }\r\n}&quot;)" computerName="PC-20260622JNQK" duration="00:00:00.0797170" startTime="2026-07-18T12:44:25.5894543+08:00" endTime="2026-07-18T12:44:25.6691712+08:00" testType="13cdc9d9-ddb5-4fa4-a97d-d965ccfc6d4b" outcome="Passed" testListId="8c84fa94-04c1-424b-9868-57a2d4851a1d" relativeResultsDirectory="8cff22fd-db43-456c-b416-8d537e6ef120" />
    <UnitTestResult executionId="420c8292-cfc5-4678-863a-c73b6b65775d" testId="7c6bce8d-22b2-0f95-310b-7e1bf4d5cfe2" testName="Scoped_IsNotShared_Between_Layers_In_Same_Runtime" computerName="PC-20260622JNQK" duration="00:00:00.0014780" startTime="2026-07-18T12:44:20.8526339+08:00" endTime="2026-07-18T12:44:20.8541117+08:00" testType="13cdc9d9-ddb5-4fa4-a97d-d965ccfc6d4b" outcome="Passed" testListId="8c84fa94-04c1-424b-9868-57a2d4851a1d" relativeResultsDirectory="420c8292-cfc5-4678-863a-c73b6b65775d" />
    <UnitTestResult executionId="9a51f7c3-6755-4f04-923a-9b7772ea585d" testId="92f4ee5e-fa0d-fe6a-477f-0813b3b85c24" testName="Same_scope_cross_layer_from_fails" computerName="PC-20260622JNQK" duration="00:00:00.0051290" startTime="2026-07-18T12:44:23.6463057+08:00" endTime="2026-07-18T12:44:23.6514347+08:00" testType="13cdc9d9-ddb5-4fa4-a97d-d965ccfc6d4b" outcome="Passed" testListId="8c84fa94-04c1-424b-9868-57a2d4851a1d" relativeResultsDirectory="9a51f7c3-6755-4f04-923a-9b7772ea585d" />
    <UnitTestResult executionId="99b0b2c2-9f55-488f-adf3-09682ecd8a5c" testId="7d131e85-a1a4-7331-1b92-17bedfbc6e4c" testName="TestPostPolicyFromMetaData" computerName="PC-20260622JNQK" duration="00:00:00.0194499" startTime="2026-07-18T12:44:36.9849030+08:00" endTime="2026-07-18T12:44:37.0043527+08:00" testType="13cdc9d9-ddb5-4fa4-a97d-d965ccfc6d4b" outcome="Passed" testListId="8c84fa94-04c1-424b-9868-57a2d4851a1d" relativeResultsDirectory="99b0b2c2-9f55-488f-adf3-09682ecd8a5c" />
    <UnitTestResult executionId="c88434c9-4ac3-4606-8281-b3e5d9815c01" testId="de4460ee-4a4b-7ba3-5468-2979d1bfa878" testName="Delay_ask_throws_after_runtime_stop" computerName="PC-20260622JNQK" duration="00:00:00.0041020" startTime="2026-07-18T12:44:31.7616947+08:00" endTime="2026-07-18T12:44:31.7657965+08:00" testType="13cdc9d9-ddb5-4fa4-a97d-d965ccfc6d4b" outcome="Passed" testListId="8c84fa94-04c1-424b-9868-57a2d4851a1d" relativeResultsDirectory="c88434c9-4ac3-4606-8281-b3e5d9815c01" />
    <UnitTestResult executionId="ce49bb07-ad6b-45be-a3ef-eb76b7048e9c" testId="4367d34a-7b5a-3f1e-2868-cc3d73a8ef0a" testName="DI_Selects_Public_Constructor_With_Most_Parameters" computerName="PC-20260622JNQK" duration="00:00:00.0015200" startTime="2026-07-18T12:44:21.5640841+08:00" endTime="2026-07-18T12:44:21.5656043+08:00" testType="13cdc9d9-ddb5-4fa4-a97d-d965ccfc6d4b" outcome="Passed" testListId="8c84fa94-04c1-424b-9868-57a2d4851a1d" relativeResultsDirectory="ce49bb07-ad6b-45be-a3ef-eb76b7048e9c" />
    <UnitTestResult executionId="fbfacf55-5dba-42df-9718-66013b01f12b" testId="77d705d5-feb0-69ec-bb6e-0c09564e1d3d" testName="Runtime_lookup_uses_precomputed_slot" computerName="PC-20260622JNQK" duration="00:00:00.0115300" startTime="2026-07-18T12:44:33.2594831+08:00" endTime="2026-07-18T12:44:33.2710131+08:00" testType="13cdc9d9-ddb5-4fa4-a97d-d965ccfc6d4b" outcome="Passed" testListId="8c84fa94-04c1-424b-9868-57a2d4851a1d" relativeResultsDirectory="fbfacf55-5dba-42df-9718-66013b01f12b" />
    <UnitTestResult executionId="323a7c21-7fa3-406a-9db8-b4c840524dd6" testId="7ab62140-d69e-f30d-2667-1857daef37e4" testName="CallHandler_cannot_directly_get_other_layer_scoped_service" computerName="PC-20260622JNQK" duration="00:00:00.0032200" startTime="2026-07-18T12:44:19.9987312+08:00" endTime="2026-07-18T12:44:20.0019512+08:00" testType="13cdc9d9-ddb5-4fa4-a97d-d965ccfc6d4b" outcome="Passed" testListId="8c84fa94-04c1-424b-9868-57a2d4851a1d" relativeResultsDirectory="323a7c21-7fa3-406a-9db8-b4c840524dd6" />
    <UnitTestResult executionId="c96523d2-fbad-4f1d-8cb5-a772ec701cb6" testId="96bd692c-ac6d-ec45-0b17-dc6af35406e3" testName="No_static_mutable_tool_cache_exists" computerName="PC-20260622JNQK" duration="00:00:00.0002880" startTime="2026-07-18T12:44:41.6283781+08:00" endTime="2026-07-18T12:44:41.6286663+08:00" testType="13cdc9d9-ddb5-4fa4-a97d-d965ccfc6d4b" outcome="Passed" testListId="8c84fa94-04c1-424b-9868-57a2d4851a1d" relativeResultsDirectory="c96523d2-fbad-4f1d-8cb5-a772ec701cb6" />
    <UnitTestResult executionId="b5f56429-1b8c-4734-bf58-75d2bec7268a" testId="c72a66db-5372-7d0e-3aa4-d7065cfbc884" testName="PayloadStorage_MultipleProducers_DoNotCorruptSlots" computerName="PC-20260622JNQK" duration="00:00:00.0273110" startTime="2026-07-18T12:44:21.9997247+08:00" endTime="2026-07-18T12:44:22.0270351+08:00" testType="13cdc9d9-ddb5-4fa4-a97d-d965ccfc6d4b" outcome="Passed" testListId="8c84fa94-04c1-424b-9868-57a2d4851a1d" relativeResultsDirectory="b5f56429-1b8c-4734-bf58-75d2bec7268a" />
    <UnitTestResult executionId="90175cc7-3910-493c-b6ac-c0b03a0036df" testId="2b9d5307-0ba9-5311-d197-150c9e35d004" testName="Topology_markdown_includes_scope_and_local_call_routes" computerName="PC-20260622JNQK" duration="00:00:00.0067210" startTime="2026-07-18T12:44:23.7774426+08:00" endTime="2026-07-18T12:44:23.7841634+08:00" testType="13cdc9d9-ddb5-4fa4-a97d-d965ccfc6d4b" outcome="Passed" testListId="8c84fa94-04c1-424b-9868-57a2d4851a1d" relativeResultsDirectory="90175cc7-3910-493c-b6ac-c0b03a0036df" />
    <UnitTestResult executionId="ff0893c8-93fa-4166-b9eb-8215e7c7261e" testId="b697a21b-0313-3898-d660-44b32bc42329" testName="Main_scope_dispose_releases_actor_world" computerName="PC-20260622JNQK" duration="00:00:00.0029489" startTime="2026-07-18T12:44:33.4390715+08:00" endTime="2026-07-18T12:44:33.4420212+08:00" testType="13cdc9d9-ddb5-4fa4-a97d-d965ccfc6d4b" outcome="Passed" testListId="8c84fa94-04c1-424b-9868-57a2d4851a1d" relativeResultsDirectory="ff0893c8-93fa-4166-b9eb-8215e7c7261e" />
    <UnitTestResult executionId="8b65192b-c7a7-4b67-965a-c8ecca05c104" testId="8f9639f7-f689-de39-6d5b-4bde7a662a30" testName="NextFrame_resumes_on_next_owner_context_update" computerName="PC-20260622JNQK" duration="00:00:00.0007980" startTime="2026-07-18T12:44:33.4271888+08:00" endTime="2026-07-18T12:44:33.4279864+08:00" testType="13cdc9d9-ddb5-4fa4-a97d-d965ccfc6d4b" outcome="Passed" testListId="8c84fa94-04c1-424b-9868-57a2d4851a1d" relativeResultsDirectory="8b65192b-c7a7-4b67-965a-c8ecca05c104" />
    <UnitTestResult executionId="4fed280f-9da8-46b7-a6ac-ea086f6803c8" testId="69e5a2bd-97db-b067-c6b2-a6ac7fd08ed6" testName="Instance_Reused_By_Another_Runtime_Provider_Throws" computerName="PC-20260622JNQK" duration="00:00:00.0035540" startTime="2026-07-18T12:44:21.5701343+08:00" endTime="2026-07-18T12:44:21.5736883+08:00" testType="13cdc9d9-ddb5-4fa4-a97d-d965ccfc6d4b" outcome="Passed" testListId="8c84fa94-04c1-424b-9868-57a2d4851a1d" relativeResultsDirectory="4fed280f-9da8-46b7-a6ac-ea086f6803c8" />
    <UnitTestResult executionId="cc7edc6c-6fb2-40c7-8fc4-db43878754d2" testId="bb5a9101-d12e-d19e-374e-7c2fb3e8fdb7" testName="Runtime_frame_budget_is_plain_work_item_budget" computerName="PC-20260622JNQK" duration="00:00:00.0002750" startTime="2026-07-18T12:44:27.1776856+08:00" endTime="2026-07-18T12:44:27.1779609+08:00" testType="13cdc9d9-ddb5-4fa4-a97d-d965ccfc6d4b" outcome="Passed" testListId="8c84fa94-04c1-424b-9868-57a2d4851a1d" relativeResultsDirectory="cc7edc6c-6fb2-40c7-8fc4-db43878754d2" />
    <UnitTestResult executionId="cdacbf82-304d-4505-ae4d-74f664d5b1d8" testId="cae6fb0d-80b3-bc51-1c7a-aabe0e6c3d16" testName="Generated_user_call_preserves_parameter_order_and_in_forwarding" computerName="PC-20260622JNQK" duration="00:00:00.0852620" startTime="2026-07-18T12:44:41.2164253+08:00" endTime="2026-07-18T12:44:41.3016867+08:00" testType="13cdc9d9-ddb5-4fa4-a97d-d965ccfc6d4b" outcome="Passed" testListId="8c84fa94-04c1-424b-9868-57a2d4851a1d" relativeResultsDirectory="cdacbf82-304d-4505-ae4d-74f664d5b1d8" />
    <UnitTestResult executionId="62246f06-5e1e-46fe-9a80-5d0960dce11d" testId="6950d6fd-a7cc-4fec-adb2-54330a59d781" testName="RegisterGenerated_CachesOptions_FromAttribute" computerName="PC-20260622JNQK" duration="00:00:00.0002980" startTime="2026-07-18T12:44:39.9635019+08:00" endTime="2026-07-18T12:44:39.9637994+08:00" testType="13cdc9d9-ddb5-4fa4-a97d-d965ccfc6d4b" outcome="Passed" testListId="8c84fa94-04c1-424b-9868-57a2d4851a1d" relativeResultsDirectory="62246f06-5e1e-46fe-9a80-5d0960dce11d" />
    <UnitTestResult executionId="043d0ece-ca7b-4937-b74d-139c2665ea4b" testId="d5f3cf9e-b0a9-6755-822d-f78d700fe032" testName="Actor_lifecycle_runs_after_behaviour_and_after_layer_update" computerName="PC-20260622JNQK" duration="00:00:00.0102130" startTime="2026-07-18T12:44:27.2083725+08:00" endTime="2026-07-18T12:44:27.2185856+08:00" testType="13cdc9d9-ddb5-4fa4-a97d-d965ccfc6d4b" outcome="Passed" testListId="8c84fa94-04c1-424b-9868-57a2d4851a1d" relativeResultsDirectory="043d0ece-ca7b-4937-b74d-139c2665ea4b" />
    <UnitTestResult executionId="9e329087-281b-45e6-bd9f-2517fc7dd25a" testId="1aba6bdb-afea-1aaf-3811-fb62392a73ea" testName="BlueprintCache_ShouldBuildOnlyOnce" computerName="PC-20260622JNQK" duration="00:00:00.0002670" startTime="2026-07-18T12:44:43.5657335+08:00" endTime="2026-07-18T12:44:43.5660000+08:00" testType="13cdc9d9-ddb5-4fa4-a97d-d965ccfc6d4b" outcome="Passed" testListId="8c84fa94-04c1-424b-9868-57a2d4851a1d" relativeResultsDirectory="9e329087-281b-45e6-bd9f-2517fc7dd25a" />
    <UnitTestResult executionId="35ff5fed-2d0e-4d88-89c2-849e1164f2d0" testId="e199668f-6150-e9f0-0354-ed85109cc3e7" testName="TestPolicyDump" computerName="PC-20260622JNQK" duration="00:00:00.0020079" startTime="2026-07-18T12:44:41.6835994+08:00" endTime="2026-07-18T12:44:41.6856074+08:00" testType="13cdc9d9-ddb5-4fa4-a97d-d965ccfc6d4b" outcome="Passed" testListId="8c84fa94-04c1-424b-9868-57a2d4851a1d" relativeResultsDirectory="35ff5fed-2d0e-4d88-89c2-849e1164f2d0" />
    <UnitTestResult executionId="f4ba6b83-0e16-4e4e-91e0-c88278af454f" testId="3f85c8b8-89e7-5496-139e-54a21a0aa1d1" testName="Conflicting_scope_ids_are_rejected_during_build" computerName="PC-20260622JNQK" duration="00:00:00.0138310" startTime="2026-07-18T12:44:43.2092184+08:00" endTime="2026-07-18T12:44:43.2230488+08:00" testType="13cdc9d9-ddb5-4fa4-a97d-d965ccfc6d4b" outcome="Passed" testListId="8c84fa94-04c1-424b-9868-57a2d4851a1d" relativeResultsDirectory="f4ba6b83-0e16-4e4e-91e0-c88278af454f" />
    <UnitTestResult executionId="6c8f7908-d0d9-4d37-b40a-d77fe49b9a13" testId="79f3702f-61dc-ceb5-c866-e08a59333da2" testName="Plain_object_clip_snap_still_works" computerName="PC-20260622JNQK" duration="00:00:00.0019949" startTime="2026-07-18T12:44:43.4727880+08:00" endTime="2026-07-18T12:44:43.4747826+08:00" testType="13cdc9d9-ddb5-4fa4-a97d-d965ccfc6d4b" outcome="Passed" testListId="8c84fa94-04c1-424b-9868-57a2d4851a1d" relativeResultsDirectory="6c8f7908-d0d9-4d37-b40a-d77fe49b9a13" />
    <UnitTestResult executionId="bb3f28c2-25d7-4b9a-990f-c921fc475b0a" testId="dff15f6b-9008-1350-6c6b-e9bf8fb44635" testName="Layer_routes_calls_through_scope_owned_registry" computerName="PC-20260622JNQK" duration="00:00:00.0050960" startTime="2026-07-18T12:44:43.3223808+08:00" endTime="2026-07-18T12:44:43.3274771+08:00" testType="13cdc9d9-ddb5-4fa4-a97d-d965ccfc6d4b" outcome="Passed" testListId="8c84fa94-04c1-424b-9868-57a2d4851a1d" relativeResultsDirectory="bb3f28c2-25d7-4b9a-990f-c921fc475b0a" />
    <UnitTestResult executionId="57f20aa4-b324-4bef-9c52-7117e0ce71e9" testId="a6b3e691-e888-98d7-945a-a021c3828b50" testName="RunBackground_ShouldExecuteOnThreadPool" computerName="PC-20260622JNQK" duration="00:00:00.0006020" startTime="2026-07-18T12:44:31.6334646+08:00" endTime="2026-07-18T12:44:31.6340666+08:00" testType="13cdc9d9-ddb5-4fa4-a97d-d965ccfc6d4b" outcome="Passed" testListId="8c84fa94-04c1-424b-9868-57a2d4851a1d" relativeResultsDirectory="57f20aa4-b324-4bef-9c52-7117e0ce71e9" />
    <UnitTestResult executionId="a554a1e4-a59a-4b55-8f7c-889ef48b4642" testId="813ad93b-1824-8c42-f708-617fd1c35b75" testName="Timer_post_without_expired_override_uses_plans_latest" computerName="PC-20260622JNQK" duration="00:00:00.0007470" startTime="2026-07-18T12:44:37.0301445+08:00" endTime="2026-07-18T12:44:37.0308911+08:00" testType="13cdc9d9-ddb5-4fa4-a97d-d965ccfc6d4b" outcome="Passed" testListId="8c84fa94-04c1-424b-9868-57a2d4851a1d" relativeResultsDirectory="a554a1e4-a59a-4b55-8f7c-889ef48b4642" />
    <UnitTestResult executionId="b6b6ed71-5a1f-40f0-b3b4-9d740e90cc1b" testId="7fbc5b61-1153-821e-5de5-9dff29d5fea6" testName="Input_attribute_has_parameter_target" computerName="PC-20260622JNQK" duration="00:00:00.0007040" startTime="2026-07-18T12:44:41.4679692+08:00" endTime="2026-07-18T12:44:41.4686730+08:00" testType="13cdc9d9-ddb5-4fa4-a97d-d965ccfc6d4b" outcome="Passed" testListId="8c84fa94-04c1-424b-9868-57a2d4851a1d" relativeResultsDirectory="b6b6ed71-5a1f-40f0-b3b4-9d740e90cc1b" />
    <UnitTestResult executionId="8f95ca33-091c-4d28-b3ff-df4259ffa8fd" testId="5884b971-72e4-eb25-3989-e917cd655686" testName="Pump_respects_budget_and_retains_remaining_mail" computerName="PC-20260622JNQK" duration="00:00:00.0002400" startTime="2026-07-18T12:44:27.1728865+08:00" endTime="2026-07-18T12:44:27.1731266+08:00" testType="13cdc9d9-ddb5-4fa4-a97d-d965ccfc6d4b" outcome="Passed" testListId="8c84fa94-04c1-424b-9868-57a2d4851a1d" relativeResultsDirectory="8f95ca33-091c-4d28-b3ff-df4259ffa8fd" />
    <UnitTestResult executionId="9ddc0a5b-570e-4997-abfa-a92b7a2655d5" testId="ee134bf6-972a-0c3e-0c89-187cbd21516a" testName="AllocatedButUnregisteredEvent_UsesDefaultNormalPlan" computerName="PC-20260622JNQK" duration="00:00:00.0030870" startTime="2026-07-18T12:44:22.0272655+08:00" endTime="2026-07-18T12:44:22.0303521+08:00" testType="13cdc9d9-ddb5-4fa4-a97d-d965ccfc6d4b" outcome="Passed" testListId="8c84fa94-04c1-424b-9868-57a2d4851a1d" relativeResultsDirectory="9ddc0a5b-570e-4997-abfa-a92b7a2655d5" />
    <UnitTestResult executionId="16e93f79-5f3e-4656-ac88-bb154544823a" testId="3f184582-4e15-5982-28bd-6ab558620b7f" testName="BehaviourSignature_contains_all_across_multiple_mask_words" computerName="PC-20260622JNQK" duration="00:00:00.0002790" startTime="2026-07-18T12:44:23.9249951+08:00" endTime="2026-07-18T12:44:23.9252741+08:00" testType="13cdc9d9-ddb5-4fa4-a97d-d965ccfc6d4b" outcome="Passed" testListId="8c84fa94-04c1-424b-9868-57a2d4851a1d" relativeResultsDirectory="16e93f79-5f3e-4656-ac88-bb154544823a" />
    <UnitTestResult executionId="cd04c696-4072-4614-be3f-f360a3a3e25f" testId="14174fbf-2de8-771a-e7f5-7b6bc82187b5" testName="Invalid_actor_behaviour_declarations_report_expected_diagnostic(&quot;LBACTOR202&quot;,&quot;using System.Threading;\r\nusing LayerBase.Actor;\r\n\r\npublic struct GetHpRequest { }\r\npublic struct GetHpResponse { }\r\n\r\npublic sealed partial class EnemyActor : IActor\r\n{\r\n    [ActorCallBehaviour]\r\n    private GetHpResponse OnGetHp(in GetHpRequest request, CancellationToken cancellationToken)\r\n    {\r\n        return default;\r\n    }\r\n}&quot;)" computerName="PC-20260622JNQK" duration="00:00:00.1040330" startTime="2026-07-18T12:44:26.2136296+08:00" endTime="2026-07-18T12:44:26.3176625+08:00" testType="13cdc9d9-ddb5-4fa4-a97d-d965ccfc6d4b" outcome="Passed" testListId="8c84fa94-04c1-424b-9868-57a2d4851a1d" relativeResultsDirectory="cd04c696-4072-4614-be3f-f360a3a3e25f" />
    <UnitTestResult executionId="ff3e8410-8832-4354-95a7-3962e89e3f01" testId="3dc5ecf3-86f5-4037-01c0-556ea4b8aa77" testName="Schedule_post_and_cancel_is_zero_alloc_after_prewarm" computerName="PC-20260622JNQK" duration="00:00:00.0027190" startTime="2026-07-18T12:44:41.6991995+08:00" endTime="2026-07-18T12:44:41.7019186+08:00" testType="13cdc9d9-ddb5-4fa4-a97d-d965ccfc6d4b" outcome="Passed" testListId="8c84fa94-04c1-424b-9868-57a2d4851a1d" relativeResultsDirectory="ff3e8410-8832-4354-95a7-3962e89e3f01" />
    <UnitTestResult executionId="bd8ac978-5977-435d-aaa1-e3d7b9bdc17b" testId="fba8bf9b-13ec-70dc-ab21-da4315150797" testName="Dispose_response_waits_for_owner_thread_lifecycle_dispose" computerName="PC-20260622JNQK" duration="00:00:00.0025860" startTime="2026-07-18T12:44:22.2827869+08:00" endTime="2026-07-18T12:44:22.2853724+08:00" testType="13cdc9d9-ddb5-4fa4-a97d-d965ccfc6d4b" outcome="Passed" testListId="8c84fa94-04c1-424b-9868-57a2d4851a1d" relativeResultsDirectory="bd8ac978-5977-435d-aaa1-e3d7b9bdc17b" />
    <UnitTestResult executionId="ce6e0150-e887-4b76-a486-843d83a9fb57" testId="7967e1b2-e64c-edc9-b24b-c0e38c356896" testName="AsyncFaultAfterBucketRebuild_DisablesOriginalHandler" computerName="PC-20260622JNQK" duration="00:00:00.0038300" startTime="2026-07-18T12:44:21.9920916+08:00" endTime="2026-07-18T12:44:21.9959212+08:00" testType="13cdc9d9-ddb5-4fa4-a97d-d965ccfc6d4b" outcome="Passed" testListId="8c84fa94-04c1-424b-9868-57a2d4851a1d" relativeResultsDirectory="ce6e0150-e887-4b76-a486-843d83a9fb57" />
    <UnitTestResult executionId="651c01bc-46c2-49c2-a948-395dab56f7d5" testId="3a5ea050-ed72-bb0f-0ed4-78482d7542f3" testName="Projection_post_creates_actor_updates_components_and_batches_mail" computerName="PC-20260622JNQK" duration="00:00:00.0092610" startTime="2026-07-18T12:44:40.6634622+08:00" endTime="2026-07-18T12:44:40.6727231+08:00" testType="13cdc9d9-ddb5-4fa4-a97d-d965ccfc6d4b" outcome="Passed" testListId="8c84fa94-04c1-424b-9868-57a2d4851a1d" relativeResultsDirectory="651c01bc-46c2-49c2-a948-395dab56f7d5" />
    <UnitTestResult executionId="579f7a9b-8e3a-49a1-9bd4-9bcea4d5c1db" testId="1b11dd03-f3d1-b1b8-ca7c-014557c3c6a4" testName="Basic_Timer_Once" computerName="PC-20260622JNQK" duration="00:00:00.0003010" startTime="2026-07-18T12:44:23.7421460+08:00" endTime="2026-07-18T12:44:23.7424468+08:00" testType="13cdc9d9-ddb5-4fa4-a97d-d965ccfc6d4b" outcome="Passed" testListId="8c84fa94-04c1-424b-9868-57a2d4851a1d" relativeResultsDirectory="579f7a9b-8e3a-49a1-9bd4-9bcea4d5c1db" />
    <UnitTestResult executionId="46e0371d-467e-403d-bc41-535f71d5efe5" testId="210bdb41-b941-586e-3e32-b13c6b188362" testName="Invalid_actor_behaviour_declarations_report_expected_diagnostic(&quot;LBACTOR009&quot;,&quot;using LayerBase.Actor;\r\nusing LayerBase.Core.Event;\r\n\r\npublic struct DamageEvent { }\r\n\r\npublic sealed partial class EnemyActor : IActor, IGeneratedActorMeta\r\n{\r\n    [ActorBehaviour]\r\n    private void OnDamage(in DamageEvent e)\r\n    {\r\n    }\r\n\r\n    public void __BuildActorMeta(ActorTypeMetaBuilder builder)\r\n    {\r\n    }\r\n\r\n    public ActorId GetId()\r\n    {\r\n        return default;\r\n    }\r\n\r\n    public void ActorInit(ActorContext context)\r\n    {\r\n    }\r\n\r\n    public bool GetEnable()\r\n    {\r\n        return true;\r\n    }\r\n\r\n    public bool SetEnable(bool enable)\r\n    {\r\n        return enable;\r\n    }\r\n\r\n    public PostResult Post&lt;TEvent&gt;(in TEvent value) where TEvent : struct\r\n    {\r\n        return PostResult.Success;\r\n    }\r\n\r\n    public PostResult TryPost&lt;TEvent&gt;(in TEvent value) where TEvent : struct\r\n    {\r\n        return PostResult.Success;\r\n    }\r\n}&quot;)" computerName="PC-20260622JNQK" duration="00:00:00.1071660" startTime="2026-07-18T12:44:26.1052747+08:00" endTime="2026-07-18T12:44:26.2124402+08:00" testType="13cdc9d9-ddb5-4fa4-a97d-d965ccfc6d4b" outcome="Passed" testListId="8c84fa94-04c1-424b-9868-57a2d4851a1d" relativeResultsDirectory="46e0371d-467e-403d-bc41-535f71d5efe5" />
    <UnitTestResult executionId="8d23b84d-9760-43e4-8b4d-10ce36358898" testId="542e10bc-83ae-302c-a240-7e869fa54320" testName="Scope_dispose_does_not_clear_tools" computerName="PC-20260622JNQK" duration="00:00:00.0033180" startTime="2026-07-18T12:44:33.2710235+08:00" endTime="2026-07-18T12:44:33.2743409+08:00" testType="13cdc9d9-ddb5-4fa4-a97d-d965ccfc6d4b" outcome="Passed" testListId="8c84fa94-04c1-424b-9868-57a2d4851a1d" relativeResultsDirectory="8d23b84d-9760-43e4-8b4d-10ce36358898" />
    <UnitTestResult executionId="a70a873e-a033-44c8-99ee-f5887bdd3b25" testId="4acb541c-25ca-be6e-f29c-bada20e43b86" testName="Scope_execution_plan_is_derived_from_layer_plans_and_preserves_empty_layer_slices" computerName="PC-20260622JNQK" duration="00:00:00.0014580" startTime="2026-07-18T12:44:22.1529984+08:00" endTime="2026-07-18T12:44:22.1544559+08:00" testType="13cdc9d9-ddb5-4fa4-a97d-d965ccfc6d4b" outcome="Passed" testListId="8c84fa94-04c1-424b-9868-57a2d4851a1d" relativeResultsDirectory="a70a873e-a033-44c8-99ee-f5887bdd3b25" />
    <UnitTestResult executionId="4ea8e8be-331c-4d80-abd2-38edd11f73dc" testId="c13ae4d9-07fe-d26c-f4b6-6a25655fb8c7" testName="Where_False_ShouldNotTouch_Actor" computerName="PC-20260622JNQK" duration="00:00:00.0041810" startTime="2026-07-18T12:44:40.6331711+08:00" endTime="2026-07-18T12:44:40.6373516+08:00" testType="13cdc9d9-ddb5-4fa4-a97d-d965ccfc6d4b" outcome="Passed" testListId="8c84fa94-04c1-424b-9868-57a2d4851a1d" relativeResultsDirectory="4ea8e8be-331c-4d80-abd2-38edd11f73dc" />
    <UnitTestResult executionId="6654cfe1-13eb-466b-ba7e-ee64cfa03f92" testId="48889c1e-1ede-c61d-c612-b115c37db3a4" testName="WorkerScheduler_CanExecuteMoreThanStateCapacityJobs" computerName="PC-20260622JNQK" duration="00:00:00.0391330" startTime="2026-07-18T12:44:22.0304149+08:00" endTime="2026-07-18T12:44:22.0695479+08:00" testType="13cdc9d9-ddb5-4fa4-a97d-d965ccfc6d4b" outcome="Passed" testListId="8c84fa94-04c1-424b-9868-57a2d4851a1d" relativeResultsDirectory="6654cfe1-13eb-466b-ba7e-ee64cfa03f92" />
    <UnitTestResult executionId="493a98c4-f30a-4ac9-88bb-8d0ca03374f6" testId="23e78527-dd1f-eaf3-5d18-f9a2541143bb" testName="Timer_fires_into_owner_scope_post_scheduler" computerName="PC-20260622JNQK" duration="00:00:00.0095790" startTime="2026-07-18T12:44:43.3705313+08:00" endTime="2026-07-18T12:44:43.3801098+08:00" testType="13cdc9d9-ddb5-4fa4-a97d-d965ccfc6d4b" outcome="Passed" testListId="8c84fa94-04c1-424b-9868-57a2d4851a1d" relativeResultsDirectory="493a98c4-f30a-4ac9-88bb-8d0ca03374f6" />
    <UnitTestResult executionId="6a0257aa-1bd8-4d68-ac64-eb1aa8c98652" testId="a9f7b8c9-42ef-aa3e-39c0-06cb76fb77f6" testName="Multiple_actors_receive_their_own_events" computerName="PC-20260622JNQK" duration="00:00:00.0007050" startTime="2026-07-18T12:44:27.1231595+08:00" endTime="2026-07-18T12:44:27.1238642+08:00" testType="13cdc9d9-ddb5-4fa4-a97d-d965ccfc6d4b" outcome="Passed" testListId="8c84fa94-04c1-424b-9868-57a2d4851a1d" relativeResultsDirectory="6a0257aa-1bd8-4d68-ac64-eb1aa8c98652" />
    <UnitTestResult executionId="25cf6e92-5a1f-440e-ab80-d3e46f5c028f" testId="b65e5980-3c13-3bba-b155-a8597b7e98ac" testName="Stable_key_survives_type_and_assembly_rename" computerName="PC-20260622JNQK" duration="00:00:00.2729880" startTime="2026-07-18T12:44:42.9360476+08:00" endTime="2026-07-18T12:44:43.2090349+08:00" testType="13cdc9d9-ddb5-4fa4-a97d-d965ccfc6d4b" outcome="Passed" testListId="8c84fa94-04c1-424b-9868-57a2d4851a1d" relativeResultsDirectory="25cf6e92-5a1f-440e-ab80-d3e46f5c028f" />
    <UnitTestResult executionId="693af106-1e06-41f9-8bac-5ef7cd835c62" testId="c891e50c-1b9e-8bba-9fb1-5c8bb05ee786" testName="Pending_destroy_actor_is_filtered_from_query_traversal" computerName="PC-20260622JNQK" duration="00:00:00.0006080" startTime="2026-07-18T12:44:27.1883238+08:00" endTime="2026-07-18T12:44:27.1889319+08:00" testType="13cdc9d9-ddb5-4fa4-a97d-d965ccfc6d4b" outcome="Passed" testListId="8c84fa94-04c1-424b-9868-57a2d4851a1d" relativeResultsDirectory="693af106-1e06-41f9-8bac-5ef7cd835c62" />
    <UnitTestResult executionId="5b87985d-f7f4-4b45-beea-163f1ec2d9c4" testId="b4d2aa55-4344-48a4-4827-4b52ddd474ea" testName="Different_services_can_use_same_key" computerName="PC-20260622JNQK" duration="00:00:00.0063730" startTime="2026-07-18T12:44:23.6259284+08:00" endTime="2026-07-18T12:44:23.6323013+08:00" testType="13cdc9d9-ddb5-4fa4-a97d-d965ccfc6d4b" outcome="Passed" testListId="8c84fa94-04c1-424b-9868-57a2d4851a1d" relativeResultsDirectory="5b87985d-f7f4-4b45-beea-163f1ec2d9c4" />
    <UnitTestResult executionId="66c924e4-8db9-4ed2-a44e-a8fd215c53d6" testId="b0c56111-697a-3899-1166-4845d029f099" testName="Concurrent_publish_and_read_observes_whole_value_snapshots" computerName="PC-20260622JNQK" duration="00:00:00.0037780" startTime="2026-07-18T12:44:20.8218745+08:00" endTime="2026-07-18T12:44:20.8256525+08:00" testType="13cdc9d9-ddb5-4fa4-a97d-d965ccfc6d4b" outcome="Passed" testListId="8c84fa94-04c1-424b-9868-57a2d4851a1d" relativeResultsDirectory="66c924e4-8db9-4ed2-a44e-a8fd215c53d6" />
    <UnitTestResult executionId="f56405f2-bdfc-4031-a181-954b1110ee24" testId="2d6573f5-95ff-c611-a3c0-7d40d7b41b81" testName="Category_tokens_reflect_parent_child_relationships" computerName="PC-20260622JNQK" duration="00:00:00.0017330" startTime="2026-07-18T12:44:20.8596081+08:00" endTime="2026-07-18T12:44:20.8613414+08:00" testType="13cdc9d9-ddb5-4fa4-a97d-d965ccfc6d4b" outcome="Passed" testListId="8c84fa94-04c1-424b-9868-57a2d4851a1d" relativeResultsDirectory="f56405f2-bdfc-4031-a181-954b1110ee24" />
    <UnitTestResult executionId="3b6415ca-59b0-4870-a015-a4464a5fe3bf" testId="a1b3a771-d466-5ff3-ff62-654e349236dc" testName="Custom_scope_context_actor_api_uses_owner_scope_actor_client" computerName="PC-20260622JNQK" duration="00:00:00.0323870" startTime="2026-07-18T12:44:43.3814226+08:00" endTime="2026-07-18T12:44:43.4138090+08:00" testType="13cdc9d9-ddb5-4fa4-a97d-d965ccfc6d4b" outcome="Passed" testListId="8c84fa94-04c1-424b-9868-57a2d4851a1d" relativeResultsDirectory="3b6415ca-59b0-4870-a015-a4464a5fe3bf" />
    <UnitTestResult executionId="7462095f-ca0f-4336-b4c8-509d8fa08d06" testId="14b130b8-d771-9ef7-f0f4-332b20381ac0" testName="Mount_With_ImplementationType_Should_Run_Lifecycle" computerName="PC-20260622JNQK" duration="00:00:00.0037560" startTime="2026-07-18T12:44:43.5302583+08:00" endTime="2026-07-18T12:44:43.5340146+08:00" testType="13cdc9d9-ddb5-4fa4-a97d-d965ccfc6d4b" outcome="Passed" testListId="8c84fa94-04c1-424b-9868-57a2d4851a1d" relativeResultsDirectory="7462095f-ca0f-4336-b4c8-509d8fa08d06" />
    <UnitTestResult executionId="2d786b52-176d-4f00-ac7c-a73a6082a716" testId="57847736-c60e-665e-3b57-536cd407f9c2" testName="Factory_does_not_run_under_global_lock" computerName="PC-20260622JNQK" duration="00:00:00.0025800" startTime="2026-07-18T12:44:33.2293886+08:00" endTime="2026-07-18T12:44:33.2319683+08:00" testType="13cdc9d9-ddb5-4fa4-a97d-d965ccfc6d4b" outcome="Passed" testListId="8c84fa94-04c1-424b-9868-57a2d4851a1d" relativeResultsDirectory="2d786b52-176d-4f00-ac7c-a73a6082a716" />
    <UnitTestResult executionId="51854906-e47b-4bc5-a80b-d102452bd307" testId="bbc4b2b5-9c5c-05e0-184d-7dbfefe668e3" testName="Singleton_service_is_isolated_per_layer_provider" computerName="PC-20260622JNQK" duration="00:00:00.0026030" startTime="2026-07-18T12:44:23.6112841+08:00" endTime="2026-07-18T12:44:23.6138867+08:00" testType="13cdc9d9-ddb5-4fa4-a97d-d965ccfc6d4b" outcome="Passed" testListId="8c84fa94-04c1-424b-9868-57a2d4851a1d" relativeResultsDirectory="51854906-e47b-4bc5-a80b-d102452bd307" />
    <UnitTestResult executionId="36e8c039-c613-408c-91c9-3024b8b256ab" testId="c443d2ce-c8fd-7b52-a0c3-6784f4555a7a" testName="Pop_should_allow_bucket_to_be_added_again" computerName="PC-20260622JNQK" duration="00:00:00.0000370" startTime="2026-07-18T12:44:31.6953106+08:00" endTime="2026-07-18T12:44:31.6953471+08:00" testType="13cdc9d9-ddb5-4fa4-a97d-d965ccfc6d4b" outcome="Passed" testListId="8c84fa94-04c1-424b-9868-57a2d4851a1d" relativeResultsDirectory="36e8c039-c613-408c-91c9-3024b8b256ab" />
    <UnitTestResult executionId="9b32c498-cdc8-4bcb-8efb-e2aaee004cc9" testId="4f8895ae-80e6-f6f0-cb1b-df29ea15dc9b" testName="Timer_payload_is_released_exactly_once(Cancelled)" computerName="PC-20260622JNQK" duration="00:00:00.0001960" startTime="2026-07-18T12:44:41.7048473+08:00" endTime="2026-07-18T12:44:41.7050432+08:00" testType="13cdc9d9-ddb5-4fa4-a97d-d965ccfc6d4b" outcome="Passed" testListId="8c84fa94-04c1-424b-9868-57a2d4851a1d" relativeResultsDirectory="9b32c498-cdc8-4bcb-8efb-e2aaee004cc9" />
    <UnitTestResult executionId="28b1d0b1-45fd-4a8a-b048-05baa5ea1588" testId="687bd9c5-2626-8b50-26fb-0a7789bbed73" testName="Mount_on_layer_generates_auto_layer_mount_and_registers_service" computerName="PC-20260622JNQK" duration="00:00:00.0704820" startTime="2026-07-18T12:44:19.8532822+08:00" endTime="2026-07-18T12:44:19.9237431+08:00" testType="13cdc9d9-ddb5-4fa4-a97d-d965ccfc6d4b" outcome="Passed" testListId="8c84fa94-04c1-424b-9868-57a2d4851a1d" relativeResultsDirectory="28b1d0b1-45fd-4a8a-b048-05baa5ea1588" />
    <UnitTestResult executionId="78bef39e-3bca-476f-97fd-ae8cf1fb3d71" testId="7dd5a4ba-1df2-330c-283b-3345fd0f5721" testName="Backpressure_DropNewest" computerName="PC-20260622JNQK" duration="00:00:00.0004970" startTime="2026-07-18T12:44:21.7476892+08:00" endTime="2026-07-18T12:44:21.7481865+08:00" testType="13cdc9d9-ddb5-4fa4-a97d-d965ccfc6d4b" outcome="Passed" testListId="8c84fa94-04c1-424b-9868-57a2d4851a1d" relativeResultsDirectory="78bef39e-3bca-476f-97fd-ae8cf1fb3d71" />
    <UnitTestResult executionId="d728f3ea-af0b-47a8-aacf-c948dbbf7f52" testId="32d44eef-3466-3b58-5264-8fd27772de16" testName="No_layer_hub_current_exists" computerName="PC-20260622JNQK" duration="00:00:00.0002799" startTime="2026-07-18T12:44:41.6276566+08:00" endTime="2026-07-18T12:44:41.6279362+08:00" testType="13cdc9d9-ddb5-4fa4-a97d-d965ccfc6d4b" outcome="Passed" testListId="8c84fa94-04c1-424b-9868-57a2d4851a1d" relativeResultsDirectory="d728f3ea-af0b-47a8-aacf-c948dbbf7f52" />
    <UnitTestResult executionId="e305bc4b-1b0f-4693-8b2e-5a612c8c5f88" testId="0ee23d3f-c77f-688d-b3ca-98b2f299ea76" testName="Singleton_is_layer_provider_bound_and_layer_only_api_is_available" computerName="PC-20260622JNQK" duration="00:00:00.0097650" startTime="2026-07-18T12:44:23.7167922+08:00" endTime="2026-07-18T12:44:23.7265570+08:00" testType="13cdc9d9-ddb5-4fa4-a97d-d965ccfc6d4b" outcome="Passed" testListId="8c84fa94-04c1-424b-9868-57a2d4851a1d" relativeResultsDirectory="e305bc4b-1b0f-4693-8b2e-5a612c8c5f88" />
    <UnitTestResult executionId="435b6efb-89a7-4d44-8183-1bfc1b5636c8" testId="fa3b2524-4235-3736-d5c3-be8aa21bd1c5" testName="TestMergeFailurePolicy_Reject" computerName="PC-20260622JNQK" duration="00:00:00.0018040" startTime="2026-07-18T12:44:41.6816436+08:00" endTime="2026-07-18T12:44:41.6834473+08:00" testType="13cdc9d9-ddb5-4fa4-a97d-d965ccfc6d4b" outcome="Passed" testListId="8c84fa94-04c1-424b-9868-57a2d4851a1d" relativeResultsDirectory="435b6efb-89a7-4d44-8183-1bfc1b5636c8" />
    <UnitTestResult executionId="fb2d8433-5545-4f41-b439-835055844f9e" testId="bfa85672-8b75-fa35-4692-e38eeaf92a86" testName="MountAttribute_Should_Be_Visible_Via_Reflection" computerName="PC-20260622JNQK" duration="00:00:00.0012720" startTime="2026-07-18T12:44:43.5341676+08:00" endTime="2026-07-18T12:44:43.5354396+08:00" testType="13cdc9d9-ddb5-4fa4-a97d-d965ccfc6d4b" outcome="Passed" testListId="8c84fa94-04c1-424b-9868-57a2d4851a1d" relativeResultsDirectory="fb2d8433-5545-4f41-b439-835055844f9e" />
    <UnitTestResult executionId="6fc07fe2-a9fa-4b8e-ad0c-a4ccb150304b" testId="e627c434-e696-91a9-1e79-5ef28afbb5d9" testName="Default_mail_options_should_keep_empty_mailbox_buffer" computerName="PC-20260622JNQK" duration="00:00:00.0000760" startTime="2026-07-18T12:44:27.2665781+08:00" endTime="2026-07-18T12:44:27.2666544+08:00" testType="13cdc9d9-ddb5-4fa4-a97d-d965ccfc6d4b" outcome="Passed" testListId="8c84fa94-04c1-424b-9868-57a2d4851a1d" relativeResultsDirectory="6fc07fe2-a9fa-4b8e-ad0c-a4ccb150304b" />
    <UnitTestResult executionId="3ab985a1-9444-45fb-a5a4-46f54fd7e837" testId="e54e94d6-e111-b459-0c16-d86d1e25ef44" testName="Singleton_Service_Is_Bound_To_Layer_Provider" computerName="PC-20260622JNQK" duration="00:00:00.0014280" startTime="2026-07-18T12:44:21.5977391+08:00" endTime="2026-07-18T12:44:21.5991674+08:00" testType="13cdc9d9-ddb5-4fa4-a97d-d965ccfc6d4b" outcome="Passed" testListId="8c84fa94-04c1-424b-9868-57a2d4851a1d" relativeResultsDirectory="3ab985a1-9444-45fb-a5a4-46f54fd7e837" />
    <UnitTestResult executionId="69835d1a-d428-4989-926d-b0b59ac9a3b1" testId="523feaae-815d-1f87-c76f-7bf54b057283" testName="Invalid_actor_behaviour_declarations_report_expected_diagnostic(&quot;LBACTOR206&quot;,&quot;using System.Threading;\nusing LayerBase.Actor;\nusing LayerBase.Async;\n\r\npublic struct GetHpRequest { }\r\npublic struct GetHpResponse { }\r\n\r\npublic sealed partial class EnemyActor : IActor\r\n{\r\n    [ActorCallBehaviour]\r\n    private LBTask&lt;GetHpResponse&gt; OnGetHp(in GetHpRequest request, CancellationToken cancellationToken)\r\n    {\r\n        return LBTask&lt;GetHpResponse&gt;.FromResult(default);\r\n    }\r\n\r\n    [ActorCallBehaviour]\r\n    private LBTask&lt;GetHpResponse&gt; OnGetHpAgain(in GetHpRequest request, CancellationToken cancellationToken)\r\n    {\r\n        return LBTask&lt;GetHpResponse&gt;.FromResult(default);\r\n    }\n}&quot;)" computerName="PC-20260622JNQK" duration="00:00:00.0799350" startTime="2026-07-18T12:44:26.5819612+08:00" endTime="2026-07-18T12:44:26.6618962+08:00" testType="13cdc9d9-ddb5-4fa4-a97d-d965ccfc6d4b" outcome="Passed" testListId="8c84fa94-04c1-424b-9868-57a2d4851a1d" relativeResultsDirectory="69835d1a-d428-4989-926d-b0b59ac9a3b1" />
    <UnitTestResult executionId="63e51711-b5e5-48a7-8c81-7578b9ed6f43" testId="3750c447-1319-c55f-e853-303e94053d29" testName="CreateEntity0_WithProjectedActor_Should_Mark_Meta" computerName="PC-20260622JNQK" duration="00:00:00.0040560" startTime="2026-07-18T12:44:40.6374976+08:00" endTime="2026-07-18T12:44:40.6415532+08:00" testType="13cdc9d9-ddb5-4fa4-a97d-d965ccfc6d4b" outcome="Passed" testListId="8c84fa94-04c1-424b-9868-57a2d4851a1d" relativeResultsDirectory="63e51711-b5e5-48a7-8c81-7578b9ed6f43" />
    <UnitTestResult executionId="a84084c9-1687-4bd5-961b-ccb8fb1d3066" testId="ead494f8-5132-82c0-2124-cee5fb39ac03" testName="Audit_temporary_graph_is_not_kept_in_runtime" computerName="PC-20260622JNQK" duration="00:00:00.0004680" startTime="2026-07-18T12:44:23.7444596+08:00" endTime="2026-07-18T12:44:23.7449273+08:00" testType="13cdc9d9-ddb5-4fa4-a97d-d965ccfc6d4b" outcome="Passed" testListId="8c84fa94-04c1-424b-9868-57a2d4851a1d" relativeResultsDirectory="a84084c9-1687-4bd5-961b-ccb8fb1d3066" />
    <UnitTestResult executionId="a8b5212b-79b6-43fb-b7e8-71229aaf2121" testId="159e838b-0e8e-614e-a2b8-857da9f6c75d" testName="Multiple_actor_types_handle_their_own_events" computerName="PC-20260622JNQK" duration="00:00:00.0045280" startTime="2026-07-18T12:44:27.2722839+08:00" endTime="2026-07-18T12:44:27.2768122+08:00" testType="13cdc9d9-ddb5-4fa4-a97d-d965ccfc6d4b" outcome="Passed" testListId="8c84fa94-04c1-424b-9868-57a2d4851a1d" relativeResultsDirectory="a8b5212b-79b6-43fb-b7e8-71229aaf2121" />
    <UnitTestResult executionId="da4177bf-8fdd-4508-9b14-085eb7adbf22" testId="a3a639f4-41d0-84a5-9477-f803166d54d0" testName="Scope_local_call_handler_without_async_reports_analyzer_diagnostic" computerName="PC-20260622JNQK" duration="00:00:00.0977480" startTime="2026-07-18T12:44:32.6528872+08:00" endTime="2026-07-18T12:44:32.7506353+08:00" testType="13cdc9d9-ddb5-4fa4-a97d-d965ccfc6d4b" outcome="Passed" testListId="8c84fa94-04c1-424b-9868-57a2d4851a1d" relativeResultsDirectory="da4177bf-8fdd-4508-9b14-085eb7adbf22" />
    <UnitTestResult executionId="9cc11687-f066-4774-a34e-5c834df0e17b" testId="4965cfe9-b638-2199-e8b5-9201066849eb" testName="Synchronous_event_cycle_error_identifies_scope_partition" computerName="PC-20260622JNQK" duration="00:00:00.0092950" startTime="2026-07-18T12:44:23.7681356+08:00" endTime="2026-07-18T12:44:23.7774309+08:00" testType="13cdc9d9-ddb5-4fa4-a97d-d965ccfc6d4b" outcome="Passed" testListId="8c84fa94-04c1-424b-9868-57a2d4851a1d" relativeResultsDirectory="9cc11687-f066-4774-a34e-5c834df0e17b" />
    <UnitTestResult executionId="b68b3d19-f7c7-490e-84eb-c2ea1e605d67" testId="3c5a4b19-138d-ac3b-3345-3eef1f7d3a43" testName="Payload_outstanding_returns_to_zero_after_pump" computerName="PC-20260622JNQK" duration="00:00:00.0027260" startTime="2026-07-18T12:44:22.1739409+08:00" endTime="2026-07-18T12:44:22.1766668+08:00" testType="13cdc9d9-ddb5-4fa4-a97d-d965ccfc6d4b" outcome="Passed" testListId="8c84fa94-04c1-424b-9868-57a2d4851a1d" relativeResultsDirectory="b68b3d19-f7c7-490e-84eb-c2ea1e605d67" />
    <UnitTestResult executionId="5b03a76f-451c-45dd-8abd-a905f7bce0cd" testId="e8eaba97-db3f-49a6-fcfa-c95f41a93239" testName="TouchThrottling_ShouldSkipRefresh_WithinInterval" computerName="PC-20260622JNQK" duration="00:00:00.0615830" startTime="2026-07-18T12:44:40.5715769+08:00" endTime="2026-07-18T12:44:40.6331590+08:00" testType="13cdc9d9-ddb5-4fa4-a97d-d965ccfc6d4b" outcome="Passed" testListId="8c84fa94-04c1-424b-9868-57a2d4851a1d" relativeResultsDirectory="5b03a76f-451c-45dd-8abd-a905f7bce0cd" />
    <UnitTestResult executionId="fc48eb02-2dae-499a-a42c-9a568f8a37a2" testId="cebe1a64-b6d5-ac4c-1499-8177aaca20c8" testName="Manifest_contains_factories_not_instances_and_runtime_has_no_module_dispatcher" computerName="PC-20260622JNQK" duration="00:00:00.0003660" startTime="2026-07-18T12:44:22.1280048+08:00" endTime="2026-07-18T12:44:22.1283712+08:00" testType="13cdc9d9-ddb5-4fa4-a97d-d965ccfc6d4b" outcome="Passed" testListId="8c84fa94-04c1-424b-9868-57a2d4851a1d" relativeResultsDirectory="fc48eb02-2dae-499a-a42c-9a568f8a37a2" />
    <UnitTestResult executionId="e8c21560-e104-4a8e-b659-a5dda62e3e76" testId="df6f7621-c034-28c4-f988-51bc1aa4e507" testName="Reset_disposes_all_tracked_runtimes_before_reusing_runtime_ids" computerName="PC-20260622JNQK" duration="00:00:00.0028170" startTime="2026-07-18T12:44:21.9851394+08:00" endTime="2026-07-18T12:44:21.9879564+08:00" testType="13cdc9d9-ddb5-4fa4-a97d-d965ccfc6d4b" outcome="Passed" testListId="8c84fa94-04c1-424b-9868-57a2d4851a1d" relativeResultsDirectory="e8c21560-e104-4a8e-b659-a5dda62e3e76" />
    <UnitTestResult executionId="8d3c4cff-9094-43d6-9f7d-35edd142271f" testId="8ab34a40-00fe-a4c1-090f-690251cd329e" testName="ContractId_is_preserved" computerName="PC-20260622JNQK" duration="00:00:00.0030900" startTime="2026-07-18T12:44:20.8256642+08:00" endTime="2026-07-18T12:44:20.8287535+08:00" testType="13cdc9d9-ddb5-4fa4-a97d-d965ccfc6d4b" outcome="Passed" testListId="8c84fa94-04c1-424b-9868-57a2d4851a1d" relativeResultsDirectory="8d3c4cff-9094-43d6-9f7d-35edd142271f" />
    <UnitTestResult executionId="023a046c-4dc3-4a1e-bc95-3319e862189d" testId="2bf70463-8470-a5fc-8d5b-cecb91be78f0" testName="Running_scope_runtime_sources_do_not_scan_all_assemblies_or_use_make_generic_type" computerName="PC-20260622JNQK" duration="00:00:00.0007950" startTime="2026-07-18T12:44:22.2747685+08:00" endTime="2026-07-18T12:44:22.2755636+08:00" testType="13cdc9d9-ddb5-4fa4-a97d-d965ccfc6d4b" outcome="Passed" testListId="8c84fa94-04c1-424b-9868-57a2d4851a1d" relativeResultsDirectory="023a046c-4dc3-4a1e-bc95-3319e862189d" />
    <UnitTestResult executionId="f168ef55-cd15-49d2-a170-1d871130459c" testId="b3e305b0-d2e4-aa12-c4f8-cc8eb59ba67c" testName="Stopped_scope_rejects_business_but_accepts_dispose_control" computerName="PC-20260622JNQK" duration="00:00:00.0018260" startTime="2026-07-18T12:44:22.3138543+08:00" endTime="2026-07-18T12:44:22.3156803+08:00" testType="13cdc9d9-ddb5-4fa4-a97d-d965ccfc6d4b" outcome="Passed" testListId="8c84fa94-04c1-424b-9868-57a2d4851a1d" relativeResultsDirectory="f168ef55-cd15-49d2-a170-1d871130459c" />
    <UnitTestResult executionId="efeaf60b-f24c-4d81-90e4-17890190c6fb" testId="db0796a2-b9e5-d265-74fc-9981a1d51848" testName="TimeScheduler_expiration_cap_requeues_remaining_timers_to_next_tick" computerName="PC-20260622JNQK" duration="00:00:00.0004440" startTime="2026-07-18T12:44:21.9913660+08:00" endTime="2026-07-18T12:44:21.9918100+08:00" testType="13cdc9d9-ddb5-4fa4-a97d-d965ccfc6d4b" outcome="Passed" testListId="8c84fa94-04c1-424b-9868-57a2d4851a1d" relativeResultsDirectory="efeaf60b-f24c-4d81-90e4-17890190c6fb" />
    <UnitTestResult executionId="4eaae39c-1871-46ae-a841-e775a97a0c95" testId="7f0938fa-06da-e15a-007d-9033ddd1e24d" testName="Service_Binding_Is_Cleared_On_Layer_Dispose" computerName="PC-20260622JNQK" duration="00:00:00.0017690" startTime="2026-07-18T12:44:21.5959584+08:00" endTime="2026-07-18T12:44:21.5977270+08:00" testType="13cdc9d9-ddb5-4fa4-a97d-d965ccfc6d4b" outcome="Passed" testListId="8c84fa94-04c1-424b-9868-57a2d4851a1d" relativeResultsDirectory="4eaae39c-1871-46ae-a841-e775a97a0c95" />
    <UnitTestResult executionId="b79eff20-f5b3-4381-8b05-a47dbadd8fac" testId="a7b4ab9a-e827-cab7-d35b-5f472c1d2ccb" testName="Tick_continues_after_synchronous_timer_exception_and_reports_error" computerName="PC-20260622JNQK" duration="00:00:00.0009570" startTime="2026-07-18T12:44:23.7408159+08:00" endTime="2026-07-18T12:44:23.7417726+08:00" testType="13cdc9d9-ddb5-4fa4-a97d-d965ccfc6d4b" outcome="Passed" testListId="8c84fa94-04c1-424b-9868-57a2d4851a1d" relativeResultsDirectory="b79eff20-f5b3-4381-8b05-a47dbadd8fac" />
    <UnitTestResult executionId="a4fa0910-cb91-4577-8bfc-527fbaea9d8b" testId="9b515fae-10f6-5b32-dc9a-57312363c534" testName="TestDirtySignalPolicyFromMetaData" computerName="PC-20260622JNQK" duration="00:00:00.0100640" startTime="2026-07-18T12:44:36.9738947+08:00" endTime="2026-07-18T12:44:36.9839584+08:00" testType="13cdc9d9-ddb5-4fa4-a97d-d965ccfc6d4b" outcome="Passed" testListId="8c84fa94-04c1-424b-9868-57a2d4851a1d" relativeResultsDirectory="a4fa0910-cb91-4577-8bfc-527fbaea9d8b" />
    <UnitTestResult executionId="4715dcf0-8cdf-4f73-aa38-d99d35aaa308" testId="d6791cd8-8a1d-4025-8caa-0cb516dee788" testName="DebugActors_enumerates_live_actors_for_debugging" computerName="PC-20260622JNQK" duration="00:00:00.0079280" startTime="2026-07-18T12:44:27.1782128+08:00" endTime="2026-07-18T12:44:27.1861408+08:00" testType="13cdc9d9-ddb5-4fa4-a97d-d965ccfc6d4b" outcome="Passed" testListId="8c84fa94-04c1-424b-9868-57a2d4851a1d" relativeResultsDirectory="4715dcf0-8cdf-4f73-aa38-d99d35aaa308" />
    <UnitTestResult executionId="72ad3611-5623-46c9-8b49-1d28911b15ec" testId="ffe29087-baee-ecda-05b5-ea99d6ab7f31" testName="Timer_payload_is_released_on_schedule_failure" computerName="PC-20260622JNQK" duration="00:00:00.0002570" startTime="2026-07-18T12:44:41.7053956+08:00" endTime="2026-07-18T12:44:41.7056527+08:00" testType="13cdc9d9-ddb5-4fa4-a97d-d965ccfc6d4b" outcome="Passed" testListId="8c84fa94-04c1-424b-9868-57a2d4851a1d" relativeResultsDirectory="72ad3611-5623-46c9-8b49-1d28911b15ec" />
    <UnitTestResult executionId="7f59cbcd-2e40-4d09-b38d-5dc11df8fc45" testId="fa067adb-345d-7f3f-814f-ebce3fb78826" testName="Worker_context_and_scheduler_do_not_expose_scope_resources_to_worker_job" computerName="PC-20260622JNQK" duration="00:00:00.0025650" startTime="2026-07-18T12:44:23.8029584+08:00" endTime="2026-07-18T12:44:23.8055230+08:00" testType="13cdc9d9-ddb5-4fa4-a97d-d965ccfc6d4b" outcome="Passed" testListId="8c84fa94-04c1-424b-9868-57a2d4851a1d" relativeResultsDirectory="7f59cbcd-2e40-4d09-b38d-5dc11df8fc45" />
    <UnitTestResult executionId="2e530c70-235a-4490-b174-882f8f4e5d85" testId="73002cc6-4746-3246-56ef-ffbe7bb5e9ba" testName="CallHandler_can_compose_other_layer_capability_via_local_call" computerName="PC-20260622JNQK" duration="00:00:00.0041520" startTime="2026-07-18T12:44:19.9945675+08:00" endTime="2026-07-18T12:44:19.9987196+08:00" testType="13cdc9d9-ddb5-4fa4-a97d-d965ccfc6d4b" outcome="Passed" testListId="8c84fa94-04c1-424b-9868-57a2d4851a1d" relativeResultsDirectory="2e530c70-235a-4490-b174-882f8f4e5d85" />
    <UnitTestResult executionId="c0e4fcad-7d03-4a4f-acb4-86a482c3bd99" testId="02789d32-5a28-77bb-5e11-9f895b1de578" testName="Public_prewarm_remains_non_throwing_and_idempotent" computerName="PC-20260622JNQK" duration="00:00:00.0015880" startTime="2026-07-18T12:44:19.9576858+08:00" endTime="2026-07-18T12:44:19.9592735+08:00" testType="13cdc9d9-ddb5-4fa4-a97d-d965ccfc6d4b" outcome="Passed" testListId="8c84fa94-04c1-424b-9868-57a2d4851a1d" relativeResultsDirectory="c0e4fcad-7d03-4a4f-acb4-86a482c3bd99" />
    <UnitTestResult executionId="05d0b4ce-c7c1-4589-922f-67184f7848d5" testId="5a3ead71-1672-8472-b568-01ba221667b3" testName="Post_never_runs_callback_inline_on_producer_thread" computerName="PC-20260622JNQK" duration="00:00:00.0002130" startTime="2026-07-18T12:44:33.4286030+08:00" endTime="2026-07-18T12:44:33.4288162+08:00" testType="13cdc9d9-ddb5-4fa4-a97d-d965ccfc6d4b" outcome="Passed" testListId="8c84fa94-04c1-424b-9868-57a2d4851a1d" relativeResultsDirectory="05d0b4ce-c7c1-4589-922f-67184f7848d5" />
    <UnitTestResult executionId="63ced0bb-d6b4-4756-988e-dd87cb071bf8" testId="bb7a589f-bff7-d81d-2f2e-ca0e9cbee00b" testName="Notify_Small_Fanout_Direct_Send_Preserves_Registration_Order" computerName="PC-20260622JNQK" duration="00:00:00.0023220" startTime="2026-07-18T12:44:21.6252364+08:00" endTime="2026-07-18T12:44:21.6275581+08:00" testType="13cdc9d9-ddb5-4fa4-a97d-d965ccfc6d4b" outcome="Passed" testListId="8c84fa94-04c1-424b-9868-57a2d4851a1d" relativeResultsDirectory="63ced0bb-d6b4-4756-988e-dd87cb071bf8" />
    <UnitTestResult executionId="123a3c5b-5f66-4407-abaa-ffa5902a81b9" testId="a6f40ff0-067b-683f-b399-b515bb63de23" testName="Layer_service_generator_reports_expected_diagnostic(&quot;LBOS004&quot;,&quot;using LayerBase.DI;\r\nusing LayerBase.DI.Options;\r\n\r\npublic sealed partial class ServiceA : IService\r\n{\r\n    [Mount] private SharedContext _context = null!;\r\n    public void ConfigureServices(IServiceCollection services) { }\r\n}\r\n\r\npublic sealed partial class ServiceB : IService\r\n{\r\n    public void ConfigureServices(IServiceCollection services) { }\r\n}\r\n\r\n[OwnerService(typeof(ServiceB))]\r\npublic sealed partial class SharedContext : ILayerContext\r\n{\r\n}&quot;)" computerName="PC-20260622JNQK" duration="00:00:00.0885690" startTime="2026-07-18T12:44:32.2451492+08:00" endTime="2026-07-18T12:44:32.3337176+08:00" testType="13cdc9d9-ddb5-4fa4-a97d-d965ccfc6d4b" outcome="Passed" testListId="8c84fa94-04c1-424b-9868-57a2d4851a1d" relativeResultsDirectory="123a3c5b-5f66-4407-abaa-ffa5902a81b9" />
    <UnitTestResult executionId="afcbc2e6-b8af-4a94-930e-78ad799d5a4c" testId="954b4239-5366-b195-c73f-dedfc4ff6549" testName="RepeatedTrySetResult_ReturnsFalse" computerName="PC-20260622JNQK" duration="00:00:00.0000340" startTime="2026-07-18T12:44:21.9985110+08:00" endTime="2026-07-18T12:44:21.9985454+08:00" testType="13cdc9d9-ddb5-4fa4-a97d-d965ccfc6d4b" outcome="Passed" testListId="8c84fa94-04c1-424b-9868-57a2d4851a1d" relativeResultsDirectory="afcbc2e6-b8af-4a94-930e-78ad799d5a4c" />
    <UnitTestResult executionId="1fc5d587-8c2e-4e69-8020-b34e0cec6921" testId="2138f3a8-4e0c-49fb-bc7f-4d6547db0946" testName="NormalPost_ShouldStillUseExistingPath" computerName="PC-20260622JNQK" duration="00:00:00.0059810" startTime="2026-07-18T12:44:21.6142348+08:00" endTime="2026-07-18T12:44:21.6202161+08:00" testType="13cdc9d9-ddb5-4fa4-a97d-d965ccfc6d4b" outcome="Passed" testListId="8c84fa94-04c1-424b-9868-57a2d4851a1d" relativeResultsDirectory="1fc5d587-8c2e-4e69-8020-b34e0cec6921" />
    <UnitTestResult executionId="76480b70-7f43-4252-a084-84c2ca4e5d97" testId="ebb4ccd0-4981-56a6-f3a3-3fdbb6fe39ef" testName="Scope_states_are_independent" computerName="PC-20260622JNQK" duration="00:00:00.0087880" startTime="2026-07-18T12:44:41.6418920+08:00" endTime="2026-07-18T12:44:41.6506801+08:00" testType="13cdc9d9-ddb5-4fa4-a97d-d965ccfc6d4b" outcome="Passed" testListId="8c84fa94-04c1-424b-9868-57a2d4851a1d" relativeResultsDirectory="76480b70-7f43-4252-a084-84c2ca4e5d97" />
    <UnitTestResult executionId="8ac5d243-f2b0-4b79-b4ee-9c484715d5b7" testId="5309c504-feea-4ca8-c54a-9e82352335ea" testName="Event_meta_data_actor_mail_options_are_loaded_into_policy_table" computerName="PC-20260622JNQK" duration="00:00:00.0036930" startTime="2026-07-18T12:44:27.1529912+08:00" endTime="2026-07-18T12:44:27.1566839+08:00" testType="13cdc9d9-ddb5-4fa4-a97d-d965ccfc6d4b" outcome="Passed" testListId="8c84fa94-04c1-424b-9868-57a2d4851a1d" relativeResultsDirectory="8ac5d243-f2b0-4b79-b4ee-9c484715d5b7" />
    <UnitTestResult executionId="4ed5a900-116f-4913-bf7c-c51e7f5cf58f" testId="5c6df880-e08f-981b-6f74-3d92872e0532" testName="RepeatedTrySetException_ReturnsFalse" computerName="PC-20260622JNQK" duration="00:00:00.0000490" startTime="2026-07-18T12:44:21.9984589+08:00" endTime="2026-07-18T12:44:21.9985080+08:00" testType="13cdc9d9-ddb5-4fa4-a97d-d965ccfc6d4b" outcome="Passed" testListId="8c84fa94-04c1-424b-9868-57a2d4851a1d" relativeResultsDirectory="4ed5a900-116f-4913-bf7c-c51e7f5cf58f" />
    <UnitTestResult executionId="6f305259-7614-40cc-89fd-29acf0c65ad8" testId="49585707-a67e-2766-115e-89296357ca76" testName="SwitchToMainThread_ShouldResumeOnMainThread" computerName="PC-20260622JNQK" duration="00:00:00.0594400" startTime="2026-07-18T12:44:31.6355560+08:00" endTime="2026-07-18T12:44:31.6949957+08:00" testType="13cdc9d9-ddb5-4fa4-a97d-d965ccfc6d4b" outcome="Passed" testListId="8c84fa94-04c1-424b-9868-57a2d4851a1d" relativeResultsDirectory="6f305259-7614-40cc-89fd-29acf0c65ad8" />
    <UnitTestResult executionId="86e58016-5bcd-4417-ac39-10161a852c43" testId="c927e062-4944-b977-bcbe-139094888592" testName="Layer_dispose_is_idempotent_under_concurrent_calls" computerName="PC-20260622JNQK" duration="00:00:00.0043190" startTime="2026-07-18T12:44:20.0117387+08:00" endTime="2026-07-18T12:44:20.0160572+08:00" testType="13cdc9d9-ddb5-4fa4-a97d-d965ccfc6d4b" outcome="Passed" testListId="8c84fa94-04c1-424b-9868-57a2d4851a1d" relativeResultsDirectory="86e58016-5bcd-4417-ac39-10161a852c43" />
    <UnitTestResult executionId="da89028d-dc94-4d86-9168-c2be4b278282" testId="b99c052f-5ae2-09f8-0342-f19417f2a5fe" testName="Main_scope_task_captures_main_synchronization_context" computerName="PC-20260622JNQK" duration="00:00:00.0022900" startTime="2026-07-18T12:44:22.3003432+08:00" endTime="2026-07-18T12:44:22.3026334+08:00" testType="13cdc9d9-ddb5-4fa4-a97d-d965ccfc6d4b" outcome="Passed" testListId="8c84fa94-04c1-424b-9868-57a2d4851a1d" relativeResultsDirectory="da89028d-dc94-4d86-9168-c2be4b278282" />
    <UnitTestResult executionId="bb01c76a-f8de-4dfa-9642-7b2eec73eb92" testId="87460169-cdab-0a87-9bb3-360a3f522485" testName="Global_Registry_meta_data_is_loaded_into_policy_table" computerName="PC-20260622JNQK" duration="00:00:00.0059650" startTime="2026-07-18T12:44:20.8687111+08:00" endTime="2026-07-18T12:44:20.8746759+08:00" testType="13cdc9d9-ddb5-4fa4-a97d-d965ccfc6d4b" outcome="Passed" testListId="8c84fa94-04c1-424b-9868-57a2d4851a1d" relativeResultsDirectory="bb01c76a-f8de-4dfa-9642-7b2eec73eb92" />
    <UnitTestResult executionId="849fbdd3-8c4e-4fec-9ba4-3e27aa7c038d" testId="bd1cb985-e278-d0ce-efe7-fe728fd6160e" testName="Local_call_never_searches_other_scope_registry" computerName="PC-20260622JNQK" duration="00:00:00.0031300" startTime="2026-07-18T12:44:22.3264807+08:00" endTime="2026-07-18T12:44:22.3296102+08:00" testType="13cdc9d9-ddb5-4fa4-a97d-d965ccfc6d4b" outcome="Passed" testListId="8c84fa94-04c1-424b-9868-57a2d4851a1d" relativeResultsDirectory="849fbdd3-8c4e-4fec-9ba4-3e27aa7c038d" />
    <UnitTestResult executionId="4bbed48d-0710-42b2-bafb-33b08b57e7b2" testId="1c6acdf6-ef52-bbf3-8e7b-36efd2a19029" testName="Latest_Mode_Processes_Only_Last_Value" computerName="PC-20260622JNQK" duration="00:00:00.0045000" startTime="2026-07-18T12:44:21.7605880+08:00" endTime="2026-07-18T12:44:21.7650878+08:00" testType="13cdc9d9-ddb5-4fa4-a97d-d965ccfc6d4b" outcome="Passed" testListId="8c84fa94-04c1-424b-9868-57a2d4851a1d" relativeResultsDirectory="4bbed48d-0710-42b2-bafb-33b08b57e7b2" />
    <UnitTestResult executionId="f5dfd8c5-83af-4f8a-9c40-0eb53f1036bb" testId="ca57aaab-5053-b906-b06a-d51213d56799" testName="Manual_Instance_IsShared_If_User_Explicitly_Registers_Same_Instance" computerName="PC-20260622JNQK" duration="00:00:00.0025460" startTime="2026-07-18T12:44:20.8484102+08:00" endTime="2026-07-18T12:44:20.8509556+08:00" testType="13cdc9d9-ddb5-4fa4-a97d-d965ccfc6d4b" outcome="Passed" testListId="8c84fa94-04c1-424b-9868-57a2d4851a1d" relativeResultsDirectory="f5dfd8c5-83af-4f8a-9c40-0eb53f1036bb" />
    <UnitTestResult executionId="8f0c3ced-b8ae-4f28-8ec0-aef7b97dc20c" testId="b5312555-4a80-e03b-89ed-e868332999bf" testName="Reflection_assembly_module_builds_manifest_from_explicit_assembly_only" computerName="PC-20260622JNQK" duration="00:00:00.0065620" startTime="2026-07-18T12:44:22.1394589+08:00" endTime="2026-07-18T12:44:22.1460205+08:00" testType="13cdc9d9-ddb5-4fa4-a97d-d965ccfc6d4b" outcome="Passed" testListId="8c84fa94-04c1-424b-9868-57a2d4851a1d" relativeResultsDirectory="8f0c3ced-b8ae-4f28-8ec0-aef7b97dc20c" />
    <UnitTestResult executionId="c0ab9d60-198c-44be-9bcf-5144cbcd4de1" testId="e607f82a-c039-dbe1-53b1-da9501789af6" testName="Service_subscribe_uses_callers_owner_scope_even_for_static_handlers" computerName="PC-20260622JNQK" duration="00:00:00.0114460" startTime="2026-07-18T12:44:43.3326095+08:00" endTime="2026-07-18T12:44:43.3440557+08:00" testType="13cdc9d9-ddb5-4fa4-a97d-d965ccfc6d4b" outcome="Passed" testListId="8c84fa94-04c1-424b-9868-57a2d4851a1d" relativeResultsDirectory="c0ab9d60-198c-44be-9bcf-5144cbcd4de1" />
    <UnitTestResult executionId="25e25195-745c-459e-8410-6b74bbb1d4ea" testId="a5379ef0-866e-0eb3-d6ce-3142cf5b7c36" testName="Mount_generator_reports_scope_boundary_diagnostics(&quot;LBMOUNT008&quot;,&quot;using LayerBase.DI;\r\nusing LayerBase.DI.Options;\r\nusing LayerBase.Scope;\r\n\r\npublic sealed class CombatScope : IScopeDefinition {  public ScopeOptions Options =&gt; ScopeOptions.Inline; }\r\n\r\n[Scope&lt;CombatScope&gt;]\r\npublic sealed partial class CombatService : IService\r\n{\r\n    [Mount] private MainScopeContext _context = null!;\r\n    public void ConfigureServices(IServiceCollection services) { }\r\n}\r\n\r\n[Scope&lt;PresentationScope&gt;]\r\n[OwnerService(typeof(CombatService))]\r\npublic sealed partial class MainScopeContext : ILayerContext\r\n{\r\n}&quot;)" computerName="PC-20260622JNQK" duration="00:00:00.1045860" startTime="2026-07-18T12:44:33.6414857+08:00" endTime="2026-07-18T12:44:33.7460711+08:00" testType="13cdc9d9-ddb5-4fa4-a97d-d965ccfc6d4b" outcome="Passed" testListId="8c84fa94-04c1-424b-9868-57a2d4851a1d" relativeResultsDirectory="25e25195-745c-459e-8410-6b74bbb1d4ea" />
    <UnitTestResult executionId="a142ad2e-cb43-49f1-9943-19088a3c5a83" testId="ef17906f-cbce-2e72-788b-d6b6f3f305d4" testName="Main_scope_ref_try_post_rejects_after_runtime_dispose" computerName="PC-20260622JNQK" duration="00:00:00.0014280" startTime="2026-07-18T12:44:22.1039652+08:00" endTime="2026-07-18T12:44:22.1053935+08:00" testType="13cdc9d9-ddb5-4fa4-a97d-d965ccfc6d4b" outcome="Passed" testListId="8c84fa94-04c1-424b-9868-57a2d4851a1d" relativeResultsDirectory="a142ad2e-cb43-49f1-9943-19088a3c5a83" />
    <UnitTestResult executionId="6fab5bcd-419b-418f-8f53-53692acd9701" testId="4916f66b-6a42-544a-4936-22a8063bb6d9" testName="DelayPublisher_rejects_publish_after_owning_runtime_is_disposed" computerName="PC-20260622JNQK" duration="00:00:00.0015050" startTime="2026-07-18T12:44:21.9564028+08:00" endTime="2026-07-18T12:44:21.9579081+08:00" testType="13cdc9d9-ddb5-4fa4-a97d-d965ccfc6d4b" outcome="Passed" testListId="8c84fa94-04c1-424b-9868-57a2d4851a1d" relativeResultsDirectory="6fab5bcd-419b-418f-8f53-53692acd9701" />
    <UnitTestResult executionId="ac29fef4-7a5a-4283-8761-531472d8f09c" testId="07b1ef3a-1447-63aa-cc33-624b49b9b453" testName="Reset_disposes_existing_layer_scoped_services" computerName="PC-20260622JNQK" duration="00:00:00.0012489" startTime="2026-07-18T12:44:21.9879670+08:00" endTime="2026-07-18T12:44:21.9892158+08:00" testType="13cdc9d9-ddb5-4fa4-a97d-d965ccfc6d4b" outcome="Passed" testListId="8c84fa94-04c1-424b-9868-57a2d4851a1d" relativeResultsDirectory="ac29fef4-7a5a-4283-8761-531472d8f09c" />
    <UnitTestResult executionId="7ab15fb2-1ccd-483c-8bdd-7f62c4402c31" testId="9f7fa913-9279-f6d7-c89a-65a557fe7506" testName="Worker_snapshot_runs_on_worker_owner_thread" computerName="PC-20260622JNQK" duration="00:00:00.0065560" startTime="2026-07-18T12:44:22.1781045+08:00" endTime="2026-07-18T12:44:22.1846607+08:00" testType="13cdc9d9-ddb5-4fa4-a97d-d965ccfc6d4b" outcome="Passed" testListId="8c84fa94-04c1-424b-9868-57a2d4851a1d" relativeResultsDirectory="7ab15fb2-1ccd-483c-8bdd-7f62c4402c31" />
    <UnitTestResult executionId="9e6e0b70-2479-42a2-9192-04c4a6800baa" testId="e16f65bd-338f-0fb5-65cc-b273670169d3" testName="Actor_world_runs_after_post_scheduler_and_after_layer_update" computerName="PC-20260622JNQK" duration="00:00:00.0041460" startTime="2026-07-18T12:44:27.2187459+08:00" endTime="2026-07-18T12:44:27.2228914+08:00" testType="13cdc9d9-ddb5-4fa4-a97d-d965ccfc6d4b" outcome="Passed" testListId="8c84fa94-04c1-424b-9868-57a2d4851a1d" relativeResultsDirectory="9e6e0b70-2479-42a2-9192-04c4a6800baa" />
    <UnitTestResult executionId="07969126-59a7-44cb-9f7b-8e84b5b74e6d" testId="f12005a3-143b-4e48-d9f5-905f298bf1e4" testName="Tag_and_group_signatures_support_contains_queries" computerName="PC-20260622JNQK" duration="00:00:00.0005520" startTime="2026-07-18T12:44:23.9258526+08:00" endTime="2026-07-18T12:44:23.9264049+08:00" testType="13cdc9d9-ddb5-4fa4-a97d-d965ccfc6d4b" outcome="Passed" testListId="8c84fa94-04c1-424b-9868-57a2d4851a1d" relativeResultsDirectory="07969126-59a7-44cb-9f7b-8e84b5b74e6d" />
    <UnitTestResult executionId="f5b3c6ea-3218-4d29-ab0b-bafa1486c472" testId="f2e8833c-5108-f0aa-c6f2-968dc2654954" testName="Tick_overrun_does_not_wait" computerName="PC-20260622JNQK" duration="00:00:00.1600320" startTime="2026-07-18T12:44:23.4300871+08:00" endTime="2026-07-18T12:44:23.5901189+08:00" testType="13cdc9d9-ddb5-4fa4-a97d-d965ccfc6d4b" outcome="Passed" testListId="8c84fa94-04c1-424b-9868-57a2d4851a1d" relativeResultsDirectory="f5b3c6ea-3218-4d29-ab0b-bafa1486c472" />
    <UnitTestResult executionId="b8e97c3a-1987-4fca-bd9c-e82639ef530c" testId="eb973520-f0be-f1de-4154-a6451a96f66d" testName="Cross_assembly_owner_layer_service_requires_single_module_root" computerName="PC-20260622JNQK" duration="00:00:00.1749030" startTime="2026-07-18T12:44:28.7424307+08:00" endTime="2026-07-18T12:44:28.9173333+08:00" testType="13cdc9d9-ddb5-4fa4-a97d-d965ccfc6d4b" outcome="Passed" testListId="8c84fa94-04c1-424b-9868-57a2d4851a1d" relativeResultsDirectory="b8e97c3a-1987-4fca-bd9c-e82639ef530c" />
    <UnitTestResult executionId="9f1d522f-d936-4df6-9b40-640f9f750488" testId="10a2a1a5-5984-8880-d054-f510f8586d74" testName="Call_handler_exception_is_propagated_to_caller" computerName="PC-20260622JNQK" duration="00:00:00.0132880" startTime="2026-07-18T12:44:19.9612914+08:00" endTime="2026-07-18T12:44:19.9745784+08:00" testType="13cdc9d9-ddb5-4fa4-a97d-d965ccfc6d4b" outcome="Passed" testListId="8c84fa94-04c1-424b-9868-57a2d4851a1d" relativeResultsDirectory="9f1d522f-d936-4df6-9b40-640f9f750488" />
    <UnitTestResult executionId="d8c5d108-3526-4231-a586-2a3dad745d41" testId="114e3906-72e2-22c5-085a-36f816ec52e4" testName="Writable_container_consumer_is_rejected" computerName="PC-20260622JNQK" duration="00:00:00.0036700" startTime="2026-07-18T12:44:23.6590163+08:00" endTime="2026-07-18T12:44:23.6626859+08:00" testType="13cdc9d9-ddb5-4fa4-a97d-d965ccfc6d4b" outcome="Passed" testListId="8c84fa94-04c1-424b-9868-57a2d4851a1d" relativeResultsDirectory="d8c5d108-3526-4231-a586-2a3dad745d41" />
    <UnitTestResult executionId="2f045fde-220d-45e3-baad-7fe7d245b624" testId="919d589a-49d5-4a1a-1ef6-24b304c59250" testName="Overrun_does_not_exceed_reasonable_tick_rate" computerName="PC-20260622JNQK" duration="00:00:00.6496650" startTime="2026-07-18T12:44:22.7694291+08:00" endTime="2026-07-18T12:44:23.4190935+08:00" testType="13cdc9d9-ddb5-4fa4-a97d-d965ccfc6d4b" outcome="Passed" testListId="8c84fa94-04c1-424b-9868-57a2d4851a1d" relativeResultsDirectory="2f045fde-220d-45e3-baad-7fe7d245b624" />
    <UnitTestResult executionId="7376ca0d-d37d-44ba-af9d-96a7a536e4b4" testId="a16da7df-d8ec-512e-f876-f81e3a8001f6" testName="Contract_key_is_unique_per_runtime" computerName="PC-20260622JNQK" duration="00:00:00.0036670" startTime="2026-07-18T12:44:33.2238348+08:00" endTime="2026-07-18T12:44:33.2275016+08:00" testType="13cdc9d9-ddb5-4fa4-a97d-d965ccfc6d4b" outcome="Passed" testListId="8c84fa94-04c1-424b-9868-57a2d4851a1d" relativeResultsDirectory="7376ca0d-d37d-44ba-af9d-96a7a536e4b4" />
    <UnitTestResult executionId="b8358689-dbf0-4515-b165-a1fb3e0c4725" testId="faea4b93-4317-a630-2cd7-0b51a518e09a" testName="Capture_diagnostics_rejects_sync_when_worker_scope_exists" computerName="PC-20260622JNQK" duration="00:00:00.0018190" startTime="2026-07-18T12:44:22.1641924+08:00" endTime="2026-07-18T12:44:22.1660109+08:00" testType="13cdc9d9-ddb5-4fa4-a97d-d965ccfc6d4b" outcome="Passed" testListId="8c84fa94-04c1-424b-9868-57a2d4851a1d" relativeResultsDirectory="b8358689-dbf0-4515-b165-a1fb3e0c4725" />
    <UnitTestResult executionId="89b04e0f-a76a-4ec1-8556-13cf99d1be68" testId="fb1ce863-4b39-1a09-68c2-b89c4319e0d1" testName="DisabledActor_ShouldCallOnEnable_WhenTouchedAgain" computerName="PC-20260622JNQK" duration="00:00:01.1157420" startTime="2026-07-18T12:44:37.0468282+08:00" endTime="2026-07-18T12:44:38.1625696+08:00" testType="13cdc9d9-ddb5-4fa4-a97d-d965ccfc6d4b" outcome="Passed" testListId="8c84fa94-04c1-424b-9868-57a2d4851a1d" relativeResultsDirectory="89b04e0f-a76a-4ec1-8556-13cf99d1be68" />
    <UnitTestResult executionId="e1a18160-0758-494c-918e-f2299a4d8fce" testId="a63f62f7-fb4b-1281-5da1-75c7eeb71f88" testName="FlushBuffers_Reentrancy_ShouldNotThrow" computerName="PC-20260622JNQK" duration="00:00:00.0098060" startTime="2026-07-18T12:44:36.9530739+08:00" endTime="2026-07-18T12:44:36.9628799+08:00" testType="13cdc9d9-ddb5-4fa4-a97d-d965ccfc6d4b" outcome="Passed" testListId="8c84fa94-04c1-424b-9868-57a2d4851a1d" relativeResultsDirectory="e1a18160-0758-494c-918e-f2299a4d8fce" />
[...]
    <TestEntry testId="33dcf1b0-e4db-78b8-6a4f-08b3c4c978b2" executionId="8a1d1ab4-d3ba-4266-8df1-611c7478caed" testListId="8c84fa94-04c1-424b-9868-57a2d4851a1d" />
    <TestEntry testId="1ee62fa0-2860-4f8c-0884-fd6d086d0f91" executionId="fa47c1fd-1c6b-4e57-a9da-695295a5e706" testListId="8c84fa94-04c1-424b-9868-57a2d4851a1d" />
    <TestEntry testId="0b7f1515-1062-7b2c-d846-30fcadfba4d0" executionId="762e47ca-7cd9-4c01-b8ef-934af4bc8053" testListId="8c84fa94-04c1-424b-9868-57a2d4851a1d" />
    <TestEntry testId="697e1189-2d22-023e-24b2-6bd089f18f5a" executionId="1963f1c3-eb41-4d1a-beae-0e81fcb2b398" testListId="8c84fa94-04c1-424b-9868-57a2d4851a1d" />
    <TestEntry testId="5ea5f4bd-a639-d3a5-25e4-84312a791ebe" executionId="d36ff224-edfd-4182-9188-61de93d3c143" testListId="8c84fa94-04c1-424b-9868-57a2d4851a1d" />
    <TestEntry testId="9f0dcb97-5e0b-6764-009c-d2f2cc22be62" executionId="cfe5f01a-b086-429b-8cc4-5e7edbe354d5" testListId="8c84fa94-04c1-424b-9868-57a2d4851a1d" />
    <TestEntry testId="623f26ae-852e-46ab-4206-47a7f5c2e206" executionId="f48f6f4e-14ca-4e13-989d-c10bab628db6" testListId="8c84fa94-04c1-424b-9868-57a2d4851a1d" />
    <TestEntry testId="bc98f73e-a16d-89ef-ab2d-addcb34ae305" executionId="0dff5a1b-8811-49b2-ad65-c8454000e014" testListId="8c84fa94-04c1-424b-9868-57a2d4851a1d" />
    <TestEntry testId="379fd54a-1b21-aef9-6145-fd662cdab177" executionId="92bac6fb-4d75-48c6-8110-121f17e4ea6e" testListId="8c84fa94-04c1-424b-9868-57a2d4851a1d" />
    <TestEntry testId="f422a710-3f59-8d20-084d-c79f4c95983b" executionId="31d466bf-c490-4ea7-8c7c-fda55712e719" testListId="8c84fa94-04c1-424b-9868-57a2d4851a1d" />
    <TestEntry testId="e7f22832-b693-3090-26c1-ccaed1b0b2c8" executionId="bba31e81-98d2-4a18-b9e2-3ce2ca966029" testListId="8c84fa94-04c1-424b-9868-57a2d4851a1d" />
    <TestEntry testId="f8184139-1c12-b04e-80b3-bec3c1919ef3" executionId="e3fbc1c2-e8d7-4253-8d08-50c3781f625f" testListId="8c84fa94-04c1-424b-9868-57a2d4851a1d" />
    <TestEntry testId="ddcce4a3-0da7-6501-d4b9-54f4d44191cd" executionId="58339b19-af5b-4e75-8e1d-58cdc3c4ebc8" testListId="8c84fa94-04c1-424b-9868-57a2d4851a1d" />
    <TestEntry testId="ec8f1c91-5b2e-1132-5d1f-077418241dd3" executionId="4fc0cd3d-6c04-45b9-9e42-f0a749b8187e" testListId="8c84fa94-04c1-424b-9868-57a2d4851a1d" />
    <TestEntry testId="fc7d3516-74c7-c7b9-d919-0923dd6d9a4f" executionId="ad887376-5bb5-48a7-82e1-fa87d28bf9b2" testListId="8c84fa94-04c1-424b-9868-57a2d4851a1d" />
    <TestEntry testId="18137e47-72d9-6728-f231-df0900864590" executionId="2ea5c70b-b4fe-4f66-af6c-d2bf64a8f7b1" testListId="8c84fa94-04c1-424b-9868-57a2d4851a1d" />
    <TestEntry testId="c424f462-676d-a698-cfb5-b470ad5df8a2" executionId="175f4930-a638-4490-8533-188aa274a8f6" testListId="8c84fa94-04c1-424b-9868-57a2d4851a1d" />
    <TestEntry testId="8ed93f51-6f2a-ebf9-5484-8380ca6e7da1" executionId="19909df5-f6ef-476d-91d6-93c6dbf82959" testListId="8c84fa94-04c1-424b-9868-57a2d4851a1d" />
    <TestEntry testId="bab6e7db-d3b5-00b0-ecc2-ef1df7ca928c" executionId="04796d43-b49e-4e3b-97bc-7de33df69f97" testListId="8c84fa94-04c1-424b-9868-57a2d4851a1d" />
    <TestEntry testId="95fe625e-c4d0-8594-0145-b7f40b95d498" executionId="1422eb04-a051-4d6a-a236-8ee44ff7e885" testListId="8c84fa94-04c1-424b-9868-57a2d4851a1d" />
    <TestEntry testId="b96039a4-6981-21d1-7112-c4fa3297fd14" executionId="8ab7d4bb-7915-4917-932b-f29eee6d3b57" testListId="8c84fa94-04c1-424b-9868-57a2d4851a1d" />
    <TestEntry testId="666bacf4-8d84-9e3a-26ef-06166ac7de98" executionId="01742c85-726a-4092-bfd7-6a588be9a1d7" testListId="8c84fa94-04c1-424b-9868-57a2d4851a1d" />
    <TestEntry testId="3c93808b-39f2-07ad-3cc2-ae3fdf568db8" executionId="db6bbc5a-0164-4258-83fc-c410a31f4f16" testListId="8c84fa94-04c1-424b-9868-57a2d4851a1d" />
    <TestEntry testId="f037c6da-43be-c8d6-54d6-5d5941b14ef2" executionId="ae961dcf-14fe-4b8c-8e9c-528a9c79efe2" testListId="8c84fa94-04c1-424b-9868-57a2d4851a1d" />
    <TestEntry testId="da1c2670-25b1-d1d4-7ff0-6221bfca7c2b" executionId="e50aa0d7-96de-45a5-9d61-d39a721ce589" testListId="8c84fa94-04c1-424b-9868-57a2d4851a1d" />
    <TestEntry testId="7234caf4-7275-48ba-f1c4-a683fee7532e" executionId="937aaac7-f8d2-45d6-9a1d-cc8f00e42c6c" testListId="8c84fa94-04c1-424b-9868-57a2d4851a1d" />
    <TestEntry testId="3aa813d4-540a-a75b-367e-f1c86dba4802" executionId="fdf8bc76-bbaa-4e42-b8b6-04e6f2e22751" testListId="8c84fa94-04c1-424b-9868-57a2d4851a1d" />
    <TestEntry testId="06c6a923-43a3-b374-d787-7f1da63bfd7a" executionId="3b9edf1c-ba52-4297-8efa-f7763594f876" testListId="8c84fa94-04c1-424b-9868-57a2d4851a1d" />
    <TestEntry testId="81f04e7b-df39-285a-dd8f-664a04bc33d0" executionId="eefc2d81-8cfe-4f98-8033-2707b7ef0d76" testListId="8c84fa94-04c1-424b-9868-57a2d4851a1d" />
    <TestEntry testId="6849fbeb-f3da-dc7f-1682-172b01400666" executionId="ee2acc71-79ee-45d6-a295-e0c024b56dc4" testListId="8c84fa94-04c1-424b-9868-57a2d4851a1d" />
    <TestEntry testId="111ce879-9560-5552-ee7c-474b4e1ba86d" executionId="a4f68297-8e64-41c7-adbf-e355da783a55" testListId="8c84fa94-04c1-424b-9868-57a2d4851a1d" />
    <TestEntry testId="08d43c7c-ae78-3a5c-bad0-31c912c28020" executionId="42a3677d-5bbf-4c67-af40-aababb35fb96" testListId="8c84fa94-04c1-424b-9868-57a2d4851a1d" />
    <TestEntry testId="4874e1cd-9fac-98fd-2bba-67e8ab29ee5f" executionId="a7ada70b-1a3b-412c-acf2-7b6289f019f8" testListId="8c84fa94-04c1-424b-9868-57a2d4851a1d" />
    <TestEntry testId="385f6155-e113-32ae-3ec9-c2baa4999364" executionId="0e62f3d6-3658-4df6-b87c-b64e47e0d2e7" testListId="8c84fa94-04c1-424b-9868-57a2d4851a1d" />
    <TestEntry testId="3b16717e-fb26-4700-3a96-c7ad7da0d4d0" executionId="5806101e-3263-4b4e-9d77-16ab8c89f0fd" testListId="8c84fa94-04c1-424b-9868-57a2d4851a1d" />
    <TestEntry testId="ebf78918-f269-56a4-7cf5-bb9c029cb292" executionId="6bdd78c5-de32-4b8f-8d8a-144e5d146c79" testListId="8c84fa94-04c1-424b-9868-57a2d4851a1d" />
    <TestEntry testId="07247473-990a-0e53-c45e-93d53f1a2f4e" executionId="ab9140e5-3250-4aab-8634-d4f09b88a413" testListId="8c84fa94-04c1-424b-9868-57a2d4851a1d" />
    <TestEntry testId="b5236439-3f16-5abd-46dc-4e2de8723a50" executionId="f0f3024c-8b93-4f17-8a49-da1998415595" testListId="8c84fa94-04c1-424b-9868-57a2d4851a1d" />
    <TestEntry testId="0467cc81-502f-a9ba-3726-2be92909bd6e" executionId="0525101c-b7c4-45be-b683-f68dd9e60e18" testListId="8c84fa94-04c1-424b-9868-57a2d4851a1d" />
    <TestEntry testId="ff5c3c6d-b1b2-8d27-7000-5f4df167b8e2" executionId="d9abc5d2-10ed-4362-987f-d07ed80a539d" testListId="8c84fa94-04c1-424b-9868-57a2d4851a1d" />
    <TestEntry testId="6ee13fc7-6a54-f90b-a9ee-93d56914973a" executionId="c045ce8b-2014-419a-9c1d-edaaa789efad" testListId="8c84fa94-04c1-424b-9868-57a2d4851a1d" />
    <TestEntry testId="6c43ba8e-7062-75a5-f0b0-16212a848b3c" executionId="91c6e430-6c49-47f2-b0fe-1eec8d147969" testListId="8c84fa94-04c1-424b-9868-57a2d4851a1d" />
    <TestEntry testId="f7f0c793-07b6-6ba0-7f92-e7b1e169f278" executionId="bee3c440-cc04-40da-9d5a-9954ca6c89e0" testListId="8c84fa94-04c1-424b-9868-57a2d4851a1d" />
    <TestEntry testId="2417f5b0-13f6-8170-cec4-cadb9d09f7b9" executionId="93e5a97f-f77b-4d20-a289-2270af30f8a2" testListId="8c84fa94-04c1-424b-9868-57a2d4851a1d" />
    <TestEntry testId="fbd349bf-27f3-ae3c-325b-ce60681a122f" executionId="e9754b58-86ce-461f-bee1-fb3ee78a1936" testListId="8c84fa94-04c1-424b-9868-57a2d4851a1d" />
    <TestEntry testId="42a281a6-8035-2553-1e35-44ccd94528f3" executionId="d8ad78b3-3127-4d7e-b1ed-8f12e208d4b6" testListId="8c84fa94-04c1-424b-9868-57a2d4851a1d" />
    <TestEntry testId="aab22ddf-1425-607a-8bb2-42849881993c" executionId="5d03f41d-1d80-4b52-b1da-8d4ae936f0cb" testListId="8c84fa94-04c1-424b-9868-57a2d4851a1d" />
    <TestEntry testId="8ed27135-ecac-b002-6c45-82b3b0e3baa4" executionId="bbd6f7ce-1336-4604-b9a8-37d7785c89a1" testListId="8c84fa94-04c1-424b-9868-57a2d4851a1d" />
    <TestEntry testId="623d7748-2f02-3a33-4fc4-32066e60112a" executionId="dcb827e1-9ddc-4790-bf10-db3c96e10ea8" testListId="8c84fa94-04c1-424b-9868-57a2d4851a1d" />
    <TestEntry testId="82fb793b-cd20-941e-2266-40afe0bd323f" executionId="6d43f629-2434-4d08-9582-e2cb662b1a5c" testListId="8c84fa94-04c1-424b-9868-57a2d4851a1d" />
    <TestEntry testId="d937f7bc-7021-2259-cd21-999c3de86a70" executionId="3e066b01-2b2c-4aad-a5b6-31a871920027" testListId="8c84fa94-04c1-424b-9868-57a2d4851a1d" />
    <TestEntry testId="617758c4-c827-b523-a768-92186f1e6874" executionId="76a9ef6c-8d13-47cc-b7f0-f7c6842f8c4f" testListId="8c84fa94-04c1-424b-9868-57a2d4851a1d" />
    <TestEntry testId="59ca3e24-16d8-04ee-4d23-0caa08563fe3" executionId="7ecd78d9-8551-4c57-9f56-f5ebb32b7fcb" testListId="8c84fa94-04c1-424b-9868-57a2d4851a1d" />
    <TestEntry testId="718c9428-ac0e-19a0-1ee3-5ea14551b7f4" executionId="d94ef6c7-102b-4cbc-93aa-b4ed03a99afd" testListId="8c84fa94-04c1-424b-9868-57a2d4851a1d" />
    <TestEntry testId="100af91d-4cf6-2d53-c83e-c428e9c0a611" executionId="713e8400-82e8-4d6d-86d2-0c28bacf7af6" testListId="8c84fa94-04c1-424b-9868-57a2d4851a1d" />
    <TestEntry testId="7d778cd7-1ef6-f667-0622-4e799ab508fb" executionId="17ec71e0-89b9-49fc-a79a-f0f06cca2d45" testListId="8c84fa94-04c1-424b-9868-57a2d4851a1d" />
    <TestEntry testId="a121f818-1883-283f-969d-3e6192aa5671" executionId="187f4302-5bd9-42d3-95e6-97f4a080dcc0" testListId="8c84fa94-04c1-424b-9868-57a2d4851a1d" />
    <TestEntry testId="290ca7ba-36a2-ec5f-490b-625dca6ef1f5" executionId="06c183b1-894a-4b30-8936-7f22a56f411d" testListId="8c84fa94-04c1-424b-9868-57a2d4851a1d" />
    <TestEntry testId="c42f388d-1f81-d7b4-9aa1-52051b227b1f" executionId="7872a965-c604-480a-bafc-bdda08f8a526" testListId="8c84fa94-04c1-424b-9868-57a2d4851a1d" />
    <TestEntry testId="e5a09852-d270-aebc-fccc-b0cf5124918b" executionId="bdacfc7d-f7d2-418e-a7b8-4e089eb2193c" testListId="8c84fa94-04c1-424b-9868-57a2d4851a1d" />
    <TestEntry testId="98663ed1-7ef3-5b17-24ef-faa56eb2fa94" executionId="252c0dbb-d219-45ec-b524-fad2c88aaab9" testListId="8c84fa94-04c1-424b-9868-57a2d4851a1d" />
    <TestEntry testId="35444403-625f-7c9e-3f2e-76418ce1a0a8" executionId="db9e2c50-85a8-4c6b-94f9-6f32ff3519c2" testListId="8c84fa94-04c1-424b-9868-57a2d4851a1d" />
    <TestEntry testId="1e738247-cc8c-747d-1941-65148a00024b" executionId="d9dda91e-95e3-4409-a39e-2f65a288440f" testListId="8c84fa94-04c1-424b-9868-57a2d4851a1d" />
    <TestEntry testId="a6ddb722-f2b8-463c-2f3c-ec6b14e9991f" executionId="b7343c76-c936-4d1e-8e1e-2e389b205eb4" testListId="8c84fa94-04c1-424b-9868-57a2d4851a1d" />
    <TestEntry testId="da9ced4f-5624-4ede-515c-acadf5d2f57b" executionId="4c049314-a8c7-4215-9cca-85f2f817e7ea" testListId="8c84fa94-04c1-424b-9868-57a2d4851a1d" />
    <TestEntry testId="74c9edfa-b200-9002-e4ac-0a3914b4903a" executionId="8818725d-ae97-4e6e-bfaf-c153c13c9986" testListId="8c84fa94-04c1-424b-9868-57a2d4851a1d" />
    <TestEntry testId="359ab6b7-4b90-2311-cdc3-036e122301c9" executionId="f6918449-a990-45bc-a78c-d2a9d839e323" testListId="8c84fa94-04c1-424b-9868-57a2d4851a1d" />
    <TestEntry testId="c29c7ea9-27c8-401a-eedb-9e64ac03f7a5" executionId="e0f04448-20f6-4bd2-9155-5cbe829982e9" testListId="8c84fa94-04c1-424b-9868-57a2d4851a1d" />
    <TestEntry testId="90b425b7-bab5-6318-fbcb-6f6b9a944cb0" executionId="91bf708b-b31a-4d68-bc49-b4f94eb3a2c3" testListId="8c84fa94-04c1-424b-9868-57a2d4851a1d" />
    <TestEntry testId="efd900b0-14cc-79b1-2147-1755d5e3b6f9" executionId="dee96ff1-7de3-41fe-bafd-962d5605c6a6" testListId="8c84fa94-04c1-424b-9868-57a2d4851a1d" />
    <TestEntry testId="ed34e1e5-7740-9667-56ff-751fb9030e59" executionId="ce26bb37-4e03-4912-bc7c-aa76f02ce61a" testListId="8c84fa94-04c1-424b-9868-57a2d4851a1d" />
    <TestEntry testId="31f7ae85-bca3-7716-f962-0f7e6ad28bf8" executionId="a2544103-31ba-488c-954e-da6191e7406e" testListId="8c84fa94-04c1-424b-9868-57a2d4851a1d" />
    <TestEntry testId="16257782-5257-988d-367a-40b782597b88" executionId="f08d0dcb-faae-4f75-ac83-df1a8754af71" testListId="8c84fa94-04c1-424b-9868-57a2d4851a1d" />
    <TestEntry testId="7659223d-4363-e0df-cef7-26d6bc4c843e" executionId="529e9219-44b5-4fd6-b304-ba4e55775c2e" testListId="8c84fa94-04c1-424b-9868-57a2d4851a1d" />
    <TestEntry testId="2cce2139-a928-e54e-dfa8-472814f9ed41" executionId="b15bf843-1573-45b1-816e-4794903f2db7" testListId="8c84fa94-04c1-424b-9868-57a2d4851a1d" />
    <TestEntry testId="af9a6a70-a56d-b8b3-52b6-51783b30086c" executionId="40441735-db8f-47a9-a329-830ae7a7792d" testListId="8c84fa94-04c1-424b-9868-57a2d4851a1d" />
    <TestEntry testId="20787225-8a4c-b426-7b17-4ad201928a45" executionId="cca8da1a-b895-4fd0-bcc7-880d950d4d27" testListId="8c84fa94-04c1-424b-9868-57a2d4851a1d" />
    <TestEntry testId="856c7a86-dd3f-f5ff-6d0d-a76afbd4c96c" executionId="1f96dfe5-752d-43d2-a051-310126db93b6" testListId="8c84fa94-04c1-424b-9868-57a2d4851a1d" />
    <TestEntry testId="a6e17f26-ed17-7d03-4d2c-c649924ff92c" executionId="14ee2c11-e82a-420b-9f2b-453cf8eaccb7" testListId="8c84fa94-04c1-424b-9868-57a2d4851a1d" />
    <TestEntry testId="6c29c82d-eecd-7320-8bb5-261b8f79de88" executionId="ff2d6c71-37bd-4b60-9efd-164335ce89ff" testListId="8c84fa94-04c1-424b-9868-57a2d4851a1d" />
    <TestEntry testId="a9f18919-bac1-92c7-5158-ff38bb8a6d7c" executionId="cbd2b925-c7bd-491c-8449-a65f4239fe74" testListId="8c84fa94-04c1-424b-9868-57a2d4851a1d" />
    <TestEntry testId="32dba040-2e74-45f4-cbe2-e14a9b7cbda6" executionId="fc6ea123-800f-4de6-bb2f-a339562aa6a8" testListId="8c84fa94-04c1-424b-9868-57a2d4851a1d" />
    <TestEntry testId="ed6e2479-55d2-023e-f805-45ac6fc29284" executionId="63fe3afb-e0fa-4e44-9a79-70aad7720457" testListId="8c84fa94-04c1-424b-9868-57a2d4851a1d" />
    <TestEntry testId="780be1ca-3490-8fb8-460e-bb657689c3d2" executionId="8f5af7ff-88ba-4295-ab01-ade577d666fa" testListId="8c84fa94-04c1-424b-9868-57a2d4851a1d" />
    <TestEntry testId="b80958d6-433e-4217-45bf-1ffcbcdd8fbe" executionId="a07b4b9f-0bbe-43a9-9dd9-eda5b7ec3fae" testListId="8c84fa94-04c1-424b-9868-57a2d4851a1d" />
    <TestEntry testId="51ec70a7-1a7e-78d2-14d1-a9fad83d8b28" executionId="cbe74064-7209-4f69-9b1c-e6779e9cafcf" testListId="8c84fa94-04c1-424b-9868-57a2d4851a1d" />
    <TestEntry testId="b9c89e30-6fd2-a3d3-69eb-b4e30b60d4ac" executionId="6bed9652-55d8-4fea-ab23-9041b91b61e4" testListId="8c84fa94-04c1-424b-9868-57a2d4851a1d" />
    <TestEntry testId="3de6f6a7-6528-3300-7137-3a17e4b588a3" executionId="7eabd5b9-5c61-4a03-b54a-9033d1f48cbc" testListId="8c84fa94-04c1-424b-9868-57a2d4851a1d" />
    <TestEntry testId="0dac2d04-ed2e-7930-5e5e-101874a60dc2" executionId="bf6a46ea-3a89-4baf-a884-f1608c5dffa7" testListId="8c84fa94-04c1-424b-9868-57a2d4851a1d" />
    <TestEntry testId="e3a89db5-0171-ee98-c312-d5be192108ee" executionId="fb406e18-0013-490b-bd78-621aa21e3c19" testListId="8c84fa94-04c1-424b-9868-57a2d4851a1d" />
    <TestEntry testId="4073a55d-1d87-ebb4-09bc-9f2b5007e123" executionId="e8777156-3a2d-4624-8335-f0efa0a2c51b" testListId="8c84fa94-04c1-424b-9868-57a2d4851a1d" />
    <TestEntry testId="a26fe9a2-1662-21cd-c101-0d323cdde5f6" executionId="971f3617-703f-4447-9f75-1757e4f4f72d" testListId="8c84fa94-04c1-424b-9868-57a2d4851a1d" />
    <TestEntry testId="86d1f693-fa0f-3dbc-0a6d-0115d86af0f4" executionId="39190567-e68c-4947-83d0-5488c9b90b0a" testListId="8c84fa94-04c1-424b-9868-57a2d4851a1d" />
    <TestEntry testId="39356177-db4d-84cf-ec68-f3ed715f52a6" executionId="5a3c6fe9-82a6-40e1-be28-d465e223c025" testListId="8c84fa94-04c1-424b-9868-57a2d4851a1d" />
    <TestEntry testId="efd6972d-39d7-d3b5-7fa7-400feba0ce39" executionId="aed2fc52-98c6-4f37-9172-75d569ab5dd1" testListId="8c84fa94-04c1-424b-9868-57a2d4851a1d" />
    <TestEntry testId="26d18a05-2fee-f690-65f1-d9ce9efd60a0" executionId="7b03cc05-de52-4b6d-ad2b-1236b3ad5de0" testListId="8c84fa94-04c1-424b-9868-57a2d4851a1d" />
    <TestEntry testId="1f52bbb2-cae0-2a6f-da88-5038936baa37" executionId="4fa4cfb8-93e9-4c59-a674-d71f282e01a0" testListId="8c84fa94-04c1-424b-9868-57a2d4851a1d" />
    <TestEntry testId="bac0d10d-dd0f-fbc1-5051-e452a96c56fa" executionId="f22905a7-e456-49b8-b7eb-fe85e899cb62" testListId="8c84fa94-04c1-424b-9868-57a2d4851a1d" />
    <TestEntry testId="5e1045f0-86ca-7e46-85ce-cda2ab1a87c8" executionId="fa1a6dd5-8c5e-456e-9ac9-2b0b509c6c4b" testListId="8c84fa94-04c1-424b-9868-57a2d4851a1d" />
    <TestEntry testId="8a124ebd-8e00-2cbf-fd72-5251a0c9fbd9" executionId="d79e14be-f40d-4463-9b7d-f2e1cd8313c5" testListId="8c84fa94-04c1-424b-9868-57a2d4851a1d" />
    <TestEntry testId="39e4ebda-0e92-0594-9c2d-55369ee43f39" executionId="6c89bb47-c7cf-4157-904a-992a8b45992c" testListId="8c84fa94-04c1-424b-9868-57a2d4851a1d" />
    <TestEntry testId="3b9d7ee6-3bd3-1fb0-5811-09541c86a0f7" executionId="31fb26fe-f210-4ace-b28e-1033cd9f0155" testListId="8c84fa94-04c1-424b-9868-57a2d4851a1d" />
    <TestEntry testId="28326057-eeba-06d6-a872-77bdb8535430" executionId="a08fc733-677e-4b8e-a3a8-7edda1a358bb" testListId="8c84fa94-04c1-424b-9868-57a2d4851a1d" />
  </TestEntries>
  <TestLists>
    <TestList name="列表中未列出的结果" id="8c84fa94-04c1-424b-9868-57a2d4851a1d" />
    <TestList name="所有已加载的结果" id="19431567-8539-422a-85d7-44ee4e166bda" />
  </TestLists>
  <ResultSummary outcome="Failed">
    <Counters total="701" executed="701" passed="700" failed="1" error="0" timeout="0" aborted="0" inconclusive="0" passedButRunAborted="0" notRunnable="0" notExecuted="0" disconnected="0" warning="0" completed="0" inProgress="0" pending="0" />
    <Output>
      <StdOut>NUnit Adapter 4.6.0.0: Test execution started&#xD;
Running all tests in E:\CodeSpace\LayerBase\LayerBase.Test\bin\Debug\net9.0\LayerBase.Test.dll&#xD;
   NUnit3TestExecutor discovered 701 of 701 NUnit test cases using Current Discovery mode, Non-Explicit run&#xD;
&gt;&gt;&gt; [Test] Starting Direct Cycle Test...&#xD;
[Diagnostic] DirectCycleManager deps count: 1&#xD;
  - Event_A -&gt; Event_A&#xD;
[SUCCESS] Caught Expected Exception:&#xD;
Synchronous event cycle detected!&#xD;
Scope 0&#xD;
To ensure performance, synchronous dispatch of events that may cause a loop is prohibited.&#xD;
Cycle path: Event_A -&gt; Event_A&#xD;
Solution: Change any [Send] in the loop to [Post] (asynchronous dispatch) to break the synchronous call stack.&#xD;
&#xD;
&gt;&gt;&gt; [Test] Starting Indirect Cycle Test...&#xD;
[Diagnostic] IndirectManagerA deps count: 1&#xD;
  - Event_A -&gt; Event_B&#xD;
[Diagnostic] IndirectManagerB deps count: 1&#xD;
  - Event_B -&gt; Event_A&#xD;
[SUCCESS] Caught Expected Exception:&#xD;
Synchronous event cycle detected!&#xD;
Scope 0&#xD;
To ensure performance, synchronous dispatch of events that may cause a loop is prohibited.&#xD;
Cycle path: Event_A -&gt; Event_B -&gt; Event_A&#xD;
Solution: Change any [Send] in the loop to [Post] (asynchronous dispatch) to break the synchronous call stack.&#xD;
&#xD;
Captured Build-Time Dead Letter Log: This event is dispatched synchronously but has no subscribers in current topology.&#xD;
&#xD;
Captured Topology Log:&#xD;
LayerBase Topology Audit Report&#xD;
------------------------------------------------&#xD;
Layer 0: TestDiagLayer [Passive]&#xD;
  -&gt; [M] TestDiagManager&#xD;
       |-- Subscribed: SomeEvent&#xD;
------------------------------------------------&#xD;
&#xD;
&#xD;
&#xD;
--- Scene A: All 64 Layers Idle ---&#xD;
[All Idle] 1000000 iterations, Total: 315ms, Avg: 315.43ns/pump&#xD;
&#xD;
--- Scene B: Only Last Layer (Index 63) Active ---&#xD;
[1 Layer Active (Tail)] 1000000 iterations, Total: 321ms, Avg: 321.55ns/pump&#xD;
&#xD;
&#xD;
[内存密集??集中分发] TPS: 20,139,121&#xD;
[内存碎片??跨桶分发] TPS: 21,238,547&#xD;
&#xD;
Runtime_index_allocator_rejects_invalid_negative_return_in_debug: DEBUG allocator guards are configuration-dependent; covered by implementation review.&#xD;
NUnit Adapter 4.6.0.0: Test execution complete&#xD;
</StdOut>
    </Output>
  </ResultSummary>
</TestRun>