<?xml version="1.0" encoding="utf-8"?>
<TestRun id="a62b5269-9733-4ade-b727-8d4cf3f14408" name="12141@MC1214113371 2026-05-14 11:31:22" runUser="MC1214113371\12141" xmlns="http://microsoft.com/schemas/VisualStudio/TeamTest/2010">
  <Times creation="2026-05-14T11:31:22.7955808+08:00" queuing="2026-05-14T11:31:22.7955811+08:00" start="2026-05-14T11:31:21.9365433+08:00" finish="2026-05-14T11:31:30.2406251+08:00" />
  <TestSettings name="default" id="48c9ee55-a26f-4bc9-8745-0846ae7f4c6e">
    <Deployment runDeploymentRoot="12141_MC1214113371_2026-05-14_11_31_22" />
  </TestSettings>
  <Results>
    <UnitTestResult executionId="62665cf8-bcf5-46db-a9aa-42c8baff20f7" testId="fa3b2524-4235-3736-d5c3-be8aa21bd1c5" testName="TestMergeFailurePolicy_Reject" computerName="MC1214113371" duration="00:00:00.0003370" startTime="2026-05-14T11:31:30.1601570+08:00" endTime="2026-05-14T11:31:30.1604944+08:00" testType="13cdc9d9-ddb5-4fa4-a97d-d965ccfc6d4b" outcome="Passed" testListId="8c84fa94-04c1-424b-9868-57a2d4851a1d" relativeResultsDirectory="62665cf8-bcf5-46db-a9aa-42c8baff20f7" />
    <UnitTestResult executionId="84e8d871-0a7e-408e-b5f6-ea99a5e098b9" testId="8fbdc0f1-85b9-797e-b762-f3a7ceeb30af" testName="Invalid_actor_behaviour_declarations_report_expected_diagnostic(&quot;LBACTOR007&quot;,&quot;using LayerBase.Actor;\n\npublic sealed class DamageEvent { }\n\npublic sealed partial class EnemyActor : IActor\n{\n    [ActorBehaviour]\n    private void OnDamage(in DamageEvent e)\n    {\n    }\n}&quot;)" computerName="MC1214113371" duration="00:00:00.0755150" startTime="2026-05-14T11:31:28.9729723+08:00" endTime="2026-05-14T11:31:29.0484870+08:00" testType="13cdc9d9-ddb5-4fa4-a97d-d965ccfc6d4b" outcome="Passed" testListId="8c84fa94-04c1-424b-9868-57a2d4851a1d" relativeResultsDirectory="84e8d871-0a7e-408e-b5f6-ea99a5e098b9" />
    <UnitTestResult executionId="42da0ee9-6c18-4e87-b9a9-45f3d07c431b" testId="c29c7ea9-27c8-401a-eedb-9e64ac03f7a5" testName="Build_Should_Throw_When_Direct_Cycle_Detected" computerName="MC1214113371" duration="00:00:00.0057940" startTime="2026-05-14T11:31:23.5475062+08:00" endTime="2026-05-14T11:31:23.5533001+08:00" testType="13cdc9d9-ddb5-4fa4-a97d-d965ccfc6d4b" outcome="Passed" testListId="8c84fa94-04c1-424b-9868-57a2d4851a1d" relativeResultsDirectory="42da0ee9-6c18-4e87-b9a9-45f3d07c431b" />
    <UnitTestResult executionId="0f0f1c3b-3b95-42cb-9fc6-9da8337ff448" testId="51ec70a7-1a7e-78d2-14d1-a9fad83d8b28" testName="Debug_dump_and_query_dump_include_actor_information" computerName="MC1214113371" duration="00:00:00.0091489" startTime="2026-05-14T11:31:29.6581910+08:00" endTime="2026-05-14T11:31:29.6673398+08:00" testType="13cdc9d9-ddb5-4fa4-a97d-d965ccfc6d4b" outcome="Passed" testListId="8c84fa94-04c1-424b-9868-57a2d4851a1d" relativeResultsDirectory="0f0f1c3b-3b95-42cb-9fc6-9da8337ff448" />
    <UnitTestResult executionId="759e7576-edb5-4a32-97fa-e6f5aac7759b" testId="e106c3aa-e43c-7929-7d2e-f898916178f4" testName="EventCount_Budget_Limits_Processing" computerName="MC1214113371" duration="00:00:00.0009090" startTime="2026-05-14T11:31:26.7834099+08:00" endTime="2026-05-14T11:31:26.7843192+08:00" testType="13cdc9d9-ddb5-4fa4-a97d-d965ccfc6d4b" outcome="Passed" testListId="8c84fa94-04c1-424b-9868-57a2d4851a1d" relativeResultsDirectory="759e7576-edb5-4a32-97fa-e6f5aac7759b" />
    <UnitTestResult executionId="f6c411e8-03c0-4ee7-8513-95970befb525" testId="de8af68c-3fad-0693-891b-0d4efc1906c0" testName="QueryActor_two_events_matches_only_actors_supporting_both" computerName="MC1214113371" duration="00:00:00.0003240" startTime="2026-05-14T11:31:29.7158509+08:00" endTime="2026-05-14T11:31:29.7161752+08:00" testType="13cdc9d9-ddb5-4fa4-a97d-d965ccfc6d4b" outcome="Passed" testListId="8c84fa94-04c1-424b-9868-57a2d4851a1d" relativeResultsDirectory="f6c411e8-03c0-4ee7-8513-95970befb525" />
    <UnitTestResult executionId="c1682c67-c0a3-4a1c-a7f1-8f0324f32147" testId="8cf86969-9e40-7613-4c7a-ce51fbe6baec" testName="RefreshIfNeeded_rebuilds_stale_query_results_after_new_archetype_creation" computerName="MC1214113371" duration="00:00:00.0003550" startTime="2026-05-14T11:31:29.7164667+08:00" endTime="2026-05-14T11:31:29.7168217+08:00" testType="13cdc9d9-ddb5-4fa4-a97d-d965ccfc6d4b" outcome="Passed" testListId="8c84fa94-04c1-424b-9868-57a2d4851a1d" relativeResultsDirectory="c1682c67-c0a3-4a1c-a7f1-8f0324f32147" />
    <UnitTestResult executionId="782ba1c7-54f0-4f04-b774-c961b1b6c453" testId="9daa8b99-ac26-20a0-ec9e-a7f87832a5e3" testName="Ordered_handlers_keep_registration_order_when_sync_and_async_are_mixed" computerName="MC1214113371" duration="00:00:00.0040190" startTime="2026-05-14T11:31:23.7183124+08:00" endTime="2026-05-14T11:31:23.7223313+08:00" testType="13cdc9d9-ddb5-4fa4-a97d-d965ccfc6d4b" outcome="Passed" testListId="8c84fa94-04c1-424b-9868-57a2d4851a1d" relativeResultsDirectory="782ba1c7-54f0-4f04-b774-c961b1b6c453" />
    <UnitTestResult executionId="9eaa47a0-066e-449f-b133-c58ce8ad80cd" testId="31f8a64d-9675-3e49-10d0-2096c977e7d4" testName="Dispose_cancels_pending_delay_ask" computerName="MC1214113371" duration="00:00:00.0004350" startTime="2026-05-14T11:31:27.4703857+08:00" endTime="2026-05-14T11:31:27.4708211+08:00" testType="13cdc9d9-ddb5-4fa4-a97d-d965ccfc6d4b" outcome="Passed" testListId="8c84fa94-04c1-424b-9868-57a2d4851a1d" relativeResultsDirectory="9eaa47a0-066e-449f-b133-c58ce8ad80cd" />
    <UnitTestResult executionId="59b8d3a3-dc36-410d-aa07-4d652b49cd2b" testId="9495cd8b-ade1-bca7-88a5-c38ef166c88c" testName="CreateEntity2_WithProjectedActor_Should_Mark_Meta" computerName="MC1214113371" duration="00:00:00.0014370" startTime="2026-05-14T11:31:30.0859055+08:00" endTime="2026-05-14T11:31:30.0873423+08:00" testType="13cdc9d9-ddb5-4fa4-a97d-d965ccfc6d4b" outcome="Passed" testListId="8c84fa94-04c1-424b-9868-57a2d4851a1d" relativeResultsDirectory="59b8d3a3-dc36-410d-aa07-4d652b49cd2b" />
    <UnitTestResult executionId="d50e7593-c194-47e6-a4cb-75ebf12436ea" testId="2417f578-2034-a511-abba-871b92ad36ba" testName="Latest_multiple_posts_only_process_last_value" computerName="MC1214113371" duration="00:00:00.0003300" startTime="2026-05-14T11:31:29.6872757+08:00" endTime="2026-05-14T11:31:29.6876056+08:00" testType="13cdc9d9-ddb5-4fa4-a97d-d965ccfc6d4b" outcome="Failed" testListId="8c84fa94-04c1-424b-9868-57a2d4851a1d" relativeResultsDirectory="d50e7593-c194-47e6-a4cb-75ebf12436ea">
      <Output>
        <ErrorInfo>
          <Message>  Assert.That(ActorMailPolicyTrace.Values, Is.EqualTo(new[] { 3 }))&#xD;
  Expected is &lt;System.Int32[1]&gt;, actual is &lt;System.Collections.Generic.List`1[System.Int32]&gt; with 3 elements&#xD;
  Values differ at index [0]&#xD;
  Expected: 3&#xD;
  But was:  1&#xD;
</Message>
          <StackTrace>   at LayerBase.Test.ActorMailPolicyTests.Latest_multiple_posts_only_process_last_value() in D:\RiderProject\Events\LayerBase.Test\ActorMailPolicyTests.cs:line 68&#xD;

1)    at LayerBase.Test.ActorMailPolicyTests.Latest_multiple_posts_only_process_last_value() in D:\RiderProject\Events\LayerBase.Test\ActorMailPolicyTests.cs:line 68&#xD;

</StackTrace>
        </ErrorInfo>
      </Output>
    </UnitTestResult>
    <UnitTestResult executionId="a220d0f1-a1a0-4af5-b667-6302fae32276" testId="acb6b39d-f9b5-049e-11c1-4494fa99cc2a" testName="Test_True_Data_Coalescing" computerName="MC1214113371" duration="00:00:00.0074030" startTime="2026-05-14T11:31:29.7510397+08:00" endTime="2026-05-14T11:31:29.7584426+08:00" testType="13cdc9d9-ddb5-4fa4-a97d-d965ccfc6d4b" outcome="Passed" testListId="8c84fa94-04c1-424b-9868-57a2d4851a1d" relativeResultsDirectory="a220d0f1-a1a0-4af5-b667-6302fae32276" />
    <UnitTestResult executionId="b93f79c5-f0ab-416a-8de4-2804372e7419" testId="0a638363-4703-3356-f313-cb61b08073e9" testName="Service_initialize_can_publish_delay_after_runtime_managers_are_ready" computerName="MC1214113371" duration="00:00:00.0014090" startTime="2026-05-14T11:31:26.8850041+08:00" endTime="2026-05-14T11:31:26.8864126+08:00" testType="13cdc9d9-ddb5-4fa4-a97d-d965ccfc6d4b" outcome="Passed" testListId="8c84fa94-04c1-424b-9868-57a2d4851a1d" relativeResultsDirectory="b93f79c5-f0ab-416a-8de4-2804372e7419" />
    <UnitTestResult executionId="39eb5d7d-9a1c-4e66-b0a5-f7765ccc3fd1" testId="39e4ebda-0e92-0594-9c2d-55369ee43f39" testName="Delay_observes_cancellation_after_scheduling" computerName="MC1214113371" duration="00:00:00.0022230" startTime="2026-05-14T11:31:24.7736276+08:00" endTime="2026-05-14T11:31:24.7758501+08:00" testType="13cdc9d9-ddb5-4fa4-a97d-d965ccfc6d4b" outcome="Passed" testListId="8c84fa94-04c1-424b-9868-57a2d4851a1d" relativeResultsDirectory="39eb5d7d-9a1c-4e66-b0a5-f7765ccc3fd1" />
    <UnitTestResult executionId="21843b48-d81b-435e-87c1-3093c77ead10" testId="d4ab87e7-f771-7f33-c2cc-d24bdbecf72b" testName="Ask_waits_for_pump_then_completes" computerName="MC1214113371" duration="00:00:00.0006950" startTime="2026-05-14T11:31:27.4647600+08:00" endTime="2026-05-14T11:31:27.4654550+08:00" testType="13cdc9d9-ddb5-4fa4-a97d-d965ccfc6d4b" outcome="Failed" testListId="8c84fa94-04c1-424b-9868-57a2d4851a1d" relativeResultsDirectory="21843b48-d81b-435e-87c1-3093c77ead10">
      <Output>
        <ErrorInfo>
          <Message>  Assert.That(awaiter.IsCompleted, Is.True)&#xD;
  Expected: True&#xD;
  But was:  False&#xD;
</Message>
          <StackTrace>   at LayerBase.Test.ActorCallRuntimeTests.Ask_waits_for_pump_then_completes() in D:\RiderProject\Events\LayerBase.Test\ActorCallRuntimeTests.cs:line 115&#xD;

1)    at LayerBase.Test.ActorCallRuntimeTests.Ask_waits_for_pump_then_completes() in D:\RiderProject\Events\LayerBase.Test\ActorCallRuntimeTests.cs:line 115&#xD;

</StackTrace>
        </ErrorInfo>
      </Output>
    </UnitTestResult>
    <UnitTestResult executionId="eb732406-14f9-43d1-a248-cb6ebfe49384" testId="1807191d-d2dd-d0da-455a-d3c78585534b" testName="Entity_SetDeclaredComponent_ShouldSucceed" computerName="MC1214113371" duration="00:00:00.0007770" startTime="2026-05-14T11:31:30.1780057+08:00" endTime="2026-05-14T11:31:30.1787829+08:00" testType="13cdc9d9-ddb5-4fa4-a97d-d965ccfc6d4b" outcome="Passed" testListId="8c84fa94-04c1-424b-9868-57a2d4851a1d" relativeResultsDirectory="eb732406-14f9-43d1-a248-cb6ebfe49384" />
    <UnitTestResult executionId="f1545fe6-9731-42b1-83bc-9e74d57c98c2" testId="bec35122-d1b0-62a6-8226-15c22480e2a4" testName="ParallelHandlers_Should_Run_Concurrently_And_Not_Block_MainThread" computerName="MC1214113371" duration="00:00:01.5681200" startTime="2026-05-14T11:31:25.0384902+08:00" endTime="2026-05-14T11:31:26.6066103+08:00" testType="13cdc9d9-ddb5-4fa4-a97d-d965ccfc6d4b" outcome="Passed" testListId="8c84fa94-04c1-424b-9868-57a2d4851a1d" relativeResultsDirectory="f1545fe6-9731-42b1-83bc-9e74d57c98c2" />
    <UnitTestResult executionId="4d49b8e1-b28a-4dd0-aa91-b0fda3eaa25a" testId="e0c32d5c-4398-a856-5ce9-42a1b337537d" testName="Disabled_accept_policy_allows_posts_while_actor_is_disabled" computerName="MC1214113371" duration="00:00:00.0003980" startTime="2026-05-14T11:31:29.6844727+08:00" endTime="2026-05-14T11:31:29.6848708+08:00" testType="13cdc9d9-ddb5-4fa4-a97d-d965ccfc6d4b" outcome="Passed" testListId="8c84fa94-04c1-424b-9868-57a2d4851a1d" relativeResultsDirectory="4d49b8e1-b28a-4dd0-aa91-b0fda3eaa25a" />
    <UnitTestResult executionId="ed7312b6-1269-4858-ac6d-6e365817b31f" testId="593d36f5-9fe4-aafb-9464-ba0fdc29839b" testName="Destroy_requested_during_update_skips_late_update_in_same_frame" computerName="MC1214113371" duration="00:00:00.0006390" startTime="2026-05-14T11:31:29.6773403+08:00" endTime="2026-05-14T11:31:29.6779795+08:00" testType="13cdc9d9-ddb5-4fa4-a97d-d965ccfc6d4b" outcome="Passed" testListId="8c84fa94-04c1-424b-9868-57a2d4851a1d" relativeResultsDirectory="ed7312b6-1269-4858-ac6d-6e365817b31f" />
    <UnitTestResult executionId="6c288769-3318-4c1b-8fe2-841f8d8869fd" testId="7c6bce8d-22b2-0f95-310b-7e1bf4d5cfe2" testName="Scoped_IsNotShared_Between_Layers_In_Same_Runtime" computerName="MC1214113371" duration="00:00:00.0004690" startTime="2026-05-14T11:31:23.5839914+08:00" endTime="2026-05-14T11:31:23.5844602+08:00" testType="13cdc9d9-ddb5-4fa4-a97d-d965ccfc6d4b" outcome="Passed" testListId="8c84fa94-04c1-424b-9868-57a2d4851a1d" relativeResultsDirectory="6c288769-3318-4c1b-8fe2-841f8d8869fd" />
    <UnitTestResult executionId="92cf44e0-af92-4d71-b2dd-c0cf91a5757e" testId="c67dadff-cf33-979c-ef31-0f759104b0e3" testName="QueryCache_is_invalidated_when_new_matching_archetype_is_created" computerName="MC1214113371" duration="00:00:00.0002720" startTime="2026-05-14T11:31:29.7161859+08:00" endTime="2026-05-14T11:31:29.7164575+08:00" testType="13cdc9d9-ddb5-4fa4-a97d-d965ccfc6d4b" outcome="Passed" testListId="8c84fa94-04c1-424b-9868-57a2d4851a1d" relativeResultsDirectory="92cf44e0-af92-4d71-b2dd-c0cf91a5757e" />
    <UnitTestResult executionId="c259e0aa-66cd-42aa-a08e-40f07d79b1ae" testId="1398b866-aa2f-79f7-08a7-a2e1c746d687" testName="Mark_should_not_add_duplicate_bucket" computerName="MC1214113371" duration="00:00:00.0002790" startTime="2026-05-14T11:31:30.0425290+08:00" endTime="2026-05-14T11:31:30.0428081+08:00" testType="13cdc9d9-ddb5-4fa4-a97d-d965ccfc6d4b" outcome="Passed" testListId="8c84fa94-04c1-424b-9868-57a2d4851a1d" relativeResultsDirectory="c259e0aa-66cd-42aa-a08e-40f07d79b1ae" />
    <UnitTestResult executionId="ee81863e-f071-4ecd-9122-12a8036444e9" testId="8a49a66f-b9cc-0eba-ed8a-3110e5b7ef18" testName="Singleton_is_runtime_bound_and_layer_only_api_fails_clearly" computerName="MC1214113371" duration="00:00:00.0008670" startTime="2026-05-14T11:31:27.4290924+08:00" endTime="2026-05-14T11:31:27.4299591+08:00" testType="13cdc9d9-ddb5-4fa4-a97d-d965ccfc6d4b" outcome="Passed" testListId="8c84fa94-04c1-424b-9868-57a2d4851a1d" relativeResultsDirectory="ee81863e-f071-4ecd-9122-12a8036444e9" />
    <UnitTestResult executionId="993278eb-95eb-4488-972f-8b007e631ffd" testId="fad68fae-46c5-b399-6cf6-7215f77fac21" testName="TestCompletionQueueExceptionPolicy" computerName="MC1214113371" duration="00:00:00.0005940" startTime="2026-05-14T11:31:30.1487039+08:00" endTime="2026-05-14T11:31:30.1492974+08:00" testType="13cdc9d9-ddb5-4fa4-a97d-d965ccfc6d4b" outcome="Passed" testListId="8c84fa94-04c1-424b-9868-57a2d4851a1d" relativeResultsDirectory="993278eb-95eb-4488-972f-8b007e631ffd" />
    <UnitTestResult executionId="efeea253-5a95-44da-9303-7428266f8912" testId="c2eec7bf-8832-e0ba-1dc9-756e2abbb0c4" testName="Missing_publisher_fails_build" computerName="MC1214113371" duration="00:00:00.0007249" startTime="2026-05-14T11:31:27.4123349+08:00" endTime="2026-05-14T11:31:27.4130598+08:00" testType="13cdc9d9-ddb5-4fa4-a97d-d965ccfc6d4b" outcome="Passed" testListId="8c84fa94-04c1-424b-9868-57a2d4851a1d" relativeResultsDirectory="efeea253-5a95-44da-9303-7428266f8912" />
    <UnitTestResult executionId="a9ae8fc0-d4f2-4785-935b-ba5a2ae85cde" testId="00516ecb-97b4-b769-7e2a-8fb8d1041386" testName="Generated_actor_code_compiles_without_errors" computerName="MC1214113371" duration="00:00:00.0913240" startTime="2026-05-14T11:31:28.3363138+08:00" endTime="2026-05-14T11:31:28.4276374+08:00" testType="13cdc9d9-ddb5-4fa4-a97d-d965ccfc6d4b" outcome="Passed" testListId="8c84fa94-04c1-424b-9868-57a2d4851a1d" relativeResultsDirectory="a9ae8fc0-d4f2-4785-935b-ba5a2ae85cde" />
    <UnitTestResult executionId="581a8a3b-1f0b-4206-9b78-5d5b53bafc99" testId="a83534f7-edb1-3a0e-4462-59d6a580ccfd" testName="Dirty_multiple_posts_only_trigger_once" computerName="MC1214113371" duration="00:00:00.0032380" startTime="2026-05-14T11:31:29.6812211+08:00" endTime="2026-05-14T11:31:29.6844587+08:00" testType="13cdc9d9-ddb5-4fa4-a97d-d965ccfc6d4b" outcome="Failed" testListId="8c84fa94-04c1-424b-9868-57a2d4851a1d" relativeResultsDirectory="581a8a3b-1f0b-4206-9b78-5d5b53bafc99">
      <Output>
        <ErrorInfo>
          <Message>  Assert.That(ActorMailPolicyTrace.Values, Has.Count.EqualTo(1))&#xD;
  Expected: property Count equal to 1&#xD;
  But was:  3&#xD;
</Message>
          <StackTrace>   at LayerBase.Test.ActorMailPolicyTests.Dirty_multiple_posts_only_trigger_once() in D:\RiderProject\Events\LayerBase.Test\ActorMailPolicyTests.cs:line 90&#xD;

1)    at LayerBase.Test.ActorMailPolicyTests.Dirty_multiple_posts_only_trigger_once() in D:\RiderProject\Events\LayerBase.Test\ActorMailPolicyTests.cs:line 90&#xD;

</StackTrace>
        </ErrorInfo>
      </Output>
    </UnitTestResult>
    <UnitTestResult executionId="d8c393dd-380f-4bbc-ac4b-303930d48b68" testId="49424b22-0546-b087-b0be-4ac91f7f05bf" testName="Mail_pump_fairness_limits_single_actor_per_frame" computerName="MC1214113371" duration="00:00:00.0022080" startTime="2026-05-14T11:31:29.6699325+08:00" endTime="2026-05-14T11:31:29.6721409+08:00" testType="13cdc9d9-ddb5-4fa4-a97d-d965ccfc6d4b" outcome="Failed" testListId="8c84fa94-04c1-424b-9868-57a2d4851a1d" relativeResultsDirectory="d8c393dd-380f-4bbc-ac4b-303930d48b68">
      <Output>
        <ErrorInfo>
          <Message>  Assert.That(ActorHardeningTrace.Entries, Does.Not.Contain("event:2"))&#xD;
  Expected: not some item equal to "event:2"&#xD;
  But was:  &lt; "event:1", "event:2", "event:10", "event:11", "update:0", "update:0" &gt;&#xD;
</Message>
          <StackTrace>   at LayerBase.Test.ActorHardeningTests.Mail_pump_fairness_limits_single_actor_per_frame() in D:\RiderProject\Events\LayerBase.Test\ActorHardeningTests.cs:line 258&#xD;

1)    at LayerBase.Test.ActorHardeningTests.Mail_pump_fairness_limits_single_actor_per_frame() in D:\RiderProject\Events\LayerBase.Test\ActorHardeningTests.cs:line 258&#xD;

</StackTrace>
        </ErrorInfo>
      </Output>
    </UnitTestResult>
    <UnitTestResult executionId="b1e478b8-597c-4ee0-ab2d-26942aecfe25" testId="617758c4-c827-b523-a768-92186f1e6874" testName="PostScheduler_Dispose_releases_payloads_left_in_normal_queues" computerName="MC1214113371" duration="00:00:00.0061820" startTime="2026-05-14T11:31:26.8774742+08:00" endTime="2026-05-14T11:31:26.8836563+08:00" testType="13cdc9d9-ddb5-4fa4-a97d-d965ccfc6d4b" outcome="Passed" testListId="8c84fa94-04c1-424b-9868-57a2d4851a1d" relativeResultsDirectory="b1e478b8-597c-4ee0-ab2d-26942aecfe25" />
    <UnitTestResult executionId="41aea833-a2a2-4416-bf80-6f5d6c7a0b82" testId="3a5ea050-ed72-bb0f-0ed4-78482d7542f3" testName="Projection_post_creates_actor_updates_components_and_batches_mail" computerName="MC1214113371" duration="00:00:00.0018090" startTime="2026-05-14T11:31:30.0936048+08:00" endTime="2026-05-14T11:31:30.0954134+08:00" testType="13cdc9d9-ddb5-4fa4-a97d-d965ccfc6d4b" outcome="Failed" testListId="8c84fa94-04c1-424b-9868-57a2d4851a1d" relativeResultsDirectory="41aea833-a2a2-4416-bf80-6f5d6c7a0b82">
      <Output>
        <ErrorInfo>
          <Message>  Assert.That(ProjectionProbeActor.Received.Count, Is.EqualTo(1))&#xD;
  Expected: 1&#xD;
  But was:  0&#xD;
</Message>
          <StackTrace>   at LayerBase.Test.ProjectedActorProjectionTests.Projection_post_creates_actor_updates_components_and_batches_mail() in D:\RiderProject\Events\LayerBase.Test\ProjectedActorProjectionTests.cs:line 159&#xD;

1)    at LayerBase.Test.ProjectedActorProjectionTests.Projection_post_creates_actor_updates_components_and_batches_mail() in D:\RiderProject\Events\LayerBase.Test\ProjectedActorProjectionTests.cs:line 159&#xD;

</StackTrace>
        </ErrorInfo>
      </Output>
    </UnitTestResult>
    <UnitTestResult executionId="dea2c7cf-746b-4510-8b75-8638a37e48cd" testId="16257782-5257-988d-367a-40b782597b88" testName="OwnerLayer_is_required_for_call_handler_auto_registration" computerName="MC1214113371" duration="00:00:00.0015340" startTime="2026-05-14T11:31:22.7410033+08:00" endTime="2026-05-14T11:31:22.7425370+08:00" testType="13cdc9d9-ddb5-4fa4-a97d-d965ccfc6d4b" outcome="Passed" testListId="8c84fa94-04c1-424b-9868-57a2d4851a1d" relativeResultsDirectory="dea2c7cf-746b-4510-8b75-8638a37e48cd" />
    <UnitTestResult executionId="9bcaefd2-a05f-409e-87ab-14a6ca860dc3" testId="433adde8-e20b-ec4d-6547-a596c1ab17bd" testName="Duplicate_publishers_in_the_same_scope_fail_build" computerName="MC1214113371" duration="00:00:00.0030430" startTime="2026-05-14T11:31:27.4065953+08:00" endTime="2026-05-14T11:31:27.4096387+08:00" testType="13cdc9d9-ddb5-4fa4-a97d-d965ccfc6d4b" outcome="Passed" testListId="8c84fa94-04c1-424b-9868-57a2d4851a1d" relativeResultsDirectory="9bcaefd2-a05f-409e-87ab-14a6ca860dc3" />
    <UnitTestResult executionId="e6b53915-a783-4d4a-b1b3-ba92ee7be372" testId="d09c03f5-0db8-a727-a6f9-490b88a9ae37" testName="Post_scheduler_budget_exhaustion_prevents_actor_pump_until_next_frame" computerName="MC1214113371" duration="00:00:00.0014540" startTime="2026-05-14T11:31:29.7289363+08:00" endTime="2026-05-14T11:31:29.7303901+08:00" testType="13cdc9d9-ddb5-4fa4-a97d-d965ccfc6d4b" outcome="Failed" testListId="8c84fa94-04c1-424b-9868-57a2d4851a1d" relativeResultsDirectory="e6b53915-a783-4d4a-b1b3-ba92ee7be372">
      <Output>
        <ErrorInfo>
          <Message>  Assert.That(ActorRuntimeIntegrationTrace.Entries, Is.EqualTo(new[] { "scheduler:9", "actor:3" }))&#xD;
  Expected is &lt;System.String[2]&gt;, actual is &lt;System.Collections.Generic.List`1[System.String]&gt; with 1 elements&#xD;
  Values differ at index [1]&#xD;
  Missing:  &lt; "actor:3" &gt;</Message>
          <StackTrace>   at LayerBase.Test.ActorRuntimeIntegrationTests.Post_scheduler_budget_exhaustion_prevents_actor_pump_until_next_frame() in D:\RiderProject\Events\LayerBase.Test\ActorRuntimeIntegrationTests.cs:line 175&#xD;

1)    at LayerBase.Test.ActorRuntimeIntegrationTests.Post_scheduler_budget_exhaustion_prevents_actor_pump_until_next_frame() in D:\RiderProject\Events\LayerBase.Test\ActorRuntimeIntegrationTests.cs:line 175&#xD;

</StackTrace>
        </ErrorInfo>
      </Output>
    </UnitTestResult>
    <UnitTestResult executionId="c695c416-2f62-4e47-ac32-b67f5e0d5dd7" testId="604e4bf4-9646-07f8-1ed8-5272e4ae5d72" testName="Runtime_Dispose_Clears_PayloadStore_Cache" computerName="MC1214113371" duration="00:00:00.0005780" startTime="2026-05-14T11:31:26.6158108+08:00" endTime="2026-05-14T11:31:26.6163886+08:00" testType="13cdc9d9-ddb5-4fa4-a97d-d965ccfc6d4b" outcome="Passed" testListId="8c84fa94-04c1-424b-9868-57a2d4851a1d" relativeResultsDirectory="c695c416-2f62-4e47-ac32-b67f5e0d5dd7" />
    <UnitTestResult executionId="259132f0-b789-4b98-ad7f-de8248815a27" testId="91ce2b1d-658f-a447-730a-89c882c26d32" testName="MultiWorld_Delay_ContextCapture" computerName="MC1214113371" duration="00:00:00.0653030" startTime="2026-05-14T11:31:24.8396068+08:00" endTime="2026-05-14T11:31:24.9049095+08:00" testType="13cdc9d9-ddb5-4fa4-a97d-d965ccfc6d4b" outcome="Passed" testListId="8c84fa94-04c1-424b-9868-57a2d4851a1d" relativeResultsDirectory="259132f0-b789-4b98-ad7f-de8248815a27" />
    <UnitTestResult executionId="7c6cdbc5-9d55-449d-9415-a65bb8c09dcb" testId="aa24dbe7-0226-4470-d482-10c4edd0a523" testName="Runtime_And_Layer_Can_Be_GCed_After_Dispose" computerName="MC1214113371" duration="00:00:00.0191380" startTime="2026-05-14T11:31:24.8027915+08:00" endTime="2026-05-14T11:31:24.8219296+08:00" testType="13cdc9d9-ddb5-4fa4-a97d-d965ccfc6d4b" outcome="Passed" testListId="8c84fa94-04c1-424b-9868-57a2d4851a1d" relativeResultsDirectory="7c6cdbc5-9d55-449d-9415-a65bb8c09dcb" />
    <UnitTestResult executionId="8a908b1c-12af-4b93-9c11-4621da5adcf5" testId="22ec23ee-3a2d-006e-10e9-7fa80a535eed" testName="MaxWavesPerPump_Processes_Multiple_Waves" computerName="MC1214113371" duration="00:00:00.0010480" startTime="2026-05-14T11:31:26.7924566+08:00" endTime="2026-05-14T11:31:26.7935047+08:00" testType="13cdc9d9-ddb5-4fa4-a97d-d965ccfc6d4b" outcome="Passed" testListId="8c84fa94-04c1-424b-9868-57a2d4851a1d" relativeResultsDirectory="8a908b1c-12af-4b93-9c11-4621da5adcf5" />
    <UnitTestResult executionId="d9c664a9-3653-452f-aa35-2b8d99f31172" testId="de09f97c-01e9-72d6-a2ea-1baff3ac6219" testName="Query_postall_with_multiple_events_delivers_all_events_to_matching_actor" computerName="MC1214113371" duration="00:00:00.0024540" startTime="2026-05-14T11:31:29.7034931+08:00" endTime="2026-05-14T11:31:29.7059470+08:00" testType="13cdc9d9-ddb5-4fa4-a97d-d965ccfc6d4b" outcome="Failed" testListId="8c84fa94-04c1-424b-9868-57a2d4851a1d" relativeResultsDirectory="d9c664a9-3653-452f-aa35-2b8d99f31172">
      <Output>
        <ErrorInfo>
          <Message>  Assert.That(DualRecordingActor.Trace, Is.EqualTo(new[] { "D:7", "H:9" }))&#xD;
  Expected is &lt;System.String[2]&gt;, actual is &lt;System.Collections.Generic.List`1[System.String]&gt; with 0 elements&#xD;
  Values differ at index [0]&#xD;
  Missing:  &lt; "D:7", "H:9" &gt;</Message>
          <StackTrace>   at LayerBase.Test.ActorPostPumpTests.Query_postall_with_multiple_events_delivers_all_events_to_matching_actor() in D:\RiderProject\Events\LayerBase.Test\ActorPostPumpTests.cs:line 190&#xD;

1)    at LayerBase.Test.ActorPostPumpTests.Query_postall_with_multiple_events_delivers_all_events_to_matching_actor() in D:\RiderProject\Events\LayerBase.Test\ActorPostPumpTests.cs:line 190&#xD;

</StackTrace>
        </ErrorInfo>
      </Output>
    </UnitTestResult>
    <UnitTestResult executionId="24500053-1ff9-453a-8a82-40f9ac63e307" testId="da1c2670-25b1-d1d4-7ff0-6221bfca7c2b" testName="Mount_With_ImplementationType_Should_Register_And_Inject_Interface_Field" computerName="MC1214113371" duration="00:00:00.0007420" startTime="2026-05-14T11:31:30.1707867+08:00" endTime="2026-05-14T11:31:30.1715285+08:00" testType="13cdc9d9-ddb5-4fa4-a97d-d965ccfc6d4b" outcome="Passed" testListId="8c84fa94-04c1-424b-9868-57a2d4851a1d" relativeResultsDirectory="24500053-1ff9-453a-8a82-40f9ac63e307" />
    <UnitTestResult executionId="80187c6a-8ab3-4997-b0c6-090ae4c8689a" testId="d0b9aa66-6ed6-176a-a957-ae2b3237e11a" testName="Projection_meta_survives_entity_row_move_and_archetype_move" computerName="MC1214113371" duration="00:00:00.0062379" startTime="2026-05-14T11:31:30.0873515+08:00" endTime="2026-05-14T11:31:30.0935895+08:00" testType="13cdc9d9-ddb5-4fa4-a97d-d965ccfc6d4b" outcome="Passed" testListId="8c84fa94-04c1-424b-9868-57a2d4851a1d" relativeResultsDirectory="80187c6a-8ab3-4997-b0c6-090ae4c8689a" />
    <UnitTestResult executionId="f543bf9a-e2e7-4af4-8c81-ca70931623e2" testId="4367d34a-7b5a-3f1e-2868-cc3d73a8ef0a" testName="DI_Selects_Public_Constructor_With_Most_Parameters" computerName="MC1214113371" duration="00:00:00.0005019" startTime="2026-05-14T11:31:24.8009894+08:00" endTime="2026-05-14T11:31:24.8014917+08:00" testType="13cdc9d9-ddb5-4fa4-a97d-d965ccfc6d4b" outcome="Passed" testListId="8c84fa94-04c1-424b-9868-57a2d4851a1d" relativeResultsDirectory="f543bf9a-e2e7-4af4-8c81-ca70931623e2" />
    <UnitTestResult executionId="55a9ef4f-9792-4914-9986-2a244432d821" testId="e27dcd13-0276-f4f3-8313-3447a93a3cb2" testName="Frequency_callback_can_reenter_scheduler_without_deadlock" computerName="MC1214113371" duration="00:00:00.0007930" startTime="2026-05-14T11:31:27.4372925+08:00" endTime="2026-05-14T11:31:27.4380852+08:00" testType="13cdc9d9-ddb5-4fa4-a97d-d965ccfc6d4b" outcome="Passed" testListId="8c84fa94-04c1-424b-9868-57a2d4851a1d" relativeResultsDirectory="55a9ef4f-9792-4914-9986-2a244432d821" />
    <UnitTestResult executionId="ab601249-b734-4d8d-a4da-0b220a009d7a" testId="032aaf3b-822d-5de1-93ee-50c4165e9256" testName="Benchmark_Pump_Performance_With_Mostly_Idle_Layers" computerName="MC1214113371" duration="00:00:01.0435880" startTime="2026-05-14T11:31:23.7224304+08:00" endTime="2026-05-14T11:31:24.7660179+08:00" testType="13cdc9d9-ddb5-4fa4-a97d-d965ccfc6d4b" outcome="Passed" testListId="8c84fa94-04c1-424b-9868-57a2d4851a1d" relativeResultsDirectory="ab601249-b734-4d8d-a4da-0b220a009d7a">
      <Output>
        <StdOut>--- Scene A: All 64 Layers Idle ---&#xD;
[All Idle] 1000000 iterations, Total: 557ms, Avg: 557.39ns/pump&#xD;
&#xD;
--- Scene B: Only Last Layer (Index 63) Active ---&#xD;
[1 Layer Active (Tail)] 1000000 iterations, Total: 480ms, Avg: 480.61ns/pump</StdOut>
      </Output>
    </UnitTestResult>
    <UnitTestResult executionId="939b4eb0-8625-41cc-b5b4-1847d6a0736b" testId="156729a5-e1b4-2235-84fb-29a79444de80" testName="Subscribe_ExceptionShouldNotInterrupt" computerName="MC1214113371" duration="00:00:00.0072320" startTime="2026-05-14T11:31:27.4152107+08:00" endTime="2026-05-14T11:31:27.4224421+08:00" testType="13cdc9d9-ddb5-4fa4-a97d-d965ccfc6d4b" outcome="Passed" testListId="8c84fa94-04c1-424b-9868-57a2d4851a1d" relativeResultsDirectory="939b4eb0-8625-41cc-b5b4-1847d6a0736b" />
    <UnitTestResult executionId="ec74bed6-b58f-4f63-a8c6-d2da9e23585b" testId="1c6acdf6-ef52-bbf3-8e7b-36efd2a19029" testName="Latest_Mode_Processes_Only_Last_Value" computerName="MC1214113371" duration="00:00:00.0053840" startTime="2026-05-14T11:31:26.7843341+08:00" endTime="2026-05-14T11:31:26.7897172+08:00" testType="13cdc9d9-ddb5-4fa4-a97d-d965ccfc6d4b" outcome="Passed" testListId="8c84fa94-04c1-424b-9868-57a2d4851a1d" relativeResultsDirectory="ec74bed6-b58f-4f63-a8c6-d2da9e23585b" />
    <UnitTestResult executionId="f5843e4a-f52f-4b22-830b-a0dbd730444e" testId="2d6573f5-95ff-c611-a3c0-7d40d7b41b81" testName="Category_tokens_reflect_parent_child_relationships" computerName="MC1214113371" duration="00:00:00.0023070" startTime="2026-05-14T11:31:23.5861499+08:00" endTime="2026-05-14T11:31:23.5884563+08:00" testType="13cdc9d9-ddb5-4fa4-a97d-d965ccfc6d4b" outcome="Passed" testListId="8c84fa94-04c1-424b-9868-57a2d4851a1d" relativeResultsDirectory="f5843e4a-f52f-4b22-830b-a0dbd730444e" />
    <UnitTestResult executionId="4947fe1e-088a-41b9-b152-6d7f3666f1b9" testId="efd6972d-39d7-d3b5-7fa7-400feba0ce39" testName="Blueprint_WithProjectedActor_ShouldRecordProjectionMeta" computerName="MC1214113371" duration="00:00:00.0000930" startTime="2026-05-14T11:31:30.1763452+08:00" endTime="2026-05-14T11:31:30.1764386+08:00" testType="13cdc9d9-ddb5-4fa4-a97d-d965ccfc6d4b" outcome="Passed" testListId="8c84fa94-04c1-424b-9868-57a2d4851a1d" relativeResultsDirectory="4947fe1e-088a-41b9-b152-6d7f3666f1b9" />
    <UnitTestResult executionId="d89bc36b-8dc9-4fbc-a955-f5befb8add99" testId="a62edce4-8961-745c-ea37-5d1ad471b5b7" testName="DropNewest_policy_maps_to_DiagnosticOnly_and_returns_EventNotSupported" computerName="MC1214113371" duration="00:00:00.0003400" startTime="2026-05-14T11:31:29.6857604+08:00" endTime="2026-05-14T11:31:29.6861008+08:00" testType="13cdc9d9-ddb5-4fa4-a97d-d965ccfc6d4b" outcome="Failed" testListId="8c84fa94-04c1-424b-9868-57a2d4851a1d" relativeResultsDirectory="d89bc36b-8dc9-4fbc-a955-f5befb8add99">
      <Output>
        <ErrorInfo>
          <Message>  Assert.That(ActorMailPolicyTrace.Values, Is.Empty)&#xD;
  Expected: &lt;empty&gt;&#xD;
  But was:  &lt; 1 &gt;&#xD;
</Message>
          <StackTrace>   at LayerBase.Test.ActorMailPolicyTests.DropNewest_policy_maps_to_DiagnosticOnly_and_returns_EventNotSupported() in D:\RiderProject\Events\LayerBase.Test\ActorMailPolicyTests.cs:line 212&#xD;

1)    at LayerBase.Test.ActorMailPolicyTests.DropNewest_policy_maps_to_DiagnosticOnly_and_returns_EventNotSupported() in D:\RiderProject\Events\LayerBase.Test\ActorMailPolicyTests.cs:line 212&#xD;

</StackTrace>
        </ErrorInfo>
      </Output>
    </UnitTestResult>
    <UnitTestResult executionId="8758b102-c505-4104-85e4-ca79feb62272" testId="43ec69b6-f55f-c40b-8d11-c41760bcfb69" testName="Invalid_actor_behaviour_declarations_report_expected_diagnostic(&quot;LBACTOR206&quot;,&quot;using System.Threading;\nusing LayerBase.Actor;\nusing LayerBase.Async;\n\npublic struct GetHpRequest { }\npublic struct GetHpResponse { }\n\npublic sealed partial class EnemyActor : IActor\n{\n    [ActorCallBehaviour]\n    private LBTask&lt;GetHpResponse&gt; OnGetHp(in GetHpRequest request, CancellationToken cancellationToken)\n    {\n        return LBTask&lt;GetHpResponse&gt;.FromResult(default);\n    }\n\n    [ActorCallBehaviour]\n    private LBTask&lt;GetHpResponse&gt; OnGetHpAgain(in GetHpRequest request, CancellationToken cancellationToken)\n    {\n        return LBTask&lt;GetHpResponse&gt;.FromResult(default);\n    }\n}&quot;)" computerName="MC1214113371" duration="00:00:00.0778530" startTime="2026-05-14T11:31:29.4981417+08:00" endTime="2026-05-14T11:31:29.5759939+08:00" testType="13cdc9d9-ddb5-4fa4-a97d-d965ccfc6d4b" outcome="Passed" testListId="8c84fa94-04c1-424b-9868-57a2d4851a1d" relativeResultsDirectory="8758b102-c505-4104-85e4-ca79feb62272" />
    <UnitTestResult executionId="580a812c-bd1b-4797-8874-ba7d4cdea464" testId="2109b0bb-04e0-2949-2067-9e4df39e6538" testName="PostScheduler_Dispose_Releases_Pending_Payloads" computerName="MC1214113371" duration="00:00:00.0009010" startTime="2026-05-14T11:31:26.6148957+08:00" endTime="2026-05-14T11:31:26.6157969+08:00" testType="13cdc9d9-ddb5-4fa4-a97d-d965ccfc6d4b" outcome="Passed" testListId="8c84fa94-04c1-424b-9868-57a2d4851a1d" relativeResultsDirectory="580a812c-bd1b-4797-8874-ba7d4cdea464" />
    <UnitTestResult executionId="903906f6-31b9-43db-af49-d6cfce38a1fa" testId="1d280353-b224-866f-12ff-8650d675f341" testName="Benchmark_Memory_Locality_Impact" computerName="MC1214113371" duration="00:00:00.1299810" startTime="2026-05-14T11:31:26.6169371+08:00" endTime="2026-05-14T11:31:26.7469172+08:00" testType="13cdc9d9-ddb5-4fa4-a97d-d965ccfc6d4b" outcome="Passed" testListId="8c84fa94-04c1-424b-9868-57a2d4851a1d" relativeResultsDirectory="903906f6-31b9-43db-af49-d6cfce38a1fa">
      <Output>
        <StdOut>[内存密集�?集中分发] TPS: 15,040,987&#xD;
[内存碎片�?跨桶分发] TPS: 16,909,630</StdOut>
      </Output>
    </UnitTestResult>
    <UnitTestResult executionId="b8329794-a9f5-4ad1-b846-b572b8482dff" testId="3cc7c735-fc5f-2684-056b-2a57d2fd2b1c" testName="CallAsync_fails_when_target_layer_is_missing" computerName="MC1214113371" duration="00:00:00.0033250" startTime="2026-05-14T11:31:22.7135806+08:00" endTime="2026-05-14T11:31:22.7169059+08:00" testType="13cdc9d9-ddb5-4fa4-a97d-d965ccfc6d4b" outcome="Passed" testListId="8c84fa94-04c1-424b-9868-57a2d4851a1d" relativeResultsDirectory="b8329794-a9f5-4ad1-b846-b572b8482dff" />
    <UnitTestResult executionId="65fab040-cf11-462a-9a6a-2638a4b0158e" testId="4916f66b-6a42-544a-4936-22a8063bb6d9" testName="DelayPublisher_rejects_publish_after_owning_runtime_is_disposed" computerName="MC1214113371" duration="00:00:00.0004050" startTime="2026-05-14T11:31:26.8517870+08:00" endTime="2026-05-14T11:31:26.8521916+08:00" testType="13cdc9d9-ddb5-4fa4-a97d-d965ccfc6d4b" outcome="Passed" testListId="8c84fa94-04c1-424b-9868-57a2d4851a1d" relativeResultsDirectory="65fab040-cf11-462a-9a6a-2638a4b0158e" />
    <UnitTestResult executionId="f47e32c9-e11f-4bd6-8b36-e494990b9a78" testId="14b130b8-d771-9ef7-f0f4-332b20381ac0" testName="Mount_With_ImplementationType_Should_Run_Lifecycle" computerName="MC1214113371" duration="00:00:00.0006720" startTime="2026-05-14T11:31:30.1715372+08:00" endTime="2026-05-14T11:31:30.1722093+08:00" testType="13cdc9d9-ddb5-4fa4-a97d-d965ccfc6d4b" outcome="Passed" testListId="8c84fa94-04c1-424b-9868-57a2d4851a1d" relativeResultsDirectory="f47e32c9-e11f-4bd6-8b36-e494990b9a78" />
    <UnitTestResult executionId="e0a97845-2627-4456-8192-67f67126a4f0" testId="93ac6566-cb93-81e9-bc97-f7c9c16df25a" testName="DispatchNow_invokes_actor_behaviour_immediately" computerName="MC1214113371" duration="00:00:00.0021180" startTime="2026-05-14T11:31:27.4682528+08:00" endTime="2026-05-14T11:31:27.4703712+08:00" testType="13cdc9d9-ddb5-4fa4-a97d-d965ccfc6d4b" outcome="Failed" testListId="8c84fa94-04c1-424b-9868-57a2d4851a1d" relativeResultsDirectory="e0a97845-2627-4456-8192-67f67126a4f0">
      <Output>
        <ErrorInfo>
          <Message>  Assert.That(ActorCallRuntimeTrace.Entries, Is.EqualTo(new[] { "event:9" }))&#xD;
  Expected is &lt;System.String[1]&gt;, actual is &lt;System.Collections.Generic.List`1[System.String]&gt; with 0 elements&#xD;
  Values differ at index [0]&#xD;
  Missing:  &lt; "event:9" &gt;</Message>
          <StackTrace>   at LayerBase.Test.ActorCallRuntimeTests.DispatchNow_invokes_actor_behaviour_immediately() in D:\RiderProject\Events\LayerBase.Test\ActorCallRuntimeTests.cs:line 165&#xD;

1)    at LayerBase.Test.ActorCallRuntimeTests.DispatchNow_invokes_actor_behaviour_immediately() in D:\RiderProject\Events\LayerBase.Test\ActorCallRuntimeTests.cs:line 165&#xD;

</StackTrace>
        </ErrorInfo>
      </Output>
    </UnitTestResult>
    <UnitTestResult executionId="2f95477a-b938-49e7-96c0-d9e67a730ae7" testId="e101923b-2b18-d6d2-e5db-c2f092a10736" testName="Touch_projected_actor_creates_actor_without_post_and_sweeps_by_deadline" computerName="MC1214113371" duration="00:00:00.0404189" startTime="2026-05-14T11:31:30.0965792+08:00" endTime="2026-05-14T11:31:30.1369983+08:00" testType="13cdc9d9-ddb5-4fa4-a97d-d965ccfc6d4b" outcome="Passed" testListId="8c84fa94-04c1-424b-9868-57a2d4851a1d" relativeResultsDirectory="2f95477a-b938-49e7-96c0-d9e67a730ae7" />
    <UnitTestResult executionId="930b0882-e5b9-4e42-8e64-f527a12c40d6" testId="3b207091-b40f-56c4-1d7c-147d67b5bf16" testName="Singleton_service_is_resolved_correctly" computerName="MC1214113371" duration="00:00:00.0002220" startTime="2026-05-14T11:31:27.4061632+08:00" endTime="2026-05-14T11:31:27.4063852+08:00" testType="13cdc9d9-ddb5-4fa4-a97d-d965ccfc6d4b" outcome="Passed" testListId="8c84fa94-04c1-424b-9868-57a2d4851a1d" relativeResultsDirectory="930b0882-e5b9-4e42-8e64-f527a12c40d6" />
    <UnitTestResult executionId="41e70190-6f70-48de-98ab-f42985941908" testId="68b09574-badd-6784-2e44-6871bc5c27f8" testName="LayersBuilder_rejects_repeated_build_and_push_after_build" computerName="MC1214113371" duration="00:00:00.0004160" startTime="2026-05-14T11:31:26.8703623+08:00" endTime="2026-05-14T11:31:26.8707783+08:00" testType="13cdc9d9-ddb5-4fa4-a97d-d965ccfc6d4b" outcome="Passed" testListId="8c84fa94-04c1-424b-9868-57a2d4851a1d" relativeResultsDirectory="41e70190-6f70-48de-98ab-f42985941908" />
    <UnitTestResult executionId="c44adbc5-1e44-4287-aef1-a2b92e5251d2" testId="6ffc843c-9844-0f58-170f-1fccbea2fd49" testName="SetEnable_controls_update_like_lifecycles_but_not_start_or_behaviour" computerName="MC1214113371" duration="00:00:00.0005120" startTime="2026-05-14T11:31:29.6806226+08:00" endTime="2026-05-14T11:31:29.6811340+08:00" testType="13cdc9d9-ddb5-4fa4-a97d-d965ccfc6d4b" outcome="Passed" testListId="8c84fa94-04c1-424b-9868-57a2d4851a1d" relativeResultsDirectory="c44adbc5-1e44-4287-aef1-a2b92e5251d2" />
    <UnitTestResult executionId="c26928a3-0562-4410-be1c-0dfc378f540a" testId="b7b94f69-bf63-e113-f90d-337514effe9f" testName="DelayPost_dispatches_after_due_pump" computerName="MC1214113371" duration="00:00:00.0015580" startTime="2026-05-14T11:31:27.4666810+08:00" endTime="2026-05-14T11:31:27.4682388+08:00" testType="13cdc9d9-ddb5-4fa4-a97d-d965ccfc6d4b" outcome="Passed" testListId="8c84fa94-04c1-424b-9868-57a2d4851a1d" relativeResultsDirectory="c26928a3-0562-4410-be1c-0dfc378f540a" />
    <UnitTestResult executionId="a8fb1ede-1c76-425a-b81c-e557b3df5f25" testId="07d684b0-269e-ccfe-9cea-d7076a3b14c1" testName="RunBackground_ShouldCompleteOnMainThreadIfContextAvailable" computerName="MC1214113371" duration="00:00:00.0151740" startTime="2026-05-14T11:31:29.9652979+08:00" endTime="2026-05-14T11:31:29.9804719+08:00" testType="13cdc9d9-ddb5-4fa4-a97d-d965ccfc6d4b" outcome="Passed" testListId="8c84fa94-04c1-424b-9868-57a2d4851a1d" relativeResultsDirectory="a8fb1ede-1c76-425a-b81c-e557b3df5f25" />
    <UnitTestResult executionId="610bab48-c42f-412c-9a90-56af005c068d" testId="f5fb7e06-34fb-5575-4f75-f9b37db3baf5" testName="CreateActor_defaults_to_non_pooled_instances" computerName="MC1214113371" duration="00:00:00.0004950" startTime="2026-05-14T11:31:29.6967327+08:00" endTime="2026-05-14T11:31:29.6972280+08:00" testType="13cdc9d9-ddb5-4fa4-a97d-d965ccfc6d4b" outcome="Passed" testListId="8c84fa94-04c1-424b-9868-57a2d4851a1d" relativeResultsDirectory="610bab48-c42f-412c-9a90-56af005c068d" />
    <UnitTestResult executionId="1fa2a3a2-4053-4c9a-a82b-5afd06507276" testId="57951645-efd4-1b17-cc35-0cfb60c70f15" testName="OwnerLayer_service_uses_auto_layer_mount_workflow" computerName="MC1214113371" duration="00:00:00.0047660" startTime="2026-05-14T11:31:22.6828417+08:00" endTime="2026-05-14T11:31:22.6876076+08:00" testType="13cdc9d9-ddb5-4fa4-a97d-d965ccfc6d4b" outcome="Passed" testListId="8c84fa94-04c1-424b-9868-57a2d4851a1d" relativeResultsDirectory="1fa2a3a2-4053-4c9a-a82b-5afd06507276" />
    <UnitTestResult executionId="24d18cab-17e5-4af5-bbde-9d7e88137dae" testId="63c3312f-c336-7b95-27d9-86592ab03df7" testName="Global_scope_Provide_and_Use_share_reference_across_layers" computerName="MC1214113371" duration="00:00:00.0019870" startTime="2026-05-14T11:31:27.4097982+08:00" endTime="2026-05-14T11:31:27.4117853+08:00" testType="13cdc9d9-ddb5-4fa4-a97d-d965ccfc6d4b" outcome="Passed" testListId="8c84fa94-04c1-424b-9868-57a2d4851a1d" relativeResultsDirectory="24d18cab-17e5-4af5-bbde-9d7e88137dae" />
    <UnitTestResult executionId="7e72937a-a281-4344-8e32-290aeddfb2ae" testId="2b2b6c14-a4e8-6d39-e372-8358bae987c9" testName="Query_builder_supports_exclusion_filters" computerName="MC1214113371" duration="00:00:00.0008800" startTime="2026-05-14T11:31:29.7145211+08:00" endTime="2026-05-14T11:31:29.7154005+08:00" testType="13cdc9d9-ddb5-4fa4-a97d-d965ccfc6d4b" outcome="Passed" testListId="8c84fa94-04c1-424b-9868-57a2d4851a1d" relativeResultsDirectory="7e72937a-a281-4344-8e32-290aeddfb2ae" />
    <UnitTestResult executionId="74ff28b6-2ba7-425c-bac0-fd3cd04f8bf9" testId="07af9cc2-af74-245f-01e4-a914fcb6df14" testName="MoveHeadToTail_should_keep_contains_mark" computerName="MC1214113371" duration="00:00:00.0003470" startTime="2026-05-14T11:31:30.0428148+08:00" endTime="2026-05-14T11:31:30.0431614+08:00" testType="13cdc9d9-ddb5-4fa4-a97d-d965ccfc6d4b" outcome="Passed" testListId="8c84fa94-04c1-424b-9868-57a2d4851a1d" relativeResultsDirectory="74ff28b6-2ba7-425c-bac0-fd3cd04f8bf9" />
    <UnitTestResult executionId="7af7e418-8fee-409a-a466-fa8af2852588" testId="4671fa4f-f745-e955-146b-1a0c6522d1cb" testName="WithTimeout_throws_when_timeout_wins" computerName="MC1214113371" duration="00:00:00.0155070" startTime="2026-05-14T11:31:24.7812859+08:00" endTime="2026-05-14T11:31:24.7967924+08:00" testType="13cdc9d9-ddb5-4fa4-a97d-d965ccfc6d4b" outcome="Passed" testListId="8c84fa94-04c1-424b-9868-57a2d4851a1d" relativeResultsDirectory="7af7e418-8fee-409a-a466-fa8af2852588" />
    <UnitTestResult executionId="8bcffba3-b775-4bb0-9c50-46aab52c2d08" testId="bb7a589f-bff7-d81d-2f2e-ca0e9cbee00b" testName="Notify_Small_Fanout_Direct_Send_Preserves_Registration_Order" computerName="MC1214113371" duration="00:00:00.0013960" startTime="2026-05-14T11:31:24.9130150+08:00" endTime="2026-05-14T11:31:24.9144112+08:00" testType="13cdc9d9-ddb5-4fa4-a97d-d965ccfc6d4b" outcome="Passed" testListId="8c84fa94-04c1-424b-9868-57a2d4851a1d" relativeResultsDirectory="8bcffba3-b775-4bb0-9c50-46aab52c2d08" />
    <UnitTestResult executionId="1d07f900-55db-432d-b78c-1426a890d7d6" testId="7d3aa5b4-2177-0ffd-2169-74e1b10d7163" testName="Latest_flush_releases_payload_when_handler_throws" computerName="MC1214113371" duration="00:00:00.0118920" startTime="2026-05-14T11:31:26.8584537+08:00" endTime="2026-05-14T11:31:26.8703451+08:00" testType="13cdc9d9-ddb5-4fa4-a97d-d965ccfc6d4b" outcome="Passed" testListId="8c84fa94-04c1-424b-9868-57a2d4851a1d" relativeResultsDirectory="1d07f900-55db-432d-b78c-1426a890d7d6" />
    <UnitTestResult executionId="0d1619fd-0564-4a1f-ac10-129a474e5648" testId="3bd967b9-3378-b558-30ab-f8ef1ed0bd53" testName="Build_after_unknown_dirty_event_returns_failure" computerName="MC1214113371" duration="00:00:00.0008320" startTime="2026-05-14T11:31:27.4246372+08:00" endTime="2026-05-14T11:31:27.4254692+08:00" testType="13cdc9d9-ddb5-4fa4-a97d-d965ccfc6d4b" outcome="Passed" testListId="8c84fa94-04c1-424b-9868-57a2d4851a1d" relativeResultsDirectory="0d1619fd-0564-4a1f-ac10-129a474e5648" />
    <UnitTestResult executionId="136865a8-cf64-4a5b-949b-c93e4e1bd151" testId="95809685-3996-2c67-e4ec-0860959aec3d" testName="Time_Budget_Limits_Processing" computerName="MC1214113371" duration="00:00:00.0150750" startTime="2026-05-14T11:31:26.7942657+08:00" endTime="2026-05-14T11:31:26.8093400+08:00" testType="13cdc9d9-ddb5-4fa4-a97d-d965ccfc6d4b" outcome="Passed" testListId="8c84fa94-04c1-424b-9868-57a2d4851a1d" relativeResultsDirectory="136865a8-cf64-4a5b-949b-c93e4e1bd151" />
    <UnitTestResult executionId="f55f2b6e-1086-4b9e-9373-19d33a27122d" testId="dd40e3cb-b57b-c51c-d2b6-fc168b8f15f2" testName="Concurrent_access_to_GetService_is_thread_safe" computerName="MC1214113371" duration="00:00:00.0022980" startTime="2026-05-14T11:31:26.8876157+08:00" endTime="2026-05-14T11:31:26.8899137+08:00" testType="13cdc9d9-ddb5-4fa4-a97d-d965ccfc6d4b" outcome="Passed" testListId="8c84fa94-04c1-424b-9868-57a2d4851a1d" relativeResultsDirectory="f55f2b6e-1086-4b9e-9373-19d33a27122d" />
    <UnitTestResult executionId="d7fb4ed1-905f-497c-b739-3401483ecfb5" testId="f12caeb3-5050-ca41-7fab-594e250d28cf" testName="Drop_oldest_discards_old_items_and_keeps_newer_ones" computerName="MC1214113371" duration="00:00:00.0008620" startTime="2026-05-14T11:31:29.6848845+08:00" endTime="2026-05-14T11:31:29.6857469+08:00" testType="13cdc9d9-ddb5-4fa4-a97d-d965ccfc6d4b" outcome="Failed" testListId="8c84fa94-04c1-424b-9868-57a2d4851a1d" relativeResultsDirectory="d7fb4ed1-905f-497c-b739-3401483ecfb5">
      <Output>
        <ErrorInfo>
          <Message>  Assert.That(ActorMailPolicyTrace.Values, Is.EqualTo(new[] { 2, 3 }))&#xD;
  Expected is &lt;System.Int32[2]&gt;, actual is &lt;System.Collections.Generic.List`1[System.Int32]&gt; with 3 elements&#xD;
  Values differ at index [0]&#xD;
  Expected: 2&#xD;
  But was:  1&#xD;
</Message>
          <StackTrace>   at LayerBase.Test.ActorMailPolicyTests.Drop_oldest_discards_old_items_and_keeps_newer_ones() in D:\RiderProject\Events\LayerBase.Test\ActorMailPolicyTests.cs:line 188&#xD;

1)    at LayerBase.Test.ActorMailPolicyTests.Drop_oldest_discards_old_items_and_keeps_newer_ones() in D:\RiderProject\Events\LayerBase.Test\ActorMailPolicyTests.cs:line 188&#xD;

</StackTrace>
        </ErrorInfo>
      </Output>
    </UnitTestResult>
    <UnitTestResult executionId="3ab8674f-b202-4802-831c-605e3ee906d9" testId="a9e22b31-e704-2a4c-7f1f-6ac6ae061354" testName="RegisterService_After_Runtime_Build_IsRejected" computerName="MC1214113371" duration="00:00:00.0004100" startTime="2026-05-14T11:31:23.5835697+08:00" endTime="2026-05-14T11:31:23.5839792+08:00" testType="13cdc9d9-ddb5-4fa4-a97d-d965ccfc6d4b" outcome="Passed" testListId="8c84fa94-04c1-424b-9868-57a2d4851a1d" relativeResultsDirectory="3ab8674f-b202-4802-831c-605e3ee906d9" />
    <UnitTestResult executionId="ff83107e-13ea-4056-9b57-dbdf9d702fe5" testId="fd132b5b-405e-250b-b797-34e23fd6a5a1" testName="Faulted_handler_is_disabled_and_reported_without_blocking_other_handlers" computerName="MC1214113371" duration="00:00:00.0046940" startTime="2026-05-14T11:31:23.5954522+08:00" endTime="2026-05-14T11:31:23.6001453+08:00" testType="13cdc9d9-ddb5-4fa4-a97d-d965ccfc6d4b" outcome="Passed" testListId="8c84fa94-04c1-424b-9868-57a2d4851a1d" relativeResultsDirectory="ff83107e-13ea-4056-9b57-dbdf9d702fe5" />
    <UnitTestResult executionId="d1ff676f-7e2d-49b0-962f-65d79f278b8e" testId="b7dd7736-e4f8-0774-cf10-ae0c26f94250" testName="AddSpecialPolicy_Ensures_Capacity" computerName="MC1214113371" duration="00:00:00.0056860" startTime="2026-05-14T11:31:26.7619486+08:00" endTime="2026-05-14T11:31:26.7676339+08:00" testType="13cdc9d9-ddb5-4fa4-a97d-d965ccfc6d4b" outcome="Passed" testListId="8c84fa94-04c1-424b-9868-57a2d4851a1d" relativeResultsDirectory="d1ff676f-7e2d-49b0-962f-65d79f278b8e" />
    <UnitTestResult executionId="f91986a9-6737-4d02-9695-2ec352d6c9a9" testId="e31f5c50-c143-1796-ac6b-5dc6923410c5" testName="Runtime_policy_table_rejects_policy_mutation_after_build" computerName="MC1214113371" duration="00:00:00.0005820" startTime="2026-05-14T11:31:29.6960693+08:00" endTime="2026-05-14T11:31:29.6966510+08:00" testType="13cdc9d9-ddb5-4fa4-a97d-d965ccfc6d4b" outcome="Passed" testListId="8c84fa94-04c1-424b-9868-57a2d4851a1d" relativeResultsDirectory="f91986a9-6737-4d02-9695-2ec352d6c9a9" />
    <UnitTestResult executionId="e45c19ac-870d-47c2-8436-a256c2be0b33" testId="6b31f34b-2f18-4d03-6b3a-05a391a96a98" testName="Invalid_actor_behaviour_declarations_report_expected_diagnostic(&quot;LBACTOR001&quot;,&quot;using LayerBase.Actor;\n\npublic struct DamageEvent { }\n\npublic sealed class EnemyActor : IActor\n{\n    [ActorBehaviour]\n    private void OnDamage(in DamageEvent e)\n    {\n    }\n}&quot;)" computerName="MC1214113371" duration="00:00:00.0733980" startTime="2026-05-14T11:31:28.5088570+08:00" endTime="2026-05-14T11:31:28.5822545+08:00" testType="13cdc9d9-ddb5-4fa4-a97d-d965ccfc6d4b" outcome="Passed" testListId="8c84fa94-04c1-424b-9868-57a2d4851a1d" relativeResultsDirectory="e45c19ac-870d-47c2-8436-a256c2be0b33" />
    <UnitTestResult executionId="8c39fa55-8451-43d8-8175-6f9f06f77033" testId="e2837cf6-d2e7-0b53-9409-e4c2ae6dcf78" testName="Rent_after_release_should_reuse_buffer_id" computerName="MC1214113371" duration="00:00:00.0000530" startTime="2026-05-14T11:31:30.1485996+08:00" endTime="2026-05-14T11:31:30.1486524+08:00" testType="13cdc9d9-ddb5-4fa4-a97d-d965ccfc6d4b" outcome="Passed" testListId="8c84fa94-04c1-424b-9868-57a2d4851a1d" relativeResultsDirectory="8c39fa55-8451-43d8-8175-6f9f06f77033" />
    <UnitTestResult executionId="c65bdb9c-7421-46fa-bb7a-c09526a8cacb" testId="7ab62140-d69e-f30d-2667-1857daef37e4" testName="CallHandler_cannot_directly_get_other_layer_scoped_service" computerName="MC1214113371" duration="00:00:00.0018880" startTime="2026-05-14T11:31:22.7342739+08:00" endTime="2026-05-14T11:31:22.7361614+08:00" testType="13cdc9d9-ddb5-4fa4-a97d-d965ccfc6d4b" outcome="Passed" testListId="8c84fa94-04c1-424b-9868-57a2d4851a1d" relativeResultsDirectory="c65bdb9c-7421-46fa-bb7a-c09526a8cacb" />
    <UnitTestResult executionId="e8146486-e2ec-4537-a0cf-673b8532ca3c" testId="c927e062-4944-b977-bcbe-139094888592" testName="Layer_dispose_is_idempotent_under_concurrent_calls" computerName="MC1214113371" duration="00:00:00.0057010" startTime="2026-05-14T11:31:22.7445979+08:00" endTime="2026-05-14T11:31:22.7502983+08:00" testType="13cdc9d9-ddb5-4fa4-a97d-d965ccfc6d4b" outcome="Passed" testListId="8c84fa94-04c1-424b-9868-57a2d4851a1d" relativeResultsDirectory="e8146486-e2ec-4537-a0cf-673b8532ca3c" />
    <UnitTestResult executionId="6db07be2-adac-43af-8dae-ea3d170a0b35" testId="0971c8e6-509f-65ad-bb1b-d725a3b20bc1" testName="Actor_behaviour_attribute_emits_plain_registration_without_behaviour_type_metadata" computerName="MC1214113371" duration="00:00:00.4196630" startTime="2026-05-14T11:31:27.4815819+08:00" endTime="2026-05-14T11:31:27.9012443+08:00" testType="13cdc9d9-ddb5-4fa4-a97d-d965ccfc6d4b" outcome="Passed" testListId="8c84fa94-04c1-424b-9868-57a2d4851a1d" relativeResultsDirectory="6db07be2-adac-43af-8dae-ea3d170a0b35" />
    <UnitTestResult executionId="f85f6007-fd1b-4834-9ed6-c6dbaf9afd1c" testId="e16f65bd-338f-0fb5-65cc-b273670169d3" testName="Actor_world_runs_after_post_scheduler_and_after_layer_update" computerName="MC1214113371" duration="00:00:00.0013110" startTime="2026-05-14T11:31:29.7276085+08:00" endTime="2026-05-14T11:31:29.7289198+08:00" testType="13cdc9d9-ddb5-4fa4-a97d-d965ccfc6d4b" outcome="Failed" testListId="8c84fa94-04c1-424b-9868-57a2d4851a1d" relativeResultsDirectory="f85f6007-fd1b-4834-9ed6-c6dbaf9afd1c">
      <Output>
        <ErrorInfo>
          <Message>  Assert.That(ActorRuntimeIntegrationTrace.Entries, Is.EqualTo(new[] { "scheduler:1", "update", "actor:2" }))&#xD;
  Expected is &lt;System.String[3]&gt;, actual is &lt;System.Collections.Generic.List`1[System.String]&gt; with 2 elements&#xD;
  Values differ at index [2]&#xD;
  Missing:  &lt; "actor:2" &gt;</Message>
          <StackTrace>   at LayerBase.Test.ActorRuntimeIntegrationTests.Actor_world_runs_after_post_scheduler_and_after_layer_update() in D:\RiderProject\Events\LayerBase.Test\ActorRuntimeIntegrationTests.cs:line 150&#xD;

1)    at LayerBase.Test.ActorRuntimeIntegrationTests.Actor_world_runs_after_post_scheduler_and_after_layer_update() in D:\RiderProject\Events\LayerBase.Test\ActorRuntimeIntegrationTests.cs:line 150&#xD;

</StackTrace>
        </ErrorInfo>
      </Output>
    </UnitTestResult>
    <UnitTestResult executionId="bfbcecff-3a14-4809-8213-7453ae9f8fd7" testId="4073a55d-1d87-ebb4-09bc-9f2b5007e123" testName="Destroy_requested_during_behaviour_skips_remaining_lifecycle_for_that_frame" computerName="MC1214113371" duration="00:00:00.0028160" startTime="2026-05-14T11:31:29.6745086+08:00" endTime="2026-05-14T11:31:29.6773240+08:00" testType="13cdc9d9-ddb5-4fa4-a97d-d965ccfc6d4b" outcome="Passed" testListId="8c84fa94-04c1-424b-9868-57a2d4851a1d" relativeResultsDirectory="bfbcecff-3a14-4809-8213-7453ae9f8fd7" />
    <UnitTestResult executionId="00a62087-596c-400b-8a83-e81a07c95d7d" testId="63ca8d1c-3400-5ece-d69d-3dccdadf3109" testName="Mount_With_ImplementationType_Should_Register_And_Inject_Abstract_Field" computerName="MC1214113371" duration="00:00:00.0009290" startTime="2026-05-14T11:31:30.1698440+08:00" endTime="2026-05-14T11:31:30.1707725+08:00" testType="13cdc9d9-ddb5-4fa4-a97d-d965ccfc6d4b" outcome="Passed" testListId="8c84fa94-04c1-424b-9868-57a2d4851a1d" relativeResultsDirectory="00a62087-596c-400b-8a83-e81a07c95d7d" />
    <UnitTestResult executionId="446acb67-046a-44ec-aec6-220c588c3355" testId="290ca7ba-36a2-ec5f-490b-625dca6ef1f5" testName="IService_that_implements_IUpdate_is_pumped" computerName="MC1214113371" duration="00:00:00.0006920" startTime="2026-05-14T11:31:26.8899293+08:00" endTime="2026-05-14T11:31:26.8906215+08:00" testType="13cdc9d9-ddb5-4fa4-a97d-d965ccfc6d4b" outcome="Passed" testListId="8c84fa94-04c1-424b-9868-57a2d4851a1d" relativeResultsDirectory="446acb67-046a-44ec-aec6-220c588c3355" />
    <UnitTestResult executionId="cff1b56f-3094-4116-9e75-65b8c52e2d32" testId="2417f5b0-13f6-8170-cec4-cadb9d09f7b9" testName="DebugMode_Should_Report_Topology_On_Build" computerName="MC1214113371" duration="00:00:00.0019849" startTime="2026-05-14T11:31:23.5809342+08:00" endTime="2026-05-14T11:31:23.5829194+08:00" testType="13cdc9d9-ddb5-4fa4-a97d-d965ccfc6d4b" outcome="Passed" testListId="8c84fa94-04c1-424b-9868-57a2d4851a1d" relativeResultsDirectory="cff1b56f-3094-4116-9e75-65b8c52e2d32">
      <Output>
        <StdOut>Captured Topology Log:&#xD;
LayerBase Topology Audit Report&#xD;
------------------------------------------------&#xD;
Layer 0: TestDiagLayer [Passive]&#xD;
  -&gt; [M] TestDiagManager&#xD;
       |-- Subscribed: SomeEvent&#xD;
------------------------------------------------</StdOut>
      </Output>
    </UnitTestResult>
    <UnitTestResult executionId="37825577-5d05-4185-93c6-1eb833ac6871" testId="2e8670ed-cb34-08a2-dd45-cd16f861e309" testName="Single_queued_post_allocates_buffer_for_default_hot_path" computerName="MC1214113371" duration="00:00:00.0002680" startTime="2026-05-14T11:31:29.6885673+08:00" endTime="2026-05-14T11:31:29.6888356+08:00" testType="13cdc9d9-ddb5-4fa4-a97d-d965ccfc6d4b" outcome="Failed" testListId="8c84fa94-04c1-424b-9868-57a2d4851a1d" relativeResultsDirectory="37825577-5d05-4185-93c6-1eb833ac6871">
      <Output>
        <ErrorInfo>
          <Message>System.NullReferenceException : Object reference not set to an instance of an object.</Message>
          <StackTrace>   at LayerBase.Test.ActorMailPolicyTests.GetMailBoxed(ActorWorld world, ActorId actorId) in D:\RiderProject\Events\LayerBase.Test\ActorMailPolicyTests.cs:line 365&#xD;
   at LayerBase.Test.ActorMailPolicyTests.GetMailField[TField](ActorWorld world, ActorId actorId, String fieldName) in D:\RiderProject\Events\LayerBase.Test\ActorMailPolicyTests.cs:line 355&#xD;
   at LayerBase.Test.ActorMailPolicyTests.Single_queued_post_allocates_buffer_for_default_hot_path() in D:\RiderProject\Events\LayerBase.Test\ActorMailPolicyTests.cs:line 255&#xD;
   at System.RuntimeMethodHandle.InvokeMethod(Object target, Void** arguments, Signature sig, Boolean isConstructor)&#xD;
   at System.Reflection.MethodBaseInvoker.InvokeWithNoArgs(Object obj, BindingFlags invokeAttr)
</StackTrace>
        </ErrorInfo>
      </Output>
    </UnitTestResult>
    <UnitTestResult executionId="936d03e6-d97a-4670-90a4-65ef1af95504" testId="bab6e7db-d3b5-00b0-ecc2-ef1df7ca928c" testName="FixedRate_Repeating_Timer" computerName="MC1214113371" duration="00:00:00.0001320" startTime="2026-05-14T11:31:27.4418017+08:00" endTime="2026-05-14T11:31:27.4419341+08:00" testType="13cdc9d9-ddb5-4fa4-a97d-d965ccfc6d4b" outcome="Passed" testListId="8c84fa94-04c1-424b-9868-57a2d4851a1d" relativeResultsDirectory="936d03e6-d97a-4670-90a4-65ef1af95504" />
    <UnitTestResult executionId="039ce19c-7118-42a7-9375-52bcf08819c9" testId="989c4cd6-d521-4206-bed1-04b660d0a5b8" testName="Grow_reaching_max_capacity_follows_grow_failure_policy" computerName="MC1214113371" duration="00:00:00.0003820" startTime="2026-05-14T11:31:29.6868806+08:00" endTime="2026-05-14T11:31:29.6872630+08:00" testType="13cdc9d9-ddb5-4fa4-a97d-d965ccfc6d4b" outcome="Failed" testListId="8c84fa94-04c1-424b-9868-57a2d4851a1d" relativeResultsDirectory="039ce19c-7118-42a7-9375-52bcf08819c9">
      <Output>
        <ErrorInfo>
          <Message>  Assert.That(ActorMailPolicyTrace.Values, Is.EqualTo(new[] { 2, 3 }))&#xD;
  Expected is &lt;System.Int32[2]&gt;, actual is &lt;System.Collections.Generic.List`1[System.Int32]&gt; with 3 elements&#xD;
  Values differ at index [0]&#xD;
  Expected: 2&#xD;
  But was:  1&#xD;
</Message>
          <StackTrace>   at LayerBase.Test.ActorMailPolicyTests.Grow_reaching_max_capacity_follows_grow_failure_policy() in D:\RiderProject\Events\LayerBase.Test\ActorMailPolicyTests.cs:line 138&#xD;

1)    at LayerBase.Test.ActorMailPolicyTests.Grow_reaching_max_capacity_follows_grow_failure_policy() in D:\RiderProject\Events\LayerBase.Test\ActorMailPolicyTests.cs:line 138&#xD;

</StackTrace>
        </ErrorInfo>
      </Output>
    </UnitTestResult>
    <UnitTestResult executionId="3191a0dd-b049-4fc2-969a-14d120aa3c5f" testId="90a17d41-af0a-8838-e1a4-98b73e26c43c" testName="Send_And_Reset_Interleaved_Test" computerName="MC1214113371" duration="00:00:00.7878260" startTime="2026-05-14T11:31:22.7593903+08:00" endTime="2026-05-14T11:31:23.5472158+08:00" testType="13cdc9d9-ddb5-4fa4-a97d-d965ccfc6d4b" outcome="Passed" testListId="8c84fa94-04c1-424b-9868-57a2d4851a1d" relativeResultsDirectory="3191a0dd-b049-4fc2-969a-14d120aa3c5f" />
    <UnitTestResult executionId="3b532fcd-3486-4c5d-ba36-f187d1198198" testId="e627c434-e696-91a9-1e79-5ef28afbb5d9" testName="Default_mail_options_should_keep_empty_mailbox_buffer" computerName="MC1214113371" duration="00:00:00.0000640" startTime="2026-05-14T11:31:29.7311086+08:00" endTime="2026-05-14T11:31:29.7311731+08:00" testType="13cdc9d9-ddb5-4fa4-a97d-d965ccfc6d4b" outcome="Passed" testListId="8c84fa94-04c1-424b-9868-57a2d4851a1d" relativeResultsDirectory="3b532fcd-3486-4c5d-ba36-f187d1198198" />
    <UnitTestResult executionId="7d7af5fa-7f38-41c6-9474-04b35529061c" testId="c0d047fa-124f-8ad6-bdd0-8920f2cd02fa" testName="CreateEntity_WithBlueprint_ShouldCreateExpectedComponents" computerName="MC1214113371" duration="00:00:00.0011199" startTime="2026-05-14T11:31:30.1768719+08:00" endTime="2026-05-14T11:31:30.1779916+08:00" testType="13cdc9d9-ddb5-4fa4-a97d-d965ccfc6d4b" outcome="Passed" testListId="8c84fa94-04c1-424b-9868-57a2d4851a1d" relativeResultsDirectory="7d7af5fa-7f38-41c6-9474-04b35529061c" />
    <UnitTestResult executionId="96112715-a364-4b5f-9405-cee9af71c715" testId="cb430dea-9592-fd4c-d267-73d50aaf5d6c" testName="TryPostFromAnyThread_ShouldReturnFalse_WhenRuntimeDisposed" computerName="MC1214113371" duration="00:00:00.0003080" startTime="2026-05-14T11:31:26.7615365+08:00" endTime="2026-05-14T11:31:26.7618440+08:00" testType="13cdc9d9-ddb5-4fa4-a97d-d965ccfc6d4b" outcome="Passed" testListId="8c84fa94-04c1-424b-9868-57a2d4851a1d" relativeResultsDirectory="96112715-a364-4b5f-9405-cee9af71c715" />
    <UnitTestResult executionId="450d49ce-303c-415d-8f3d-9b1d14a9e054" testId="62903e52-781a-8598-ce3f-a053cc6d08f5" testName="AutoMounted_ILayerContext_Should_Run_Lifecycle" computerName="MC1214113371" duration="00:00:00.0016300" startTime="2026-05-14T11:31:30.1614455+08:00" endTime="2026-05-14T11:31:30.1630754+08:00" testType="13cdc9d9-ddb5-4fa4-a97d-d965ccfc6d4b" outcome="Passed" testListId="8c84fa94-04c1-424b-9868-57a2d4851a1d" relativeResultsDirectory="450d49ce-303c-415d-8f3d-9b1d14a9e054" />
    <UnitTestResult executionId="fcace416-c0c6-4ed5-86f3-85fd17737399" testId="a803eddb-3c2e-5731-801b-ec122a2c1d44" testName="Frequency_gate_is_open_when_frequency_is_zero" computerName="MC1214113371" duration="00:00:00.0001280" startTime="2026-05-14T11:31:27.4380965+08:00" endTime="2026-05-14T11:31:27.4382241+08:00" testType="13cdc9d9-ddb5-4fa4-a97d-d965ccfc6d4b" outcome="Passed" testListId="8c84fa94-04c1-424b-9868-57a2d4851a1d" relativeResultsDirectory="fcace416-c0c6-4ed5-86f3-85fd17737399" />
    <UnitTestResult executionId="3030b106-9cec-4fa1-8aa3-21f774a66044" testId="aa541a4d-ad53-044f-6c64-5a4d057ef880" testName="Generated_subscribe_types_should_expose_binding_accessor_slots" computerName="MC1214113371" duration="00:00:00.0049320" startTime="2026-05-14T11:31:24.8245384+08:00" endTime="2026-05-14T11:31:24.8294702+08:00" testType="13cdc9d9-ddb5-4fa4-a97d-d965ccfc6d4b" outcome="Passed" testListId="8c84fa94-04c1-424b-9868-57a2d4851a1d" relativeResultsDirectory="3030b106-9cec-4fa1-8aa3-21f774a66044" />
    <UnitTestResult executionId="02c20123-399e-4835-87c2-9df48fbe5474" testId="e199668f-6150-e9f0-0354-ed85109cc3e7" testName="TestPolicyDump" computerName="MC1214113371" duration="00:00:00.0003320" startTime="2026-05-14T11:31:30.1610099+08:00" endTime="2026-05-14T11:31:30.1613422+08:00" testType="13cdc9d9-ddb5-4fa4-a97d-d965ccfc6d4b" outcome="Passed" testListId="8c84fa94-04c1-424b-9868-57a2d4851a1d" relativeResultsDirectory="02c20123-399e-4835-87c2-9df48fbe5474" />
    <UnitTestResult executionId="48fef126-1924-4420-a964-42604249c282" testId="61bf0aa8-0af5-b16a-4182-9ad6c81b879d" testName="FlushBuffers_Exception_Does_Not_Leak_Snapshot_Payloads" computerName="MC1214113371" duration="00:00:00.0080790" startTime="2026-05-14T11:31:26.6068021+08:00" endTime="2026-05-14T11:31:26.6148806+08:00" testType="13cdc9d9-ddb5-4fa4-a97d-d965ccfc6d4b" outcome="Passed" testListId="8c84fa94-04c1-424b-9868-57a2d4851a1d" relativeResultsDirectory="48fef126-1924-4420-a964-42604249c282" />
    <UnitTestResult executionId="9af17eff-08bd-4e44-a44a-ef63721805c8" testId="05873c19-5d58-4705-448d-120eed932295" testName="Memory_saving_mail_options_should_release_empty_mailbox_buffer" computerName="MC1214113371" duration="00:00:00.0000730" startTime="2026-05-14T11:31:29.7311762+08:00" endTime="2026-05-14T11:31:29.7312492+08:00" testType="13cdc9d9-ddb5-4fa4-a97d-d965ccfc6d4b" outcome="Passed" testListId="8c84fa94-04c1-424b-9868-57a2d4851a1d" relativeResultsDirectory="9af17eff-08bd-4e44-a44a-ef63721805c8" />
    <UnitTestResult executionId="545095e3-6673-4e50-b5dc-0eb2c9b81fc6" testId="e5ea6a9a-0a63-df89-474a-b133526b6eb2" testName="Pop_should_allow_slot_to_be_added_again" computerName="MC1214113371" duration="00:00:00.0000940" startTime="2026-05-14T11:31:30.0443134+08:00" endTime="2026-05-14T11:31:30.0444071+08:00" testType="13cdc9d9-ddb5-4fa4-a97d-d965ccfc6d4b" outcome="Passed" testListId="8c84fa94-04c1-424b-9868-57a2d4851a1d" relativeResultsDirectory="545095e3-6673-4e50-b5dc-0eb2c9b81fc6" />
    <UnitTestResult executionId="afe04c65-7f17-4fdc-a823-1b3197e5a367" testId="61b2ef66-1138-4790-7c0d-b4f1b0e487bd" testName="ForEachStorage_exposes_storage_arrays_for_matching_actor_type" computerName="MC1214113371" duration="00:00:00.0005340" startTime="2026-05-14T11:31:29.7115723+08:00" endTime="2026-05-14T11:31:29.7121063+08:00" testType="13cdc9d9-ddb5-4fa4-a97d-d965ccfc6d4b" outcome="Passed" testListId="8c84fa94-04c1-424b-9868-57a2d4851a1d" relativeResultsDirectory="afe04c65-7f17-4fdc-a823-1b3197e5a367" />
    <UnitTestResult executionId="23d3ddee-68d9-438c-aaa7-378474a6e05f" testId="f763d916-f3c3-4599-c69d-cc48588561e6" testName="Invalid_actor_behaviour_declarations_report_expected_diagnostic(&quot;LBACTOR004&quot;,&quot;using LayerBase.Actor;\n\npublic struct DamageEvent { }\n\npublic sealed partial class EnemyActor : IActor\n{\n    [ActorBehaviour]\n    private int OnDamage(in DamageEvent e)\n    {\n        return 0;\n    }\n}&quot;)" computerName="MC1214113371" duration="00:00:00.0684500" startTime="2026-05-14T11:31:28.7346718+08:00" endTime="2026-05-14T11:31:28.8031212+08:00" testType="13cdc9d9-ddb5-4fa4-a97d-d965ccfc6d4b" outcome="Passed" testListId="8c84fa94-04c1-424b-9868-57a2d4851a1d" relativeResultsDirectory="23d3ddee-68d9-438c-aaa7-378474a6e05f" />
    <UnitTestResult executionId="f964f83a-80c5-4f03-838f-c81b41dc6135" testId="4a2490b3-55ee-317a-69a0-bd593b03934d" testName="DelayPublisher_Deactivates_On_Layer_Dispose" computerName="MC1214113371" duration="00:00:00.0025240" startTime="2026-05-14T11:31:24.7969453+08:00" endTime="2026-05-14T11:31:24.7994687+08:00" testType="13cdc9d9-ddb5-4fa4-a97d-d965ccfc6d4b" outcome="Passed" testListId="8c84fa94-04c1-424b-9868-57a2d4851a1d" relativeResultsDirectory="f964f83a-80c5-4f03-838f-c81b41dc6135" />
    <UnitTestResult executionId="0a4d9705-a18a-45f4-8236-19d491f3b311" testId="77fabe57-6f9c-2e39-598e-1899edad5a55" testName="Broadcast_without_metadata_still_reaches_all_layers" computerName="MC1214113371" duration="00:00:00.0071480" startTime="2026-05-14T11:31:24.7663434+08:00" endTime="2026-05-14T11:31:24.7734918+08:00" testType="13cdc9d9-ddb5-4fa4-a97d-d965ccfc6d4b" outcome="Passed" testListId="8c84fa94-04c1-424b-9868-57a2d4851a1d" relativeResultsDirectory="0a4d9705-a18a-45f4-8236-19d491f3b311" />
    <UnitTestResult executionId="5789b0e9-5c34-45fc-900d-17396471f8fc" testId="81345af9-33ae-7cbe-c898-8619808ba90a" testName="Disposing_completion_source_does_not_recycle_pending_source_before_task_observes_completion" computerName="MC1214113371" duration="00:00:00.0013270" startTime="2026-05-14T11:31:24.7758737+08:00" endTime="2026-05-14T11:31:24.7772004+08:00" testType="13cdc9d9-ddb5-4fa4-a97d-d965ccfc6d4b" outcome="Passed" testListId="8c84fa94-04c1-424b-9868-57a2d4851a1d" relativeResultsDirectory="5789b0e9-5c34-45fc-900d-17396471f8fc" />
    <UnitTestResult executionId="17128550-65c9-4775-a7bd-04406e5b3311" testId="1618222f-0c88-d692-5c4b-e74fad546f91" testName="Delay_expiration_cap_requeues_remaining_entries_instead_of_losing_them" computerName="MC1214113371" duration="00:00:00.0011860" startTime="2026-05-14T11:31:26.8505858+08:00" endTime="2026-05-14T11:31:26.8517718+08:00" testType="13cdc9d9-ddb5-4fa4-a97d-d965ccfc6d4b" outcome="Passed" testListId="8c84fa94-04c1-424b-9868-57a2d4851a1d" relativeResultsDirectory="17128550-65c9-4775-a7bd-04406e5b3311" />
    <UnitTestResult executionId="cf732fe1-61a3-4bb2-bf1b-8d6b5bdc1b05" testId="30500490-3c11-1b03-cad4-ad4a088c4453" testName="Singleton_Service_Is_Bound_To_Runtime" computerName="MC1214113371" duration="00:00:00.0003480" startTime="2026-05-14T11:31:24.8230159+08:00" endTime="2026-05-14T11:31:24.8233638+08:00" testType="13cdc9d9-ddb5-4fa4-a97d-d965ccfc6d4b" outcome="Passed" testListId="8c84fa94-04c1-424b-9868-57a2d4851a1d" relativeResultsDirectory="cf732fe1-61a3-4bb2-bf1b-8d6b5bdc1b05" />
    <UnitTestResult executionId="f192755d-7136-46cb-8763-5300a9d4f62a" testId="59ca3e24-16d8-04ee-4d23-0caa08563fe3" testName="ActorTypeMetaBuilder_collects_tags_and_groups_with_stable_sorting" computerName="MC1214113371" duration="00:00:00.0007230" startTime="2026-05-14T11:31:27.4795950+08:00" endTime="2026-05-14T11:31:27.4803180+08:00" testType="13cdc9d9-ddb5-4fa4-a97d-d965ccfc6d4b" outcome="Passed" testListId="8c84fa94-04c1-424b-9868-57a2d4851a1d" relativeResultsDirectory="f192755d-7136-46cb-8763-5300a9d4f62a" />
    <UnitTestResult executionId="64359397-8656-4d62-9dd2-1d5a2162ba5e" testId="2cce2139-a928-e54e-dfa8-472814f9ed41" testName="DelayAsk_completes_only_after_due_pump" computerName="MC1214113371" duration="00:00:00.0011230" startTime="2026-05-14T11:31:27.4654604+08:00" endTime="2026-05-14T11:31:27.4665837+08:00" testType="13cdc9d9-ddb5-4fa4-a97d-d965ccfc6d4b" outcome="Failed" testListId="8c84fa94-04c1-424b-9868-57a2d4851a1d" relativeResultsDirectory="64359397-8656-4d62-9dd2-1d5a2162ba5e">
      <Output>
        <ErrorInfo>
          <Message>System.InvalidOperationException : ArchTask not completed</Message>
          <StackTrace>   at LayerBase.Async.LBTaskSource`1.GetResult() in D:\RiderProject\Events\LayerBase.Task\LBTaskSources.cs:line 221&#xD;
   at LayerBase.Test.ActorCallRuntimeTests.DelayAsk_completes_only_after_due_pump() in D:\RiderProject\Events\LayerBase.Test\ActorCallRuntimeTests.cs:line 188&#xD;
   at System.RuntimeMethodHandle.InvokeMethod(Object target, Void** arguments, Signature sig, Boolean isConstructor)&#xD;
   at System.Reflection.MethodBaseInvoker.InvokeWithNoArgs(Object obj, BindingFlags invokeAttr)
</StackTrace>
        </ErrorInfo>
      </Output>
    </UnitTestResult>
    <UnitTestResult executionId="d35c5828-2b48-45f4-86a7-d4efc5529cd0" testId="fbd349bf-27f3-ae3c-325b-ce60681a122f" testName="QueryWithBring_Touch_TouchesActorButDoesNotPostEvent" computerName="MC1214113371" duration="00:00:00.0005780" startTime="2026-05-14T11:31:30.1457661+08:00" endTime="2026-05-14T11:31:30.1463436+08:00" testType="13cdc9d9-ddb5-4fa4-a97d-d965ccfc6d4b" outcome="Passed" testListId="8c84fa94-04c1-424b-9868-57a2d4851a1d" relativeResultsDirectory="d35c5828-2b48-45f4-86a7-d4efc5529cd0" />
    <UnitTestResult executionId="507ab7f4-20ef-45a6-a2bd-2ee0c0e6c084" testId="3869b56a-38c7-3fb0-ac64-8396757ffaf7" testName="TryTake_consumes_the_value" computerName="MC1214113371" duration="00:00:00.0004320" startTime="2026-05-14T11:31:23.5670842+08:00" endTime="2026-05-14T11:31:23.5675272+08:00" testType="13cdc9d9-ddb5-4fa4-a97d-d965ccfc6d4b" outcome="Passed" testListId="8c84fa94-04c1-424b-9868-57a2d4851a1d" relativeResultsDirectory="507ab7f4-20ef-45a6-a2bd-2ee0c0e6c084" />
    <UnitTestResult executionId="bb17d000-7512-44a6-b62a-a5e93236cc1d" testId="10747f8c-b49b-4f67-0a2c-00cfab1cbbc0" testName="TryPost_reports_missing_primary_runtime" computerName="MC1214113371" duration="00:00:00.0002500" startTime="2026-05-14T11:31:27.4299701+08:00" endTime="2026-05-14T11:31:27.4302196+08:00" testType="13cdc9d9-ddb5-4fa4-a97d-d965ccfc6d4b" outcome="Passed" testListId="8c84fa94-04c1-424b-9868-57a2d4851a1d" relativeResultsDirectory="bb17d000-7512-44a6-b62a-a5e93236cc1d" />
    <UnitTestResult executionId="fe533d48-c8b1-43e9-bc37-d90f0ff9dcef" testId="943dfb04-0bd6-a12f-f6e1-afb35093fc19" testName="Layer_method_marked_with_Call_is_auto_registered" computerName="MC1214113371" duration="00:00:00.0019330" startTime="2026-05-14T11:31:22.7390593+08:00" endTime="2026-05-14T11:31:22.7409917+08:00" testType="13cdc9d9-ddb5-4fa4-a97d-d965ccfc6d4b" outcome="Passed" testListId="8c84fa94-04c1-424b-9868-57a2d4851a1d" relativeResultsDirectory="fe533d48-c8b1-43e9-bc37-d90f0ff9dcef" />
    <UnitTestResult executionId="a07ba31a-0c4c-4d03-a71e-975deadfb173" testId="8ed27135-ecac-b002-6c45-82b3b0e3baa4" testName="Transient_Always_Creates_New_Instance" computerName="MC1214113371" duration="00:00:00.0003390" startTime="2026-05-14T11:31:23.5857185+08:00" endTime="2026-05-14T11:31:23.5860573+08:00" testType="13cdc9d9-ddb5-4fa4-a97d-d965ccfc6d4b" outcome="Passed" testListId="8c84fa94-04c1-424b-9868-57a2d4851a1d" relativeResultsDirectory="a07ba31a-0c4c-4d03-a71e-975deadfb173" />
    <UnitTestResult executionId="5f772f80-750d-4c9c-909c-aba793327a6b" testId="ee7e0874-a215-1b4a-1cba-9d7ab1e7f35d" testName="Delay_is_stored_and_can_be_retrieved_via_service" computerName="MC1214113371" duration="00:00:00.0004250" startTime="2026-05-14T11:31:23.5664254+08:00" endTime="2026-05-14T11:31:23.5668502+08:00" testType="13cdc9d9-ddb5-4fa4-a97d-d965ccfc6d4b" outcome="Passed" testListId="8c84fa94-04c1-424b-9868-57a2d4851a1d" relativeResultsDirectory="5f772f80-750d-4c9c-909c-aba793327a6b" />
    <UnitTestResult executionId="f291df12-33d2-4c18-8f85-f8bd0e7c2f72" testId="1aba6bdb-afea-1aaf-3811-fb62392a73ea" testName="BlueprintCache_ShouldBuildOnlyOnce" computerName="MC1214113371" duration="00:00:00.0002210" startTime="2026-05-14T11:31:30.1764413+08:00" endTime="2026-05-14T11:31:30.1766618+08:00" testType="13cdc9d9-ddb5-4fa4-a97d-d965ccfc6d4b" outcome="Passed" testListId="8c84fa94-04c1-424b-9868-57a2d4851a1d" relativeResultsDirectory="f291df12-33d2-4c18-8f85-f8bd0e7c2f72" />
    <UnitTestResult executionId="3e4a72e7-9cf4-4282-b9c9-ee120a7bc986" testId="8fec549b-ded5-d924-982b-d191406de1d8" testName="MoveHeadToTail_should_keep_contains_mark" computerName="MC1214113371" duration="00:00:00.0001130" startTime="2026-05-14T11:31:30.0441603+08:00" endTime="2026-05-14T11:31:30.0442735+08:00" testType="13cdc9d9-ddb5-4fa4-a97d-d965ccfc6d4b" outcome="Passed" testListId="8c84fa94-04c1-424b-9868-57a2d4851a1d" relativeResultsDirectory="3e4a72e7-9cf4-4282-b9c9-ee120a7bc986" />
    <UnitTestResult executionId="f0587528-321b-4404-9315-cc47ecdc0ac6" testId="32dba040-2e74-45f4-cbe2-e14a9b7cbda6" testName="PrewarmEvent_Ensures_Capacity_For_All_Modes" computerName="MC1214113371" duration="00:00:00.0007330" startTime="2026-05-14T11:31:26.7935181+08:00" endTime="2026-05-14T11:31:26.7942509+08:00" testType="13cdc9d9-ddb5-4fa4-a97d-d965ccfc6d4b" outcome="Passed" testListId="8c84fa94-04c1-424b-9868-57a2d4851a1d" relativeResultsDirectory="f0587528-321b-4404-9315-cc47ecdc0ac6" />
    <UnitTestResult executionId="6fa257cd-8150-4573-9a5a-7a051ec80895" testId="cbe6aa31-d475-2b4e-6cf8-1a0bc7653be0" testName="DrainTo_Respects_MaxIngressPostsPerPump" computerName="MC1214113371" duration="00:00:00.0031200" startTime="2026-05-14T11:31:26.7500657+08:00" endTime="2026-05-14T11:31:26.7531861+08:00" testType="13cdc9d9-ddb5-4fa4-a97d-d965ccfc6d4b" outcome="Passed" testListId="8c84fa94-04c1-424b-9868-57a2d4851a1d" relativeResultsDirectory="6fa257cd-8150-4573-9a5a-7a051ec80895" />
    <UnitTestResult executionId="b8712625-bc0f-4503-8ce0-d9d71a9edbb0" testId="3940052f-652c-7e2a-0298-ca576e57c13c" testName="World_reuses_single_event_pool_across_multiple_archetypes" computerName="MC1214113371" duration="00:00:00.0005260" startTime="2026-05-14T11:31:29.6888459+08:00" endTime="2026-05-14T11:31:29.6893718+08:00" testType="13cdc9d9-ddb5-4fa4-a97d-d965ccfc6d4b" outcome="Failed" testListId="8c84fa94-04c1-424b-9868-57a2d4851a1d" relativeResultsDirectory="b8712625-bc0f-4503-8ce0-d9d71a9edbb0">
      <Output>
        <ErrorInfo>
          <Message>System.NullReferenceException : Object reference not set to an instance of an object.</Message>
          <StackTrace>   at LayerBase.Test.ActorMailPolicyTests.GetColumnField[TEvent](ActorWorld world, ActorId actorId, String fieldName) in D:\RiderProject\Events\LayerBase.Test\ActorMailPolicyTests.cs:line 394&#xD;
   at LayerBase.Test.ActorMailPolicyTests.World_reuses_single_event_pool_across_multiple_archetypes() in D:\RiderProject\Events\LayerBase.Test\ActorMailPolicyTests.cs:line 304&#xD;
   at System.RuntimeMethodHandle.InvokeMethod(Object target, Void** arguments, Signature sig, Boolean isConstructor)&#xD;
   at System.Reflection.MethodBaseInvoker.InvokeWithNoArgs(Object obj, BindingFlags invokeAttr)
</StackTrace>
        </ErrorInfo>
      </Output>
    </UnitTestResult>
    <UnitTestResult executionId="744dceb9-9cc5-4b48-a2a2-66f80c5dc8bf" testId="8fd99508-1730-e2b0-36b4-b7477ded7b10" testName="Runtime_dispose_clears_payload_and_layer_target_cache_slots" computerName="MC1214113371" duration="00:00:00.0012790" startTime="2026-05-14T11:31:27.4275237+08:00" endTime="2026-05-14T11:31:27.4288023+08:00" testType="13cdc9d9-ddb5-4fa4-a97d-d965ccfc6d4b" outcome="Passed" testListId="8c84fa94-04c1-424b-9868-57a2d4851a1d" relativeResultsDirectory="744dceb9-9cc5-4b48-a2a2-66f80c5dc8bf" />
    <UnitTestResult executionId="762336d1-b707-4d1a-9ba5-3f2cb650d8d7" testId="98e66e71-084b-7eae-cb93-f79b4619ef1c" testName="MaxCompletionsPerPump_ShouldLimitProcessing" computerName="MC1214113371" duration="00:00:00.2067270" startTime="2026-05-14T11:31:29.7585440+08:00" endTime="2026-05-14T11:31:29.9652702+08:00" testType="13cdc9d9-ddb5-4fa4-a97d-d965ccfc6d4b" outcome="Passed" testListId="8c84fa94-04c1-424b-9868-57a2d4851a1d" relativeResultsDirectory="762336d1-b707-4d1a-9ba5-3f2cb650d8d7" />
    <UnitTestResult executionId="8fe9a63a-03a6-4cf8-8733-2af6b79564ef" testId="41826890-6031-67e9-7197-a77f37f85ff5" testName="QueryWithBringInService" computerName="MC1214113371" duration="00:00:00.0292990" startTime="2026-05-14T11:31:26.8115629+08:00" endTime="2026-05-14T11:31:26.8408613+08:00" testType="13cdc9d9-ddb5-4fa4-a97d-d965ccfc6d4b" outcome="Passed" testListId="8c84fa94-04c1-424b-9868-57a2d4851a1d" relativeResultsDirectory="8fe9a63a-03a6-4cf8-8733-2af6b79564ef" />
    <UnitTestResult executionId="a7acd21c-d82f-49e7-b4e0-f30e27d377aa" testId="6a8958ef-5fb2-440f-81fc-be8724b68dae" testName="Queued_posts_advance_tail_and_preserve_fifo" computerName="MC1214113371" duration="00:00:00.0003100" startTime="2026-05-14T11:31:29.6876181+08:00" endTime="2026-05-14T11:31:29.6879284+08:00" testType="13cdc9d9-ddb5-4fa4-a97d-d965ccfc6d4b" outcome="Failed" testListId="8c84fa94-04c1-424b-9868-57a2d4851a1d" relativeResultsDirectory="a7acd21c-d82f-49e7-b4e0-f30e27d377aa">
      <Output>
        <ErrorInfo>
          <Message>System.NullReferenceException : Object reference not set to an instance of an object.</Message>
          <StackTrace>   at LayerBase.Test.ActorMailPolicyTests.GetMailBoxed(ActorWorld world, ActorId actorId) in D:\RiderProject\Events\LayerBase.Test\ActorMailPolicyTests.cs:line 365&#xD;
   at LayerBase.Test.ActorMailPolicyTests.GetMailField[TField](ActorWorld world, ActorId actorId, String fieldName) in D:\RiderProject\Events\LayerBase.Test\ActorMailPolicyTests.cs:line 355&#xD;
   at LayerBase.Test.ActorMailPolicyTests.Queued_posts_advance_tail_and_preserve_fifo() in D:\RiderProject\Events\LayerBase.Test\ActorMailPolicyTests.cs:line 280&#xD;
   at System.RuntimeMethodHandle.InvokeMethod(Object target, Void** arguments, Signature sig, Boolean isConstructor)&#xD;
   at System.Reflection.MethodBaseInvoker.InvokeWithNoArgs(Object obj, BindingFlags invokeAttr)
</StackTrace>
        </ErrorInfo>
      </Output>
    </UnitTestResult>
    <UnitTestResult executionId="9517b472-ce3c-4460-9abe-04ade982b320" testId="2dd8fd49-1875-186e-03c2-dd844db64e56" testName="Invalid_physical_targets_fail_and_stale_generation_is_rejected" computerName="MC1214113371" duration="00:00:00.0009930" startTime="2026-05-14T11:31:29.7020613+08:00" endTime="2026-05-14T11:31:29.7030538+08:00" testType="13cdc9d9-ddb5-4fa4-a97d-d965ccfc6d4b" outcome="Failed" testListId="8c84fa94-04c1-424b-9868-57a2d4851a1d" relativeResultsDirectory="9517b472-ce3c-4460-9abe-04ade982b320">
      <Output>
        <ErrorInfo>
          <Message>  Assert.That(RecordingActor.Trace, Is.Empty)&#xD;
  Expected: &lt;empty&gt;&#xD;
  But was:  &lt; "R:1" &gt;&#xD;
</Message>
          <StackTrace>   at LayerBase.Test.ActorPostPumpTests.Invalid_physical_targets_fail_and_stale_generation_is_rejected() in D:\RiderProject\Events\LayerBase.Test\ActorPostPumpTests.cs:line 91&#xD;

1)    at LayerBase.Test.ActorPostPumpTests.Invalid_physical_targets_fail_and_stale_generation_is_rejected() in D:\RiderProject\Events\LayerBase.Test\ActorPostPumpTests.cs:line 91&#xD;

</StackTrace>
        </ErrorInfo>
      </Output>
    </UnitTestResult>
[...]
    <TestEntry testId="e05ae739-e379-004a-c82e-121c54cea2a6" executionId="1c29b0d1-e585-49ba-9d28-9f6a0c06fec8" testListId="8c84fa94-04c1-424b-9868-57a2d4851a1d" />
    <TestEntry testId="e62bd99e-f919-4704-ef14-7698e984675f" executionId="ff3176a4-eaaf-413a-9919-5b29af89c555" testListId="8c84fa94-04c1-424b-9868-57a2d4851a1d" />
    <TestEntry testId="a21276f0-8607-fbeb-9c6c-5bd66fcf0ddf" executionId="5d936043-22c7-4c73-b8be-9b16f92627cf" testListId="8c84fa94-04c1-424b-9868-57a2d4851a1d" />
    <TestEntry testId="a63f62f7-fb4b-1281-5da1-75c7eeb71f88" executionId="c1ceaf3e-aa2b-453d-a38a-aaa64a71935e" testListId="8c84fa94-04c1-424b-9868-57a2d4851a1d" />
    <TestEntry testId="080e4982-1542-ddc7-77b8-10e1e44b2336" executionId="7067b464-5edc-4603-8843-069e739e2bad" testListId="8c84fa94-04c1-424b-9868-57a2d4851a1d" />
    <TestEntry testId="ffa4dbb7-47f2-9c31-efcf-c9697a86e5a6" executionId="77d70742-48d1-4e61-a10d-ffb4a2e356e6" testListId="8c84fa94-04c1-424b-9868-57a2d4851a1d" />
    <TestEntry testId="2ffa47ad-210d-8e72-1f64-ccff9fe56e53" executionId="261c9732-7d6f-4ecc-8d47-4322ccb01aab" testListId="8c84fa94-04c1-424b-9868-57a2d4851a1d" />
    <TestEntry testId="bfe4ef51-fe4e-dc5e-6692-f276e243ac3a" executionId="bde339b8-f60e-407e-9d22-041ce3f1912a" testListId="8c84fa94-04c1-424b-9868-57a2d4851a1d" />
    <TestEntry testId="1b11dd03-f3d1-b1b8-ca7c-014557c3c6a4" executionId="a2f396bc-aea1-41a4-a3b9-a90a1aeacc7f" testListId="8c84fa94-04c1-424b-9868-57a2d4851a1d" />
    <TestEntry testId="b0acccdb-7036-f728-46d5-b080ab5dbf45" executionId="9456990c-7533-4aac-83dc-02098605eb16" testListId="8c84fa94-04c1-424b-9868-57a2d4851a1d" />
    <TestEntry testId="1c43944d-41d3-99ca-286d-3c33077ef4a9" executionId="267fc631-e7a3-43bd-8c3a-73c0ee40e104" testListId="8c84fa94-04c1-424b-9868-57a2d4851a1d" />
    <TestEntry testId="0467cc81-502f-a9ba-3726-2be92909bd6e" executionId="025f582d-51f3-4fec-9dea-59e03217ec16" testListId="8c84fa94-04c1-424b-9868-57a2d4851a1d" />
    <TestEntry testId="114e3906-72e2-22c5-085a-36f816ec52e4" executionId="b815b9a4-79bf-4528-b938-099a0a7bd9d9" testListId="8c84fa94-04c1-424b-9868-57a2d4851a1d" />
    <TestEntry testId="faa15847-865c-f83f-b54d-6bebc769eb4f" executionId="6899d67f-8555-4e06-b66b-7cf234b721b8" testListId="8c84fa94-04c1-424b-9868-57a2d4851a1d" />
    <TestEntry testId="72d246e8-372d-3a98-953d-355aeb1e2d3c" executionId="b9bea0d3-f7c7-4de2-b053-134d287c15ae" testListId="8c84fa94-04c1-424b-9868-57a2d4851a1d" />
    <TestEntry testId="bfa85672-8b75-fa35-4692-e38eeaf92a86" executionId="498745b2-d427-47eb-8727-c5d53ad7c647" testListId="8c84fa94-04c1-424b-9868-57a2d4851a1d" />
    <TestEntry testId="e3a89db5-0171-ee98-c312-d5be192108ee" executionId="49968d07-17ff-41a0-9887-b17fa9c0d94c" testListId="8c84fa94-04c1-424b-9868-57a2d4851a1d" />
    <TestEntry testId="e8454a9a-bcc1-32bd-6d2d-ac5d115a1ad5" executionId="7d92b290-84f6-414c-b9f1-ad305bdfe436" testListId="8c84fa94-04c1-424b-9868-57a2d4851a1d" />
    <TestEntry testId="623d7748-2f02-3a33-4fc4-32066e60112a" executionId="18289874-c5ca-4bd1-8eac-64dea1cb1da2" testListId="8c84fa94-04c1-424b-9868-57a2d4851a1d" />
    <TestEntry testId="96abab31-b611-b48c-6648-170cfc2fca66" executionId="9e26943f-c053-45dc-874b-b8c833166ddb" testListId="8c84fa94-04c1-424b-9868-57a2d4851a1d" />
    <TestEntry testId="70fc8e68-abcb-986a-ce3f-2aa1546db6e3" executionId="9910457e-4188-41fa-919c-945592e92284" testListId="8c84fa94-04c1-424b-9868-57a2d4851a1d" />
    <TestEntry testId="f12005a3-143b-4e48-d9f5-905f298bf1e4" executionId="d668c0b4-1d2c-4ac1-9c36-b5d44210c2ae" testListId="8c84fa94-04c1-424b-9868-57a2d4851a1d" />
    <TestEntry testId="eea85bff-4aaa-237f-fa63-5842343d07e3" executionId="0d3df45f-50ae-4842-806f-87a412c9652b" testListId="8c84fa94-04c1-424b-9868-57a2d4851a1d" />
    <TestEntry testId="25286d84-b420-1aa8-1210-a2a4b91bffa0" executionId="3f0d0cbf-c3fd-4832-81d3-c99296e90085" testListId="8c84fa94-04c1-424b-9868-57a2d4851a1d" />
    <TestEntry testId="5cb29a36-e4c5-1f16-a435-d617bde3c52f" executionId="92982bd2-7985-4e59-8634-42c86b1868dc" testListId="8c84fa94-04c1-424b-9868-57a2d4851a1d" />
    <TestEntry testId="5f09f5bb-cb63-6dea-a03a-571012d37ab2" executionId="5ae22e5c-7515-43af-96e8-28d573af725c" testListId="8c84fa94-04c1-424b-9868-57a2d4851a1d" />
    <TestEntry testId="1bbbb3a8-5b79-08d8-3c93-7fa4c554422c" executionId="04921710-b335-4966-9d1b-38308491d4b0" testListId="8c84fa94-04c1-424b-9868-57a2d4851a1d" />
    <TestEntry testId="432d49b6-d7fd-7077-b21b-c13a6fb25187" executionId="f0f91966-cba0-426d-b44f-ef68354ef47e" testListId="8c84fa94-04c1-424b-9868-57a2d4851a1d" />
    <TestEntry testId="eacf7bca-56ae-b470-2ddf-a1b102deaadb" executionId="d0cf4bf8-28c2-463f-a5b2-e824398bce73" testListId="8c84fa94-04c1-424b-9868-57a2d4851a1d" />
    <TestEntry testId="ef0fe2c1-e9a0-1499-711b-4ee7f8c7187c" executionId="7cd809b4-d550-4ce6-b2c9-8fbd15a08434" testListId="8c84fa94-04c1-424b-9868-57a2d4851a1d" />
    <TestEntry testId="899752ad-12fc-2b8e-2499-48e13157c757" executionId="6e1d560a-b46a-4743-bacb-9094fb861434" testListId="8c84fa94-04c1-424b-9868-57a2d4851a1d" />
    <TestEntry testId="e0316438-e087-275a-acaf-bbbd8df80d44" executionId="4d2e9fb3-5b23-418c-8c02-14a3b4d6edac" testListId="8c84fa94-04c1-424b-9868-57a2d4851a1d" />
    <TestEntry testId="a7b4ab9a-e827-cab7-d35b-5f472c1d2ccb" executionId="842767f7-5b27-4527-b075-d1dc44daedfe" testListId="8c84fa94-04c1-424b-9868-57a2d4851a1d" />
    <TestEntry testId="1c00ca87-5ae5-7002-1071-813c0f7ffcfb" executionId="8808dc2e-b426-46b5-8a95-c23484efb3ba" testListId="8c84fa94-04c1-424b-9868-57a2d4851a1d" />
    <TestEntry testId="aa9f7947-c0a1-62ea-09fe-23a40cd4586c" executionId="72befcb3-f681-408f-868b-2b0190952b8c" testListId="8c84fa94-04c1-424b-9868-57a2d4851a1d" />
    <TestEntry testId="cc1675ee-5785-795f-c7b4-dc28b1487ca2" executionId="45344c11-8495-42f9-b532-5903bffc7dda" testListId="8c84fa94-04c1-424b-9868-57a2d4851a1d" />
    <TestEntry testId="ebf78918-f269-56a4-7cf5-bb9c029cb292" executionId="8f4b10c1-6e2e-4c86-a043-453998750d4d" testListId="8c84fa94-04c1-424b-9868-57a2d4851a1d" />
    <TestEntry testId="5884b971-72e4-eb25-3989-e917cd655686" executionId="50acc365-60e0-4fed-a517-8b5adb9a4460" testListId="8c84fa94-04c1-424b-9868-57a2d4851a1d" />
    <TestEntry testId="8e8f5922-c67a-436b-cc79-119691c0480f" executionId="f95eabe4-16a9-4447-b3a7-a63bc0035fca" testListId="8c84fa94-04c1-424b-9868-57a2d4851a1d" />
    <TestEntry testId="75a9e528-7689-3ff1-e873-9a12842f2a29" executionId="42082d06-5788-45ae-8b51-81411d7f7660" testListId="8c84fa94-04c1-424b-9868-57a2d4851a1d" />
    <TestEntry testId="870a14dd-4fd5-e473-2938-5401df5aa6d7" executionId="48a0def4-30f9-4eb5-950c-88be1c8a47b1" testListId="8c84fa94-04c1-424b-9868-57a2d4851a1d" />
    <TestEntry testId="b0a529c5-342e-2038-b153-c0f0dcf0f57f" executionId="ce3866cf-7895-42d8-93c4-f02c1cb9bf17" testListId="8c84fa94-04c1-424b-9868-57a2d4851a1d" />
    <TestEntry testId="dc0d841d-6b91-bff0-529b-76ce7cce0f39" executionId="0d6287c1-a012-48f9-a975-b69adb42e085" testListId="8c84fa94-04c1-424b-9868-57a2d4851a1d" />
    <TestEntry testId="8ab34a40-00fe-a4c1-090f-690251cd329e" executionId="59db8811-4fea-4e16-8d9c-8ca42a969efc" testListId="8c84fa94-04c1-424b-9868-57a2d4851a1d" />
    <TestEntry testId="b0c56111-697a-3899-1166-4845d029f099" executionId="f83aac2e-3282-4783-8539-aadd90880419" testListId="8c84fa94-04c1-424b-9868-57a2d4851a1d" />
    <TestEntry testId="fc7515f7-8a70-7c40-b26b-e41503d4cbf9" executionId="bae167dd-b4e1-4799-9e68-59f6cf31c044" testListId="8c84fa94-04c1-424b-9868-57a2d4851a1d" />
    <TestEntry testId="c1853acf-fa97-8fe9-6a89-f8763ed9bf5f" executionId="15c61e03-9d36-4d38-849d-1501b464241d" testListId="8c84fa94-04c1-424b-9868-57a2d4851a1d" />
    <TestEntry testId="f97cb734-90b6-6138-611c-d4c1df579d70" executionId="17e0ed69-8e89-4fc4-8073-620d6a66712f" testListId="8c84fa94-04c1-424b-9868-57a2d4851a1d" />
    <TestEntry testId="77105c30-bb3e-2ab5-1120-a1b230fa5846" executionId="2289cce2-3cc4-458d-9b0e-4f4857f925d4" testListId="8c84fa94-04c1-424b-9868-57a2d4851a1d" />
    <TestEntry testId="c443d2ce-c8fd-7b52-a0c3-6784f4555a7a" executionId="532dddd7-f65e-45ef-9927-0d9fe9e7c380" testListId="8c84fa94-04c1-424b-9868-57a2d4851a1d" />
    <TestEntry testId="1c3aec8b-6e6e-9774-a071-43e3a263577c" executionId="cfbe93d0-145b-4c46-8708-fb7d1639d963" testListId="8c84fa94-04c1-424b-9868-57a2d4851a1d" />
    <TestEntry testId="9b515fae-10f6-5b32-dc9a-57312363c534" executionId="2d165951-d15a-4b53-8f67-0157a6dda8e5" testListId="8c84fa94-04c1-424b-9868-57a2d4851a1d" />
    <TestEntry testId="38910b7a-4e43-5fd1-c90a-8520160dc6d9" executionId="97d59aa0-c37b-4188-865d-f3801f31af3c" testListId="8c84fa94-04c1-424b-9868-57a2d4851a1d" />
    <TestEntry testId="ff4999f2-2842-608d-8976-3d21f088f8c1" executionId="edd6e6a0-d55e-4311-bb20-85350528366c" testListId="8c84fa94-04c1-424b-9868-57a2d4851a1d" />
    <TestEntry testId="f1ab75c2-2a0a-da32-0be9-e2031297ba85" executionId="9cf120da-3864-4cdf-8291-de1372161212" testListId="8c84fa94-04c1-424b-9868-57a2d4851a1d" />
    <TestEntry testId="a1eb3cf8-4092-c897-c7e3-23bff3b905bb" executionId="d753e7b1-dc39-4e38-b018-b20d7bf4dd81" testListId="8c84fa94-04c1-424b-9868-57a2d4851a1d" />
    <TestEntry testId="62a621b3-9219-3c64-7af2-3e8b5c1059e3" executionId="e609ef59-4db5-408b-aaa2-750a6223391c" testListId="8c84fa94-04c1-424b-9868-57a2d4851a1d" />
    <TestEntry testId="20683766-3c34-e781-3cf2-b41a3b4202b1" executionId="975598b3-ef62-4f0e-9b0b-a133c3c30617" testListId="8c84fa94-04c1-424b-9868-57a2d4851a1d" />
    <TestEntry testId="d062fddb-a912-d1ac-56ab-59fbea29a8b3" executionId="68e77316-314a-4e97-bcb1-914bcf67547a" testListId="8c84fa94-04c1-424b-9868-57a2d4851a1d" />
    <TestEntry testId="599d24e9-b57d-8410-dcd8-065e53db28d8" executionId="04913769-1203-43cf-be1c-87c7bd9469ef" testListId="8c84fa94-04c1-424b-9868-57a2d4851a1d" />
    <TestEntry testId="7d82fd3f-79f5-de21-e13b-5ddcd218b27e" executionId="2f364cfd-eee2-468f-a9c0-939e37cb1271" testListId="8c84fa94-04c1-424b-9868-57a2d4851a1d" />
    <TestEntry testId="3e9f7281-b558-36d0-5394-ca9b9e6f11bb" executionId="bc06836e-69de-474c-9136-3cadeda64092" testListId="8c84fa94-04c1-424b-9868-57a2d4851a1d" />
    <TestEntry testId="ce1da45d-ce86-103f-6ef1-f2864e08240e" executionId="ca6233d8-54b8-4b7a-95d4-455cd1b81983" testListId="8c84fa94-04c1-424b-9868-57a2d4851a1d" />
    <TestEntry testId="e0060e3a-813f-bac5-3ab7-bbe330702421" executionId="55f94941-5c44-4e1f-95dc-33e15af1d639" testListId="8c84fa94-04c1-424b-9868-57a2d4851a1d" />
    <TestEntry testId="b2b23c61-be24-5293-d761-76451bd2093e" executionId="9e3852cc-23a0-4f52-baaf-5e87f7cdc19e" testListId="8c84fa94-04c1-424b-9868-57a2d4851a1d" />
    <TestEntry testId="69b76fda-3d58-4696-5f64-2f16208bc664" executionId="342a3a99-53d7-4a42-9f8b-72a54ef92082" testListId="8c84fa94-04c1-424b-9868-57a2d4851a1d" />
    <TestEntry testId="07b1ef3a-1447-63aa-cc33-624b49b9b453" executionId="ce6ed46e-40d2-4525-a907-cf5a732113c3" testListId="8c84fa94-04c1-424b-9868-57a2d4851a1d" />
    <TestEntry testId="cdcf2dce-b5d0-1a29-408e-6c3a43c7ad7f" executionId="e7c147d9-9ff1-4407-ae11-b4a1abaa0fc9" testListId="8c84fa94-04c1-424b-9868-57a2d4851a1d" />
    <TestEntry testId="100af91d-4cf6-2d53-c83e-c428e9c0a611" executionId="b7c431cb-e567-44a2-82d1-e76b0f442737" testListId="8c84fa94-04c1-424b-9868-57a2d4851a1d" />
    <TestEntry testId="3b16717e-fb26-4700-3a96-c7ad7da0d4d0" executionId="854bd341-568f-4946-9f20-3d95509af0c2" testListId="8c84fa94-04c1-424b-9868-57a2d4851a1d" />
    <TestEntry testId="65ff8d0a-9471-22b9-b6ad-1a0c1e50b5fd" executionId="fc519484-24f1-4c31-84eb-b13e68894b33" testListId="8c84fa94-04c1-424b-9868-57a2d4851a1d" />
    <TestEntry testId="4825800e-d017-1333-dd9f-0b0795054f3d" executionId="9adac104-0837-4b6e-9455-ba6b1c995fcc" testListId="8c84fa94-04c1-424b-9868-57a2d4851a1d" />
    <TestEntry testId="faf5e476-bb64-b9fb-6c1d-2bf96b39ef90" executionId="cb50885d-b39b-4c98-810f-6c5725667611" testListId="8c84fa94-04c1-424b-9868-57a2d4851a1d" />
    <TestEntry testId="7c841e69-7421-5dec-331a-742d57cc3d72" executionId="d3d66125-e92d-4a60-b3b2-f08f98b49c0b" testListId="8c84fa94-04c1-424b-9868-57a2d4851a1d" />
    <TestEntry testId="b1a122d3-94fa-6638-8670-ba25594fceba" executionId="2ea5aaef-fec9-44b2-822b-e8cee3ee1a41" testListId="8c84fa94-04c1-424b-9868-57a2d4851a1d" />
    <TestEntry testId="aa2afc64-f3d1-86fa-a4ab-b0cd52b3aafd" executionId="861429fc-2a89-4b19-9b95-77fed12820ce" testListId="8c84fa94-04c1-424b-9868-57a2d4851a1d" />
    <TestEntry testId="2b205153-6b34-b2b3-367e-144259f498d4" executionId="c126f7d4-2b0d-4a83-9c40-b2d414d99d8f" testListId="8c84fa94-04c1-424b-9868-57a2d4851a1d" />
    <TestEntry testId="2b94f10f-77bd-8a8d-999b-b8894adfebad" executionId="603f409a-eb14-424d-9a01-d5fcbcf0db93" testListId="8c84fa94-04c1-424b-9868-57a2d4851a1d" />
    <TestEntry testId="d5624673-8032-3d2a-b4d6-9168975279c0" executionId="e7cfc5c7-ecea-476a-8034-050f6fab97e6" testListId="8c84fa94-04c1-424b-9868-57a2d4851a1d" />
    <TestEntry testId="a6043e38-c303-4d41-b384-7a6eec39d428" executionId="518aa0f1-361a-480a-b87f-4bbffb755091" testListId="8c84fa94-04c1-424b-9868-57a2d4851a1d" />
    <TestEntry testId="4f3b8bdf-520a-184a-5178-6a4465d1ba53" executionId="70f06975-d2a3-4da8-8eeb-3e5ccd313a92" testListId="8c84fa94-04c1-424b-9868-57a2d4851a1d" />
    <TestEntry testId="106b7170-a03b-2ee5-6fb9-71995bc72fcf" executionId="6a711247-57ad-43e4-90f8-4f70022f5145" testListId="8c84fa94-04c1-424b-9868-57a2d4851a1d" />
    <TestEntry testId="99d3b990-29e1-d30c-ce22-6c2007240cd3" executionId="ccc26e9c-700c-4ebe-8bab-7d45d403b696" testListId="8c84fa94-04c1-424b-9868-57a2d4851a1d" />
    <TestEntry testId="ca57aaab-5053-b906-b06a-d51213d56799" executionId="4b783074-5ac4-46d1-8ad1-dcc59dbfac70" testListId="8c84fa94-04c1-424b-9868-57a2d4851a1d" />
    <TestEntry testId="10a2a1a5-5984-8880-d054-f510f8586d74" executionId="e2873774-11a0-4310-9625-f045048150ad" testListId="8c84fa94-04c1-424b-9868-57a2d4851a1d" />
    <TestEntry testId="7d5cad7b-1215-9d33-9538-9358c31b4196" executionId="a19ee6ff-13ed-4c15-a02e-3a09127b4103" testListId="8c84fa94-04c1-424b-9868-57a2d4851a1d" />
    <TestEntry testId="c424f462-676d-a698-cfb5-b470ad5df8a2" executionId="74eda50b-6a79-48cc-8a0b-8b52d8be8311" testListId="8c84fa94-04c1-424b-9868-57a2d4851a1d" />
    <TestEntry testId="db0796a2-b9e5-d265-74fc-9981a1d51848" executionId="185a2770-e4a9-41c8-9495-81a5ed7c98f9" testListId="8c84fa94-04c1-424b-9868-57a2d4851a1d" />
    <TestEntry testId="6ae01e77-d5dd-0d97-8a75-91355a36dad5" executionId="69a6f840-b021-420c-a075-ea334ed178ef" testListId="8c84fa94-04c1-424b-9868-57a2d4851a1d" />
    <TestEntry testId="3f184582-4e15-5982-28bd-6ab558620b7f" executionId="a5229ece-a000-4aeb-8ae8-0f847551e22f" testListId="8c84fa94-04c1-424b-9868-57a2d4851a1d" />
    <TestEntry testId="b4de8342-49d9-0ba9-af8f-bf2890424c62" executionId="06231646-ec08-41b9-9bf8-e41309a8b23e" testListId="8c84fa94-04c1-424b-9868-57a2d4851a1d" />
    <TestEntry testId="f1cfcd62-3c5b-7338-3709-cf3c42792998" executionId="6177c6a2-ce2b-42d7-b3b2-d00f63c234b4" testListId="8c84fa94-04c1-424b-9868-57a2d4851a1d" />
    <TestEntry testId="74c9edfa-b200-9002-e4ac-0a3914b4903a" executionId="474cc49e-c6fe-4650-a711-bc51755e1eea" testListId="8c84fa94-04c1-424b-9868-57a2d4851a1d" />
    <TestEntry testId="a88f3384-e480-bf1a-8861-24692ce05b6b" executionId="7be3363d-e6bf-4bd0-8906-8b5c720a65e1" testListId="8c84fa94-04c1-424b-9868-57a2d4851a1d" />
    <TestEntry testId="cba24148-5a31-d3ae-0b36-2f585f81a715" executionId="12204472-da19-4766-a042-40f7674f6f2b" testListId="8c84fa94-04c1-424b-9868-57a2d4851a1d" />
    <TestEntry testId="b2ab5b08-1a75-02c9-3493-724786350e6d" executionId="faf174d5-6566-4fc4-a73f-d239b71a88d0" testListId="8c84fa94-04c1-424b-9868-57a2d4851a1d" />
    <TestEntry testId="7f2702fb-0bae-9201-2050-b937617f1f8c" executionId="25be8283-97a0-42ed-9353-27a2824c2487" testListId="8c84fa94-04c1-424b-9868-57a2d4851a1d" />
    <TestEntry testId="ce9ce2dc-8152-57b6-f074-41c4afb41246" executionId="0db7b49f-3f63-4b08-8789-268389b5081a" testListId="8c84fa94-04c1-424b-9868-57a2d4851a1d" />
    <TestEntry testId="55e165d7-86ac-4864-4982-db78385cbcf8" executionId="69caa75e-c382-45b3-ba7a-81773ee7711c" testListId="8c84fa94-04c1-424b-9868-57a2d4851a1d" />
    <TestEntry testId="7d131e85-a1a4-7331-1b92-17bedfbc6e4c" executionId="f44818f1-4ba3-494f-9997-1b458c97bf88" testListId="8c84fa94-04c1-424b-9868-57a2d4851a1d" />
    <TestEntry testId="02afffdf-0006-4ce1-070c-7c4914e5aa04" executionId="d91812b5-2eed-4dab-a3fc-51c335c73019" testListId="8c84fa94-04c1-424b-9868-57a2d4851a1d" />
    <TestEntry testId="75b4b79f-5fa3-ccec-125d-e0e9669e9834" executionId="642306ee-815f-4eb1-bebd-cbd194d3c3b6" testListId="8c84fa94-04c1-424b-9868-57a2d4851a1d" />
    <TestEntry testId="4d3a20fa-f891-7aaa-688a-5e3884d03ad1" executionId="8d4cfa1e-8668-418f-992b-d941f0bb0406" testListId="8c84fa94-04c1-424b-9868-57a2d4851a1d" />
    <TestEntry testId="7dd5a4ba-1df2-330c-283b-3345fd0f5721" executionId="f07f5b87-ae28-4030-86ca-c5205ca9ff27" testListId="8c84fa94-04c1-424b-9868-57a2d4851a1d" />
  </TestEntries>
  <TestLists>
    <TestList name="列表中未列出的结果" id="8c84fa94-04c1-424b-9868-57a2d4851a1d" />
    <TestList name="所有已加载的结果" id="19431567-8539-422a-85d7-44ee4e166bda" />
  </TestLists>
  <ResultSummary outcome="Failed">
    <Counters total="309" executed="309" passed="275" failed="34" error="0" timeout="0" aborted="0" inconclusive="0" passedButRunAborted="0" notRunnable="0" notExecuted="0" disconnected="0" warning="0" completed="0" inProgress="0" pending="0" />
    <Output>
      <StdOut>NUnit Adapter 4.6.0.0: Test execution started&#xD;
Running all tests in D:\RiderProject\Events\LayerBase.Test\bin\Debug\net9.0\LayerBase.Test.dll&#xD;
   NUnit3TestExecutor discovered 309 of 309 NUnit test cases using Current Discovery mode, Non-Explicit run&#xD;
&gt;&gt;&gt; [Test] Starting Direct Cycle Test...&#xD;
[Diagnostic] DirectCycleManager deps count: 1&#xD;
  - Event_A -&gt; Event_A&#xD;
[SUCCESS] Caught Expected Exception:&#xD;
Synchronous event cycle detected!&#xD;
To ensure performance, synchronous dispatch of events that may cause a loop is prohibited.&#xD;
Cycle path: Event_A -&gt; Event_A&#xD;
Solution: Change any [Send] in the loop to [Post] (asynchronous dispatch) to break the synchronous call stack.&#xD;
&#xD;
&gt;&gt;&gt; [Test] Starting Indirect Cycle Test...&#xD;
[Diagnostic] IndirectManagerA deps count: 1&#xD;
  - Event_A -&gt; Event_B&#xD;
[Diagnostic] IndirectManagerB deps count: 1&#xD;
  - Event_B -&gt; Event_A&#xD;
[SUCCESS] Caught Expected Exception:&#xD;
Synchronous event cycle detected!&#xD;
To ensure performance, synchronous dispatch of events that may cause a loop is prohibited.&#xD;
Cycle path: Event_A -&gt; Event_B -&gt; Event_A&#xD;
Solution: Change any [Send] in the loop to [Post] (asynchronous dispatch) to break the synchronous call stack.&#xD;
&#xD;
Captured Build-Time Dead Letter Log: This event is dispatched synchronously but has no subscribers in current topology.&#xD;
&#xD;
Captured Topology Log:&#xD;
LayerBase Topology Audit Report&#xD;
------------------------------------------------&#xD;
Layer 0: TestDiagLayer [Passive]&#xD;
  -&gt; [M] TestDiagManager&#xD;
       |-- Subscribed: SomeEvent&#xD;
------------------------------------------------&#xD;
&#xD;
&#xD;
&#xD;
--- Scene A: All 64 Layers Idle ---&#xD;
[All Idle] 1000000 iterations, Total: 557ms, Avg: 557.39ns/pump&#xD;
&#xD;
--- Scene B: Only Last Layer (Index 63) Active ---&#xD;
[1 Layer Active (Tail)] 1000000 iterations, Total: 480ms, Avg: 480.61ns/pump&#xD;
&#xD;
&#xD;
[内存密集�?集中分发] TPS: 15,040,987&#xD;
[内存碎片�?跨桶分发] TPS: 16,909,630&#xD;
&#xD;
NUnit Adapter 4.6.0.0: Test execution complete&#xD;
</StdOut>
    </Output>
  </ResultSummary>
</TestRun>