<?xml version="1.0" encoding="utf-8"?>
<TestRun id="a8fe131e-6c8a-4b4c-a1f5-1dbc6342d1db" name="Administrator@PC-20260622JNQK 2026-07-18 00:54:35" runUser="PC-20260622JNQK\Administrator" xmlns="http://microsoft.com/schemas/VisualStudio/TeamTest/2010">
  <Times creation="2026-07-18T00:54:35.1933110+08:00" queuing="2026-07-18T00:54:35.1933111+08:00" start="2026-07-18T00:54:34.6634670+08:00" finish="2026-07-18T00:55:33.0063781+08:00" />
  <TestSettings name="default" id="a1fd9e9c-8aa6-4f60-a5be-3c34ecb481a2">
    <Deployment runDeploymentRoot="Administrator_PC-20260622JNQK_2026-07-18_00_54_35" />
  </TestSettings>
  <Results>
    <UnitTestResult executionId="b7796f46-b11d-4f8f-a9e1-0eceb4c47965" testId="b7dd7736-e4f8-0774-cf10-ae0c26f94250" testName="AddSpecialPolicy_Ensures_Capacity" computerName="PC-20260622JNQK" duration="00:00:00.0036720" startTime="2026-07-18T00:54:37.0307665+08:00" endTime="2026-07-18T00:54:37.0344380+08:00" testType="13cdc9d9-ddb5-4fa4-a97d-d965ccfc6d4b" outcome="Passed" testListId="8c84fa94-04c1-424b-9868-57a2d4851a1d" relativeResultsDirectory="b7796f46-b11d-4f8f-a9e1-0eceb4c47965" />
    <UnitTestResult executionId="559138e5-4f13-4f4f-8c7b-da26fd74fbbc" testId="d59f9c21-4d60-999f-13eb-8953d40281a3" testName="Factory_resolution_reuses_context_for_cycle_detection" computerName="PC-20260622JNQK" duration="00:00:00.0021340" startTime="2026-07-18T00:54:39.0232732+08:00" endTime="2026-07-18T00:54:39.0254069+08:00" testType="13cdc9d9-ddb5-4fa4-a97d-d965ccfc6d4b" outcome="Passed" testListId="8c84fa94-04c1-424b-9868-57a2d4851a1d" relativeResultsDirectory="559138e5-4f13-4f4f-8c7b-da26fd74fbbc" />
    <UnitTestResult executionId="5bea9b05-7dcd-43fc-b939-aca4d0c49a22" testId="31f8a64d-9675-3e49-10d0-2096c977e7d4" testName="Dispose_cancels_pending_delay_ask" computerName="PC-20260622JNQK" duration="00:00:00.0002080" startTime="2026-07-18T00:54:44.1836910+08:00" endTime="2026-07-18T00:54:44.1838987+08:00" testType="13cdc9d9-ddb5-4fa4-a97d-d965ccfc6d4b" outcome="Passed" testListId="8c84fa94-04c1-424b-9868-57a2d4851a1d" relativeResultsDirectory="5bea9b05-7dcd-43fc-b939-aca4d0c49a22" />
    <UnitTestResult executionId="3e77aac7-23eb-48fa-b4a3-8c0ecd96fe0a" testId="1c00ca87-5ae5-7002-1071-813c0f7ffcfb" testName="CreateActor_with_usePool_rents_and_returns_actor_instances" computerName="PC-20260622JNQK" duration="00:00:00.0002180" startTime="2026-07-18T00:54:46.0886722+08:00" endTime="2026-07-18T00:54:46.0888898+08:00" testType="13cdc9d9-ddb5-4fa4-a97d-d965ccfc6d4b" outcome="Passed" testListId="8c84fa94-04c1-424b-9868-57a2d4851a1d" relativeResultsDirectory="3e77aac7-23eb-48fa-b4a3-8c0ecd96fe0a" />
    <UnitTestResult executionId="06046013-15ea-4eb4-b188-d48a2d1b2c93" testId="8ed27135-ecac-b002-6c45-82b3b0e3baa4" testName="Transient_Always_Creates_New_Instance" computerName="PC-20260622JNQK" duration="00:00:00.0016930" startTime="2026-07-18T00:54:36.0852886+08:00" endTime="2026-07-18T00:54:36.0869815+08:00" testType="13cdc9d9-ddb5-4fa4-a97d-d965ccfc6d4b" outcome="Passed" testListId="8c84fa94-04c1-424b-9868-57a2d4851a1d" relativeResultsDirectory="06046013-15ea-4eb4-b188-d48a2d1b2c93" />
    <UnitTestResult executionId="61806923-f7d4-411c-8652-f03b389891ee" testId="33dcf1b0-e4db-78b8-6a4f-08b3c4c978b2" testName="Disposing_context_cancels_pending_sources" computerName="PC-20260622JNQK" duration="00:00:00.0004950" startTime="2026-07-18T00:54:49.7680545+08:00" endTime="2026-07-18T00:54:49.7685497+08:00" testType="13cdc9d9-ddb5-4fa4-a97d-d965ccfc6d4b" outcome="Passed" testListId="8c84fa94-04c1-424b-9868-57a2d4851a1d" relativeResultsDirectory="61806923-f7d4-411c-8652-f03b389891ee" />
    <UnitTestResult executionId="a91ad04c-2319-4815-a896-f05571e8a7c6" testId="080e4982-1542-ddc7-77b8-10e1e44b2336" testName="DestroyActor_marks_pending_destroy_filters_queries_and_reuses_slot" computerName="PC-20260622JNQK" duration="00:00:00.0008720" startTime="2026-07-18T00:54:46.0644907+08:00" endTime="2026-07-18T00:54:46.0653627+08:00" testType="13cdc9d9-ddb5-4fa4-a97d-d965ccfc6d4b" outcome="Passed" testListId="8c84fa94-04c1-424b-9868-57a2d4851a1d" relativeResultsDirectory="a91ad04c-2319-4815-a896-f05571e8a7c6" />
    <UnitTestResult executionId="39b719f7-35d1-46e1-ac60-bc3cd25e63a5" testId="4f521505-7188-3429-9a13-85e908eccf93" testName="Post_scheduler_does_not_keep_cross_thread_ingress_pipeline" computerName="PC-20260622JNQK" duration="00:00:00.0007600" startTime="2026-07-18T00:54:37.4249097+08:00" endTime="2026-07-18T00:54:37.4256695+08:00" testType="13cdc9d9-ddb5-4fa4-a97d-d965ccfc6d4b" outcome="Passed" testListId="8c84fa94-04c1-424b-9868-57a2d4851a1d" relativeResultsDirectory="39b719f7-35d1-46e1-ac60-bc3cd25e63a5" />
    <UnitTestResult executionId="ab2e1340-9ae2-4d1b-a870-192be964f4c1" testId="75a9e528-7689-3ff1-e873-9a12842f2a29" testName="DI_Throws_On_Ambiguous_Public_Constructors" computerName="PC-20260622JNQK" duration="00:00:00.0015169" startTime="2026-07-18T00:54:36.7267876+08:00" endTime="2026-07-18T00:54:36.7283049+08:00" testType="13cdc9d9-ddb5-4fa4-a97d-d965ccfc6d4b" outcome="Passed" testListId="8c84fa94-04c1-424b-9868-57a2d4851a1d" relativeResultsDirectory="ab2e1340-9ae2-4d1b-a870-192be964f4c1" />
    <UnitTestResult executionId="b5967b72-7e9b-4df5-9f24-1cd79f589b73" testId="68b09574-badd-6784-2e44-6871bc5c27f8" testName="LayersBuilder_rejects_repeated_build_and_push_after_build" computerName="PC-20260622JNQK" duration="00:00:00.0025829" startTime="2026-07-18T00:54:37.2870986+08:00" endTime="2026-07-18T00:54:37.2896819+08:00" testType="13cdc9d9-ddb5-4fa4-a97d-d965ccfc6d4b" outcome="Passed" testListId="8c84fa94-04c1-424b-9868-57a2d4851a1d" relativeResultsDirectory="b5967b72-7e9b-4df5-9f24-1cd79f589b73" />
    <UnitTestResult executionId="0c3b9acf-782e-4d0e-8191-55140fa7777d" testId="523feaae-815d-1f87-c76f-7bf54b057283" testName="Invalid_actor_behaviour_declarations_report_expected_diagnostic(&quot;LBACTOR206&quot;,&quot;using System.Threading;\nusing LayerBase.Actor;\nusing LayerBase.Async;\n\r\npublic struct GetHpRequest { }\r\npublic struct GetHpResponse { }\r\n\r\npublic sealed partial class EnemyActor : IActor\r\n{\r\n    [ActorCallBehaviour]\r\n    private LBTask&lt;GetHpResponse&gt; OnGetHp(in GetHpRequest request, CancellationToken cancellationToken)\r\n    {\r\n        return LBTask&lt;GetHpResponse&gt;.FromResult(default);\r\n    }\r\n\r\n    [ActorCallBehaviour]\r\n    private LBTask&lt;GetHpResponse&gt; OnGetHpAgain(in GetHpRequest request, CancellationToken cancellationToken)\r\n    {\r\n        return LBTask&lt;GetHpResponse&gt;.FromResult(default);\r\n    }\n}&quot;)" computerName="PC-20260622JNQK" duration="00:00:00.0484119" startTime="2026-07-18T00:54:45.7599676+08:00" endTime="2026-07-18T00:54:45.8083797+08:00" testType="13cdc9d9-ddb5-4fa4-a97d-d965ccfc6d4b" outcome="Passed" testListId="8c84fa94-04c1-424b-9868-57a2d4851a1d" relativeResultsDirectory="0c3b9acf-782e-4d0e-8191-55140fa7777d" />
    <UnitTestResult executionId="90be6bd1-2b20-4798-acd7-c57532b95ae3" testId="1c6acdf6-ef52-bbf3-8e7b-36efd2a19029" testName="Latest_Mode_Processes_Only_Last_Value" computerName="PC-20260622JNQK" duration="00:00:00.0045170" startTime="2026-07-18T00:54:37.0460542+08:00" endTime="2026-07-18T00:54:37.0505716+08:00" testType="13cdc9d9-ddb5-4fa4-a97d-d965ccfc6d4b" outcome="Passed" testListId="8c84fa94-04c1-424b-9868-57a2d4851a1d" relativeResultsDirectory="90be6bd1-2b20-4798-acd7-c57532b95ae3" />
    <UnitTestResult executionId="eabe1770-03cf-435e-8fca-9aa8d7f18156" testId="e13ac140-ba2a-5707-1576-6ffa2c02db92" testName="CreateActor_with_usePool_requires_ipooled_actor" computerName="PC-20260622JNQK" duration="00:00:00.0001120" startTime="2026-07-18T00:54:46.0888945+08:00" endTime="2026-07-18T00:54:46.0890065+08:00" testType="13cdc9d9-ddb5-4fa4-a97d-d965ccfc6d4b" outcome="Passed" testListId="8c84fa94-04c1-424b-9868-57a2d4851a1d" relativeResultsDirectory="eabe1770-03cf-435e-8fca-9aa8d7f18156" />
    <UnitTestResult executionId="7866aeae-42c3-4a9d-abbd-5f699f2e7760" testId="07689440-500f-4f49-9938-33347f9f2d23" testName="ActorTypeMetaBuilder_collects_behaviours_and_sorts_signature" computerName="PC-20260622JNQK" duration="00:00:00.0015420" startTime="2026-07-18T00:54:44.1861889+08:00" endTime="2026-07-18T00:54:44.1877304+08:00" testType="13cdc9d9-ddb5-4fa4-a97d-d965ccfc6d4b" outcome="Passed" testListId="8c84fa94-04c1-424b-9868-57a2d4851a1d" relativeResultsDirectory="7866aeae-42c3-4a9d-abbd-5f699f2e7760" />
    <UnitTestResult executionId="d269380c-0ecd-45ad-870b-df4612849e82" testId="680470f0-2f61-e72f-4643-c2355f8d67cf" testName="Invalid_actor_behaviour_declarations_report_expected_diagnostic(&quot;LBACTOR006&quot;,&quot;using LayerBase.Actor;\r\n\r\npublic struct DamageEvent { }\r\n\r\npublic sealed partial class EnemyActor : IActor\r\n{\r\n    [ActorBehaviour]\r\n    private void OnDamage(DamageEvent e)\r\n    {\r\n    }\r\n}&quot;)" computerName="PC-20260622JNQK" duration="00:00:00.0756590" startTime="2026-07-18T00:54:45.3074293+08:00" endTime="2026-07-18T00:54:45.3830879+08:00" testType="13cdc9d9-ddb5-4fa4-a97d-d965ccfc6d4b" outcome="Passed" testListId="8c84fa94-04c1-424b-9868-57a2d4851a1d" relativeResultsDirectory="d269380c-0ecd-45ad-870b-df4612849e82" />
    <UnitTestResult executionId="f2021790-8606-45b2-bf83-ceda3208538a" testId="da9ced4f-5624-4ede-515c-acadf5d2f57b" testName="Initialize_runs_through_scope_lifecycle_plan_in_forward_layer_order" computerName="PC-20260622JNQK" duration="00:00:00.0021830" startTime="2026-07-18T00:54:37.6802539+08:00" endTime="2026-07-18T00:54:37.6824370+08:00" testType="13cdc9d9-ddb5-4fa4-a97d-d965ccfc6d4b" outcome="Passed" testListId="8c84fa94-04c1-424b-9868-57a2d4851a1d" relativeResultsDirectory="f2021790-8606-45b2-bf83-ceda3208538a" />
    <UnitTestResult executionId="9bc2f405-64fa-4a76-91ef-fa7c29004462" testId="41c98198-25c4-8d7e-5509-c2c5e3e13ddc" testName="Layer_runtime_public_api_does_not_expose_local_runtime_resources" computerName="PC-20260622JNQK" duration="00:00:00.0004590" startTime="2026-07-18T00:55:32.8515779+08:00" endTime="2026-07-18T00:55:32.8520371+08:00" testType="13cdc9d9-ddb5-4fa4-a97d-d965ccfc6d4b" outcome="Passed" testListId="8c84fa94-04c1-424b-9868-57a2d4851a1d" relativeResultsDirectory="9bc2f405-64fa-4a76-91ef-fa7c29004462" />
    <UnitTestResult executionId="f38b5bde-0603-4da7-a6ae-621d5390f5e4" testId="47916311-d35e-a551-20a0-f0db7b37d1de" testName="Worker_task_continuation_runs_on_worker_owner_thread" computerName="PC-20260622JNQK" duration="00:00:00.0028690" startTime="2026-07-18T00:54:37.7126001+08:00" endTime="2026-07-18T00:54:37.7154694+08:00" testType="13cdc9d9-ddb5-4fa4-a97d-d965ccfc6d4b" outcome="Passed" testListId="8c84fa94-04c1-424b-9868-57a2d4851a1d" relativeResultsDirectory="f38b5bde-0603-4da7-a6ae-621d5390f5e4" />
    <UnitTestResult executionId="72c0ba82-4cf2-474d-9c39-a9b99e041120" testId="4bd74b7a-0b89-2cd3-d793-3e77641f4cfd" testName="Missing_scope_local_call_route_fails_during_build_audit" computerName="PC-20260622JNQK" duration="00:00:00.0018920" startTime="2026-07-18T00:54:39.0417585+08:00" endTime="2026-07-18T00:54:39.0436502+08:00" testType="13cdc9d9-ddb5-4fa4-a97d-d965ccfc6d4b" outcome="Passed" testListId="8c84fa94-04c1-424b-9868-57a2d4851a1d" relativeResultsDirectory="72c0ba82-4cf2-474d-9c39-a9b99e041120" />
    <UnitTestResult executionId="0b1275ec-46dc-4c71-8560-50b7455466b1" testId="14174fbf-2de8-771a-e7f5-7b6bc82187b5" testName="Invalid_actor_behaviour_declarations_report_expected_diagnostic(&quot;LBACTOR202&quot;,&quot;using System.Threading;\r\nusing LayerBase.Actor;\r\n\r\npublic struct GetHpRequest { }\r\npublic struct GetHpResponse { }\r\n\r\npublic sealed partial class EnemyActor : IActor\r\n{\r\n    [ActorCallBehaviour]\r\n    private GetHpResponse OnGetHp(in GetHpRequest request, CancellationToken cancellationToken)\r\n    {\r\n        return default;\r\n    }\r\n}&quot;)" computerName="PC-20260622JNQK" duration="00:00:00.0445510" startTime="2026-07-18T00:54:45.5398695+08:00" endTime="2026-07-18T00:54:45.5844202+08:00" testType="13cdc9d9-ddb5-4fa4-a97d-d965ccfc6d4b" outcome="Passed" testListId="8c84fa94-04c1-424b-9868-57a2d4851a1d" relativeResultsDirectory="0b1275ec-46dc-4c71-8560-50b7455466b1" />
    <UnitTestResult executionId="89a5b1a2-d374-40fa-b6d9-13e8b6250e8f" testId="a3a639f4-41d0-84a5-9477-f803166d54d0" testName="Scope_local_call_handler_without_async_reports_analyzer_diagnostic" computerName="PC-20260622JNQK" duration="00:00:00.0612800" startTime="2026-07-18T00:54:49.2879540+08:00" endTime="2026-07-18T00:54:49.3492335+08:00" testType="13cdc9d9-ddb5-4fa4-a97d-d965ccfc6d4b" outcome="Passed" testListId="8c84fa94-04c1-424b-9868-57a2d4851a1d" relativeResultsDirectory="89a5b1a2-d374-40fa-b6d9-13e8b6250e8f" />
    <UnitTestResult executionId="f5ade98f-0862-489b-ae7c-3d75fd3f1475" testId="ff0087e0-7ac6-6239-0a67-8a7c26760420" testName="Generated_definition_rejects_custom_scope_id_zero" computerName="PC-20260622JNQK" duration="00:00:00.0004300" startTime="2026-07-18T00:55:32.3412142+08:00" endTime="2026-07-18T00:55:32.3416438+08:00" testType="13cdc9d9-ddb5-4fa4-a97d-d965ccfc6d4b" outcome="Passed" testListId="8c84fa94-04c1-424b-9868-57a2d4851a1d" relativeResultsDirectory="f5ade98f-0862-489b-ae7c-3d75fd3f1475" />
    <UnitTestResult executionId="f2b6a17f-f5ee-4948-8082-506378177ee6" testId="c9f2c2e7-d36b-f157-79c9-2100e771a94c" testName="Disabled_actor_still_receives_events_while_lifecycle_updates_are_skipped" computerName="PC-20260622JNQK" duration="00:00:00.0005140" startTime="2026-07-18T00:54:48.8198905+08:00" endTime="2026-07-18T00:54:48.8204046+08:00" testType="13cdc9d9-ddb5-4fa4-a97d-d965ccfc6d4b" outcome="Passed" testListId="8c84fa94-04c1-424b-9868-57a2d4851a1d" relativeResultsDirectory="f2b6a17f-f5ee-4948-8082-506378177ee6" />
    <UnitTestResult executionId="9d963a8b-5eb8-41d2-b7af-b44b100de1aa" testId="dd40e3cb-b57b-c51c-d2b6-fc168b8f15f2" testName="Concurrent_access_to_GetService_is_thread_safe" computerName="PC-20260622JNQK" duration="00:00:00.0025860" startTime="2026-07-18T00:54:38.9643690+08:00" endTime="2026-07-18T00:54:38.9669545+08:00" testType="13cdc9d9-ddb5-4fa4-a97d-d965ccfc6d4b" outcome="Passed" testListId="8c84fa94-04c1-424b-9868-57a2d4851a1d" relativeResultsDirectory="9d963a8b-5eb8-41d2-b7af-b44b100de1aa" />
    <UnitTestResult executionId="ce7e1eaa-96d2-4402-8cbb-04c77559ba6c" testId="18ead85f-6f93-c73e-b3ce-b7b0f819d6ab" testName="Identical_duplicate_is_deduplicated" computerName="PC-20260622JNQK" duration="00:00:00.0041450" startTime="2026-07-18T00:55:32.7658354+08:00" endTime="2026-07-18T00:55:32.7699807+08:00" testType="13cdc9d9-ddb5-4fa4-a97d-d965ccfc6d4b" outcome="Passed" testListId="8c84fa94-04c1-424b-9868-57a2d4851a1d" relativeResultsDirectory="ce7e1eaa-96d2-4402-8cbb-04c77559ba6c" />
    <UnitTestResult executionId="1df6c5e1-dbf9-4dbc-8c83-a9db39b1ad11" testId="7d778cd7-1ef6-f667-0622-4e799ab508fb" testName="Concurrent_ingress_and_pump_returns_valid_results" computerName="PC-20260622JNQK" duration="00:00:00.0050260" startTime="2026-07-18T00:54:37.0735349+08:00" endTime="2026-07-18T00:54:37.0785604+08:00" testType="13cdc9d9-ddb5-4fa4-a97d-d965ccfc6d4b" outcome="Passed" testListId="8c84fa94-04c1-424b-9868-57a2d4851a1d" relativeResultsDirectory="1df6c5e1-dbf9-4dbc-8c83-a9db39b1ad11" />
    <UnitTestResult executionId="18ff2c1c-5cfc-4907-9d4f-f2225f875ffa" testId="a5379ef0-866e-0eb3-d6ce-3142cf5b7c36" testName="Mount_generator_reports_scope_boundary_diagnostics(&quot;LBMOUNT008&quot;,&quot;using LayerBase.DI;\r\nusing LayerBase.DI.Options;\r\nusing LayerBase.Scope;\r\n\r\npublic sealed class CombatScope : IScopeDefinition {  public ScopeOptions Options =&gt; ScopeOptions.Inline; }\r\n\r\n[Scope&lt;CombatScope&gt;]\r\npublic sealed partial class CombatService : IService\r\n{\r\n    [Mount] private MainScopeContext _context = null!;\r\n    public void ConfigureServices(IServiceCollection services) { }\r\n}\r\n\r\n[Scope&lt;PresentationScope&gt;]\r\n[OwnerService(typeof(CombatService))]\r\npublic sealed partial class MainScopeContext : ILayerContext\r\n{\r\n}&quot;)" computerName="PC-20260622JNQK" duration="00:00:00.0463400" startTime="2026-07-18T00:54:49.8925772+08:00" endTime="2026-07-18T00:54:49.9389167+08:00" testType="13cdc9d9-ddb5-4fa4-a97d-d965ccfc6d4b" outcome="Passed" testListId="8c84fa94-04c1-424b-9868-57a2d4851a1d" relativeResultsDirectory="18ff2c1c-5cfc-4907-9d4f-f2225f875ffa" />
    <UnitTestResult executionId="359994a3-76d4-4678-a53b-800c10e61c2d" testId="14b130b8-d771-9ef7-f0f4-332b20381ac0" testName="Mount_With_ImplementationType_Should_Run_Lifecycle" computerName="PC-20260622JNQK" duration="00:00:00.0017490" startTime="2026-07-18T00:55:32.8969957+08:00" endTime="2026-07-18T00:55:32.8987444+08:00" testType="13cdc9d9-ddb5-4fa4-a97d-d965ccfc6d4b" outcome="Passed" testListId="8c84fa94-04c1-424b-9868-57a2d4851a1d" relativeResultsDirectory="359994a3-76d4-4678-a53b-800c10e61c2d" />
    <UnitTestResult executionId="4a10aa91-b613-4373-a846-89b5048e63df" testId="a489e459-d599-ce95-76be-e15ce20a07ed" testName="Invalid_actor_behaviour_declarations_report_expected_diagnostic(&quot;LBACTOR002&quot;,&quot;using LayerBase.Actor;\r\n\r\npublic struct DamageEvent { }\r\n\r\npublic sealed partial class EnemyActor\r\n{\r\n    [ActorBehaviour]\r\n    private void OnDamage(in DamageEvent e)\r\n    {\r\n    }\r\n}&quot;)" computerName="PC-20260622JNQK" duration="00:00:00.0574210" startTime="2026-07-18T00:54:45.1078901+08:00" endTime="2026-07-18T00:54:45.1653110+08:00" testType="13cdc9d9-ddb5-4fa4-a97d-d965ccfc6d4b" outcome="Passed" testListId="8c84fa94-04c1-424b-9868-57a2d4851a1d" relativeResultsDirectory="4a10aa91-b613-4373-a846-89b5048e63df" />
    <UnitTestResult executionId="eb2cf3fa-ac60-4798-8e8b-d8497addfa03" testId="06c6a923-43a3-b374-d787-7f1da63bfd7a" testName="Service_blueprint_uses_owner_scope_world" computerName="PC-20260622JNQK" duration="00:00:00.0021070" startTime="2026-07-18T00:55:32.8081411+08:00" endTime="2026-07-18T00:55:32.8102479+08:00" testType="13cdc9d9-ddb5-4fa4-a97d-d965ccfc6d4b" outcome="Passed" testListId="8c84fa94-04c1-424b-9868-57a2d4851a1d" relativeResultsDirectory="eb2cf3fa-ac60-4798-8e8b-d8497addfa03" />
    <UnitTestResult executionId="186158d3-698e-4ec1-8da0-7d431b3e2599" testId="ed34e1e5-7740-9667-56ff-751fb9030e59" testName="Main_scope_ref_post_enters_scope_event_inbox_before_local_post_scheduler" computerName="PC-20260622JNQK" duration="00:00:00.0020690" startTime="2026-07-18T00:54:37.4162920+08:00" endTime="2026-07-18T00:54:37.4183610+08:00" testType="13cdc9d9-ddb5-4fa4-a97d-d965ccfc6d4b" outcome="Passed" testListId="8c84fa94-04c1-424b-9868-57a2d4851a1d" relativeResultsDirectory="186158d3-698e-4ec1-8da0-7d431b3e2599" />
    <UnitTestResult executionId="3f9fd65e-9840-47b7-b406-a08d08ccaf31" testId="939bd217-b898-a00b-4305-feb52d134db1" testName="Runtime_Dispose_Does_Not_Leak_Stores" computerName="PC-20260622JNQK" duration="00:00:00.0019930" startTime="2026-07-18T00:54:36.7956861+08:00" endTime="2026-07-18T00:54:36.7976793+08:00" testType="13cdc9d9-ddb5-4fa4-a97d-d965ccfc6d4b" outcome="Passed" testListId="8c84fa94-04c1-424b-9868-57a2d4851a1d" relativeResultsDirectory="3f9fd65e-9840-47b7-b406-a08d08ccaf31" />
    <UnitTestResult executionId="53fddbb6-f238-48b4-b932-4d56c87ca139" testId="c2eec7bf-8832-e0ba-1dc9-756e2abbb0c4" testName="Missing_publisher_fails_build" computerName="PC-20260622JNQK" duration="00:00:00.0031840" startTime="2026-07-18T00:54:38.9839747+08:00" endTime="2026-07-18T00:54:38.9871582+08:00" testType="13cdc9d9-ddb5-4fa4-a97d-d965ccfc6d4b" outcome="Passed" testListId="8c84fa94-04c1-424b-9868-57a2d4851a1d" relativeResultsDirectory="53fddbb6-f238-48b4-b932-4d56c87ca139" />
    <UnitTestResult executionId="61db42a0-2a2a-4c6d-b3f3-709590aa021c" testId="06cca8da-dbef-a6a0-9968-4b03200e1a7e" testName="Scope_transport_owns_protocol_payload_storage" computerName="PC-20260622JNQK" duration="00:00:00.0002040" startTime="2026-07-18T00:54:37.4292151+08:00" endTime="2026-07-18T00:54:37.4294186+08:00" testType="13cdc9d9-ddb5-4fa4-a97d-d965ccfc6d4b" outcome="Passed" testListId="8c84fa94-04c1-424b-9868-57a2d4851a1d" relativeResultsDirectory="61db42a0-2a2a-4c6d-b3f3-709590aa021c" />
    <UnitTestResult executionId="700c1181-64db-41fe-b69f-13a6e9b12b4e" testId="c1345b6d-8147-6924-0638-d0728d786de2" testName="Runtime_stop_runs_in_reverse_layer_order" computerName="PC-20260622JNQK" duration="00:00:00.0016290" startTime="2026-07-18T00:54:37.6936824+08:00" endTime="2026-07-18T00:54:37.6953115+08:00" testType="13cdc9d9-ddb5-4fa4-a97d-d965ccfc6d4b" outcome="Passed" testListId="8c84fa94-04c1-424b-9868-57a2d4851a1d" relativeResultsDirectory="700c1181-64db-41fe-b69f-13a6e9b12b4e" />
    <UnitTestResult executionId="8b030aef-2418-42cb-a35b-5526dae23ef6" testId="1be7e7ac-2819-73d6-d7f9-e4597c15871b" testName="Multiple_posts_to_same_actor_all_get_processed" computerName="PC-20260622JNQK" duration="00:00:00.0000850" startTime="2026-07-18T00:54:46.0686822+08:00" endTime="2026-07-18T00:54:46.0687675+08:00" testType="13cdc9d9-ddb5-4fa4-a97d-d965ccfc6d4b" outcome="Passed" testListId="8c84fa94-04c1-424b-9868-57a2d4851a1d" relativeResultsDirectory="8b030aef-2418-42cb-a35b-5526dae23ef6" />
    <UnitTestResult executionId="b4c2caeb-b917-4884-8df8-339ffb6ba096" testId="63ca8d1c-3400-5ece-d69d-3dccdadf3109" testName="Mount_With_ImplementationType_Should_Register_And_Inject_Abstract_Field" computerName="PC-20260622JNQK" duration="00:00:00.0017610" startTime="2026-07-18T00:55:32.8935560+08:00" endTime="2026-07-18T00:55:32.8953171+08:00" testType="13cdc9d9-ddb5-4fa4-a97d-d965ccfc6d4b" outcome="Passed" testListId="8c84fa94-04c1-424b-9868-57a2d4851a1d" relativeResultsDirectory="b4c2caeb-b917-4884-8df8-339ffb6ba096" />
    <UnitTestResult executionId="4e955ea4-1ba5-41ad-9b5e-81b8600f8708" testId="33a7bdfc-b16d-09f1-5ed9-288f7d0938b8" testName="Cross_assembly_layer_tool_is_transferred_to_single_assembly_module" computerName="PC-20260622JNQK" duration="00:00:00.1143640" startTime="2026-07-18T00:54:46.5485895+08:00" endTime="2026-07-18T00:54:46.6629531+08:00" testType="13cdc9d9-ddb5-4fa4-a97d-d965ccfc6d4b" outcome="Passed" testListId="8c84fa94-04c1-424b-9868-57a2d4851a1d" relativeResultsDirectory="4e955ea4-1ba5-41ad-9b5e-81b8600f8708" />
    <UnitTestResult executionId="841c0bc3-d2b0-4799-9a7d-51c5d287cdc1" testId="7967e1b2-e64c-edc9-b24b-c0e38c356896" testName="AsyncFaultAfterBucketRebuild_DisablesOriginalHandler" computerName="PC-20260622JNQK" duration="00:00:00.0033670" startTime="2026-07-18T00:54:37.3045761+08:00" endTime="2026-07-18T00:54:37.3079429+08:00" testType="13cdc9d9-ddb5-4fa4-a97d-d965ccfc6d4b" outcome="Passed" testListId="8c84fa94-04c1-424b-9868-57a2d4851a1d" relativeResultsDirectory="841c0bc3-d2b0-4799-9a7d-51c5d287cdc1" />
    <UnitTestResult executionId="5c3a2246-910e-4647-9fba-dddb0240c217" testId="11283e03-c47d-994c-aad5-e73c285aac46" testName="Stop_control_is_delivered_through_scope_call_inbox" computerName="PC-20260622JNQK" duration="00:00:00.0019430" startTime="2026-07-18T00:54:37.7044421+08:00" endTime="2026-07-18T00:54:37.7063851+08:00" testType="13cdc9d9-ddb5-4fa4-a97d-d965ccfc6d4b" outcome="Passed" testListId="8c84fa94-04c1-424b-9868-57a2d4851a1d" relativeResultsDirectory="5c3a2246-910e-4647-9fba-dddb0240c217" />
    <UnitTestResult executionId="e50d9052-6fae-4037-85c8-b9b243127939" testId="c13ae4d9-07fe-d26c-f4b6-6a25655fb8c7" testName="Where_False_ShouldNotTouch_Actor" computerName="PC-20260622JNQK" duration="00:00:00.0031330" startTime="2026-07-18T00:55:28.3885929+08:00" endTime="2026-07-18T00:55:28.3917254+08:00" testType="13cdc9d9-ddb5-4fa4-a97d-d965ccfc6d4b" outcome="Passed" testListId="8c84fa94-04c1-424b-9868-57a2d4851a1d" relativeResultsDirectory="e50d9052-6fae-4037-85c8-b9b243127939" />
    <UnitTestResult executionId="91ec4aaf-027f-40c3-a076-382ad0f87e4f" testId="7ece0632-ad0c-f06c-b55c-87ad2841c23a" testName="QueryWithBring_Fail_DoesNotTouchActorAndDoesNotPostEvent" computerName="PC-20260622JNQK" duration="00:00:00.0060790" startTime="2026-07-18T00:55:28.4896185+08:00" endTime="2026-07-18T00:55:28.4956974+08:00" testType="13cdc9d9-ddb5-4fa4-a97d-d965ccfc6d4b" outcome="Passed" testListId="8c84fa94-04c1-424b-9868-57a2d4851a1d" relativeResultsDirectory="91ec4aaf-027f-40c3-a076-382ad0f87e4f" />
    <UnitTestResult executionId="14ff6866-6ea6-4c80-bb68-bc687d969e38" testId="65ff8d0a-9471-22b9-b6ad-1a0c1e50b5fd" testName="Generated_tag_group_actor_code_compiles_without_errors" computerName="PC-20260622JNQK" duration="00:00:00.0514890" startTime="2026-07-18T00:54:45.0014751+08:00" endTime="2026-07-18T00:54:45.0529642+08:00" testType="13cdc9d9-ddb5-4fa4-a97d-d965ccfc6d4b" outcome="Passed" testListId="8c84fa94-04c1-424b-9868-57a2d4851a1d" relativeResultsDirectory="14ff6866-6ea6-4c80-bb68-bc687d969e38" />
    <UnitTestResult executionId="1862f578-d3fc-4aca-ad03-1c6f0015bca5" testId="57847736-c60e-665e-3b57-536cd407f9c2" testName="Factory_does_not_run_under_global_lock" computerName="PC-20260622JNQK" duration="00:00:00.0017720" startTime="2026-07-18T00:54:49.6067017+08:00" endTime="2026-07-18T00:54:49.6084736+08:00" testType="13cdc9d9-ddb5-4fa4-a97d-d965ccfc6d4b" outcome="Passed" testListId="8c84fa94-04c1-424b-9868-57a2d4851a1d" relativeResultsDirectory="1862f578-d3fc-4aca-ad03-1c6f0015bca5" />
    <UnitTestResult executionId="f66f4e37-ad8f-47e1-a5df-e3357a44c153" testId="22ec23ee-3a2d-006e-10e9-7fa80a535eed" testName="MaxWavesPerPump_Processes_Multiple_Waves" computerName="PC-20260622JNQK" duration="00:00:00.0007390" startTime="2026-07-18T00:54:37.0536883+08:00" endTime="2026-07-18T00:54:37.0544274+08:00" testType="13cdc9d9-ddb5-4fa4-a97d-d965ccfc6d4b" outcome="Passed" testListId="8c84fa94-04c1-424b-9868-57a2d4851a1d" relativeResultsDirectory="f66f4e37-ad8f-47e1-a5df-e3357a44c153" />
    <UnitTestResult executionId="ed4cf70f-b124-4605-b84d-f369cba188f6" testId="6b223d70-32e0-3544-3601-ace3c2ea2a9c" testName="Duplicate_singleton_registration_with_different_implementation_is_layer_isolated" computerName="PC-20260622JNQK" duration="00:00:00.0020270" startTime="2026-07-18T00:54:39.0212397+08:00" endTime="2026-07-18T00:54:39.0232666+08:00" testType="13cdc9d9-ddb5-4fa4-a97d-d965ccfc6d4b" outcome="Passed" testListId="8c84fa94-04c1-424b-9868-57a2d4851a1d" relativeResultsDirectory="ed4cf70f-b124-4605-b84d-f369cba188f6" />
    <UnitTestResult executionId="a1d2b351-9d25-4d77-bf7d-44380dc6a6f2" testId="61bf0aa8-0af5-b16a-4182-9ad6c81b879d" testName="FlushBuffers_Exception_Does_Not_Leak_Snapshot_Payloads" computerName="PC-20260622JNQK" duration="00:00:00.0053180" startTime="2026-07-18T00:54:36.7896286+08:00" endTime="2026-07-18T00:54:36.7949465+08:00" testType="13cdc9d9-ddb5-4fa4-a97d-d965ccfc6d4b" outcome="Passed" testListId="8c84fa94-04c1-424b-9868-57a2d4851a1d" relativeResultsDirectory="a1d2b351-9d25-4d77-bf7d-44380dc6a6f2" />
    <UnitTestResult executionId="295ca575-d273-424e-99f7-6833a1c0321e" testId="c147a6b1-522e-e5ae-0131-07edaa3ae333" testName="Layer_service_generator_reports_expected_diagnostic(&quot;LBOS001&quot;,&quot;using LayerBase.DI;\r\nusing LayerBase.DI.Options;\r\n\r\npublic sealed class NotAService\r\n{\r\n}\r\n\r\n[OwnerService(typeof(NotAService))]\r\npublic sealed partial class BadContext : ILayerContext\r\n{\r\n}&quot;)" computerName="PC-20260622JNQK" duration="00:00:00.0463230" startTime="2026-07-18T00:54:48.9639762+08:00" endTime="2026-07-18T00:54:49.0102994+08:00" testType="13cdc9d9-ddb5-4fa4-a97d-d965ccfc6d4b" outcome="Passed" testListId="8c84fa94-04c1-424b-9868-57a2d4851a1d" relativeResultsDirectory="295ca575-d273-424e-99f7-6833a1c0321e" />
    <UnitTestResult executionId="f54d2787-2e65-4e5d-a208-78ac3984e280" testId="6ae01e77-d5dd-0d97-8a75-91355a36dad5" testName="Coalesced_Mode_Processes_Only_Once_Per_Pump" computerName="PC-20260622JNQK" duration="00:00:00.0069120" startTime="2026-07-18T00:54:37.0382246+08:00" endTime="2026-07-18T00:54:37.0451361+08:00" testType="13cdc9d9-ddb5-4fa4-a97d-d965ccfc6d4b" outcome="Passed" testListId="8c84fa94-04c1-424b-9868-57a2d4851a1d" relativeResultsDirectory="f54d2787-2e65-4e5d-a208-78ac3984e280" />
    <UnitTestResult executionId="3919b0dc-5c94-4966-ba3b-0d6566b06e63" testId="9b1b0874-9164-3285-2f6d-0170c1632331" testName="DestroyActor_clears_mail_and_dirty_slot_never_invokes_destroyed_behaviour" computerName="PC-20260622JNQK" duration="00:00:00.0001150" startTime="2026-07-18T00:54:46.0643722+08:00" endTime="2026-07-18T00:54:46.0644868+08:00" testType="13cdc9d9-ddb5-4fa4-a97d-d965ccfc6d4b" outcome="Passed" testListId="8c84fa94-04c1-424b-9868-57a2d4851a1d" relativeResultsDirectory="3919b0dc-5c94-4966-ba3b-0d6566b06e63" />
    <UnitTestResult executionId="a3a32a8b-fa85-4296-87af-5a2a278f8266" testId="faf5e476-bb64-b9fb-6c1d-2bf96b39ef90" testName="TestTimerPolicyFromMetaData" computerName="PC-20260622JNQK" duration="00:00:00.0065630" startTime="2026-07-18T00:55:09.8658926+08:00" endTime="2026-07-18T00:55:09.8724551+08:00" testType="13cdc9d9-ddb5-4fa4-a97d-d965ccfc6d4b" outcome="Passed" testListId="8c84fa94-04c1-424b-9868-57a2d4851a1d" relativeResultsDirectory="a3a32a8b-fa85-4296-87af-5a2a278f8266" />
    <UnitTestResult executionId="a1abb591-cf0b-40f7-9e8a-710953588bcf" testId="7bacf407-db5d-b4cb-64b6-afa34c901ec5" testName="Cross_assembly_owner_layer_call_handler_is_transferred_to_single_assembly_module" computerName="PC-20260622JNQK" duration="00:00:00.1186650" startTime="2026-07-18T00:54:46.6629649+08:00" endTime="2026-07-18T00:54:46.7816298+08:00" testType="13cdc9d9-ddb5-4fa4-a97d-d965ccfc6d4b" outcome="Passed" testListId="8c84fa94-04c1-424b-9868-57a2d4851a1d" relativeResultsDirectory="a1abb591-cf0b-40f7-9e8a-710953588bcf" />
    <UnitTestResult executionId="2d519dbc-8509-41ba-a135-c3ec5adcbf10" testId="ddcce4a3-0da7-6501-d4b9-54f4d44191cd" testName="Worker_public_api_keeps_subscribe_parallel_removed_and_scope_ref_closed" computerName="PC-20260622JNQK" duration="00:00:00.0005590" startTime="2026-07-18T00:54:39.1115956+08:00" endTime="2026-07-18T00:54:39.1121542+08:00" testType="13cdc9d9-ddb5-4fa4-a97d-d965ccfc6d4b" outcome="Passed" testListId="8c84fa94-04c1-424b-9868-57a2d4851a1d" relativeResultsDirectory="2d519dbc-8509-41ba-a135-c3ec5adcbf10" />
    <UnitTestResult executionId="0065b082-0587-429b-aacf-91af8eb6cc27" testId="013d1a20-7295-e05a-9768-832177f0b36c" testName="Context_query_uses_owner_service_scope_world" computerName="PC-20260622JNQK" duration="00:00:00.0018790" startTime="2026-07-18T00:55:32.7773044+08:00" endTime="2026-07-18T00:55:32.7791829+08:00" testType="13cdc9d9-ddb5-4fa4-a97d-d965ccfc6d4b" outcome="Passed" testListId="8c84fa94-04c1-424b-9868-57a2d4851a1d" relativeResultsDirectory="0065b082-0587-429b-aacf-91af8eb6cc27" />
    <UnitTestResult executionId="600dbc5a-df37-44f7-977b-fc4a9c149da9" testId="1992acd1-f23e-3ca6-404b-c97b818625c6" testName="One_runtime_has_one_layer_tool_registry" computerName="PC-20260622JNQK" duration="00:00:00.0013880" startTime="2026-07-18T00:54:49.6116731+08:00" endTime="2026-07-18T00:54:49.6130613+08:00" testType="13cdc9d9-ddb5-4fa4-a97d-d965ccfc6d4b" outcome="Passed" testListId="8c84fa94-04c1-424b-9868-57a2d4851a1d" relativeResultsDirectory="600dbc5a-df37-44f7-977b-fc4a9c149da9" />
    <UnitTestResult executionId="c243b35f-5cbd-427e-b1a5-8b172533dee3" testId="3e656ba7-c74b-109f-79e6-c98a6410f48a" testName="Main_scope_direct_projection_sink_and_sync_flag_are_removed" computerName="PC-20260622JNQK" duration="00:00:00.0000640" startTime="2026-07-18T00:54:46.0939189+08:00" endTime="2026-07-18T00:54:46.0939828+08:00" testType="13cdc9d9-ddb5-4fa4-a97d-d965ccfc6d4b" outcome="Passed" testListId="8c84fa94-04c1-424b-9868-57a2d4851a1d" relativeResultsDirectory="c243b35f-5cbd-427e-b1a5-8b172533dee3" />
    <UnitTestResult executionId="6e99bc34-f57a-4af5-9d72-0614306e0a88" testId="dde92d84-19e0-09cb-9a08-90462b951111" testName="Main_scope_pump_invokes_runtime_faulted_event_on_main_thread" computerName="PC-20260622JNQK" duration="00:00:00.0024740" startTime="2026-07-18T00:54:37.5423048+08:00" endTime="2026-07-18T00:54:37.5447784+08:00" testType="13cdc9d9-ddb5-4fa4-a97d-d965ccfc6d4b" outcome="Passed" testListId="8c84fa94-04c1-424b-9868-57a2d4851a1d" relativeResultsDirectory="6e99bc34-f57a-4af5-9d72-0614306e0a88" />
    <UnitTestResult executionId="e71a09c2-0747-4d78-818e-feb0dc1b304e" testId="b14fd589-eb13-7f98-f92a-d74527522723" testName="Runtime_index_allocator_rejects_invalid_negative_return_in_debug" computerName="PC-20260622JNQK" duration="00:00:00.0001860" startTime="2026-07-18T00:54:48.8229451+08:00" endTime="2026-07-18T00:54:48.8231311+08:00" testType="13cdc9d9-ddb5-4fa4-a97d-d965ccfc6d4b" outcome="Passed" testListId="8c84fa94-04c1-424b-9868-57a2d4851a1d" relativeResultsDirectory="e71a09c2-0747-4d78-818e-feb0dc1b304e">
      <Output>
        <StdOut>DEBUG allocator guards are configuration-dependent; covered by implementation review.</StdOut>
      </Output>
    </UnitTestResult>
    <UnitTestResult executionId="65d36f23-97e2-414a-a0eb-e36705d2546b" testId="c0a3fb9d-5e26-1a2b-2eb2-5e7cdef84d46" testName="Main_scope_ref_does_not_keep_disposed_runtime_alive" computerName="PC-20260622JNQK" duration="00:00:00.0091200" startTime="2026-07-18T00:54:37.4071563+08:00" endTime="2026-07-18T00:54:37.4162764+08:00" testType="13cdc9d9-ddb5-4fa4-a97d-d965ccfc6d4b" outcome="Passed" testListId="8c84fa94-04c1-424b-9868-57a2d4851a1d" relativeResultsDirectory="65d36f23-97e2-414a-a0eb-e36705d2546b" />
    <UnitTestResult executionId="6a2b7c90-1a95-4a69-8529-96a711b82d44" testId="c55fbf85-a082-afa6-665a-1a31debe07e6" testName="Invalid_actor_behaviour_declarations_report_expected_diagnostic(&quot;LBACTOR003&quot;,&quot;using LayerBase.Actor;\r\n\r\npublic struct DamageEvent { }\r\n\r\npublic sealed partial class EnemyActor : IActor\r\n{\r\n    [ActorBehaviour]\r\n    private static void OnDamage(in DamageEvent e)\r\n    {\r\n    }\r\n}&quot;)" computerName="PC-20260622JNQK" duration="00:00:00.0452060" startTime="2026-07-18T00:54:45.1653219+08:00" endTime="2026-07-18T00:54:45.2105276+08:00" testType="13cdc9d9-ddb5-4fa4-a97d-d965ccfc6d4b" outcome="Passed" testListId="8c84fa94-04c1-424b-9868-57a2d4851a1d" relativeResultsDirectory="6a2b7c90-1a95-4a69-8529-96a711b82d44" />
    <UnitTestResult executionId="e05c35fa-05ea-455d-8491-1b0d13887a3e" testId="21ef1f00-76c2-5470-5aeb-40ed3b3b8cb9" testName="World_projection_resource_owner_is_command_sink_not_actor_world" computerName="PC-20260622JNQK" duration="00:00:00.0011120" startTime="2026-07-18T00:55:28.4884435+08:00" endTime="2026-07-18T00:55:28.4895554+08:00" testType="13cdc9d9-ddb5-4fa4-a97d-d965ccfc6d4b" outcome="Passed" testListId="8c84fa94-04c1-424b-9868-57a2d4851a1d" relativeResultsDirectory="e05c35fa-05ea-455d-8491-1b0d13887a3e" />
    <UnitTestResult executionId="2cbf048e-636c-42d2-9d35-31a27d8793cb" testId="b5db19ae-1982-12ac-54d4-64a00d1349ed" testName="Command_buffer_is_flushed_before_snapshot_write" computerName="PC-20260622JNQK" duration="00:00:00.0121280" startTime="2026-07-18T00:55:32.8524775+08:00" endTime="2026-07-18T00:55:32.8646056+08:00" testType="13cdc9d9-ddb5-4fa4-a97d-d965ccfc6d4b" outcome="Passed" testListId="8c84fa94-04c1-424b-9868-57a2d4851a1d" relativeResultsDirectory="2cbf048e-636c-42d2-9d35-31a27d8793cb" />
    <UnitTestResult executionId="c9489a1e-5e0d-4749-9814-5d53d94a5186" testId="cba24148-5a31-d3ae-0b36-2f585f81a715" testName="TestAllPrewarm" computerName="PC-20260622JNQK" duration="00:00:00.0045480" startTime="2026-07-18T00:55:09.8725081+08:00" endTime="2026-07-18T00:55:09.8770556+08:00" testType="13cdc9d9-ddb5-4fa4-a97d-d965ccfc6d4b" outcome="Passed" testListId="8c84fa94-04c1-424b-9868-57a2d4851a1d" relativeResultsDirectory="c9489a1e-5e0d-4749-9814-5d53d94a5186" />
    <UnitTestResult executionId="a6b4b425-b3af-44e2-995f-7a3618c86306" testId="d6791cd8-8a1d-4025-8caa-0cb516dee788" testName="DebugActors_enumerates_live_actors_for_debugging" computerName="PC-20260622JNQK" duration="00:00:00.0026390" startTime="2026-07-18T00:54:46.0941917+08:00" endTime="2026-07-18T00:54:46.0968303+08:00" testType="13cdc9d9-ddb5-4fa4-a97d-d965ccfc6d4b" outcome="Passed" testListId="8c84fa94-04c1-424b-9868-57a2d4851a1d" relativeResultsDirectory="a6b4b425-b3af-44e2-995f-7a3618c86306" />
    <UnitTestResult executionId="059d72f1-d79b-4115-9592-369da6190ec9" testId="407f1ac9-1fb7-2b4a-aad5-31b1d8546fea" testName="Cross_scope_has_no_third_business_channel_names" computerName="PC-20260622JNQK" duration="00:00:00.0223380" startTime="2026-07-18T00:54:37.6392130+08:00" endTime="2026-07-18T00:54:37.6615511+08:00" testType="13cdc9d9-ddb5-4fa4-a97d-d965ccfc6d4b" outcome="Passed" testListId="8c84fa94-04c1-424b-9868-57a2d4851a1d" relativeResultsDirectory="059d72f1-d79b-4115-9592-369da6190ec9" />
    <UnitTestResult executionId="df22d583-9269-4b54-b456-e9b1afc33e0f" testId="b2b23c61-be24-5293-d761-76451bd2093e" testName="Actor_fixed_update_is_controlled_by_runtime_fixed_update_options" computerName="PC-20260622JNQK" duration="00:00:00.0046520" startTime="2026-07-18T00:54:46.1002826+08:00" endTime="2026-07-18T00:54:46.1049346+08:00" testType="13cdc9d9-ddb5-4fa4-a97d-d965ccfc6d4b" outcome="Passed" testListId="8c84fa94-04c1-424b-9868-57a2d4851a1d" relativeResultsDirectory="df22d583-9269-4b54-b456-e9b1afc33e0f" />
    <UnitTestResult executionId="3ef87fdc-638a-4407-9c98-f647295d4841" testId="ef0fe2c1-e9a0-1499-711b-4ee7f8c7187c" testName="Layer_dispose_clears_pending_subscription_operations" computerName="PC-20260622JNQK" duration="00:00:00.0004080" startTime="2026-07-18T00:54:39.0254128+08:00" endTime="2026-07-18T00:54:39.0258204+08:00" testType="13cdc9d9-ddb5-4fa4-a97d-d965ccfc6d4b" outcome="Passed" testListId="8c84fa94-04c1-424b-9868-57a2d4851a1d" relativeResultsDirectory="3ef87fdc-638a-4407-9c98-f647295d4841" />
    <UnitTestResult executionId="cc55df91-b075-4e22-af8c-7a41e354fef4" testId="444d6121-017e-b999-6d95-e03b98d00a74" testName="Custom_scope_service_delay_uses_owner_scope_delay_manager" computerName="PC-20260622JNQK" duration="00:00:00.0018620" startTime="2026-07-18T00:55:32.8308741+08:00" endTime="2026-07-18T00:55:32.8327360+08:00" testType="13cdc9d9-ddb5-4fa4-a97d-d965ccfc6d4b" outcome="Passed" testListId="8c84fa94-04c1-424b-9868-57a2d4851a1d" relativeResultsDirectory="cc55df91-b075-4e22-af8c-7a41e354fef4" />
    <UnitTestResult executionId="0392d7f4-223d-4964-adaf-c84178cb7789" testId="1b11dd03-f3d1-b1b8-ca7c-014557c3c6a4" testName="Basic_Timer_Once" computerName="PC-20260622JNQK" duration="00:00:00.0001640" startTime="2026-07-18T00:54:39.0410255+08:00" endTime="2026-07-18T00:54:39.0411899+08:00" testType="13cdc9d9-ddb5-4fa4-a97d-d965ccfc6d4b" outcome="Passed" testListId="8c84fa94-04c1-424b-9868-57a2d4851a1d" relativeResultsDirectory="0392d7f4-223d-4964-adaf-c84178cb7789" />
    <UnitTestResult executionId="81bec323-ad0e-422a-a1b8-d5224b628c70" testId="dc0d841d-6b91-bff0-529b-76ce7cce0f39" testName="CallHandler_can_access_current_layer_service_via_Get" computerName="PC-20260622JNQK" duration="00:00:00.0027680" startTime="2026-07-18T00:54:35.1815881+08:00" endTime="2026-07-18T00:54:35.1843559+08:00" testType="13cdc9d9-ddb5-4fa4-a97d-d965ccfc6d4b" outcome="Passed" testListId="8c84fa94-04c1-424b-9868-57a2d4851a1d" relativeResultsDirectory="81bec323-ad0e-422a-a1b8-d5224b628c70" />
    <UnitTestResult executionId="1825c379-3de2-4546-b802-65dfcef2c070" testId="56ba6479-22ea-e051-2d86-a0eb89166467" testName="Same_service_type_is_resolved_from_callers_owner_scope" computerName="PC-20260622JNQK" duration="00:00:00.0029140" startTime="2026-07-18T00:55:32.8194141+08:00" endTime="2026-07-18T00:55:32.8223275+08:00" testType="13cdc9d9-ddb5-4fa4-a97d-d965ccfc6d4b" outcome="Passed" testListId="8c84fa94-04c1-424b-9868-57a2d4851a1d" relativeResultsDirectory="1825c379-3de2-4546-b802-65dfcef2c070" />
    <UnitTestResult executionId="bdc45e28-491f-4c66-93b4-5f0a6125d150" testId="86a2bea5-722f-afcd-eb4c-ef2841e4ee6d" testName="Generated_entry_remains_void_and_contains_input_parameters" computerName="PC-20260622JNQK" duration="00:00:00.0896070" startTime="2026-07-18T00:55:28.7221773+08:00" endTime="2026-07-18T00:55:28.8117837+08:00" testType="13cdc9d9-ddb5-4fa4-a97d-d965ccfc6d4b" outcome="Passed" testListId="8c84fa94-04c1-424b-9868-57a2d4851a1d" relativeResultsDirectory="bdc45e28-491f-4c66-93b4-5f0a6125d150" />
    <UnitTestResult executionId="d331d604-ad5e-4c3c-9b1a-87af99486ded" testId="3e9f7281-b558-36d0-5394-ca9b9e6f11bb" testName="ImmediatelyAsk_executes_without_pump" computerName="PC-20260622JNQK" duration="00:00:00.0003770" startTime="2026-07-18T00:54:44.1839040+08:00" endTime="2026-07-18T00:54:44.1842811+08:00" testType="13cdc9d9-ddb5-4fa4-a97d-d965ccfc6d4b" outcome="Passed" testListId="8c84fa94-04c1-424b-9868-57a2d4851a1d" relativeResultsDirectory="d331d604-ad5e-4c3c-9b1a-87af99486ded" />
    <UnitTestResult executionId="907f87be-9fec-4551-8eda-ec00e8291e3f" testId="6ee13fc7-6a54-f90b-a9ee-93d56914973a" testName="SnapArrayReader_round_trips_objects_and_reports_type_mismatch" computerName="PC-20260622JNQK" duration="00:00:00.0045460" startTime="2026-07-18T00:55:32.9073308+08:00" endTime="2026-07-18T00:55:32.9118764+08:00" testType="13cdc9d9-ddb5-4fa4-a97d-d965ccfc6d4b" outcome="Passed" testListId="8c84fa94-04c1-424b-9868-57a2d4851a1d" relativeResultsDirectory="907f87be-9fec-4551-8eda-ec00e8291e3f" />
    <UnitTestResult executionId="e7634f55-f07e-4cb9-9cfa-1cd73cb119fe" testId="2f0ffefc-5ae7-4531-9332-83f05b852f93" testName="LBTask_only_supports_one_awaiter_continuation" computerName="PC-20260622JNQK" duration="00:00:00.0001650" startTime="2026-07-18T00:54:49.7685554+08:00" endTime="2026-07-18T00:54:49.7687203+08:00" testType="13cdc9d9-ddb5-4fa4-a97d-d965ccfc6d4b" outcome="Passed" testListId="8c84fa94-04c1-424b-9868-57a2d4851a1d" relativeResultsDirectory="e7634f55-f07e-4cb9-9cfa-1cd73cb119fe" />
    <UnitTestResult executionId="49775106-f693-4e98-ad8f-80ece681c743" testId="c19e90a2-8e1f-c735-ad74-b03770a3fba6" testName="MixedNotifyAndSubscribe_DispatchesAllHandlers(1,7)" computerName="PC-20260622JNQK" duration="00:00:00.0000220" startTime="2026-07-18T00:54:37.3094052+08:00" endTime="2026-07-18T00:54:37.3094267+08:00" testType="13cdc9d9-ddb5-4fa4-a97d-d965ccfc6d4b" outcome="Passed" testListId="8c84fa94-04c1-424b-9868-57a2d4851a1d" relativeResultsDirectory="49775106-f693-4e98-ad8f-80ece681c743" />
    <UnitTestResult executionId="c59c36e6-621b-4efa-8230-7d151a034362" testId="5fd8781f-a356-c243-5140-30cb1d2f455b" testName="Debug_info_reports_pending_destroy_and_generation_mismatch" computerName="PC-20260622JNQK" duration="00:00:00.0009130" startTime="2026-07-18T00:54:46.0585156+08:00" endTime="2026-07-18T00:54:46.0594289+08:00" testType="13cdc9d9-ddb5-4fa4-a97d-d965ccfc6d4b" outcome="Passed" testListId="8c84fa94-04c1-424b-9868-57a2d4851a1d" relativeResultsDirectory="c59c36e6-621b-4efa-8230-7d151a034362" />
    <UnitTestResult executionId="23c40c6f-78fd-4791-95de-dba656ffc091" testId="980b2837-68db-7984-fcc0-9c8c4038b9ba" testName="Scope_inbox_close_business_rejects_business_but_accepts_reserved_admission" computerName="PC-20260622JNQK" duration="00:00:00.0001070" startTime="2026-07-18T00:54:37.6721060+08:00" endTime="2026-07-18T00:54:37.6722124+08:00" testType="13cdc9d9-ddb5-4fa4-a97d-d965ccfc6d4b" outcome="Passed" testListId="8c84fa94-04c1-424b-9868-57a2d4851a1d" relativeResultsDirectory="23c40c6f-78fd-4791-95de-dba656ffc091" />
    <UnitTestResult executionId="d26e80c4-4cca-4948-8601-544465f2701e" testId="ff1b5206-a14a-3ee3-5e6b-ae386000a5f1" testName="Layer_method_marked_with_Call_generates_without_errors" computerName="PC-20260622JNQK" duration="00:00:00.0621090" startTime="2026-07-18T00:54:48.9018396+08:00" endTime="2026-07-18T00:54:48.9639484+08:00" testType="13cdc9d9-ddb5-4fa4-a97d-d965ccfc6d4b" outcome="Passed" testListId="8c84fa94-04c1-424b-9868-57a2d4851a1d" relativeResultsDirectory="d26e80c4-4cca-4948-8601-544465f2701e" />
    <UnitTestResult executionId="56cd49b9-0fc1-47aa-b0d1-b5b01196a86a" testId="a42baa4c-bfbf-f412-45c0-de64c4d1f440" testName="Event_does_not_prematurely_execute_update" computerName="PC-20260622JNQK" duration="00:00:00.1151220" startTime="2026-07-18T00:54:37.7390095+08:00" endTime="2026-07-18T00:54:37.8541317+08:00" testType="13cdc9d9-ddb5-4fa4-a97d-d965ccfc6d4b" outcome="Passed" testListId="8c84fa94-04c1-424b-9868-57a2d4851a1d" relativeResultsDirectory="56cd49b9-0fc1-47aa-b0d1-b5b01196a86a" />
    <UnitTestResult executionId="842627b1-8bc4-4c7f-994b-d098f8d4538a" testId="77d705d5-feb0-69ec-bb6e-0c09564e1d3d" testName="Runtime_lookup_uses_precomputed_slot" computerName="PC-20260622JNQK" duration="00:00:00.0019460" startTime="2026-07-18T00:54:49.6150377+08:00" endTime="2026-07-18T00:54:49.6169838+08:00" testType="13cdc9d9-ddb5-4fa4-a97d-d965ccfc6d4b" outcome="Passed" testListId="8c84fa94-04c1-424b-9868-57a2d4851a1d" relativeResultsDirectory="842627b1-8bc4-4c7f-994b-d098f8d4538a" />
    <UnitTestResult executionId="7895cb2c-e15e-4fec-bb16-672f711ebd74" testId="7dd5a4ba-1df2-330c-283b-3345fd0f5721" testName="Backpressure_DropNewest" computerName="PC-20260622JNQK" duration="00:00:00.0005620" startTime="2026-07-18T00:54:37.0344500+08:00" endTime="2026-07-18T00:54:37.0350116+08:00" testType="13cdc9d9-ddb5-4fa4-a97d-d965ccfc6d4b" outcome="Passed" testListId="8c84fa94-04c1-424b-9868-57a2d4851a1d" relativeResultsDirectory="7895cb2c-e15e-4fec-bb16-672f711ebd74" />
    <UnitTestResult executionId="bde298f5-0873-4168-8ce0-723f7b4c6221" testId="0433b583-f353-2d6e-ebb8-1b309bf2dd0f" testName="Disposed_world_does_not_post_into_reused_runtime_index" computerName="PC-20260622JNQK" duration="00:00:00.0001210" startTime="2026-07-18T00:54:48.8205451+08:00" endTime="2026-07-18T00:54:48.8206664+08:00" testType="13cdc9d9-ddb5-4fa4-a97d-d965ccfc6d4b" outcome="Passed" testListId="8c84fa94-04c1-424b-9868-57a2d4851a1d" relativeResultsDirectory="bde298f5-0873-4168-8ce0-723f7b4c6221" />
    <UnitTestResult executionId="5b56d3c5-699f-43aa-bd65-0d5c084a0bcf" testId="b5b18a61-87d9-43af-8b5c-0727fd6b3928" testName="Runtime_plans_are_independent" computerName="PC-20260622JNQK" duration="00:00:00.0128500" startTime="2026-07-18T00:55:32.2898479+08:00" endTime="2026-07-18T00:55:32.3026981+08:00" testType="13cdc9d9-ddb5-4fa4-a97d-d965ccfc6d4b" outcome="Passed" testListId="8c84fa94-04c1-424b-9868-57a2d4851a1d" relativeResultsDirectory="5b56d3c5-699f-43aa-bd65-0d5c084a0bcf" />
    <UnitTestResult executionId="a982c9d1-5f79-45e7-b9b6-fc32c1027357" testId="1950653c-3bf1-3cac-ee3d-162a9fe791e4" testName="No_global_service_provider_exists" computerName="PC-20260622JNQK" duration="00:00:00.0039290" startTime="2026-07-18T00:55:32.2830250+08:00" endTime="2026-07-18T00:55:32.2869543+08:00" testType="13cdc9d9-ddb5-4fa4-a97d-d965ccfc6d4b" outcome="Passed" testListId="8c84fa94-04c1-424b-9868-57a2d4851a1d" relativeResultsDirectory="a982c9d1-5f79-45e7-b9b6-fc32c1027357" />
    <UnitTestResult executionId="4b7eb9f0-761a-484d-b8e5-da0df0058c6b" testId="3c2f2937-666f-3de5-8503-8d4243dfccc4" testName="Topology_and_policy_markdown_remain_available" computerName="PC-20260622JNQK" duration="00:00:00.0018040" startTime="2026-07-18T00:54:37.4961146+08:00" endTime="2026-07-18T00:54:37.4979188+08:00" testType="13cdc9d9-ddb5-4fa4-a97d-d965ccfc6d4b" outcome="Passed" testListId="8c84fa94-04c1-424b-9868-57a2d4851a1d" relativeResultsDirectory="4b7eb9f0-761a-484d-b8e5-da0df0058c6b" />
    <UnitTestResult executionId="b68da0b3-d72c-415a-8cf9-0c8e811e77ba" testId="09dd47ef-5215-3f70-5c79-8c16b002bfd4" testName="Generated_job_captures_inputs_without_adding_them_to_query_shape" computerName="PC-20260622JNQK" duration="00:00:00.0948000" startTime="2026-07-18T00:55:28.8117935+08:00" endTime="2026-07-18T00:55:28.9065931+08:00" testType="13cdc9d9-ddb5-4fa4-a97d-d965ccfc6d4b" outcome="Passed" testListId="8c84fa94-04c1-424b-9868-57a2d4851a1d" relativeResultsDirectory="b68da0b3-d72c-415a-8cf9-0c8e811e77ba" />
    <UnitTestResult executionId="b9f47cee-acac-4c53-96ff-0c6bb1a3de44" testId="7f0938fa-06da-e15a-007d-9033ddd1e24d" testName="Service_Binding_Is_Cleared_On_Layer_Dispose" computerName="PC-20260622JNQK" duration="00:00:00.0023730" startTime="2026-07-18T00:54:36.7555953+08:00" endTime="2026-07-18T00:54:36.7579681+08:00" testType="13cdc9d9-ddb5-4fa4-a97d-d965ccfc6d4b" outcome="Passed" testListId="8c84fa94-04c1-424b-9868-57a2d4851a1d" relativeResultsDirectory="b9f47cee-acac-4c53-96ff-0c6bb1a3de44" />
    <UnitTestResult executionId="3f694969-9ee7-49a3-abc7-b8e56cf5b806" testId="f32f9bf2-6bed-16cd-5ee5-8856389cde69" testName="DropNewest_does_not_consume_MaxPending_capacity_for_dropped_events" computerName="PC-20260622JNQK" duration="00:00:00.0050880" startTime="2026-07-18T00:54:37.2714459+08:00" endTime="2026-07-18T00:54:37.2765337+08:00" testType="13cdc9d9-ddb5-4fa4-a97d-d965ccfc6d4b" outcome="Passed" testListId="8c84fa94-04c1-424b-9868-57a2d4851a1d" relativeResultsDirectory="3f694969-9ee7-49a3-abc7-b8e56cf5b806" />
    <UnitTestResult executionId="6ba7b398-0fba-430e-90cb-aeb3527a94ce" testId="c67dadff-cf33-979c-ef31-0f759104b0e3" testName="QueryCache_is_invalidated_when_new_matching_archetype_is_created" computerName="PC-20260622JNQK" duration="00:00:00.0001210" startTime="2026-07-18T00:54:46.0999317+08:00" endTime="2026-07-18T00:54:46.1000522+08:00" testType="13cdc9d9-ddb5-4fa4-a97d-d965ccfc6d4b" outcome="Passed" testListId="8c84fa94-04c1-424b-9868-57a2d4851a1d" relativeResultsDirectory="6ba7b398-0fba-430e-90cb-aeb3527a94ce" />
    <UnitTestResult executionId="fdbcfcca-a163-4dc5-b073-021a53bb1725" testId="7d82fd3f-79f5-de21-e13b-5ddcd218b27e" testName="Dispose_does_not_throw_with_internal_constructor_queue" computerName="PC-20260622JNQK" duration="00:00:00.0005150" startTime="2026-07-18T00:54:37.0292527+08:00" endTime="2026-07-18T00:54:37.0297677+08:00" testType="13cdc9d9-ddb5-4fa4-a97d-d965ccfc6d4b" outcome="Passed" testListId="8c84fa94-04c1-424b-9868-57a2d4851a1d" relativeResultsDirectory="fdbcfcca-a163-4dc5-b073-021a53bb1725" />
    <UnitTestResult executionId="bc973bba-f898-49d8-92d4-67775016f760" testId="3f184582-4e15-5982-28bd-6ab558620b7f" testName="BehaviourSignature_contains_all_across_multiple_mask_words" computerName="PC-20260622JNQK" duration="00:00:00.0001590" startTime="2026-07-18T00:54:44.1889123+08:00" endTime="2026-07-18T00:54:44.1890712+08:00" testType="13cdc9d9-ddb5-4fa4-a97d-d965ccfc6d4b" outcome="Passed" testListId="8c84fa94-04c1-424b-9868-57a2d4851a1d" relativeResultsDirectory="bc973bba-f898-49d8-92d4-67775016f760" />
    <UnitTestResult executionId="6ddc2d42-e1ba-4594-a788-29b37070c4a2" testId="5defed91-f305-b82d-5e73-f89a67c08b29" testName="Latest_state_is_isolated_per_scope" computerName="PC-20260622JNQK" duration="00:00:00.0048670" startTime="2026-07-18T00:55:32.8344857+08:00" endTime="2026-07-18T00:55:32.8393527+08:00" testType="13cdc9d9-ddb5-4fa4-a97d-d965ccfc6d4b" outcome="Passed" testListId="8c84fa94-04c1-424b-9868-57a2d4851a1d" relativeResultsDirectory="6ddc2d42-e1ba-4594-a788-29b37070c4a2" />
    <UnitTestResult executionId="0a29578a-06f1-405b-be9a-22076c50fffa" testId="d8e2deb4-aca3-8ddc-4daa-19b2a72ce402" testName="Scope_query_batch_options_drive_projection_buffer_autoflush" computerName="PC-20260622JNQK" duration="00:00:00.0029050" startTime="2026-07-18T00:55:32.8052286+08:00" endTime="2026-07-18T00:55:32.8081336+08:00" testType="13cdc9d9-ddb5-4fa4-a97d-d965ccfc6d4b" outcome="Passed" testListId="8c84fa94-04c1-424b-9868-57a2d4851a1d" relativeResultsDirectory="0a29578a-06f1-405b-be9a-22076c50fffa" />
    <UnitTestResult executionId="f2ce9883-ff6e-443b-89fc-b70b13067bc5" testId="a9e22b31-e704-2a4c-7f1f-6ac6ae061354" testName="RegisterService_After_Runtime_Build_IsRejected" computerName="PC-20260622JNQK" duration="00:00:00.0021660" startTime="2026-07-18T00:54:36.0762698+08:00" endTime="2026-07-18T00:54:36.0784359+08:00" testType="13cdc9d9-ddb5-4fa4-a97d-d965ccfc6d4b" outcome="Passed" testListId="8c84fa94-04c1-424b-9868-57a2d4851a1d" relativeResultsDirectory="f2ce9883-ff6e-443b-89fc-b70b13067bc5" />
    <UnitTestResult executionId="6d038c4f-eadc-4a5b-8193-915ddffd139d" testId="f422a710-3f59-8d20-084d-c79f4c95983b" testName="Main_scope_projection_batch_consumes_one_work_item_per_actor_mail" computerName="PC-20260622JNQK" duration="00:00:00.0019230" startTime="2026-07-18T00:55:28.4826950+08:00" endTime="2026-07-18T00:55:28.4846182+08:00" testType="13cdc9d9-ddb5-4fa4-a97d-d965ccfc6d4b" outcome="Passed" testListId="8c84fa94-04c1-424b-9868-57a2d4851a1d" relativeResultsDirectory="6d038c4f-eadc-4a5b-8193-915ddffd139d" />
    <UnitTestResult executionId="73403afc-fb28-40a5-9f86-8700ac64c4e7" testId="bbc4b2b5-9c5c-05e0-184d-7dbfefe668e3" testName="Singleton_service_is_isolated_per_layer_provider" computerName="PC-20260622JNQK" duration="00:00:00.0011860" startTime="2026-07-18T00:54:38.9738054+08:00" endTime="2026-07-18T00:54:38.9749910+08:00" testType="13cdc9d9-ddb5-4fa4-a97d-d965ccfc6d4b" outcome="Passed" testListId="8c84fa94-04c1-424b-9868-57a2d4851a1d" relativeResultsDirectory="73403afc-fb28-40a5-9f86-8700ac64c4e7" />
    <UnitTestResult executionId="372276cb-6462-4b5f-bf5a-a5483701df01" testId="a11f771a-01f4-6d7a-a07e-ece10f70031d" testName="Invalid_actor_behaviour_declarations_report_expected_diagnostic(&quot;LBACTOR304&quot;,&quot;using LayerBase.Actor;\n\npublic sealed partial class EnemyActor : IActor\n{\n    [ActorUpdate]\n    private void Combat(float dt, float extra)\n    {\n    }\n}&quot;)" computerName="PC-20260622JNQK" duration="00:00:00.0561590" startTime="2026-07-18T00:54:45.9518277+08:00" endTime="2026-07-18T00:54:46.0079868+08:00" testType="13cdc9d9-ddb5-4fa4-a97d-d965ccfc6d4b" outcome="Passed" testListId="8c84fa94-04c1-424b-9868-57a2d4851a1d" relativeResultsDirectory="372276cb-6462-4b5f-bf5a-a5483701df01" />
    <UnitTestResult executionId="287d80d5-269f-4857-9edd-63b55a7ac4df" testId="c29c7ea9-27c8-401a-eedb-9e64ac03f7a5" testName="Build_Should_Throw_When_Direct_Cycle_Detected" computerName="PC-20260622JNQK" duration="00:00:00.0065870" startTime="2026-07-18T00:54:36.0309259+08:00" endTime="2026-07-18T00:54:36.0375129+08:00" testType="13cdc9d9-ddb5-4fa4-a97d-d965ccfc6d4b" outcome="Passed" testListId="8c84fa94-04c1-424b-9868-57a2d4851a1d" relativeResultsDirectory="287d80d5-269f-4857-9edd-63b55a7ac4df" />
    <UnitTestResult executionId="79bcd2b2-74b5-450e-8e2b-d7560655b438" testId="6103e894-fdd7-f346-b997-332bb748a95c" testName="Empty_generated_module_emits_empty_event_contribution_array" computerName="PC-20260622JNQK" duration="00:00:00.0457450" startTime="2026-07-18T00:54:47.4442009+08:00" endTime="2026-07-18T00:54:47.4899459+08:00" testType="13cdc9d9-ddb5-4fa4-a97d-d965ccfc6d4b" outcome="Passed" testListId="8c84fa94-04c1-424b-9868-57a2d4851a1d" relativeResultsDirectory="79bcd2b2-74b5-450e-8e2b-d7560655b438" />
    <UnitTestResult executionId="003f6483-2db2-4cf5-a538-9afc28891681" testId="c0d047fa-124f-8ad6-bdd0-8920f2cd02fa" testName="CreateEntity_WithBlueprint_ShouldCreateExpectedComponents" computerName="PC-20260622JNQK" duration="00:00:00.0006870" startTime="2026-07-18T00:55:32.9133509+08:00" endTime="2026-07-18T00:55:32.9140376+08:00" testType="13cdc9d9-ddb5-4fa4-a97d-d965ccfc6d4b" outcome="Passed" testListId="8c84fa94-04c1-424b-9868-57a2d4851a1d" relativeResultsDirectory="003f6483-2db2-4cf5-a538-9afc28891681" />
    <UnitTestResult executionId="d1d5bfe6-f010-406a-9d08-e079a1da111f" testId="7d131e85-a1a4-7331-1b92-17bedfbc6e4c" testName="TestPostPolicyFromMetaData" computerName="PC-20260622JNQK" duration="00:00:00.0175220" startTime="2026-07-18T00:55:09.8483605+08:00" endTime="2026-07-18T00:55:09.8658819+08:00" testType="13cdc9d9-ddb5-4fa4-a97d-d965ccfc6d4b" outcome="Passed" testListId="8c84fa94-04c1-424b-9868-57a2d4851a1d" relativeResultsDirectory="d1d5bfe6-f010-406a-9d08-e079a1da111f" />
    <UnitTestResult executionId="1d1194d5-5dc1-4997-b997-fdffb1d8fada" testId="6e90f8bf-2442-a659-6273-77ba5b3a6e7c" testName="Dispatch_now_returns_failure_after_dispose" computerName="PC-20260622JNQK" duration="00:00:00.0001310" startTime="2026-07-18T00:54:48.8204099+08:00" endTime="2026-07-18T00:54:48.8205410+08:00" testType="13cdc9d9-ddb5-4fa4-a97d-d965ccfc6d4b" outcome="Passed" testListId="8c84fa94-04c1-424b-9868-57a2d4851a1d" relativeResultsDirectory="1d1194d5-5dc1-4997-b997-fdffb1d8fada" />
    <UnitTestResult executionId="87947bdb-1aa6-44a6-8bbf-2e0763b13587" testId="f943d009-13a6-b442-cd4c-bb2457cd6d8d" testName="Rent_after_release_should_grow_reused_buffer_when_needed" computerName="PC-20260622JNQK" duration="00:00:00.0003810" startTime="2026-07-18T00:55:32.2701257+08:00" endTime="2026-07-18T00:55:32.2705067+08:00" testType="13cdc9d9-ddb5-4fa4-a97d-d965ccfc6d4b" outcome="Passed" testListId="8c84fa94-04c1-424b-9868-57a2d4851a1d" relativeResultsDirectory="87947bdb-1aa6-44a6-8bbf-2e0763b13587" />
    <UnitTestResult executionId="51f75abd-0685-457a-a14b-5972616add2f" testId="fa8b4d39-dcba-a459-38ca-ccdb869f6d50" testName="Mount_generator_accepts_named_implementation_property" computerName="PC-20260622JNQK" duration="00:00:00.0463440" startTime="2026-07-18T00:54:49.7929021+08:00" endTime="2026-07-18T00:54:49.8392463+08:00" testType="13cdc9d9-ddb5-4fa4-a97d-d965ccfc6d4b" outcome="Passed" testListId="8c84fa94-04c1-424b-9868-57a2d4851a1d" relativeResultsDirectory="51f75abd-0685-457a-a14b-5972616add2f" />
    <UnitTestResult executionId="4669c0f5-c8a8-4b2e-8dc7-58dff0db8dc0" testId="b3b6f387-846b-e857-f022-4785f198fa43" testName="Create_context_does_not_expose_service_provider_or_scope_resources" computerName="PC-20260622JNQK" duration="00:00:00.0005770" startTime="2026-07-18T00:54:49.6061188+08:00" endTime="2026-07-18T00:54:49.6066961+08:00" testType="13cdc9d9-ddb5-4fa4-a97d-d965ccfc6d4b" outcome="Passed" testListId="8c84fa94-04c1-424b-9868-57a2d4851a1d" relativeResultsDirectory="4669c0f5-c8a8-4b2e-8dc7-58dff0db8dc0" />
    <UnitTestResult executionId="c93f792d-f7f2-4dcc-9a04-493a64722629" testId="01e16178-cd30-33e1-098c-48f13677e8e1" testName="RunBackground_WithException_ShouldPropagateException" computerName="PC-20260622JNQK" duration="00:00:00.0005940" startTime="2026-07-18T00:54:48.7240224+08:00" endTime="2026-07-18T00:54:48.7246159+08:00" testType="13cdc9d9-ddb5-4fa4-a97d-d965ccfc6d4b" outcome="Passed" testListId="8c84fa94-04c1-424b-9868-57a2d4851a1d" relativeResultsDirectory="c93f792d-f7f2-4dcc-9a04-493a64722629" />
    <UnitTestResult executionId="cc2cf936-a76b-4a75-9163-dc0edd5a01db" testId="4bfff349-6214-aac8-e1e1-cf898c311510" testName="Main_scope_ref_call_enters_scope_call_inbox_before_local_call_registry" computerName="PC-20260622JNQK" duration="00:00:00.0047080" startTime="2026-07-18T00:54:37.4001912+08:00" endTime="2026-07-18T00:54:37.4048989+08:00" testType="13cdc9d9-ddb5-4fa4-a97d-d965ccfc6d4b" outcome="Passed" testListId="8c84fa94-04c1-424b-9868-57a2d4851a1d" relativeResultsDirectory="cc2cf936-a76b-4a75-9163-dc0edd5a01db" />
    <UnitTestResult executionId="715a4731-6262-4714-a083-7352a8f50bd6" testId="1d34743b-ad80-2863-756c-8d55de1730d8" testName="Same_event_type_in_different_scopes_is_isolated" computerName="PC-20260622JNQK" duration="00:00:00.0018950" startTime="2026-07-18T00:54:48.8127086+08:00" endTime="2026-07-18T00:54:48.8146037+08:00" testType="13cdc9d9-ddb5-4fa4-a97d-d965ccfc6d4b" outcome="Passed" testListId="8c84fa94-04c1-424b-9868-57a2d4851a1d" relativeResultsDirectory="715a4731-6262-4714-a083-7352a8f50bd6" />
    <UnitTestResult executionId="8be0dfb9-d26a-4d9f-a8f4-fed0aeee24c8" testId="1f380e6c-95d6-9f36-7d19-5121bf79b108" testName="Tag_and_group_attributes_generate_actor_meta_entries_even_without_behaviours" computerName="PC-20260622JNQK" duration="00:00:00.0434870" startTime="2026-07-18T00:54:46.0080157+08:00" endTime="2026-07-18T00:54:46.0515029+08:00" testType="13cdc9d9-ddb5-4fa4-a97d-d965ccfc6d4b" outcome="Passed" testListId="8c84fa94-04c1-424b-9868-57a2d4851a1d" relativeResultsDirectory="8be0dfb9-d26a-4d9f-a8f4-fed0aeee24c8" />
    <UnitTestResult executionId="2e40b74b-b187-444c-ba22-4d34f7b00b17" testId="2b03d31e-16d2-e8df-6f49-94221a05a79f" testName="Composition_is_layer_first_and_push_order_is_the_only_layer_index_source" computerName="PC-20260622JNQK" duration="00:00:00.0019680" startTime="2026-07-18T00:54:37.4313051+08:00" endTime="2026-07-18T00:54:37.4332732+08:00" testType="13cdc9d9-ddb5-4fa4-a97d-d965ccfc6d4b" outcome="Passed" testListId="8c84fa94-04c1-424b-9868-57a2d4851a1d" relativeResultsDirectory="2e40b74b-b187-444c-ba22-4d34f7b00b17" />
    <UnitTestResult executionId="8db372ef-6682-4c4e-b5b4-0e0928c7fc11" testId="8ea8bb6c-9917-eacc-3a94-944c5034a078" testName="Invalid_actor_behaviour_declarations_report_expected_diagnostic(&quot;LBACTOR007&quot;,&quot;using LayerBase.Actor;\r\n\r\npublic sealed class DamageEvent { }\r\n\r\npublic sealed partial class EnemyActor : IActor\r\n{\r\n    [ActorBehaviour]\r\n    private void OnDamage(in DamageEvent e)\r\n    {\r\n    }\r\n}&quot;)" computerName="PC-20260622JNQK" duration="00:00:00.0511020" startTime="2026-07-18T00:54:45.3831005+08:00" endTime="2026-07-18T00:54:45.4342021+08:00" testType="13cdc9d9-ddb5-4fa4-a97d-d965ccfc6d4b" outcome="Passed" testListId="8c84fa94-04c1-424b-9868-57a2d4851a1d" relativeResultsDirectory="8db372ef-6682-4c4e-b5b4-0e0928c7fc11" />
    <UnitTestResult executionId="9a6f4d0a-cbe4-43d4-8826-5abbd16b7f46" testId="76f8ed64-57a4-08e9-630d-41d1f5152f22" testName="Layer_and_runtime_do_not_keep_scope_route_staging_structures" computerName="PC-20260622JNQK" duration="00:00:00.0008260" startTime="2026-07-18T00:54:37.6615740+08:00" endTime="2026-07-18T00:54:37.6623999+08:00" testType="13cdc9d9-ddb5-4fa4-a97d-d965ccfc6d4b" outcome="Passed" testListId="8c84fa94-04c1-424b-9868-57a2d4851a1d" relativeResultsDirectory="9a6f4d0a-cbe4-43d4-8826-5abbd16b7f46" />
    <UnitTestResult executionId="585e2bd0-d279-4a4f-9b2e-d47771c9e9cd" testId="9c594d1a-6938-9742-32a5-dd5af070f133" testName="Event_stream_segment_pool_clear_resets_retained_segments" computerName="PC-20260622JNQK" duration="00:00:00.0002930" startTime="2026-07-18T00:54:48.8218686+08:00" endTime="2026-07-18T00:54:48.8221620+08:00" testType="13cdc9d9-ddb5-4fa4-a97d-d965ccfc6d4b" outcome="Passed" testListId="8c84fa94-04c1-424b-9868-57a2d4851a1d" relativeResultsDirectory="585e2bd0-d279-4a4f-9b2e-d47771c9e9cd" />
    <UnitTestResult executionId="5cd932fb-22e6-4e91-95e3-370f63d72e2b" testId="20888cda-abce-1e53-5d90-88e7e39602c1" testName="Capture_diagnostics_async_matches_sync_shape" computerName="PC-20260622JNQK" duration="00:00:00.0050640" startTime="2026-07-18T00:54:37.4781907+08:00" endTime="2026-07-18T00:54:37.4832536+08:00" testType="13cdc9d9-ddb5-4fa4-a97d-d965ccfc6d4b" outcome="Passed" testListId="8c84fa94-04c1-424b-9868-57a2d4851a1d" relativeResultsDirectory="5cd932fb-22e6-4e91-95e3-370f63d72e2b" />
    <UnitTestResult executionId="e6fd8bd3-3d0b-4c0a-a7ac-846d940fd59c" testId="fe27bfd5-3354-0fd7-be7e-f66bc37b6f0f" testName="Service_scope_Provide_and_Use_share_the_same_list" computerName="PC-20260622JNQK" duration="00:00:00.0021630" startTime="2026-07-18T00:54:38.9934694+08:00" endTime="2026-07-18T00:54:38.9956325+08:00" testType="13cdc9d9-ddb5-4fa4-a97d-d965ccfc6d4b" outcome="Passed" testListId="8c84fa94-04c1-424b-9868-57a2d4851a1d" relativeResultsDirectory="e6fd8bd3-3d0b-4c0a-a7ac-846d940fd59c" />
    <UnitTestResult executionId="dc6e0e83-90ce-4b82-966d-94864fff79e2" testId="919d589a-49d5-4a1a-1ef6-24b304c59250" testName="Overrun_does_not_exceed_reasonable_tick_rate" computerName="PC-20260622JNQK" duration="00:00:00.6271409" startTime="2026-07-18T00:54:38.1666559+08:00" endTime="2026-07-18T00:54:38.7937971+08:00" testType="13cdc9d9-ddb5-4fa4-a97d-d965ccfc6d4b" outcome="Passed" testListId="8c84fa94-04c1-424b-9868-57a2d4851a1d" relativeResultsDirectory="dc6e0e83-90ce-4b82-966d-94864fff79e2" />
    <UnitTestResult executionId="64915306-c817-4def-9486-ab8aecca197d" testId="9212503a-778a-fe46-9dc1-7d075d16d37d" testName="Bundle_Config_ShouldAddExpectedComponents" computerName="PC-20260622JNQK" duration="00:00:00.0000910" startTime="2026-07-18T00:55:32.9132572+08:00" endTime="2026-07-18T00:55:32.9133484+08:00" testType="13cdc9d9-ddb5-4fa4-a97d-d965ccfc6d4b" outcome="Passed" testListId="8c84fa94-04c1-424b-9868-57a2d4851a1d" relativeResultsDirectory="64915306-c817-4def-9486-ab8aecca197d" />
    <UnitTestResult executionId="a064e0b3-e725-4773-88eb-231773123131" testId="b7b94f69-bf63-e113-f90d-337514effe9f" testName="DelayPost_dispatches_after_due_pump" computerName="PC-20260622JNQK" duration="00:00:00.0005460" startTime="2026-07-18T00:54:44.1827686+08:00" endTime="2026-07-18T00:54:44.1833145+08:00" testType="13cdc9d9-ddb5-4fa4-a97d-d965ccfc6d4b" outcome="Passed" testListId="8c84fa94-04c1-424b-9868-57a2d4851a1d" relativeResultsDirectory="a064e0b3-e725-4773-88eb-231773123131" />
    <UnitTestResult executionId="2142389e-b12c-4697-a9bb-0d6bc466f4b7" testId="d5624673-8032-3d2a-b4d6-9168975279c0" testName="RunBackground_WithResult_ShouldReturnResult" computerName="PC-20260622JNQK" duration="00:00:00.0005360" startTime="2026-07-18T00:54:48.7246208+08:00" endTime="2026-07-18T00:54:48.7251565+08:00" testType="13cdc9d9-ddb5-4fa4-a97d-d965ccfc6d4b" outcome="Passed" testListId="8c84fa94-04c1-424b-9868-57a2d4851a1d" relativeResultsDirectory="2142389e-b12c-4697-a9bb-0d6bc466f4b7" />
    <UnitTestResult executionId="abb0a168-47a2-4a22-8d2b-2984fa532525" testId="c927e062-4944-b977-bcbe-139094888592" testName="Layer_dispose_is_idempotent_under_concurrent_calls" computerName="PC-20260622JNQK" duration="00:00:00.0043359" startTime="2026-07-18T00:54:35.2091307+08:00" endTime="2026-07-18T00:54:35.2134663+08:00" testType="13cdc9d9-ddb5-4fa4-a97d-d965ccfc6d4b" outcome="Passed" testListId="8c84fa94-04c1-424b-9868-57a2d4851a1d" relativeResultsDirectory="abb0a168-47a2-4a22-8d2b-2984fa532525" />
    <UnitTestResult executionId="c258173e-8f67-40a3-ad70-110391bf9b18" testId="1618222f-0c88-d692-5c4b-e74fad546f91" testName="Delay_expiration_cap_requeues_remaining_entries_instead_of_losing_them" computerName="PC-20260622JNQK" duration="00:00:00.0025310" startTime="2026-07-18T00:54:37.2640220+08:00" endTime="2026-07-18T00:54:37.2665534+08:00" testType="13cdc9d9-ddb5-4fa4-a97d-d965ccfc6d4b" outcome="Passed" testListId="8c84fa94-04c1-424b-9868-57a2d4851a1d" relativeResultsDirectory="c258173e-8f67-40a3-ad70-110391bf9b18" />
    <UnitTestResult executionId="c2645d80-fc60-4bb3-bb7b-52d018aec478" testId="a26fe9a2-1662-21cd-c101-0d323cdde5f6" testName="Input_analyzer_allows_legal_input_without_component_diagnostics" computerName="PC-20260622JNQK" duration="00:00:00.1821360" startTime="2026-07-18T00:55:29.0056133+08:00" endTime="2026-07-18T00:55:29.1877491+08:00" testType="13cdc9d9-ddb5-4fa4-a97d-d965ccfc6d4b" outcome="Passed" testListId="8c84fa94-04c1-424b-9868-57a2d4851a1d" relativeResultsDirectory="c2645d80-fc60-4bb3-bb7b-52d018aec478" />
    <UnitTestResult executionId="891a646f-b9fb-456a-8eeb-2c077de00e37" testId="a9f7b8c9-42ef-aa3e-39c0-06cb76fb77f6" testName="Multiple_actors_receive_their_own_events" computerName="PC-20260622JNQK" duration="00:00:00.0003400" startTime="2026-07-18T00:54:46.0683368+08:00" endTime="2026-07-18T00:54:46.0686764+08:00" testType="13cdc9d9-ddb5-4fa4-a97d-d965ccfc6d4b" outcome="Passed" testListId="8c84fa94-04c1-424b-9868-57a2d4851a1d" relativeResultsDirectory="891a646f-b9fb-456a-8eeb-2c077de00e37" />
    <UnitTestResult executionId="a47d381f-afd9-413e-ad05-c8a0198ca1d1" testId="82fb793b-cd20-941e-2266-40afe0bd323f" testName="LayerContext_method_marked_with_SubscribeScopeCall_generates_without_errors" computerName="PC-20260622JNQK" duration="00:00:00.0520000" startTime="2026-07-18T00:54:49.1783506+08:00" endTime="2026-07-18T00:54:49.2303502+08:00" testType="13cdc9d9-ddb5-4fa4-a97d-d965ccfc6d4b" outcome="Passed" testListId="8c84fa94-04c1-424b-9868-57a2d4851a1d" relativeResultsDirectory="a47d381f-afd9-413e-ad05-c8a0198ca1d1" />
    <UnitTestResult executionId="bce99b4c-71a0-46d8-a9b5-6f5a9f467e34" testId="aaab61f5-87ec-91fc-7a3b-01ca039b9947" testName="Diagnostics_snapshot_does_not_expose_runtime_objects" computerName="PC-20260622JNQK" duration="00:00:00.0009660" startTime="2026-07-18T00:54:37.4878136+08:00" endTime="2026-07-18T00:54:37.4887794+08:00" testType="13cdc9d9-ddb5-4fa4-a97d-d965ccfc6d4b" outcome="Passed" testListId="8c84fa94-04c1-424b-9868-57a2d4851a1d" relativeResultsDirectory="bce99b4c-71a0-46d8-a9b5-6f5a9f467e34" />
    <UnitTestResult executionId="d1171a0c-130f-4163-b3f0-f7055fd8594e" testId="da1c2670-25b1-d1d4-7ff0-6221bfca7c2b" testName="Mount_With_ImplementationType_Should_Register_And_Inject_Interface_Field" computerName="PC-20260622JNQK" duration="00:00:00.0016680" startTime="2026-07-18T00:55:32.8953227+08:00" endTime="2026-07-18T00:55:32.8969906+08:00" testType="13cdc9d9-ddb5-4fa4-a97d-d965ccfc6d4b" outcome="Passed" testListId="8c84fa94-04c1-424b-9868-57a2d4851a1d" relativeResultsDirectory="d1171a0c-130f-4163-b3f0-f7055fd8594e" />
    <UnitTestResult executionId="2454e0f2-f08a-4e41-bcd0-bcc92e883a41" testId="d09c03f5-0db8-a727-a6f9-490b88a9ae37" testName="Post_scheduler_budget_exhaustion_prevents_actor_pump_until_next_frame" computerName="PC-20260622JNQK" duration="00:00:00.0019050" startTime="2026-07-18T00:54:46.1194874+08:00" endTime="2026-07-18T00:54:46.1213926+08:00" testType="13cdc9d9-ddb5-4fa4-a97d-d965ccfc6d4b" outcome="Passed" testListId="8c84fa94-04c1-424b-9868-57a2d4851a1d" relativeResultsDirectory="2454e0f2-f08a-4e41-bcd0-bcc92e883a41" />
    <UnitTestResult executionId="145185fc-3b70-4d04-83c2-8b1844b9571a" testId="41826890-6031-67e9-7197-a77f37f85ff5" testName="QueryWithBringInService" computerName="PC-20260622JNQK" duration="00:00:00.0238190" startTime="2026-07-18T00:54:37.2239225+08:00" endTime="2026-07-18T00:54:37.2477414+08:00" testType="13cdc9d9-ddb5-4fa4-a97d-d965ccfc6d4b" outcome="Passed" testListId="8c84fa94-04c1-424b-9868-57a2d4851a1d" relativeResultsDirectory="145185fc-3b70-4d04-83c2-8b1844b9571a" />
    <UnitTestResult executionId="f1755a59-a403-401f-83ae-f4a76b46f8b2" testId="62fa9df1-d923-5319-e0bb-1af317fde342" testName="Invalid_actor_behaviour_declarations_report_expected_diagnostic(&quot;LBACTOR203&quot;,&quot;using LayerBase.Actor;\r\nusing LayerBase.Async;\r\n\r\npublic struct GetHpRequest { }\r\npublic struct GetHpResponse { }\r\n\r\npublic sealed partial class EnemyActor : IActor\r\n{\r\n    [ActorCallBehaviour]\r\n    private LBTask&lt;GetHpResponse&gt; OnGetHp(in GetHpRequest request)\r\n    {\r\n        return LBTask&lt;GetHpResponse&gt;.FromResult(default);\r\n    }\r\n}&quot;)" computerName="PC-20260622JNQK" duration="00:00:00.0551130" startTime="2026-07-18T00:54:45.5844353+08:00" endTime="2026-07-18T00:54:45.6395482+08:00" testType="13cdc9d9-ddb5-4fa4-a97d-d965ccfc6d4b" outcome="Passed" testListId="8c84fa94-04c1-424b-9868-57a2d4851a1d" relativeResultsDirectory="f1755a59-a403-401f-83ae-f4a76b46f8b2" />
    <UnitTestResult executionId="917e05e5-f94f-4596-b542-153dafe45157" testId="33e73131-c240-44f3-6742-f7cbb61dda18" testName="Module_contribution_is_written_to_layer_plan_before_scope_projection" computerName="PC-20260622JNQK" duration="00:00:00.0018830" startTime="2026-07-18T00:54:37.4485571+08:00" endTime="2026-07-18T00:54:37.4504401+08:00" testType="13cdc9d9-ddb5-4fa4-a97d-d965ccfc6d4b" outcome="Passed" testListId="8c84fa94-04c1-424b-9868-57a2d4851a1d" relativeResultsDirectory="917e05e5-f94f-4596-b542-153dafe45157" />
    <UnitTestResult executionId="19e11952-9493-46e4-8630-a395c8693230" testId="5b6494ca-76f8-a1aa-1e3c-c547239f9d5e" testName="Method_level_lifecycle_methods_are_registered_and_pumped" computerName="PC-20260622JNQK" duration="00:00:00.0003320" startTime="2026-07-18T00:54:46.0659281+08:00" endTime="2026-07-18T00:54:46.0662597+08:00" testType="13cdc9d9-ddb5-4fa4-a97d-d965ccfc6d4b" outcome="Passed" testListId="8c84fa94-04c1-424b-9868-57a2d4851a1d" relativeResultsDirectory="19e11952-9493-46e4-8630-a395c8693230" />
    <UnitTestResult executionId="2394b5d6-c798-4566-a5dc-ff51656cd38b" testId="07d684b0-269e-ccfe-9cea-d7076a3b14c1" testName="RunBackground_ShouldCompleteOnMainThreadIfContextAvailable" computerName="PC-20260622JNQK" duration="00:00:00.0127230" startTime="2026-07-18T00:54:48.7104946+08:00" endTime="2026-07-18T00:54:48.7232172+08:00" testType="13cdc9d9-ddb5-4fa4-a97d-d965ccfc6d4b" outcome="Passed" testListId="8c84fa94-04c1-424b-9868-57a2d4851a1d" relativeResultsDirectory="2394b5d6-c798-4566-a5dc-ff51656cd38b" />
    <UnitTestResult executionId="493b78c2-1c96-44e3-9a7f-e9db374e80b2" testId="841d53c9-a2ab-33f9-ab31-0c50aaf84371" testName="Runtime_build_installs_composition_scope_host" computerName="PC-20260622JNQK" duration="00:00:00.0020130" startTime="2026-07-18T00:54:49.7908343+08:00" endTime="2026-07-18T00:54:49.7928471+08:00" testType="13cdc9d9-ddb5-4fa4-a97d-d965ccfc6d4b" outcome="Passed" testListId="8c84fa94-04c1-424b-9868-57a2d4851a1d" relativeResultsDirectory="493b78c2-1c96-44e3-9a7f-e9db374e80b2" />
    <UnitTestResult executionId="86386958-6886-47af-88eb-d43a7b1db11f" testId="bc91e718-af63-8e04-0024-659c76784354" testName="Invalid_scope_shape_reports_expected_diagnostic(&quot;LBSC004&quot;,&quot;public abstract class BadScope : IScopeDefinition&quot;)" computerName="PC-20260622JNQK" duration="00:00:00.0307380" startTime="2026-07-18T00:55:32.5821962+08:00" endTime="2026-07-18T00:55:32.6129337+08:00" testType="13cdc9d9-ddb5-4fa4-a97d-d965ccfc6d4b" outcome="Passed" testListId="8c84fa94-04c1-424b-9868-57a2d4851a1d" relativeResultsDirectory="86386958-6886-47af-88eb-d43a7b1db11f" />
    <UnitTestResult executionId="cab86e4e-d8a8-480a-9a5b-172b337c7fca" testId="6faca480-8b50-8b3d-ccba-d42eee95e89e" testName="Scope_post_dispatches_through_owner_event_center" computerName="PC-20260622JNQK" duration="00:00:00.0025469" startTime="2026-07-18T00:54:48.8146092+08:00" endTime="2026-07-18T00:54:48.8171561+08:00" testType="13cdc9d9-ddb5-4fa4-a97d-d965ccfc6d4b" outcome="Passed" testListId="8c84fa94-04c1-424b-9868-57a2d4851a1d" relativeResultsDirectory="cab86e4e-d8a8-480a-9a5b-172b337c7fca" />
    <UnitTestResult executionId="fbf3a4b5-f085-4615-b6a1-2ef0cde707a0" testId="a6e17f26-ed17-7d03-4d2c-c649924ff92c" testName="Invalid_actor_behaviour_declarations_report_expected_diagnostic(&quot;LBACTOR303&quot;,&quot;using LayerBase.Actor;\n\npublic sealed partial class EnemyActor : IActor\n{\n    [ActorUpdate]\n    private void Combat()\n    {\n    }\n}&quot;)" computerName="PC-20260622JNQK" duration="00:00:00.0436340" startTime="2026-07-18T00:54:45.9081794+08:00" endTime="2026-07-18T00:54:45.9518132+08:00" testType="13cdc9d9-ddb5-4fa4-a97d-d965ccfc6d4b" outcome="Passed" testListId="8c84fa94-04c1-424b-9868-57a2d4851a1d" relativeResultsDirectory="fbf3a4b5-f085-4615-b6a1-2ef0cde707a0" />
    <UnitTestResult executionId="c5b6723f-d0f9-4139-aa05-56cf02850fdf" testId="a2317eb1-c07f-f6df-4d59-4083fa10617e" testName="Default_identity_is_stable_when_unrelated_scope_is_added" computerName="PC-20260622JNQK" duration="00:00:00.0914860" startTime="2026-07-18T00:55:32.4194981+08:00" endTime="2026-07-18T00:55:32.5109843+08:00" testType="13cdc9d9-ddb5-4fa4-a97d-d965ccfc6d4b" outcome="Passed" testListId="8c84fa94-04c1-424b-9868-57a2d4851a1d" relativeResultsDirectory="c5b6723f-d0f9-4139-aa05-56cf02850fdf" />
    <UnitTestResult executionId="541b1bec-8857-447d-a8b9-812fa9f30d77" testId="a6ddb722-f2b8-463c-2f3c-ec6b14e9991f" testName="Event_metadata_replays_after_layerhub_reset" computerName="PC-20260622JNQK" duration="00:00:00.0007400" startTime="2026-07-18T00:54:48.8207342+08:00" endTime="2026-07-18T00:54:48.8214741+08:00" testType="13cdc9d9-ddb5-4fa4-a97d-d965ccfc6d4b" outcome="Passed" testListId="8c84fa94-04c1-424b-9868-57a2d4851a1d" relativeResultsDirectory="541b1bec-8857-447d-a8b9-812fa9f30d77" />
    <UnitTestResult executionId="272e418c-8769-4ba3-923b-5eb61b127da3" testId="1b5be393-92cd-8c33-1108-8675272da7da" testName="Call_handler_exception_is_not_double_reported_as_fault_event" computerName="PC-20260622JNQK" duration="00:00:00.0040470" startTime="2026-07-18T00:54:37.5043330+08:00" endTime="2026-07-18T00:54:37.5083802+08:00" testType="13cdc9d9-ddb5-4fa4-a97d-d965ccfc6d4b" outcome="Passed" testListId="8c84fa94-04c1-424b-9868-57a2d4851a1d" relativeResultsDirectory="272e418c-8769-4ba3-923b-5eb61b127da3" />
    <UnitTestResult executionId="43568981-6ccc-49f9-b323-52ddcdd1b5cf" testId="aaa80985-708d-b841-6263-21e9e04df347" testName="Tool_owner_layer_must_be_pushed" computerName="PC-20260622JNQK" duration="00:00:00.0015160" startTime="2026-07-18T00:54:49.6243600+08:00" endTime="2026-07-18T00:54:49.6258754+08:00" testType="13cdc9d9-ddb5-4fa4-a97d-d965ccfc6d4b" outcome="Passed" testListId="8c84fa94-04c1-424b-9868-57a2d4851a1d" relativeResultsDirectory="43568981-6ccc-49f9-b323-52ddcdd1b5cf" />
    <UnitTestResult executionId="9edba9d6-3374-4ed4-91c7-8b475ce0f0f7" testId="0ec20499-b6ab-bc4a-d127-1c912a3aa4c5" testName="Scope_ref_posts_to_its_own_scope_inbox" computerName="PC-20260622JNQK" duration="00:00:00.0025699" startTime="2026-07-18T00:54:37.6976432+08:00" endTime="2026-07-18T00:54:37.7002134+08:00" testType="13cdc9d9-ddb5-4fa4-a97d-d965ccfc6d4b" outcome="Passed" testListId="8c84fa94-04c1-424b-9868-57a2d4851a1d" relativeResultsDirectory="9edba9d6-3374-4ed4-91c7-8b475ce0f0f7" />
    <UnitTestResult executionId="d3be3777-06fa-422d-874f-a9cd39baaace" testId="23e78527-dd1f-eaf3-5d18-f9a2541143bb" testName="Timer_fires_into_owner_scope_post_scheduler" computerName="PC-20260622JNQK" duration="00:00:00.0049120" startTime="2026-07-18T00:55:32.8397540+08:00" endTime="2026-07-18T00:55:32.8446656+08:00" testType="13cdc9d9-ddb5-4fa4-a97d-d965ccfc6d4b" outcome="Passed" testListId="8c84fa94-04c1-424b-9868-57a2d4851a1d" relativeResultsDirectory="d3be3777-06fa-422d-874f-a9cd39baaace" />
    <UnitTestResult executionId="32ee82ef-e368-4b77-92d1-3d0500203bca" testId="86d1f693-fa0f-3dbc-0a6d-0115d86af0f4" testName="Same_service_same_key_duplicate_fails" computerName="PC-20260622JNQK" duration="00:00:00.0017330" startTime="2026-07-18T00:54:38.9917303+08:00" endTime="2026-07-18T00:54:38.9934627+08:00" testType="13cdc9d9-ddb5-4fa4-a97d-d965ccfc6d4b" outcome="Passed" testListId="8c84fa94-04c1-424b-9868-57a2d4851a1d" relativeResultsDirectory="32ee82ef-e368-4b77-92d1-3d0500203bca" />
    <UnitTestResult executionId="fcf36995-5b82-443e-9b53-a39e360c9e89" testId="95809685-3996-2c67-e4ec-0860959aec3d" testName="Time_Budget_Limits_Processing" computerName="PC-20260622JNQK" duration="00:00:00.0185250" startTime="2026-07-18T00:54:37.0546050+08:00" endTime="2026-07-18T00:54:37.0731297+08:00" testType="13cdc9d9-ddb5-4fa4-a97d-d965ccfc6d4b" outcome="Passed" testListId="8c84fa94-04c1-424b-9868-57a2d4851a1d" relativeResultsDirectory="fcf36995-5b82-443e-9b53-a39e360c9e89" />
    <UnitTestResult executionId="6cc5029d-0407-4ff5-9a5b-aa972f7183c4" testId="d2db9a1c-5b2a-58b1-3ddd-93fa1fb7a7c8" testName="Snap_nodes_are_grouped_by_owner_scope" computerName="PC-20260622JNQK" duration="00:00:00.0019890" startTime="2026-07-18T00:55:32.8795829+08:00" endTime="2026-07-18T00:55:32.8815722+08:00" testType="13cdc9d9-ddb5-4fa4-a97d-d965ccfc6d4b" outcome="Passed" testListId="8c84fa94-04c1-424b-9868-57a2d4851a1d" relativeResultsDirectory="6cc5029d-0407-4ff5-9a5b-aa972f7183c4" />
    <UnitTestResult executionId="aa364d0f-f54f-4368-9a6a-2463cbaf0d21" testId="e5ea6a9a-0a63-df89-474a-b133526b6eb2" testName="Pop_should_allow_slot_to_be_added_again" computerName="PC-20260622JNQK" duration="00:00:00.0000280" startTime="2026-07-18T00:54:48.7872046+08:00" endTime="2026-07-18T00:54:48.7872325+08:00" testType="13cdc9d9-ddb5-4fa4-a97d-d965ccfc6d4b" outcome="Passed" testListId="8c84fa94-04c1-424b-9868-57a2d4851a1d" relativeResultsDirectory="aa364d0f-f54f-4368-9a6a-2463cbaf0d21" />
[...]
    <TestEntry testId="f8184139-1c12-b04e-80b3-bec3c1919ef3" executionId="14c1e0e8-86d7-4f46-87c4-edb01125b6e4" testListId="8c84fa94-04c1-424b-9868-57a2d4851a1d" />
    <TestEntry testId="bb7a589f-bff7-d81d-2f2e-ca0e9cbee00b" executionId="23165164-f172-4a91-8263-05fdfa71ccc3" testListId="8c84fa94-04c1-424b-9868-57a2d4851a1d" />
    <TestEntry testId="4acb541c-25ca-be6e-f29c-bada20e43b86" executionId="9d995a30-e793-451f-8277-8432322de923" testListId="8c84fa94-04c1-424b-9868-57a2d4851a1d" />
    <TestEntry testId="e16f65bd-338f-0fb5-65cc-b273670169d3" executionId="098807bf-592c-4b92-a157-5320edef7798" testListId="8c84fa94-04c1-424b-9868-57a2d4851a1d" />
    <TestEntry testId="19983887-2295-b421-a86a-1ea60d9468e3" executionId="0cb7550d-f2ba-4511-b52d-cf4acf28d5ed" testListId="8c84fa94-04c1-424b-9868-57a2d4851a1d" />
    <TestEntry testId="03726595-0efa-7fe9-710a-2150db7a79da" executionId="5b89a866-1739-4756-972d-c9b666e58bb1" testListId="8c84fa94-04c1-424b-9868-57a2d4851a1d" />
    <TestEntry testId="74faadb7-0737-a4a1-ee64-5ff69b9488e1" executionId="708d32b0-ccc1-45af-af4b-d31db42930a7" testListId="8c84fa94-04c1-424b-9868-57a2d4851a1d" />
    <TestEntry testId="29dbaabd-1204-c947-9079-87d1d2bbe1e7" executionId="cf9939ba-4557-468f-8adc-02ea1a70db13" testListId="8c84fa94-04c1-424b-9868-57a2d4851a1d" />
    <TestEntry testId="bfc6231b-511d-ec95-7bd4-3e92907a3b7c" executionId="74dc0fff-4190-49f3-bfff-76c4bbedc391" testListId="8c84fa94-04c1-424b-9868-57a2d4851a1d" />
    <TestEntry testId="74c9edfa-b200-9002-e4ac-0a3914b4903a" executionId="2706a458-f590-48bb-9641-4f91bf17208b" testListId="8c84fa94-04c1-424b-9868-57a2d4851a1d" />
    <TestEntry testId="366e95dd-0187-3a30-eac0-b16d60e91728" executionId="6a6c1df1-400d-42df-8017-7392c3fcb568" testListId="8c84fa94-04c1-424b-9868-57a2d4851a1d" />
    <TestEntry testId="50d5e9bd-f397-63d1-19b2-a959df8ef4dc" executionId="00920fa0-3056-435d-bdc9-02705327ffd7" testListId="8c84fa94-04c1-424b-9868-57a2d4851a1d" />
    <TestEntry testId="8f0d2eac-f104-0f82-4454-41d4c1b4da28" executionId="e80a543f-a165-418e-a721-11aa767bbdf9" testListId="8c84fa94-04c1-424b-9868-57a2d4851a1d" />
    <TestEntry testId="fa3b2524-4235-3736-d5c3-be8aa21bd1c5" executionId="7efad70e-cfd8-4427-8528-8d92e23ce276" testListId="8c84fa94-04c1-424b-9868-57a2d4851a1d" />
    <TestEntry testId="1d280353-b224-866f-12ff-8650d675f341" executionId="a025ab67-3e19-4f8d-be6b-36a59dad6d5a" testListId="8c84fa94-04c1-424b-9868-57a2d4851a1d" />
    <TestEntry testId="8a05a356-a61b-551b-b33e-8d0ac6db180a" executionId="b993c37d-3686-4638-ae14-ab15b5bf5c0c" testListId="8c84fa94-04c1-424b-9868-57a2d4851a1d" />
    <TestEntry testId="7f1797b0-2c6b-272e-f67e-350ce3cf5ffa" executionId="97de96a5-2979-494b-a0ad-23e89672721b" testListId="8c84fa94-04c1-424b-9868-57a2d4851a1d" />
    <TestEntry testId="5d79de70-5e07-abc7-19bd-bc5402e23007" executionId="6e3ec95f-a564-41e9-ac69-90f517699f91" testListId="8c84fa94-04c1-424b-9868-57a2d4851a1d" />
    <TestEntry testId="34d6e822-5622-60ca-3515-c8bda3e613f1" executionId="24efe1b1-2799-4795-8cf6-420d0e47bcbe" testListId="8c84fa94-04c1-424b-9868-57a2d4851a1d" />
    <TestEntry testId="3bd7e29f-0e16-7380-6f2b-c1f0083c9300" executionId="b350def0-ea40-47ff-bd6a-e486c5436c14" testListId="8c84fa94-04c1-424b-9868-57a2d4851a1d" />
    <TestEntry testId="3c93808b-39f2-07ad-3cc2-ae3fdf568db8" executionId="57ed1572-d59c-4ef4-9483-ced7982f2679" testListId="8c84fa94-04c1-424b-9868-57a2d4851a1d" />
    <TestEntry testId="dd14be6d-c98c-3419-c849-8c687b75ee28" executionId="d242a880-c777-4486-af89-e81e74779cd3" testListId="8c84fa94-04c1-424b-9868-57a2d4851a1d" />
    <TestEntry testId="124271d5-ac55-811c-63d0-d45742d07649" executionId="0d63f082-f3d7-4f32-8c0b-e3683a1a6bf0" testListId="8c84fa94-04c1-424b-9868-57a2d4851a1d" />
    <TestEntry testId="720a2365-3f23-3d75-d024-4b2585252c86" executionId="9d908854-a65e-4dcb-b2d0-ebf9f72525cf" testListId="8c84fa94-04c1-424b-9868-57a2d4851a1d" />
    <TestEntry testId="6c0c2712-2e07-c7b7-d1e8-d70065e35156" executionId="6284acfe-e5cf-4601-919a-91733ca237f9" testListId="8c84fa94-04c1-424b-9868-57a2d4851a1d" />
    <TestEntry testId="aab90805-3ec6-7d1d-8f5a-16b735609105" executionId="237c6872-8336-4946-a84f-ebdce0601ff4" testListId="8c84fa94-04c1-424b-9868-57a2d4851a1d" />
    <TestEntry testId="07af9cc2-af74-245f-01e4-a914fcb6df14" executionId="a838d8db-390c-4e7d-877f-8d2572d5afeb" testListId="8c84fa94-04c1-424b-9868-57a2d4851a1d" />
    <TestEntry testId="b8c58eef-eed9-9d22-9834-c925cda38801" executionId="89be94b2-abf5-429f-b5d5-9b7ffebbae7a" testListId="8c84fa94-04c1-424b-9868-57a2d4851a1d" />
    <TestEntry testId="e95e7da6-5734-ec49-0b73-6f483275517c" executionId="ef28beb5-8aa2-4aab-bb21-5de9010cde0e" testListId="8c84fa94-04c1-424b-9868-57a2d4851a1d" />
    <TestEntry testId="98db9744-f323-50fc-c2bf-859f31cbf233" executionId="6557b677-7c13-4b04-871a-131088f6af9a" testListId="8c84fa94-04c1-424b-9868-57a2d4851a1d" />
    <TestEntry testId="7f58c9f3-af36-c106-4a3d-40e802390f07" executionId="e6036fb8-826d-45c4-87ba-f88977ae467f" testListId="8c84fa94-04c1-424b-9868-57a2d4851a1d" />
    <TestEntry testId="6a0ad6ef-dc3e-239c-f5c7-e01ee0c6294e" executionId="d73f0246-6321-41c8-bc33-6368faf3ec80" testListId="8c84fa94-04c1-424b-9868-57a2d4851a1d" />
    <TestEntry testId="a16da7df-d8ec-512e-f876-f81e3a8001f6" executionId="382304e2-b1cc-466c-bb25-baaeb37b8eca" testListId="8c84fa94-04c1-424b-9868-57a2d4851a1d" />
    <TestEntry testId="5819d887-2eb4-94ce-12ad-4f65ac666f58" executionId="e54d6758-ea94-4c8e-bc9c-6fd4a4539133" testListId="8c84fa94-04c1-424b-9868-57a2d4851a1d" />
    <TestEntry testId="0dac2d04-ed2e-7930-5e5e-101874a60dc2" executionId="b66b659b-0df4-437e-97cd-03b6986a5c7b" testListId="8c84fa94-04c1-424b-9868-57a2d4851a1d" />
    <TestEntry testId="e607f82a-c039-dbe1-53b1-da9501789af6" executionId="680c24ab-0f6a-42fc-a272-d6589e6f900a" testListId="8c84fa94-04c1-424b-9868-57a2d4851a1d" />
    <TestEntry testId="93ac6566-cb93-81e9-bc97-f7c9c16df25a" executionId="9db1c40f-3d90-4f30-b942-7792d623496b" testListId="8c84fa94-04c1-424b-9868-57a2d4851a1d" />
    <TestEntry testId="b3e305b0-d2e4-aa12-c4f8-cc8eb59ba67c" executionId="f90e568f-5e14-4f33-a68a-0f0923cf544b" testListId="8c84fa94-04c1-424b-9868-57a2d4851a1d" />
    <TestEntry testId="8ab34a40-00fe-a4c1-090f-690251cd329e" executionId="3616ab5b-afd5-416a-b11a-efc43fb16e76" testListId="8c84fa94-04c1-424b-9868-57a2d4851a1d" />
    <TestEntry testId="35444403-625f-7c9e-3f2e-76418ce1a0a8" executionId="5e6be614-2fb4-4d1f-9792-04ef69a3714d" testListId="8c84fa94-04c1-424b-9868-57a2d4851a1d" />
    <TestEntry testId="159e838b-0e8e-614e-a2b8-857da9f6c75d" executionId="440b7398-f996-4b8b-a327-51fa523415ab" testListId="8c84fa94-04c1-424b-9868-57a2d4851a1d" />
    <TestEntry testId="2cce2139-a928-e54e-dfa8-472814f9ed41" executionId="95353d66-e5c1-4022-b845-815734227d64" testListId="8c84fa94-04c1-424b-9868-57a2d4851a1d" />
    <TestEntry testId="4ee421e7-238a-64f8-78ee-1d8f3b83e87f" executionId="beb04a87-e435-4574-9c17-7932297c9ade" testListId="8c84fa94-04c1-424b-9868-57a2d4851a1d" />
    <TestEntry testId="aca67074-d8e0-e642-1d0b-b9bb55607a35" executionId="14497318-b086-42dc-a8a1-a2a180acc88e" testListId="8c84fa94-04c1-424b-9868-57a2d4851a1d" />
    <TestEntry testId="085036a0-d2c2-52a8-019b-65c0741ebdc5" executionId="aeead7a8-383b-4ee5-8299-f5d8f509f51f" testListId="8c84fa94-04c1-424b-9868-57a2d4851a1d" />
    <TestEntry testId="75b4b79f-5fa3-ccec-125d-e0e9669e9834" executionId="c1f82162-dfae-48ab-aae7-4d77e1435d25" testListId="8c84fa94-04c1-424b-9868-57a2d4851a1d" />
    <TestEntry testId="5897d208-e924-6c0d-b1d3-4bdc1dba1fdb" executionId="a09790c9-c4a2-41d1-94c5-0d1b379030a8" testListId="8c84fa94-04c1-424b-9868-57a2d4851a1d" />
    <TestEntry testId="59963d0f-0b76-aa44-a4e2-9b42bcc4cd26" executionId="980f7987-db63-450b-aa35-a5e39771f5ef" testListId="8c84fa94-04c1-424b-9868-57a2d4851a1d" />
    <TestEntry testId="032aaf3b-822d-5de1-93ee-50c4165e9256" executionId="d25d42df-34ec-44e3-a052-5711cf706136" testListId="8c84fa94-04c1-424b-9868-57a2d4851a1d" />
    <TestEntry testId="4969ffad-5fb4-3496-6ef6-46481f5a01d5" executionId="18199c96-8bcf-4766-a2bd-9d46eb4a512a" testListId="8c84fa94-04c1-424b-9868-57a2d4851a1d" />
    <TestEntry testId="9daa8b99-ac26-20a0-ec9e-a7f87832a5e3" executionId="39858e78-1649-4aa6-be7d-97ad06afc3c3" testListId="8c84fa94-04c1-424b-9868-57a2d4851a1d" />
    <TestEntry testId="593d36f5-9fe4-aafb-9464-ba0fdc29839b" executionId="699df629-9048-4308-9bef-cbafb5e82ccc" testListId="8c84fa94-04c1-424b-9868-57a2d4851a1d" />
    <TestEntry testId="3bd967b9-3378-b558-30ab-f8ef1ed0bd53" executionId="27e48d91-e874-485b-a263-56262d410c6a" testListId="8c84fa94-04c1-424b-9868-57a2d4851a1d" />
    <TestEntry testId="cdcf2dce-b5d0-1a29-408e-6c3a43c7ad7f" executionId="d5238901-bccc-441b-a3de-79a558569772" testListId="8c84fa94-04c1-424b-9868-57a2d4851a1d" />
    <TestEntry testId="e2837cf6-d2e7-0b53-9409-e4c2ae6dcf78" executionId="94d4d57e-4cda-410e-8c57-9605ea577125" testListId="8c84fa94-04c1-424b-9868-57a2d4851a1d" />
    <TestEntry testId="a6f40ff0-067b-683f-b399-b515bb63de23" executionId="6d466528-36c0-4071-bda8-9194c3aef53a" testListId="8c84fa94-04c1-424b-9868-57a2d4851a1d" />
    <TestEntry testId="359ab6b7-4b90-2311-cdc3-036e122301c9" executionId="d67d897a-2762-49a3-bf32-b05547002831" testListId="8c84fa94-04c1-424b-9868-57a2d4851a1d" />
    <TestEntry testId="a9cc46f2-69f3-7014-447c-5e10f0388c52" executionId="8dc07c0a-1741-4cf9-a756-d3143a575ccc" testListId="8c84fa94-04c1-424b-9868-57a2d4851a1d" />
    <TestEntry testId="fc7515f7-8a70-7c40-b26b-e41503d4cbf9" executionId="46f62a36-f43d-4a99-a8e0-775163e5fe1e" testListId="8c84fa94-04c1-424b-9868-57a2d4851a1d" />
    <TestEntry testId="aa9f7947-c0a1-62ea-09fe-23a40cd4586c" executionId="9b851f95-f6c7-4d8d-8ba3-f579643998f3" testListId="8c84fa94-04c1-424b-9868-57a2d4851a1d" />
    <TestEntry testId="82e5ae6d-f859-f418-c3f7-55239c3585d3" executionId="f80796ee-efb4-47be-8b91-7d1afd77a303" testListId="8c84fa94-04c1-424b-9868-57a2d4851a1d" />
    <TestEntry testId="1bfdeaea-baff-bd07-2253-63b87d39481e" executionId="ef667628-f695-4ec1-922f-b5a970a374ce" testListId="8c84fa94-04c1-424b-9868-57a2d4851a1d" />
    <TestEntry testId="fb1ce863-4b39-1a09-68c2-b89c4319e0d1" executionId="a565bab2-774f-41e4-b212-ffe442bf3486" testListId="8c84fa94-04c1-424b-9868-57a2d4851a1d" />
    <TestEntry testId="0dcf4c79-168c-b74c-061c-5fd400a96c4e" executionId="b22bc6a8-2bf1-44f8-b28e-278a2db5bf26" testListId="8c84fa94-04c1-424b-9868-57a2d4851a1d" />
    <TestEntry testId="899752ad-12fc-2b8e-2499-48e13157c757" executionId="c3568dd0-7344-4909-ba1f-8c67e3e152d0" testListId="8c84fa94-04c1-424b-9868-57a2d4851a1d" />
    <TestEntry testId="a6b3e691-e888-98d7-945a-a021c3828b50" executionId="84197975-a48b-4221-a43f-3dfc248161d9" testListId="8c84fa94-04c1-424b-9868-57a2d4851a1d" />
    <TestEntry testId="905d0cde-dab5-b989-f960-ba92d3049167" executionId="fb7a0d09-91c5-4598-a27a-759be0c582f1" testListId="8c84fa94-04c1-424b-9868-57a2d4851a1d" />
    <TestEntry testId="a8a4edd6-581b-a70d-be85-fb1efbbb37cb" executionId="c0593e2d-bf75-4cae-88bb-7162e67e6d42" testListId="8c84fa94-04c1-424b-9868-57a2d4851a1d" />
    <TestEntry testId="e31f5c50-c143-1796-ac6b-5dc6923410c5" executionId="2acdf9ff-4e60-4eeb-bc34-bda7bb04384c" testListId="8c84fa94-04c1-424b-9868-57a2d4851a1d" />
    <TestEntry testId="51ce1fb0-89d1-03d8-ea94-38ed0c0cdc55" executionId="8ca7943c-02cf-459f-a1a5-8d2d5bcd8e9a" testListId="8c84fa94-04c1-424b-9868-57a2d4851a1d" />
    <TestEntry testId="32dba040-2e74-45f4-cbe2-e14a9b7cbda6" executionId="b78ce53e-111a-410a-bf73-77ab9f9c7154" testListId="8c84fa94-04c1-424b-9868-57a2d4851a1d" />
    <TestEntry testId="f0b01178-c68c-7816-ce4e-61f24e38d311" executionId="c34b082c-752a-4773-bfb0-3e4d9b1f6588" testListId="8c84fa94-04c1-424b-9868-57a2d4851a1d" />
    <TestEntry testId="98e66e71-084b-7eae-cb93-f79b4619ef1c" executionId="87d351f5-25b6-455a-a49e-a15ee53785aa" testListId="8c84fa94-04c1-424b-9868-57a2d4851a1d" />
    <TestEntry testId="7c6bce8d-22b2-0f95-310b-7e1bf4d5cfe2" executionId="30c80192-f448-4d40-beff-65db4ddcbd77" testListId="8c84fa94-04c1-424b-9868-57a2d4851a1d" />
    <TestEntry testId="6849fbeb-f3da-dc7f-1682-172b01400666" executionId="57a08216-f15b-42e2-8c73-d8ed9f148a2e" testListId="8c84fa94-04c1-424b-9868-57a2d4851a1d" />
    <TestEntry testId="310ee183-afdf-494f-b3a5-c44933029adc" executionId="ab0f3895-392e-4240-8151-5146dba6c993" testListId="8c84fa94-04c1-424b-9868-57a2d4851a1d" />
    <TestEntry testId="8f9639f7-f689-de39-6d5b-4bde7a662a30" executionId="488244d7-132d-44a2-963e-82b9765b5aa0" testListId="8c84fa94-04c1-424b-9868-57a2d4851a1d" />
    <TestEntry testId="3d999308-f300-cef2-f60f-11365bbd1898" executionId="db71f226-1802-4c77-b5ac-baa083bed5c9" testListId="8c84fa94-04c1-424b-9868-57a2d4851a1d" />
    <TestEntry testId="47442b67-c8d9-020d-dd09-9c6075abe013" executionId="11ae1dcd-212f-4127-9d26-52f2b08dd3bf" testListId="8c84fa94-04c1-424b-9868-57a2d4851a1d" />
    <TestEntry testId="fba8bf9b-13ec-70dc-ab21-da4315150797" executionId="4268dad3-4800-4e4e-b0e0-aca49e1348c5" testListId="8c84fa94-04c1-424b-9868-57a2d4851a1d" />
    <TestEntry testId="96bd692c-ac6d-ec45-0b17-dc6af35406e3" executionId="f0ed50d5-4fcc-4f13-889c-a501e9cae37d" testListId="8c84fa94-04c1-424b-9868-57a2d4851a1d" />
    <TestEntry testId="bab6e7db-d3b5-00b0-ecc2-ef1df7ca928c" executionId="9629bcbb-98d1-4b4b-acdd-f8e11a95256e" testListId="8c84fa94-04c1-424b-9868-57a2d4851a1d" />
    <TestEntry testId="e8454a9a-bcc1-32bd-6d2d-ac5d115a1ad5" executionId="f4a8c803-be8c-4f83-b289-fbb85b1b6dd5" testListId="8c84fa94-04c1-424b-9868-57a2d4851a1d" />
    <TestEntry testId="ff5c3c6d-b1b2-8d27-7000-5f4df167b8e2" executionId="0c972b02-c50a-4b9e-9234-e6d7efa1bf37" testListId="8c84fa94-04c1-424b-9868-57a2d4851a1d" />
    <TestEntry testId="92f4ee5e-fa0d-fe6a-477f-0813b3b85c24" executionId="f9c0aafb-d643-49a7-98ce-7b2dfcb94cda" testListId="8c84fa94-04c1-424b-9868-57a2d4851a1d" />
    <TestEntry testId="d2a6ffec-c276-03ab-979f-3f455b31a3b9" executionId="8691c52a-49c4-4721-9084-c1557d8dc971" testListId="8c84fa94-04c1-424b-9868-57a2d4851a1d" />
    <TestEntry testId="77fabe57-6f9c-2e39-598e-1899edad5a55" executionId="55fd5284-3763-4e1a-afa8-93c0f2cc3627" testListId="8c84fa94-04c1-424b-9868-57a2d4851a1d" />
    <TestEntry testId="a78b282f-958a-89a1-95d2-8563e8013c21" executionId="0c5fe616-d5ac-49cf-82be-809ea1157c74" testListId="8c84fa94-04c1-424b-9868-57a2d4851a1d" />
    <TestEntry testId="9b515fae-10f6-5b32-dc9a-57312363c534" executionId="f31611ac-bd96-45a2-bec0-392c64236f93" testListId="8c84fa94-04c1-424b-9868-57a2d4851a1d" />
    <TestEntry testId="947e3dc4-ca50-6a39-dc34-2e049e3542ba" executionId="b86ac1f8-f198-4034-903a-285d719121d0" testListId="8c84fa94-04c1-424b-9868-57a2d4851a1d" />
    <TestEntry testId="106b7170-a03b-2ee5-6fb9-71995bc72fcf" executionId="9d2587e6-1e1a-4eba-afa1-097177ccb155" testListId="8c84fa94-04c1-424b-9868-57a2d4851a1d" />
    <TestEntry testId="98f1c35d-3397-70c7-82da-2541c687c370" executionId="d5e364a0-98d6-4277-b245-5ab6df6fb776" testListId="8c84fa94-04c1-424b-9868-57a2d4851a1d" />
    <TestEntry testId="8bbdd46d-8dff-5216-d589-84a683e47c07" executionId="f04dc702-5ade-4081-a70a-150659e43a81" testListId="8c84fa94-04c1-424b-9868-57a2d4851a1d" />
    <TestEntry testId="903a938d-e519-5879-9aa7-03a5191eaff7" executionId="930f4cce-0c79-492a-a031-9c81f8693a45" testListId="8c84fa94-04c1-424b-9868-57a2d4851a1d" />
    <TestEntry testId="b33c1f82-716b-015f-433f-b2e408ea8310" executionId="3832d0a7-349a-4f47-9a92-5c138e9d3a78" testListId="8c84fa94-04c1-424b-9868-57a2d4851a1d" />
    <TestEntry testId="a9f18919-bac1-92c7-5158-ff38bb8a6d7c" executionId="59210afc-db37-4b31-87da-f59c6661ecf4" testListId="8c84fa94-04c1-424b-9868-57a2d4851a1d" />
    <TestEntry testId="bb84b84c-b2a6-1439-00c4-7496e63e4b6c" executionId="b0b6ca5e-01b9-4c05-8c2e-c99a551a28ec" testListId="8c84fa94-04c1-424b-9868-57a2d4851a1d" />
    <TestEntry testId="de09f97c-01e9-72d6-a2ea-1baff3ac6219" executionId="3efc094d-182f-48dd-b78b-c8b982e52f66" testListId="8c84fa94-04c1-424b-9868-57a2d4851a1d" />
    <TestEntry testId="d1dcb78c-e842-781b-1f75-3d68babce800" executionId="33c692e2-72d7-4784-9460-0e7cf5c83382" testListId="8c84fa94-04c1-424b-9868-57a2d4851a1d" />
    <TestEntry testId="05873c19-5d58-4705-448d-120eed932295" executionId="3679a955-bc8a-407e-a6f6-cc2b80ff0ad2" testListId="8c84fa94-04c1-424b-9868-57a2d4851a1d" />
    <TestEntry testId="aab22ddf-1425-607a-8bb2-42849881993c" executionId="f75a38e1-c9b4-4c38-8a9e-5606336800a9" testListId="8c84fa94-04c1-424b-9868-57a2d4851a1d" />
    <TestEntry testId="940592d4-d150-a60c-9caa-30d8a64588b3" executionId="fa026a4a-b35a-4aa3-bfb6-a50a067432b7" testListId="8c84fa94-04c1-424b-9868-57a2d4851a1d" />
    <TestEntry testId="f3804f2e-dd90-cbef-f86e-4edbf6282b65" executionId="39361844-cb64-4867-82b6-34c7c20f9699" testListId="8c84fa94-04c1-424b-9868-57a2d4851a1d" />
  </TestEntries>
  <TestLists>
    <TestList name="列表中未列出的结果" id="8c84fa94-04c1-424b-9868-57a2d4851a1d" />
    <TestList name="所有已加载的结果" id="19431567-8539-422a-85d7-44ee4e166bda" />
  </TestLists>
  <ResultSummary outcome="Failed">
    <Counters total="686" executed="686" passed="684" failed="2" error="0" timeout="0" aborted="0" inconclusive="0" passedButRunAborted="0" notRunnable="0" notExecuted="0" disconnected="0" warning="0" completed="0" inProgress="0" pending="0" />
    <Output>
      <StdOut>NUnit Adapter 4.6.0.0: Test execution started&#xD;
Running all tests in E:\CodeSpace\LayerBase\LayerBase.Test\bin\Release\net9.0\LayerBase.Test.dll&#xD;
   NUnit3TestExecutor discovered 686 of 686 NUnit test cases using Current Discovery mode, Non-Explicit run&#xD;
&gt;&gt;&gt; [Test] Starting Direct Cycle Test...&#xD;
[Diagnostic] DirectCycleManager deps count: 1&#xD;
  - Event_A -&gt; Event_A&#xD;
[SUCCESS] Caught Expected Exception:&#xD;
Synchronous event cycle detected!&#xD;
Scope 0&#xD;
To ensure performance, synchronous dispatch of events that may cause a loop is prohibited.&#xD;
Cycle path: Event_A -&gt; Event_A&#xD;
Solution: Change any [Send] in the loop to [Post] (asynchronous dispatch) to break the synchronous call stack.&#xD;
&#xD;
&gt;&gt;&gt; [Test] Starting Indirect Cycle Test...&#xD;
[Diagnostic] IndirectManagerA deps count: 1&#xD;
  - Event_A -&gt; Event_B&#xD;
[Diagnostic] IndirectManagerB deps count: 1&#xD;
  - Event_B -&gt; Event_A&#xD;
[SUCCESS] Caught Expected Exception:&#xD;
Synchronous event cycle detected!&#xD;
Scope 0&#xD;
To ensure performance, synchronous dispatch of events that may cause a loop is prohibited.&#xD;
Cycle path: Event_A -&gt; Event_B -&gt; Event_A&#xD;
Solution: Change any [Send] in the loop to [Post] (asynchronous dispatch) to break the synchronous call stack.&#xD;
&#xD;
Captured Build-Time Dead Letter Log: This event is dispatched synchronously but has no subscribers in current topology.&#xD;
&#xD;
Captured Topology Log:&#xD;
LayerBase Topology Audit Report&#xD;
------------------------------------------------&#xD;
Layer 0: TestDiagLayer [Passive]&#xD;
  -&gt; [M] TestDiagManager&#xD;
       |-- Subscribed: SomeEvent&#xD;
------------------------------------------------&#xD;
&#xD;
&#xD;
&#xD;
--- Scene A: All 64 Layers Idle ---&#xD;
[All Idle] 1000000 iterations, Total: 279ms, Avg: 279.65ns/pump&#xD;
&#xD;
--- Scene B: Only Last Layer (Index 63) Active ---&#xD;
[1 Layer Active (Tail)] 1000000 iterations, Total: 276ms, Avg: 276.19ns/pump&#xD;
&#xD;
&#xD;
[内存密集??集中分发] TPS: 8,648,806&#xD;
[内存碎片??跨桶分发] TPS: 9,329,707&#xD;
&#xD;
Runtime_index_allocator_rejects_invalid_negative_return_in_debug: DEBUG allocator guards are configuration-dependent; covered by implementation review.&#xD;
NUnit Adapter 4.6.0.0: Test execution complete&#xD;
</StdOut>
    </Output>
  </ResultSummary>
</TestRun>